#
# There is insufficient memory for the Java Runtime Environment to continue.
# Native memory allocation (malloc) failed to allocate 1249784 bytes for Chunk::new
# Possible reasons:
#   The system is out of physical RAM or swap space
#   In 32 bit mode, the process size limit was hit
# Possible solutions:
#   Reduce memory load on the system
#   Increase physical memory or swap space
#   Check if swap backing store is full
#   Use 64 bit Java on a 64 bit OS
#   Decrease Java heap size (-Xmx/-Xms)
#   Decrease number of Java threads
#   Decrease Java thread stack sizes (-Xss)
#   Set larger code cache with -XX:ReservedCodeCacheSize=
# This output file may be truncated or incomplete.
#
#  Out of Memory Error (allocation.cpp:323), pid=6660, tid=1808128832
#
# JRE version: Java(TM) SE Runtime Environment (7.0_72-b14) (build 1.7.0_72-b14)
# Java VM: Java HotSpot(TM) Server VM (24.72-b04 mixed mode linux-x86 )
# Failed to write core dump. Core dumps have been disabled. To enable core dumping, try "ulimit -c unlimited" before starting Java again
#

---------------  T H R E A D  ---------------

Current thread (0x6c196c00):  JavaThread "C2 CompilerThread0" daemon [_thread_in_native, id=6707, stack(0x6bbdd000,0x6bc5e000)]

Stack: [0x6bbdd000,0x6bc5e000],  sp=0x6bc5b3f0,  free space=504k
Native frames: (J=compiled Java code, j=interpreted, Vv=VM code, C=native code)
V  [libjvm.so+0x7e8a76]  VMError::report_and_die()+0x1a6
V  [libjvm.so+0x33d9e2]  report_vm_out_of_memory(char const*, int, unsigned int, char const*)+0x72
V  [libjvm.so+0x18c8a5]  Chunk::operator new(unsigned int, AllocFailStrategy::AllocFailEnum, unsigned int)+0x105
V  [libjvm.so+0x18d3dc]  Arena::grow(unsigned int, AllocFailStrategy::AllocFailEnum)+0x2c
V  [libjvm.so+0x700054]  resource_allocate_bytes(unsigned int, AllocFailStrategy::AllocFailEnum)+0x64
V  [libjvm.so+0x3a64ce]  PhaseIdealLoop::Dominators()+0x6e
V  [libjvm.so+0x5dfcd3]  PhaseIdealLoop::build_and_optimize(bool, bool)+0x463
V  [libjvm.so+0x2f912d]  PhaseIdealLoop::PhaseIdealLoop(PhaseIterGVN&, bool, bool)+0x15d
V  [libjvm.so+0x2f5ca3]  Compile::Optimize()+0x803
V  [libjvm.so+0x2f6e80]  Compile::Compile(ciEnv*, C2Compiler*, ciMethod*, int, bool, bool)+0x1140
V  [libjvm.so+0x26b71f]  C2Compiler::compile_method(ciEnv*, ciMethod*, int)+0x19f
V  [libjvm.so+0x2fe815]  CompileBroker::invoke_compiler_on_method(CompileTask*)+0x345
V  [libjvm.so+0x2ff68f]  CompileBroker::compiler_thread_loop()+0x42f
V  [libjvm.so+0x79c6c8]  compiler_thread_entry(JavaThread*, Thread*)+0x18
V  [libjvm.so+0x7a41f9]  JavaThread::thread_main_inner()+0x109
V  [libjvm.so+0x7a4353]  JavaThread::run()+0x123
V  [libjvm.so+0x687dd9]  java_start(Thread*)+0x119
C  [libpthread.so.0+0x6d4c]  start_thread+0xcc


Current CompileTask:
C2:   9673  180             com.android.dx.ssa.SCCP::run (298 bytes)


---------------  P R O C E S S  ---------------

Java Threads: ( => current thread )
  0x6c19a800 JavaThread "Service Thread" daemon [_thread_blocked, id=6711, stack(0x6bb0b000,0x6bb5c000)]
  0x6c198c00 JavaThread "C2 CompilerThread1" daemon [_thread_blocked, id=6710, stack(0x6bb5c000,0x6bbdd000)]
=>0x6c196c00 JavaThread "C2 CompilerThread0" daemon [_thread_in_native, id=6707, stack(0x6bbdd000,0x6bc5e000)]
  0x6c195000 JavaThread "Signal Dispatcher" daemon [_thread_blocked, id=6705, stack(0x6bc5e000,0x6bcaf000)]
  0x6c184800 JavaThread "Finalizer" daemon [_thread_blocked, id=6700, stack(0x6beaf000,0x6bf00000)]
  0x6c183000 JavaThread "Reference Handler" daemon [_thread_blocked, id=6698, stack(0x6ec2e000,0x6ec7f000)]
  0xb6707800 JavaThread "main" [_thread_blocked, id=6675, stack(0xb684e000,0xb689f000)]

Other Threads:
  0x6c180400 VMThread [stack: 0x6c234000,0x6c2b5000] [id=6693]
  0x6c19c800 WatcherThread [stack: 0x6ba8a000,0x6bb0b000] [id=6720]

VM state:at safepoint (normal execution)

VM Mutex/Monitor currently owned by a thread:  ([mutex/lock_event])
[0xb6704f10] Threads_lock - owner thread: 0x6c180400
[0xb6705320] Heap_lock - owner thread: 0xb6707800

Heap
 PSYoungGen      total 17920K, used 17913K [0x9e040000, 0x9f440000, 0xb35c0000)
  eden space 15360K, 100% used [0x9e040000,0x9ef40000,0x9ef40000)
  from space 2560K, 99% used [0x9ef40000,0x9f1be6d8,0x9f1c0000)
  to   space 2560K, 99% used [0x9f1c0000,0x9f43e0f8,0x9f440000)
 ParOldGen       total 40704K, used 7838K [0x735c0000, 0x75d80000, 0x9e040000)
  object space 40704K, 19% used [0x735c0000,0x73d679a0,0x75d80000)
 PSPermGen       total 16384K, used 3675K [0x6f5c0000, 0x705c0000, 0x735c0000)
  object space 16384K, 22% used [0x6f5c0000,0x6f956eb8,0x705c0000)

Card table byte_map: [0x6f39f000,0x6f5c0000] byte_map_base: 0x6f024200

Polling page: 0xb77bf000

Code Cache  [0xb36b5000, 0xb38f5000, 0xb66b5000)
 total_blobs=368 nmethods=249 adapters=73 free_code_cache=48249Kb largest_free_block=49380672

Compilation events (10 events):
Event: 8.886 Thread 0x6c198c00 nmethod 247 0xb3724388 code [0xb3724480, 0xb3724510]
Event: 8.886 Thread 0x6c198c00  248             java.util.ArrayList$SubList::<init> (46 bytes)
Event: 8.888 Thread 0x6c198c00 nmethod 248 0xb3724188 code [0xb3724280, 0xb3724310]
Event: 8.888 Thread 0x6c198c00  249             java.util.ArrayList$SubList::size (9 bytes)
Event: 8.889 Thread 0x6c198c00 nmethod 249 0xb378b708 code [0xb378b800, 0xb378b870]
Event: 8.889 Thread 0x6c198c00  250             com.android.dx.ssa.SsaInsn::<init> (29 bytes)
Event: 8.889 Thread 0x6c198c00 nmethod 250 0xb378b548 code [0xb378b640, 0xb378b6b0]
Event: 8.889 Thread 0x6c198c00  251             com.android.dx.ssa.Dominators::eval (29 bytes)
Event: 8.891 Thread 0x6c198c00 nmethod 251 0xb378b248 code [0xb378b340, 0xb378b41c]
Event: 8.891 Thread 0x6c198c00  252             com.android.dx.ssa.SsaMethod::forEachBlockDepthFirstDom (128 bytes)

GC Heap History (7 events):
Event: 3.267 GC heap before
{Heap before GC invocations=1 (full 0):
 PSYoungGen      total 17920K, used 15360K [0x9e040000, 0x9f440000, 0xb35c0000)
  eden space 15360K, 100% used [0x9e040000,0x9ef40000,0x9ef40000)
  from space 2560K, 0% used [0x9f1c0000,0x9f1c0000,0x9f440000)
  to   space 2560K, 0% used [0x9ef40000,0x9ef40000,0x9f1c0000)
 ParOldGen       total 40704K, used 0K [0x735c0000, 0x75d80000, 0x9e040000)
  object space 40704K, 0% used [0x735c0000,0x735c0000,0x75d80000)
 PSPermGen       total 16384K, used 3560K [0x6f5c0000, 0x705c0000, 0x735c0000)
  object space 16384K, 21% used [0x6f5c0000,0x6f93a340,0x705c0000)
Event: 3.280 GC heap after
Heap after GC invocations=1 (full 0):
 PSYoungGen      total 17920K, used 2551K [0x9e040000, 0x9f440000, 0xb35c0000)
  eden space 15360K, 0% used [0x9e040000,0x9e040000,0x9ef40000)
  from space 2560K, 99% used [0x9ef40000,0x9f1bdea0,0x9f1c0000)
  to   space 2560K, 0% used [0x9f1c0000,0x9f1c0000,0x9f440000)
 ParOldGen       total 40704K, used 1389K [0x735c0000, 0x75d80000, 0x9e040000)
  object space 40704K, 3% used [0x735c0000,0x7371b7b0,0x75d80000)
 PSPermGen       total 16384K, used 3560K [0x6f5c0000, 0x705c0000, 0x735c0000)
  object space 16384K, 21% used [0x6f5c0000,0x6f93a340,0x705c0000)
}
Event: 5.280 GC heap before
{Heap before GC invocations=2 (full 0):
 PSYoungGen      total 17920K, used 17911K [0x9e040000, 0x9f440000, 0xb35c0000)
  eden space 15360K, 100% used [0x9e040000,0x9ef40000,0x9ef40000)
  from space 2560K, 99% used [0x9ef40000,0x9f1bdea0,0x9f1c0000)
  to   space 2560K, 0% used [0x9f1c0000,0x9f1c0000,0x9f440000)
 ParOldGen       total 40704K, used 1389K [0x735c0000, 0x75d80000, 0x9e040000)
  object space 40704K, 3% used [0x735c0000,0x7371b7b0,0x75d80000)
 PSPermGen       total 16384K, used 3641K [0x6f5c0000, 0x705c0000, 0x735c0000)
  object space 16384K, 22% used [0x6f5c0000,0x6f94e680,0x705c0000)
Event: 5.307 GC heap after
Heap after GC invocations=2 (full 0):
 PSYoungGen      total 17920K, used 2544K [0x9e040000, 0x9f440000, 0xb35c0000)
  eden space 15360K, 0% used [0x9e040000,0x9e040000,0x9ef40000)
  from space 2560K, 99% used [0x9f1c0000,0x9f43c2c0,0x9f440000)
  to   space 2560K, 0% used [0x9ef40000,0x9ef40000,0x9f1c0000)
 ParOldGen       total 40704K, used 3474K [0x735c0000, 0x75d80000, 0x9e040000)
  object space 40704K, 8% used [0x735c0000,0x739249c8,0x75d80000)
 PSPermGen       total 16384K, used 3641K [0x6f5c0000, 0x705c0000, 0x735c0000)
  object space 16384K, 22% used [0x6f5c0000,0x6f94e680,0x705c0000)
}
Event: 7.390 GC heap before
{Heap before GC invocations=3 (full 0):
 PSYoungGen      total 17920K, used 17904K [0x9e040000, 0x9f440000, 0xb35c0000)
  eden space 15360K, 100% used [0x9e040000,0x9ef40000,0x9ef40000)
  from space 2560K, 99% used [0x9f1c0000,0x9f43c2c0,0x9f440000)
  to   space 2560K, 0% used [0x9ef40000,0x9ef40000,0x9f1c0000)
 ParOldGen       total 40704K, used 3474K [0x735c0000, 0x75d80000, 0x9e040000)
  object space 40704K, 8% used [0x735c0000,0x739249c8,0x75d80000)
 PSPermGen       total 16384K, used 3663K [0x6f5c0000, 0x705c0000, 0x735c0000)
  object space 16384K, 22% used [0x6f5c0000,0x6f953da0,0x705c0000)
Event: 7.413 GC heap after
Heap after GC invocations=3 (full 0):
 PSYoungGen      total 17920K, used 2553K [0x9e040000, 0x9f440000, 0xb35c0000)
  eden space 15360K, 0% used [0x9e040000,0x9e040000,0x9ef40000)
  from space 2560K, 99% used [0x9ef40000,0x9f1be6d8,0x9f1c0000)
  to   space 2560K, 0% used [0x9f1c0000,0x9f1c0000,0x9f440000)
 ParOldGen       total 40704K, used 5772K [0x735c0000, 0x75d80000, 0x9e040000)
  object space 40704K, 14% used [0x735c0000,0x73b63030,0x75d80000)
 PSPermGen       total 16384K, used 3663K [0x6f5c0000, 0x705c0000, 0x735c0000)
  object space 16384K, 22% used [0x6f5c0000,0x6f953da0,0x705c0000)
}
Event: 9.642 GC heap before
{Heap before GC invocations=4 (full 0):
 PSYoungGen      total 17920K, used 17913K [0x9e040000, 0x9f440000, 0xb35c0000)
  eden space 15360K, 100% used [0x9e040000,0x9ef40000,0x9ef40000)
  from space 2560K, 99% used [0x9ef40000,0x9f1be6d8,0x9f1c0000)
  to   space 2560K, 0% used [0x9f1c0000,0x9f1c0000,0x9f440000)
 ParOldGen       total 40704K, used 5772K [0x735c0000, 0x75d80000, 0x9e040000)
  object space 40704K, 14% used [0x735c0000,0x73b63030,0x75d80000)
 PSPermGen       total 16384K, used 3675K [0x6f5c0000, 0x705c0000, 0x735c0000)
  object space 16384K, 22% used [0x6f5c0000,0x6f956eb8,0x705c0000)

Deoptimization events (8 events):
Event: 2.592 Thread 0xb6707800 Uncommon trap: reason=null_check action=make_not_entrant pc=0xb37111a8 method=com.android.dx.rop.code.LocalItem.equals(Ljava/lang/Object;)Z @ 1
Event: 3.181 Thread 0xb6707800 Uncommon trap: reason=null_check action=make_not_entrant pc=0xb3724390 method=com.android.dx.rop.type.Type.equals(Ljava/lang/Object;)Z @ 8
Event: 3.429 Thread 0xb6707800 Uncommon trap: reason=null_check action=make_not_entrant pc=0xb373df60 method=com.android.dx.rop.code.RegisterSpec.equals(Ljava/lang/Object;)Z @ 1
Event: 5.310 Thread 0xb6707800 Uncommon trap: reason=null_check action=make_not_entrant pc=0xb374dff0 method=com.android.dx.ssa.SsaRenamer.getLocalForNewReg(I)Lcom/android/dx/rop/code/LocalItem; @ 19
Event: 6.352 Thread 0xb6707800 Uncommon trap: reason=unreached action=reinterpret pc=0xb3772ffc method=com.android.dx.rop.code.LocalVariableExtractor.processBlock(I)V @ 195
Event: 6.819 Thread 0xb6707800 Uncommon trap: reason=bimorphic action=maybe_recompile pc=0xb3778bec method=com.android.dx.ssa.SCCP.simulatePhi(Lcom/android/dx/ssa/PhiInsn;)V @ 124
Event: 8.247 Thread 0xb6707800 Uncommon trap: reason=null_check action=make_not_entrant pc=0xb379064c method=com.android.dx.cf.code.Ropper$CatchInfo.getSetup(Lcom/android/dx/rop/type/Type;)Lcom/android/dx/cf/code/Ropper$ExceptionHandlerSetup; @ 10
Event: 8.897 Thread 0xb6707800 Uncommon trap: reason=bimorphic action=maybe_recompile pc=0xb3778bec method=com.android.dx.ssa.SCCP.simulatePhi(Lcom/android/dx/ssa/PhiInsn;)V @ 124

Internal exceptions (10 events):
Event: 3.429 Thread 0xb6707800 Implicit null exception at 0xb373d217 to 0xb373df51
Event: 3.527 Thread 0xb6707800 Threw 0x9e303018 at /HUDSON/workspace/7u-2-build-linux-i586/jdk7u72/1606/hotspot/src/share/vm/prims/jvm.cpp:1281
Event: 3.528 Thread 0xb6707800 Threw 0x9e305800 at /HUDSON/workspace/7u-2-build-linux-i586/jdk7u72/1606/hotspot/src/share/vm/prims/jvm.cpp:1281
Event: 3.529 Thread 0xb6707800 Threw 0x9e307f50 at /HUDSON/workspace/7u-2-build-linux-i586/jdk7u72/1606/hotspot/src/share/vm/prims/jvm.cpp:1281
Event: 3.529 Thread 0xb6707800 Threw 0x9e30ac30 at /HUDSON/workspace/7u-2-build-linux-i586/jdk7u72/1606/hotspot/src/share/vm/prims/jvm.cpp:1281
Event: 3.585 Thread 0xb6707800 Threw 0x9e392790 at /HUDSON/workspace/7u-2-build-linux-i586/jdk7u72/1606/hotspot/src/share/vm/prims/jvm.cpp:1281
Event: 5.310 Thread 0xb6707800 Implicit null exception at 0xb374d02f to 0xb374dfe1
Event: 6.598 Thread 0xb6707800 Threw 0x9e9299a8 at /HUDSON/workspace/7u-2-build-linux-i586/jdk7u72/1606/hotspot/src/share/vm/prims/jvm.cpp:1281
Event: 8.247 Thread 0xb6707800 Implicit null exception at 0xb378eddc to 0xb3790641
Event: 8.564 Thread 0xb6707800 Threw 0x9e8a33c8 at /HUDSON/workspace/7u-2-build-linux-i586/jdk7u72/1606/hotspot/src/share/vm/prims/jvm.cpp:1281

Events (10 events):
Event: 8.247 Thread 0xb6707800 DEOPT PACKING pc=0xb379064c sp=0xb689dad0
Event: 8.247 Thread 0xb6707800 DEOPT UNPACKING pc=0xb36e1bc8 sp=0xb689da7c mode 2
Event: 8.564 loading class 0x6b937838
Event: 8.564 loading class 0x6b937838 done
Event: 8.614 Thread 0x6c198c00 flushing nmethod 0xb3710c08
Event: 8.879 Thread 0x6c198c00 flushing nmethod 0xb3724188
Event: 8.897 Thread 0xb6707800 Uncommon trap: trap_request=0xffffffc6 fr.pc=0xb3778bec
Event: 8.897 Thread 0xb6707800 DEOPT PACKING pc=0xb3778bec sp=0xb689da30
Event: 8.897 Thread 0xb6707800 DEOPT UNPACKING pc=0xb36e1bc8 sp=0xb689da14 mode 2
Event: 9.141 Executing VM operation: ParallelGCFailedAllocation


Dynamic libraries:
08048000-08049000 r-xp 00000000 08:04 1968239    /usr/lib/jvm/java-7-oracle/bin/java
08049000-0804a000 rw-p 00000000 08:04 1968239    /usr/lib/jvm/java-7-oracle/bin/java
084c2000-08522000 rw-p 00000000 00:00 0          [heap]
6a300000-6a3c4000 rw-p 00000000 00:00 0 
6a3c4000-6a400000 ---p 00000000 00:00 0 
6a500000-6a5f4000 rw-p 00000000 00:00 0 
6a5f4000-6a600000 ---p 00000000 00:00 0 
6a600000-6a6cf000 rw-p 00000000 00:00 0 
6a6cf000-6a700000 ---p 00000000 00:00 0 
6a700000-6a79f000 rw-p 00000000 00:00 0 
6a79f000-6a800000 ---p 00000000 00:00 0 
6a800000-6a900000 rw-p 00000000 00:00 0 
6a900000-6a9e3000 rw-p 00000000 00:00 0 
6a9e3000-6aa00000 ---p 00000000 00:00 0 
6aa00000-6aaff000 rw-p 00000000 00:00 0 
6aaff000-6ab00000 ---p 00000000 00:00 0 
6ab00000-6abfd000 rw-p 00000000 00:00 0 
6abfd000-6ac00000 ---p 00000000 00:00 0 
6ac00000-6acf9000 rw-p 00000000 00:00 0 
6acf9000-6ad00000 ---p 00000000 00:00 0 
6ad00000-6aded000 rw-p 00000000 00:00 0 
6aded000-6ae00000 ---p 00000000 00:00 0 
6ae00000-6aeff000 rw-p 00000000 00:00 0 
6aeff000-6af00000 ---p 00000000 00:00 0 
6af00000-6aff4000 rw-p 00000000 00:00 0 
6aff4000-6b000000 ---p 00000000 00:00 0 
6b100000-6b1f2000 rw-p 00000000 00:00 0 
6b1f2000-6b200000 ---p 00000000 00:00 0 
6b200000-6b2f9000 rw-p 00000000 00:00 0 
6b2f9000-6b300000 ---p 00000000 00:00 0 
6b300000-6b400000 rw-p 00000000 00:00 0 
6b500000-6b5ff000 rw-p 00000000 00:00 0 
6b5ff000-6b600000 ---p 00000000 00:00 0 
6b600000-6b700000 rw-p 00000000 00:00 0 
6b700000-6b7f7000 rw-p 00000000 00:00 0 
6b7f7000-6b800000 ---p 00000000 00:00 0 
6b800000-6b8fd000 rw-p 00000000 00:00 0 
6b8fd000-6b900000 ---p 00000000 00:00 0 
6b900000-6b97b000 rw-p 00000000 00:00 0 
6b97b000-6ba00000 ---p 00000000 00:00 0 
6ba8a000-6ba8b000 ---p 00000000 00:00 0 
6ba8b000-6bb0b000 rw-p 00000000 00:00 0 
6bb0b000-6bb0e000 ---p 00000000 00:00 0 
6bb0e000-6bb5c000 rw-p 00000000 00:00 0 
6bb5c000-6bb5f000 ---p 00000000 00:00 0 
6bb5f000-6bbdd000 rw-p 00000000 00:00 0 
6bbdd000-6bbe0000 ---p 00000000 00:00 0 
6bbe0000-6bc5e000 rw-p 00000000 00:00 0 
6bc5e000-6bc61000 ---p 00000000 00:00 0 
6bc61000-6bcaf000 rw-p 00000000 00:00 0 
6bcaf000-6beaf000 r--p 00000000 08:04 10230872   /usr/lib/locale/locale-archive
6beaf000-6beb2000 ---p 00000000 00:00 0 
6beb2000-6bf00000 rw-p 00000000 00:00 0 
6bf00000-6bfec000 rw-p 00000000 00:00 0 
6bfec000-6c000000 ---p 00000000 00:00 0 
6c000000-6c021000 rw-p 00000000 00:00 0 
6c021000-6c100000 ---p 00000000 00:00 0 
6c100000-6c1f5000 rw-p 00000000 00:00 0 
6c1f5000-6c200000 ---p 00000000 00:00 0 
6c234000-6c235000 ---p 00000000 00:00 0 
6c235000-6c300000 rw-p 00000000 00:00 0 
6c300000-6c4c0000 r--s 039ea000 08:04 1969059    /usr/lib/jvm/java-7-oracle/jre/lib/rt.jar
6c4c0000-6eb00000 rw-p 00000000 00:00 0 
6eb00000-6ebf9000 rw-p 00000000 00:00 0 
6ebf9000-6ec00000 ---p 00000000 00:00 0 
6ec2e000-6ec31000 ---p 00000000 00:00 0 
6ec31000-6ec7f000 rw-p 00000000 00:00 0 
6ec7f000-6ec80000 ---p 00000000 00:00 0 
6ec80000-6ed00000 rw-p 00000000 00:00 0 
6ed00000-6ed21000 rw-p 00000000 00:00 0 
6ed21000-6ee00000 ---p 00000000 00:00 0 
6ee00000-6ee21000 rw-p 00000000 00:00 0 
6ee21000-6ef00000 ---p 00000000 00:00 0 
6ef24000-6ef7f000 rw-p 00000000 00:00 0 
6ef7f000-6ef80000 ---p 00000000 00:00 0 
6ef80000-6f000000 rw-p 00000000 00:00 0 
6f000000-6f021000 rw-p 00000000 00:00 0 
6f021000-6f100000 ---p 00000000 00:00 0 
6f108000-6f11d000 r-xp 00000000 08:04 1968306    /usr/lib/jvm/java-7-oracle/jre/lib/i386/libnet.so
6f11d000-6f11e000 rw-p 00014000 08:04 1968306    /usr/lib/jvm/java-7-oracle/jre/lib/i386/libnet.so
6f11e000-6f12c000 r-xp 00000000 08:04 1968294    /usr/lib/jvm/java-7-oracle/jre/lib/i386/libnio.so
6f12c000-6f12d000 rw-p 0000e000 08:04 1968294    /usr/lib/jvm/java-7-oracle/jre/lib/i386/libnio.so
6f12d000-6f147000 rw-p 00000000 00:00 0 
6f147000-6f148000 ---p 00000000 00:00 0 
6f148000-6f1c8000 rw-p 00000000 00:00 0 
6f1c8000-6f1c9000 ---p 00000000 00:00 0 
6f1c9000-6f25d000 rw-p 00000000 00:00 0 
6f25d000-6f39f000 rw-p 00000000 00:00 0 
6f39f000-6f3a7000 rw-p 00000000 00:00 0 
6f3a7000-6f3bf000 rw-p 00000000 00:00 0 
6f3bf000-6f3d3000 rw-p 00000000 00:00 0 
6f3d3000-6f514000 rw-p 00000000 00:00 0 
6f514000-6f51f000 rw-p 00000000 00:00 0 
6f51f000-6f5bf000 rw-p 00000000 00:00 0 
6f5bf000-705c0000 rw-p 00000000 00:00 0 
705c0000-735c0000 rw-p 00000000 00:00 0 
735c0000-75d80000 rw-p 00000000 00:00 0 
75d80000-9e040000 rw-p 00000000 00:00 0 
9e040000-9f440000 rw-p 00000000 00:00 0 
a0340000-b35c0000 rw-p 00000000 00:00 0 
b35c6000-b35d5000 r--s 000dd000 08:04 5898350    /home/haider/Downloads/android-sdk-linux/build-tools/22.0.1/lib/dx.jar
b35d5000-b35dd000 rw-p 00000000 00:00 0 
b35dd000-b35f5000 rw-p 00000000 00:00 0 
b35f5000-b35fe000 rw-p 00000000 00:00 0 
b35fe000-b36b5000 rw-p 00000000 00:00 0 
b36b5000-b38f5000 rwxp 00000000 00:00 0 
b38f5000-b66b5000 rw-p 00000000 00:00 0 
b66b5000-b66cc000 r-xp 00000000 08:04 1968349    /usr/lib/jvm/java-7-oracle/jre/lib/i386/libzip.so
b66cc000-b66cd000 rw-p 00017000 08:04 1968349    /usr/lib/jvm/java-7-oracle/jre/lib/i386/libzip.so
b66cd000-b66d8000 r-xp 00000000 08:04 2101123    /lib/i386-linux-gnu/libnss_files-2.15.so
b66d8000-b66d9000 r--p 0000a000 08:04 2101123    /lib/i386-linux-gnu/libnss_files-2.15.so
b66d9000-b66da000 rw-p 0000b000 08:04 2101123    /lib/i386-linux-gnu/libnss_files-2.15.so
b66da000-b66e4000 r-xp 00000000 08:04 2101140    /lib/i386-linux-gnu/libnss_nis-2.15.so
b66e4000-b66e5000 r--p 00009000 08:04 2101140    /lib/i386-linux-gnu/libnss_nis-2.15.so
b66e5000-b66e6000 rw-p 0000a000 08:04 2101140    /lib/i386-linux-gnu/libnss_nis-2.15.so
b66e6000-b66fc000 r-xp 00000000 08:04 2101130    /lib/i386-linux-gnu/libnsl-2.15.so
b66fc000-b66fd000 r--p 00015000 08:04 2101130    /lib/i386-linux-gnu/libnsl-2.15.so
b66fd000-b66fe000 rw-p 00016000 08:04 2101130    /lib/i386-linux-gnu/libnsl-2.15.so
b66fe000-b6700000 rw-p 00000000 00:00 0 
b6700000-b67f6000 rw-p 00000000 00:00 0 
b67f6000-b6800000 ---p 00000000 00:00 0 
b6803000-b680a000 r-xp 00000000 08:04 2101126    /lib/i386-linux-gnu/libnss_compat-2.15.so
b680a000-b680b000 r--p 00006000 08:04 2101126    /lib/i386-linux-gnu/libnss_compat-2.15.so
b680b000-b680c000 rw-p 00007000 08:04 2101126    /lib/i386-linux-gnu/libnss_compat-2.15.so
b6812000-b6819000 r--s 0004d000 08:04 9445208    /home/haider/AndroidStudioProjects/XMPP/app/libs/asmack.jar
b6819000-b6821000 rw-s 00000000 08:04 3940579    /tmp/hsperfdata_haider/6660 (deleted)
b6821000-b6844000 r-xp 00000000 08:04 1968353    /usr/lib/jvm/java-7-oracle/jre/lib/i386/libjava.so
b6844000-b6845000 rw-p 00023000 08:04 1968353    /usr/lib/jvm/java-7-oracle/jre/lib/i386/libjava.so
b6845000-b684c000 r-xp 00000000 08:04 2101134    /lib/i386-linux-gnu/librt-2.15.so
b684c000-b684d000 r--p 00006000 08:04 2101134    /lib/i386-linux-gnu/librt-2.15.so
b684d000-b684e000 rw-p 00007000 08:04 2101134    /lib/i386-linux-gnu/librt-2.15.so
b684e000-b6851000 ---p 00000000 00:00 0 
b6851000-b689f000 rw-p 00000000 00:00 0 
b689f000-b68c9000 r-xp 00000000 08:04 2101128    /lib/i386-linux-gnu/libm-2.15.so
b68c9000-b68ca000 r--p 00029000 08:04 2101128    /lib/i386-linux-gnu/libm-2.15.so
b68ca000-b68cb000 rw-p 0002a000 08:04 2101128    /lib/i386-linux-gnu/libm-2.15.so
b68cb000-b7150000 r-xp 00000000 08:04 1968321    /usr/lib/jvm/java-7-oracle/jre/lib/i386/server/libjvm.so
b7150000-b71b4000 rw-p 00884000 08:04 1968321    /usr/lib/jvm/java-7-oracle/jre/lib/i386/server/libjvm.so
b71b4000-b75d8000 rw-p 00000000 00:00 0 
b75d8000-b777c000 r-xp 00000000 08:04 2101138    /lib/i386-linux-gnu/libc-2.15.so
b777c000-b777e000 r--p 001a4000 08:04 2101138    /lib/i386-linux-gnu/libc-2.15.so
b777e000-b777f000 rw-p 001a6000 08:04 2101138    /lib/i386-linux-gnu/libc-2.15.so
b777f000-b7782000 rw-p 00000000 00:00 0 
b7782000-b7785000 r-xp 00000000 08:04 2101125    /lib/i386-linux-gnu/libdl-2.15.so
b7785000-b7786000 r--p 00002000 08:04 2101125    /lib/i386-linux-gnu/libdl-2.15.so
b7786000-b7787000 rw-p 00003000 08:04 2101125    /lib/i386-linux-gnu/libdl-2.15.so
b7787000-b7788000 rw-p 00000000 00:00 0 
b7788000-b779b000 r-xp 00000000 08:04 1840170    /usr/lib/jvm/java-7-oracle/lib/i386/jli/libjli.so
b779b000-b779c000 rw-p 00012000 08:04 1840170    /usr/lib/jvm/java-7-oracle/lib/i386/jli/libjli.so
b779c000-b77b3000 r-xp 00000000 08:04 2101132    /lib/i386-linux-gnu/libpthread-2.15.so
b77b3000-b77b4000 r--p 00016000 08:04 2101132    /lib/i386-linux-gnu/libpthread-2.15.so
b77b4000-b77b5000 rw-p 00017000 08:04 2101132    /lib/i386-linux-gnu/libpthread-2.15.so
b77b5000-b77b7000 rw-p 00000000 00:00 0 
b77bd000-b77be000 r--p 005e0000 08:04 10230872   /usr/lib/locale/locale-archive
b77be000-b77bf000 rw-p 00000000 00:00 0 
b77bf000-b77c0000 ---p 00000000 00:00 0 
b77c0000-b77cb000 r-xp 00000000 08:04 1968315    /usr/lib/jvm/java-7-oracle/jre/lib/i386/libverify.so
b77cb000-b77cc000 rw-p 0000b000 08:04 1968315    /usr/lib/jvm/java-7-oracle/jre/lib/i386/libverify.so
b77cc000-b77ce000 rw-p 00000000 00:00 0 
b77ce000-b77cf000 r-xp 00000000 00:00 0          [vdso]
b77cf000-b77ef000 r-xp 00000000 08:04 2101122    /lib/i386-linux-gnu/ld-2.15.so
b77ef000-b77f0000 r--p 0001f000 08:04 2101122    /lib/i386-linux-gnu/ld-2.15.so
b77f0000-b77f1000 rw-p 00020000 08:04 2101122    /lib/i386-linux-gnu/ld-2.15.so
bf990000-bf991000 rwxp 00000000 00:00 0 
bf9c3000-bf9e4000 rw-p 00000000 00:00 0          [stack]

VM Arguments:
jvm_args: -Xmx1024M -Dfile.encoding=UTF-8 -Duser.country=US -Duser.language=en -Duser.variant 
java_command: com.android.dx.command.Main --dex --output /home/haider/AndroidStudioProjects/XMPP/app/build/intermediates/pre-dexed/debug/asmack-7c3291528c99399bb9ed9c63394868672815e282.jar /home/haider/AndroidStudioProjects/XMPP/app/libs/asmack.jar
Launcher Type: SUN_STANDARD

Environment Variables:
JAVA_HOME=/usr/lib/jvm/java-7-oracle
CLASSPATH=./../lib/bootstrap.jar:./../lib/extensions.jar:./../lib/util.jar:./../lib/jdom.jar:./../lib/log4j.jar:./../lib/trove4j.jar:./../lib/jna.jar:/usr/lib/jvm/java-7-oracle/lib/tools.jar
PATH=/usr/local/heroku/bin:/home/haider/.rbenv/plugins/ruby-build/bin:/home/haider/.rbenv/shims:/home/haider/.rbenv/bin:/usr/lib/lightdm/lightdm:/usr/local/sbin:/usr/local/bin:/usr/sbin:/usr/bin:/sbin:/bin:/usr/games:/usr/lib/jvm/java-7-oracle/bin:/usr/lib/jvm/java-7-oracle/db/bin:/usr/lib/jvm/java-7-oracle/jre/bin
LD_LIBRARY_PATH=.:
SHELL=/bin/bash
DISPLAY=:0

Signal Handlers:
SIGSEGV: [libjvm.so+0x7e9580], sa_mask[0]=0x7ffbfeff, sa_flags=0x10000004
SIGBUS: [libjvm.so+0x7e9580], sa_mask[0]=0x7ffbfeff, sa_flags=0x10000004
SIGFPE: [libjvm.so+0x682680], sa_mask[0]=0x7ffbfeff, sa_flags=0x10000004
SIGPIPE: [libjvm.so+0x682680], sa_mask[0]=0x7ffbfeff, sa_flags=0x10000004
SIGXFSZ: [libjvm.so+0x682680], sa_mask[0]=0x7ffbfeff, sa_flags=0x10000004
SIGILL: [libjvm.so+0x682680], sa_mask[0]=0x7ffbfeff, sa_flags=0x10000004
SIGUSR1: SIG_DFL, sa_mask[0]=0x00000000, sa_flags=0x00000000
SIGUSR2: [libjvm.so+0x683e80], sa_mask[0]=0x00000004, sa_flags=0x10000004
SIGHUP: [libjvm.so+0x6851b0], sa_mask[0]=0x7ffbfeff, sa_flags=0x10000004
SIGINT: [libjvm.so+0x6851b0], sa_mask[0]=0x7ffbfeff, sa_flags=0x10000004
SIGTERM: [libjvm.so+0x6851b0], sa_mask[0]=0x7ffbfeff, sa_flags=0x10000004
SIGQUIT: [libjvm.so+0x6851b0], sa_mask[0]=0x7ffbfeff, sa_flags=0x10000004


---------------  S Y S T E M  ---------------

OS: