#
# There is insufficient memory for the Java Runtime Environment to continue.
# Native memory allocation (malloc) failed to allocate 84934656 bytes for committing reserved memory.
# Possible reasons:
#   The system is out of physical RAM or swap space
#   In 32 bit mode, the process size limit was hit
# Possible solutions:
#   Reduce memory load on the system
#   Increase physical memory or swap space
#   Check if swap backing store is full
#   Use 64 bit Java on a 64 bit OS
#   Decrease Java heap size (-Xmx/-Xms)
#   Decrease number of Java threads
#   Decrease Java thread stack sizes (-Xss)
#   Set larger code cache with -XX:ReservedCodeCacheSize=
# This output file may be truncated or incomplete.
#
#  Out of Memory Error (os_linux.cpp:2756), pid=15871, tid=1814776640
#
# JRE version: Java(TM) SE Runtime Environment (7.0_72-b14) (build 1.7.0_72-b14)
# Java VM: Java HotSpot(TM) Server VM (24.72-b04 mixed mode linux-x86 )
# Failed to write core dump. Core dumps have been disabled. To enable core dumping, try "ulimit -c unlimited" before starting Java again
#

---------------  T H R E A D  ---------------

Current thread (0x6c180400):  VMThread [stack: 0x6c234000,0x6c2b5000] [id=15904]

Stack: [0x6c234000,0x6c2b5000],  sp=0x6c2b3930,  free space=510k
Native frames: (J=compiled Java code, j=interpreted, Vv=VM code, C=native code)
V  [libjvm.so+0x7e8a76]  VMError::report_and_die()+0x1a6
V  [libjvm.so+0x33d9e2]  report_vm_out_of_memory(char const*, int, unsigned int, char const*)+0x72
V  [libjvm.so+0x685b01]  os::Linux::commit_memory_impl(char*, unsigned int, bool)+0xe1
V  [libjvm.so+0x685fc8]  os::pd_commit_memory(char*, unsigned int, unsigned int, bool)+0x28
V  [libjvm.so+0x67f70c]  os::commit_memory(char*, unsigned int, unsigned int, bool)+0x2c
V  [libjvm.so+0x6e9368]  PSVirtualSpace::expand_by(unsigned int)+0x48
V  [libjvm.so+0x6ea46a]  PSYoungGen::resize_generation(unsigned int, unsigned int)+0xda
V  [libjvm.so+0x6e97a9]  PSYoungGen::resize(unsigned int, unsigned int)+0x19
V  [libjvm.so+0x6e715e]  PSScavenge::invoke_no_policy()+0xd5e
V  [libjvm.so+0x6e7938]  PSScavenge::invoke()+0x28
V  [libjvm.so+0x6a573a]  ParallelScavengeHeap::failed_mem_allocate(unsigned int)+0x5a
V  [libjvm.so+0x7ea30a]  VM_ParallelGCFailedAllocation::doit()+0x7a
V  [libjvm.so+0x7f3127]  VM_Operation::evaluate()+0x47
V  [libjvm.so+0x7f11c3]  VMThread::evaluate_operation(VM_Operation*)+0xb3
V  [libjvm.so+0x7f1560]  VMThread::loop()+0x1b0
V  [libjvm.so+0x7f19c5]  VMThread::run()+0x85
V  [libjvm.so+0x687dd9]  java_start(Thread*)+0x119
C  [libpthread.so.0+0x6d4c]  start_thread+0xcc

VM_Operation (0xb686fcb0): ParallelGCFailedAllocation, mode: safepoint, requested by thread 0xb6707800


---------------  P R O C E S S  ---------------

Java Threads: ( => current thread )
  0x6c19a800 JavaThread "Service Thread" daemon [_thread_blocked, id=15928, stack(0x6bb0b000,0x6bb5c000)]
  0x6c198c00 JavaThread "C2 CompilerThread1" daemon [_thread_blocked, id=15923, stack(0x6bb5c000,0x6bbdd000)]
  0x6c196c00 JavaThread "C2 CompilerThread0" daemon [_thread_blocked, id=15918, stack(0x6bbdd000,0x6bc5e000)]
  0x6c195000 JavaThread "Signal Dispatcher" daemon [_thread_blocked, id=15915, stack(0x6bc5e000,0x6bcaf000)]
  0x6c184800 JavaThread "Finalizer" daemon [_thread_blocked, id=15912, stack(0x6beaf000,0x6bf00000)]
  0x6c183000 JavaThread "Reference Handler" daemon [_thread_blocked, id=15908, stack(0x6ec2e000,0x6ec7f000)]
  0xb6707800 JavaThread "main" [_thread_blocked, id=15885, stack(0xb6820000,0xb6871000)]

Other Threads:
=>0x6c180400 VMThread [stack: 0x6c234000,0x6c2b5000] [id=15904]
  0x6c19c400 WatcherThread [stack: 0x6ba8a000,0x6bb0b000] [id=15933]

VM state:at safepoint (normal execution)

VM Mutex/Monitor currently owned by a thread:  ([mutex/lock_event])
[0xb6704f50] Threads_lock - owner thread: 0x6c180400
[0xb6705360] Heap_lock - owner thread: 0xb6707800

Heap
 PSYoungGen      total 134912K, used 17910K [0x9e040000, 0xa79c0000, 0xb35c0000)
  eden space 116992K, 0% used [0x9e040000,0x9e040000,0xa5280000)
  from space 17920K, 99% used [0xa5280000,0xa63fd898,0xa6400000)
  to   space 13568K, 0% used [0xa6400000,0xa6400000,0xa7140000)
 ParOldGen       total 41472K, used 41219K [0x735c0000, 0x75e40000, 0x9e040000)
  object space 41472K, 99% used [0x735c0000,0x75e00f78,0x75e40000)
 PSPermGen       total 16384K, used 3824K [0x6f5c0000, 0x705c0000, 0x735c0000)
  object space 16384K, 23% used [0x6f5c0000,0x6f97c170,0x705c0000)

Card table byte_map: [0x6f39f000,0x6f5c0000] byte_map_base: 0x6f024200

Polling page: 0xb7791000

Code Cache  [0xb3688000, 0xb38e8000, 0xb6688000)
 total_blobs=841 nmethods=720 adapters=73 free_code_cache=46754Kb largest_free_block=47850240

Compilation events (10 events):
Event: 23.159 Thread 0x6c198c00 nmethod 727 0xb382c508 code [0xb382c5e0, 0xb382c630]
Event: 23.177 Thread 0x6c198c00  728             java.util.TreeMap$ValueIterator::next (8 bytes)
Event: 23.181 Thread 0x6c198c00 nmethod 728 0xb382de48 code [0xb382df40, 0xb382e050]
Event: 23.181 Thread 0x6c198c00  729             com.android.dx.dex.file.StringIdItem::getValue (5 bytes)
Event: 23.181 Thread 0x6c198c00 nmethod 729 0xb382c2c8 code [0xb382c3a0, 0xb382c3f0]
Event: 23.181 Thread 0x6c198c00  730  s          com.android.dx.dex.file.TypeIdsSection::intern (60 bytes)
Event: 23.196 Thread 0x6c198c00 nmethod 730 0xb37ce848 code [0xb37ce9a0, 0xb37ceebc]
Event: 23.196 Thread 0x6c198c00  731             com.android.dx.dex.file.DexFile::getTypeIds (5 bytes)
Event: 23.197 Thread 0x6c198c00 nmethod 731 0xb382dcc8 code [0xb382dda0, 0xb382ddf0]
Event: 23.197 Thread 0x6c198c00  732             com.android.dx.dex.file.StringIdsSection::intern (53 bytes)

GC Heap History (10 events):
Event: 9.161 GC heap after
Heap after GC invocations=4 (full 0):
 PSYoungGen      total 33280K, used 2546K [0x9e040000, 0xa0340000, 0xb35c0000)
  eden space 30720K, 0% used [0x9e040000,0x9e040000,0x9fe40000)
  from space 2560K, 99% used [0xa00c0000,0xa033caf8,0xa0340000)
  to   space 2560K, 0% used [0x9fe40000,0x9fe40000,0xa00c0000)
 ParOldGen       total 40704K, used 8484K [0x735c0000, 0x75d80000, 0x9e040000)
  object space 40704K, 20% used [0x735c0000,0x73e09370,0x75d80000)
 PSPermGen       total 16384K, used 3652K [0x6f5c0000, 0x705c0000, 0x735c0000)
  object space 16384K, 22% used [0x6f5c0000,0x6f951238,0x705c0000)
}
Event: 12.418 GC heap before
{Heap before GC invocations=5 (full 0):
 PSYoungGen      total 33280K, used 33266K [0x9e040000, 0xa0340000, 0xb35c0000)
  eden space 30720K, 100% used [0x9e040000,0x9fe40000,0x9fe40000)
  from space 2560K, 99% used [0xa00c0000,0xa033caf8,0xa0340000)
  to   space 2560K, 0% used [0x9fe40000,0x9fe40000,0xa00c0000)
 ParOldGen       total 40704K, used 8484K [0x735c0000, 0x75d80000, 0x9e040000)
  object space 40704K, 20% used [0x735c0000,0x73e09370,0x75d80000)
 PSPermGen       total 16384K, used 3666K [0x6f5c0000, 0x705c0000, 0x735c0000)
  object space 16384K, 22% used [0x6f5c0000,0x6f954870,0x705c0000)
Event: 12.523 GC heap after
Heap after GC invocations=5 (full 0):
 PSYoungGen      total 33280K, used 2550K [0x9e040000, 0xa2b40000, 0xb35c0000)
  eden space 30720K, 0% used [0x9e040000,0x9e040000,0x9fe40000)
  from space 2560K, 99% used [0x9fe40000,0xa00bda30,0xa00c0000)
  to   space 7680K, 0% used [0xa23c0000,0xa23c0000,0xa2b40000)
 ParOldGen       total 40704K, used 13559K [0x735c0000, 0x75d80000, 0x9e040000)
  object space 40704K, 33% used [0x735c0000,0x742fdf28,0x75d80000)
 PSPermGen       total 16384K, used 3666K [0x6f5c0000, 0x705c0000, 0x735c0000)
  object space 16384K, 22% used [0x6f5c0000,0x6f954870,0x705c0000)
}
Event: 14.614 GC heap before
{Heap before GC invocations=6 (full 0):
 PSYoungGen      total 33280K, used 33270K [0x9e040000, 0xa2b40000, 0xb35c0000)
  eden space 30720K, 100% used [0x9e040000,0x9fe40000,0x9fe40000)
  from space 2560K, 99% used [0x9fe40000,0xa00bda30,0xa00c0000)
  to   space 7680K, 0% used [0xa23c0000,0xa23c0000,0xa2b40000)
 ParOldGen       total 40704K, used 13559K [0x735c0000, 0x75d80000, 0x9e040000)
  object space 40704K, 33% used [0x735c0000,0x742fdf28,0x75d80000)
 PSPermGen       total 16384K, used 3688K [0x6f5c0000, 0x705c0000, 0x735c0000)
  object space 16384K, 22% used [0x6f5c0000,0x6f95a3e0,0x705c0000)
Event: 14.705 GC heap after
Heap after GC invocations=6 (full 0):
 PSYoungGen      total 68352K, used 7253K [0x9e040000, 0xa2cc0000, 0xb35c0000)
  eden space 60672K, 0% used [0x9e040000,0x9e040000,0xa1b80000)
  from space 7680K, 94% used [0xa23c0000,0xa2ad54f8,0xa2b40000)
  to   space 8448K, 0% used [0xa1b80000,0xa1b80000,0xa23c0000)
 ParOldGen       total 40704K, used 13559K [0x735c0000, 0x75d80000, 0x9e040000)
  object space 40704K, 33% used [0x735c0000,0x742fdf28,0x75d80000)
 PSPermGen       total 16384K, used 3688K [0x6f5c0000, 0x705c0000, 0x735c0000)
  object space 16384K, 22% used [0x6f5c0000,0x6f95a3e0,0x705c0000)
}
Event: 18.053 GC heap before
{Heap before GC invocations=7 (full 0):
 PSYoungGen      total 68352K, used 67925K [0x9e040000, 0xa2cc0000, 0xb35c0000)
  eden space 60672K, 100% used [0x9e040000,0xa1b80000,0xa1b80000)
  from space 7680K, 94% used [0xa23c0000,0xa2ad54f8,0xa2b40000)
  to   space 8448K, 0% used [0xa1b80000,0xa1b80000,0xa23c0000)
 ParOldGen       total 40704K, used 13559K [0x735c0000, 0x75d80000, 0x9e040000)
  object space 40704K, 33% used [0x735c0000,0x742fdf28,0x75d80000)
 PSPermGen       total 16384K, used 3709K [0x6f5c0000, 0x705c0000, 0x735c0000)
  object space 16384K, 22% used [0x6f5c0000,0x6f95f600,0x705c0000)
Event: 19.049 GC heap after
Heap after GC invocations=7 (full 0):
 PSYoungGen      total 69120K, used 8432K [0x9e040000, 0xa7140000, 0xb35c0000)
  eden space 60672K, 0% used [0x9e040000,0x9e040000,0xa1b80000)
  from space 8448K, 99% used [0xa1b80000,0xa23bc2e8,0xa23c0000)
  to   space 13568K, 0% used [0xa6400000,0xa6400000,0xa7140000)
 ParOldGen       total 40704K, used 21725K [0x735c0000, 0x75d80000, 0x9e040000)
  object space 40704K, 53% used [0x735c0000,0x74af7768,0x75d80000)
 PSPermGen       total 16384K, used 3709K [0x6f5c0000, 0x705c0000, 0x735c0000)
  object space 16384K, 22% used [0x6f5c0000,0x6f95f600,0x705c0000)
}
Event: 20.647 GC heap before
{Heap before GC invocations=8 (full 0):
 PSYoungGen      total 69120K, used 69104K [0x9e040000, 0xa7140000, 0xb35c0000)
  eden space 60672K, 100% used [0x9e040000,0xa1b80000,0xa1b80000)
  from space 8448K, 99% used [0xa1b80000,0xa23bc2e8,0xa23c0000)
  to   space 13568K, 0% used [0xa6400000,0xa6400000,0xa7140000)
 ParOldGen       total 40704K, used 21725K [0x735c0000, 0x75d80000, 0x9e040000)
  object space 40704K, 53% used [0x735c0000,0x74af7768,0x75d80000)
 PSPermGen       total 16384K, used 3719K [0x6f5c0000, 0x705c0000, 0x735c0000)
  object space 16384K, 22% used [0x6f5c0000,0x6f961da8,0x705c0000)
Event: 20.731 GC heap after
Heap after GC invocations=8 (full 0):
 PSYoungGen      total 130560K, used 13561K [0x9e040000, 0xa79c0000, 0xb35c0000)
  eden space 116992K, 0% used [0x9e040000,0x9e040000,0xa5280000)
  from space 13568K, 99% used [0xa6400000,0xa713e598,0xa7140000)
  to   space 17920K, 0% used [0xa5280000,0xa5280000,0xa6400000)
 ParOldGen       total 40704K, used 26799K [0x735c0000, 0x75d80000, 0x9e040000)
  object space 40704K, 65% used [0x735c0000,0x74febfb8,0x75d80000)
 PSPermGen       total 16384K, used 3719K [0x6f5c0000, 0x705c0000, 0x735c0000)
  object space 16384K, 22% used [0x6f5c0000,0x6f961da8,0x705c0000)
}
Event: 23.204 GC heap before
{Heap before GC invocations=9 (full 0):
 PSYoungGen      total 130560K, used 130553K [0x9e040000, 0xa79c0000, 0xb35c0000)
  eden space 116992K, 100% used [0x9e040000,0xa5280000,0xa5280000)
  from space 13568K, 99% used [0xa6400000,0xa713e598,0xa7140000)
  to   space 17920K, 0% used [0xa5280000,0xa5280000,0xa6400000)
 ParOldGen       total 40704K, used 26799K [0x735c0000, 0x75d80000, 0x9e040000)
  object space 40704K, 65% used [0x735c0000,0x74febfb8,0x75d80000)
 PSPermGen       total 16384K, used 3824K [0x6f5c0000, 0x705c0000, 0x735c0000)
  object space 16384K, 23% used [0x6f5c0000,0x6f97c170,0x705c0000)

Deoptimization events (10 events):
Event: 13.598 Thread 0xb6707800 Uncommon trap: reason=class_check action=maybe_recompile pc=0xb372ce68 method=java.util.HashMap.put(Ljava/lang/Object;Ljava/lang/Object;)Ljava/lang/Object; @ 83
Event: 13.598 Thread 0xb6707800 Uncommon trap: reason=class_check action=maybe_recompile pc=0xb372ce68 method=java.util.HashMap.put(Ljava/lang/Object;Ljava/lang/Object;)Ljava/lang/Object; @ 83
Event: 14.760 Thread 0xb6707800 Uncommon trap: reason=bimorphic action=maybe_recompile pc=0xb3787730 method=com.android.dx.ssa.SCCP.simulatePhi(Lcom/android/dx/ssa/PhiInsn;)V @ 124
Event: 14.779 Thread 0xb6707800 Uncommon trap: reason=bimorphic action=maybe_recompile pc=0xb3787730 method=com.android.dx.ssa.SCCP.simulatePhi(Lcom/android/dx/ssa/PhiInsn;)V @ 124
Event: 15.305 Thread 0xb6707800 Uncommon trap: reason=unreached action=reinterpret pc=0xb37d9e00 method=com.android.dx.cf.code.RopperMachine.run(Lcom/android/dx/cf/code/Frame;II)V @ 1500
Event: 15.344 Thread 0xb6707800 Uncommon trap: reason=bimorphic action=maybe_recompile pc=0xb374b5c4 method=com.android.dx.ssa.SCCP.simulatePhi(Lcom/android/dx/ssa/PhiInsn;)V @ 124
Event: 19.795 Thread 0xb6707800 Uncommon trap: reason=unreached action=reinterpret pc=0xb37cdb30 method=com.android.dx.ssa.back.SsaToRop.convertBasicBlocks()Lcom/android/dx/rop/code/BasicBlockList; @ 33
Event: 19.795 Thread 0xb6707800 Uncommon trap: reason=unreached action=reinterpret pc=0xb382e070 method=com.android.dx.ssa.back.SsaToRop.convertBasicBlock(Lcom/android/dx/ssa/SsaBasicBlock;)Lcom/android/dx/rop/code/BasicBlock; @ 21
Event: 20.327 Thread 0xb6707800 Uncommon trap: reason=null_check action=make_not_entrant pc=0xb385948c method=com.android.dx.dex.file.FieldIdsSection.intern(Lcom/android/dx/rop/cst/CstFieldRef;)Lcom/android/dx/dex/file/FieldIdItem; @ 26
Event: 21.705 Thread 0xb6707800 Uncommon trap: reason=null_check action=make_not_entrant pc=0xb389c910 method=com.android.dx.rop.cst.CstType.intern(Lcom/android/dx/rop/type/Type;)Lcom/android/dx/rop/cst/CstType; @ 13

Internal exceptions (10 events):
Event: 19.795 Thread 0xb6707800 Implicit null exception at 0xb37ccbcb to 0xb37cdb1d
Event: 21.705 Thread 0xb6707800 Implicit null exception at 0xb389ac98 to 0xb389c905
Event: 21.751 Thread 0xb6707800 Threw 0xa134dac8 at /HUDSON/workspace/7u-2-build-linux-i586/jdk7u72/1606/hotspot/src/share/vm/prims/jvm.cpp:1281
Event: 21.978 Thread 0xb6707800 Threw 0xa13574d0 at /HUDSON/workspace/7u-2-build-linux-i586/jdk7u72/1606/hotspot/src/share/vm/prims/jvm.cpp:1281
Event: 22.068 Thread 0xb6707800 Threw 0xa1359920 at /HUDSON/workspace/7u-2-build-linux-i586/jdk7u72/1606/hotspot/src/share/vm/prims/jvm.cpp:1281
Event: 22.221 Thread 0xb6707800 Threw 0xa135c980 at /HUDSON/workspace/7u-2-build-linux-i586/jdk7u72/1606/hotspot/src/share/vm/prims/jvm.cpp:1281
Event: 22.221 Thread 0xb6707800 Threw 0xa135eb48 at /HUDSON/workspace/7u-2-build-linux-i586/jdk7u72/1606/hotspot/src/share/vm/prims/jvm.cpp:1281
Event: 22.816 Thread 0xb6707800 Threw 0xa4f33268 at /HUDSON/workspace/7u-2-build-linux-i586/jdk7u72/1606/hotspot/src/share/vm/prims/jvm.cpp:1281
Event: 23.067 Thread 0xb6707800 Threw 0xa4feee18 at /HUDSON/workspace/7u-2-build-linux-i586/jdk7u72/1606/hotspot/src/share/vm/prims/jvm.cpp:1281
Event: 23.185 Thread 0xb6707800 Threw 0xa524dec8 at /HUDSON/workspace/7u-2-build-linux-i586/jdk7u72/1606/hotspot/src/share/vm/prims/jvm.cpp:1281

Events (10 events):
Event: 23.067 loading class 0x6ef52648 done
Event: 23.067 loading class 0x6ef52620
Event: 23.067 loading class 0x6ef52620 done
Event: 23.067 loading class 0x6b96f3c8
Event: 23.067 loading class 0x6b96f3c8 done
Event: 23.088 Thread 0x6c196c00 flushing nmethod 0xb37cc788
Event: 23.102 Thread 0x6c196c00 flushing nmethod 0xb382d788
Event: 23.185 loading class 0x6c1d92f0
Event: 23.185 loading class 0x6c1d92f0 done
Event: 23.204 Executing VM operation: ParallelGCFailedAllocation


Dynamic libraries:
08048000-08049000 r-xp 00000000 08:04 1968239    /usr/lib/jvm/java-7-oracle/bin/java
08049000-0804a000 rw-p 00000000 08:04 1968239    /usr/lib/jvm/java-7-oracle/bin/java
08343000-083c3000 rw-p 00000000 00:00 0          [heap]
6a200000-6a2e4000 rw-p 00000000 00:00 0 
6a2e4000-6a300000 ---p 00000000 00:00 0 
6a500000-6a5dc000 rw-p 00000000 00:00 0 
6a5dc000-6a600000 ---p 00000000 00:00 0 
6a700000-6a7f9000 rw-p 00000000 00:00 0 
6a7f9000-6a800000 ---p 00000000 00:00 0 
6a800000-6a8fc000 rw-p 00000000 00:00 0 
6a8fc000-6a900000 ---p 00000000 00:00 0 
6a900000-6a9fd000 rw-p 00000000 00:00 0 
6a9fd000-6aa00000 ---p 00000000 00:00 0 
6aa00000-6ab00000 rw-p 00000000 00:00 0 
6ab00000-6abf9000 rw-p 00000000 00:00 0 
6abf9000-6ac00000 ---p 00000000 00:00 0 
6ac00000-6acee000 rw-p 00000000 00:00 0 
6acee000-6ad00000 ---p 00000000 00:00 0 
6ad00000-6adfd000 rw-p 00000000 00:00 0 
6adfd000-6ae00000 ---p 00000000 00:00 0 
6ae00000-6aefa000 rw-p 00000000 00:00 0 
6aefa000-6af00000 ---p 00000000 00:00 0 
6af00000-6aff8000 rw-p 00000000 00:00 0 
6aff8000-6b000000 ---p 00000000 00:00 0 
6b000000-6b0fb000 rw-p 00000000 00:00 0 
6b0fb000-6b100000 ---p 00000000 00:00 0 
6b100000-6b1fc000 rw-p 00000000 00:00 0 
6b1fc000-6b200000 ---p 00000000 00:00 0 
6b200000-6b2fa000 rw-p 00000000 00:00 0 
6b2fa000-6b300000 ---p 00000000 00:00 0 
6b300000-6b3ff000 rw-p 00000000 00:00 0 
6b3ff000-6b400000 ---p 00000000 00:00 0 
6b500000-6b5ef000 rw-p 00000000 00:00 0 
6b5ef000-6b600000 ---p 00000000 00:00 0 
6b600000-6b6ff000 rw-p 00000000 00:00 0 
6b6ff000-6b700000 ---p 00000000 00:00 0 
6b700000-6b7e0000 rw-p 00000000 00:00 0 
6b7e0000-6b800000 ---p 00000000 00:00 0 
6b800000-6b8ff000 rw-p 00000000 00:00 0 
6b8ff000-6b900000 ---p 00000000 00:00 0 
6b900000-6b98d000 rw-p 00000000 00:00 0 
6b98d000-6ba00000 ---p 00000000 00:00 0 
6ba8a000-6ba8b000 ---p 00000000 00:00 0 
6ba8b000-6bb0b000 rw-p 00000000 00:00 0 
6bb0b000-6bb0e000 ---p 00000000 00:00 0 
6bb0e000-6bb5c000 rw-p 00000000 00:00 0 
6bb5c000-6bb5f000 ---p 00000000 00:00 0 
6bb5f000-6bbdd000 rw-p 00000000 00:00 0 
6bbdd000-6bbe0000 ---p 00000000 00:00 0 
6bbe0000-6bc5e000 rw-p 00000000 00:00 0 
6bc5e000-6bc61000 ---p 00000000 00:00 0 
6bc61000-6bcaf000 rw-p 00000000 00:00 0 
6bcaf000-6beaf000 r--p 00000000 08:04 10230872   /usr/lib/locale/locale-archive
6beaf000-6beb2000 ---p 00000000 00:00 0 
6beb2000-6bf00000 rw-p 00000000 00:00 0 
6bf00000-6bffd000 rw-p 00000000 00:00 0 
6bffd000-6c000000 ---p 00000000 00:00 0 
6c000000-6c021000 rw-p 00000000 00:00 0 
6c021000-6c100000 ---p 00000000 00:00 0 
6c100000-6c1ff000 rw-p 00000000 00:00 0 
6c1ff000-6c200000 ---p 00000000 00:00 0 
6c234000-6c235000 ---p 00000000 00:00 0 
6c235000-6c300000 rw-p 00000000 00:00 0 
6c300000-6c4c0000 r--s 039ea000 08:04 1969059    /usr/lib/jvm/java-7-oracle/jre/lib/rt.jar
6c4c0000-6eb00000 rw-p 00000000 00:00 0 
6eb00000-6ebf9000 rw-p 00000000 00:00 0 
6ebf9000-6ec00000 ---p 00000000 00:00 0 
6ec18000-6ec2d000 r-xp 00000000 08:04 1968306    /usr/lib/jvm/java-7-oracle/jre/lib/i386/libnet.so
6ec2d000-6ec2e000 rw-p 00014000 08:04 1968306    /usr/lib/jvm/java-7-oracle/jre/lib/i386/libnet.so
6ec2e000-6ec31000 ---p 00000000 00:00 0 
6ec31000-6ec7f000 rw-p 00000000 00:00 0 
6ec7f000-6ec80000 ---p 00000000 00:00 0 
6ec80000-6ed00000 rw-p 00000000 00:00 0 
6ed00000-6ed21000 rw-p 00000000 00:00 0 
6ed21000-6ee00000 ---p 00000000 00:00 0 
6ee00000-6ee21000 rw-p 00000000 00:00 0 
6ee21000-6ef00000 ---p 00000000 00:00 0 
6ef02000-6ef10000 r-xp 00000000 08:04 1968294    /usr/lib/jvm/java-7-oracle/jre/lib/i386/libnio.so
6ef10000-6ef11000 rw-p 0000e000 08:04 1968294    /usr/lib/jvm/java-7-oracle/jre/lib/i386/libnio.so
6ef24000-6ef7f000 rw-p 00000000 00:00 0 
6ef7f000-6ef80000 ---p 00000000 00:00 0 
6ef80000-6f000000 rw-p 00000000 00:00 0 
6f000000-6f021000 rw-p 00000000 00:00 0 
6f021000-6f100000 ---p 00000000 00:00 0 
6f10d000-6f127000 rw-p 00000000 00:00 0 
6f127000-6f128000 ---p 00000000 00:00 0 
6f128000-6f1a8000 rw-p 00000000 00:00 0 
6f1a8000-6f1a9000 ---p 00000000 00:00 0 
6f1a9000-6f231000 rw-p 00000000 00:00 0 
6f231000-6f249000 rw-p 00000000 00:00 0 
6f249000-6f25e000 rw-p 00000000 00:00 0 
6f25e000-6f39f000 rw-p 00000000 00:00 0 
6f39f000-6f3a7000 rw-p 00000000 00:00 0 
6f3a7000-6f3bf000 rw-p 00000000 00:00 0 
6f3bf000-6f3d4000 rw-p 00000000 00:00 0 
6f3d4000-6f514000 rw-p 00000000 00:00 0 
6f514000-6f561000 rw-p 00000000 00:00 0 
6f561000-6f5bf000 rw-p 00000000 00:00 0 
6f5bf000-705c0000 rw-p 00000000 00:00 0 
705c0000-735c0000 rw-p 00000000 00:00 0 
735c0000-75e40000 rw-p 00000000 00:00 0 
75e40000-9e040000 rw-p 00000000 00:00 0 
9e040000-a79c0000 rw-p 00000000 00:00 0 
ac94c000-acac0000 rw-p 00000000 00:00 0 
acac0000-b35c0000 rw-p 00000000 00:00 0 
b35c8000-b35d2000 rw-p 00000000 00:00 0 
b35d2000-b3688000 rw-p 00000000 00:00 0 
b3688000-b38e8000 rwxp 00000000 00:00 0 
b38e8000-b6688000 rw-p 00000000 00:00 0 
b6688000-b669f000 r-xp 00000000 08:04 1968349    /usr/lib/jvm/java-7-oracle/jre/lib/i386/libzip.so
b669f000-b66a0000 rw-p 00017000 08:04 1968349    /usr/lib/jvm/java-7-oracle/jre/lib/i386/libzip.so
b66a0000-b66ab000 r-xp 00000000 08:04 2101123    /lib/i386-linux-gnu/libnss_files-2.15.so
b66ab000-b66ac000 r--p 0000a000 08:04 2101123    /lib/i386-linux-gnu/libnss_files-2.15.so
b66ac000-b66ad000 rw-p 0000b000 08:04 2101123    /lib/i386-linux-gnu/libnss_files-2.15.so
b66ad000-b66b7000 r-xp 00000000 08:04 2101140    /lib/i386-linux-gnu/libnss_nis-2.15.so
b66b7000-b66b8000 r--p 00009000 08:04 2101140    /lib/i386-linux-gnu/libnss_nis-2.15.so
b66b8000-b66b9000 rw-p 0000a000 08:04 2101140    /lib/i386-linux-gnu/libnss_nis-2.15.so
b66b9000-b66cf000 r-xp 00000000 08:04 2101130    /lib/i386-linux-gnu/libnsl-2.15.so
b66cf000-b66d0000 r--p 00015000 08:04 2101130    /lib/i386-linux-gnu/libnsl-2.15.so
b66d0000-b66d1000 rw-p 00016000 08:04 2101130    /lib/i386-linux-gnu/libnsl-2.15.so
b66d1000-b66d3000 rw-p 00000000 00:00 0 
b66d3000-b66da000 r-xp 00000000 08:04 2101126    /lib/i386-linux-gnu/libnss_compat-2.15.so
b66da000-b66db000 r--p 00006000 08:04 2101126    /lib/i386-linux-gnu/libnss_compat-2.15.so
b66db000-b66dc000 rw-p 00007000 08:04 2101126    /lib/i386-linux-gnu/libnss_compat-2.15.so
b66dc000-b66ff000 r-xp 00000000 08:04 1968353    /usr/lib/jvm/java-7-oracle/jre/lib/i386/libjava.so
b66ff000-b6700000 rw-p 00023000 08:04 1968353    /usr/lib/jvm/java-7-oracle/jre/lib/i386/libjava.so
b6700000-b67f6000 rw-p 00000000 00:00 0 
b67f6000-b6800000 ---p 00000000 00:00 0 
b6800000-b680f000 r--s 000dd000 08:04 5898350    /home/haider/Downloads/android-sdk-linux/build-tools/22.0.1/lib/dx.jar
b680f000-b6817000 rw-s 00000000 08:04 3940815    /tmp/hsperfdata_haider/15871
b6817000-b681e000 r-xp 00000000 08:04 2101134    /lib/i386-linux-gnu/librt-2.15.so
b681e000-b681f000 r--p 00006000 08:04 2101134    /lib/i386-linux-gnu/librt-2.15.so
b681f000-b6820000 rw-p 00007000 08:04 2101134    /lib/i386-linux-gnu/librt-2.15.so
b6820000-b6823000 ---p 00000000 00:00 0 
b6823000-b6871000 rw-p 00000000 00:00 0 
b6871000-b689b000 r-xp 00000000 08:04 2101128    /lib/i386-linux-gnu/libm-2.15.so
b689b000-b689c000 r--p 00029000 08:04 2101128    /lib/i386-linux-gnu/libm-2.15.so
b689c000-b689d000 rw-p 0002a000 08:04 2101128    /lib/i386-linux-gnu/libm-2.15.so
b689d000-b7122000 r-xp 00000000 08:04 1968321    /usr/lib/jvm/java-7-oracle/jre/lib/i386/server/libjvm.so
b7122000-b7186000 rw-p 00884000 08:04 1968321    /usr/lib/jvm/java-7-oracle/jre/lib/i386/server/libjvm.so
b7186000-b75aa000 rw-p 00000000 00:00 0 
b75aa000-b774e000 r-xp 00000000 08:04 2101138    /lib/i386-linux-gnu/libc-2.15.so
b774e000-b7750000 r--p 001a4000 08:04 2101138    /lib/i386-linux-gnu/libc-2.15.so
b7750000-b7751000 rw-p 001a6000 08:04 2101138    /lib/i386-linux-gnu/libc-2.15.so
b7751000-b7754000 rw-p 00000000 00:00 0 
b7754000-b7757000 r-xp 00000000 08:04 2101125    /lib/i386-linux-gnu/libdl-2.15.so
b7757000-b7758000 r--p 00002000 08:04 2101125    /lib/i386-linux-gnu/libdl-2.15.so
b7758000-b7759000 rw-p 00003000 08:04 2101125    /lib/i386-linux-gnu/libdl-2.15.so
b7759000-b775a000 rw-p 00000000 00:00 0 
b775a000-b776d000 r-xp 00000000 08:04 1840170    /usr/lib/jvm/java-7-oracle/lib/i386/jli/libjli.so
b776d000-b776e000 rw-p 00012000 08:04 1840170    /usr/lib/jvm/java-7-oracle/lib/i386/jli/libjli.so
b776e000-b7785000 r-xp 00000000 08:04 2101132    /lib/i386-linux-gnu/libpthread-2.15.so
b7785000-b7786000 r--p 00016000 08:04 2101132    /lib/i386-linux-gnu/libpthread-2.15.so
b7786000-b7787000 rw-p 00017000 08:04 2101132    /lib/i386-linux-gnu/libpthread-2.15.so
b7787000-b7789000 rw-p 00000000 00:00 0 
b778e000-b778f000 rw-p 00000000 00:00 0 
b778f000-b7790000 r--p 005e0000 08:04 10230872   /usr/lib/locale/locale-archive
b7790000-b7791000 rw-p 00000000 00:00 0 
b7791000-b7792000 ---p 00000000 00:00 0 
b7792000-b779d000 r-xp 00000000 08:04 1968315    /usr/lib/jvm/java-7-oracle/jre/lib/i386/libverify.so
b779d000-b779e000 rw-p 0000b000 08:04 1968315    /usr/lib/jvm/java-7-oracle/jre/lib/i386/libverify.so
b779e000-b77a0000 rw-p 00000000 00:00 0 
b77a0000-b77a1000 r-xp 00000000 00:00 0          [vdso]
b77a1000-b77c1000 r-xp 00000000 08:04 2101122    /lib/i386-linux-gnu/ld-2.15.so
b77c1000-b77c2000 r--p 0001f000 08:04 2101122    /lib/i386-linux-gnu/ld-2.15.so
b77c2000-b77c3000 rw-p 00020000 08:04 2101122    /lib/i386-linux-gnu/ld-2.15.so
bfd41000-bfd42000 rwxp 00000000 00:00 0 
bfd74000-bfd95000 rw-p 00000000 00:00 0          [stack]

VM Arguments:
jvm_args: -Xmx1024M -Dfile.encoding=UTF-8 -Duser.country=US -Duser.language=en -Duser.variant 
java_command: com.android.dx.command.Main --dex --output /home/haider/AndroidStudioProjects/XMPP/app/build/intermediates/pre-dexed/debug/asmack-android-8-4.0.6-3a41086817b56dbf30f8e444a0102502836500dc.jar /home/haider/AndroidStudioProjects/XMPP/app/libs/asmack-android-8-4.0.6.jar
Launcher Type: SUN_STANDARD

Environment Variables:
JAVA_HOME=/usr/lib/jvm/java-7-oracle
CLASSPATH=./../lib/bootstrap.jar:./../lib/extensions.jar:./../lib/util.jar:./../lib/jdom.jar:./../lib/log4j.jar:./../lib/trove4j.jar:./../lib/jna.jar:/usr/lib/jvm/java-7-oracle/lib/tools.jar
PATH=/usr/local/heroku/bin:/home/haider/.rbenv/plugins/ruby-build/bin:/home/haider/.rbenv/shims:/home/haider/.rbenv/bin:/usr/lib/lightdm/lightdm:/usr/local/sbin:/usr/local/bin:/usr/sbin:/usr/bin:/sbin:/bin:/usr/games:/usr/lib/jvm/java-7-oracle/bin:/usr/lib/jvm/java-7-oracle/db/bin:/usr/lib/jvm/java-7-oracle/jre/bin
LD_LIBRARY_PATH=.:
SHELL=/bin/bash
DISPLAY=:0

Signal Handlers:
SIGSEGV: [libjvm.so+0x7e9580], sa_mask[0]=0x7ffbfeff, sa_flags=0x10000004
SIGBUS: [libjvm.so+0x7e9580], sa_mask[0]=0x7ffbfeff, sa_flags=0x10000004
SIGFPE: [libjvm.so+0x682680], sa_mask[0]=0x7ffbfeff, sa_flags=0x10000004
SIGPIPE: [libjvm.so+0x682680], sa_mask[0]=0x7ffbfeff, sa_flags=0x10000004
SIGXFSZ: [libjvm.so+0x682680], sa_mask[0]=0x7ffbfeff, sa_flags=0x10000004
SIGILL: [libjvm.so+0x682680], sa_mask[0]=0x7ffbfeff, sa_flags=0x10000004
SIGUSR1: SIG_DFL, sa_mask[0]=0x00000000, sa_flags=0x00000000
SIGUSR2: [libjvm.so+0x683e80], sa_mask[0]=0x00000004, sa_flags=0x10000004
SIGHUP: [libjvm.so+0x6851b0], sa_mask[0]=0x7ffbfeff, sa_flags=0x10000004
SIGINT: [libjvm.so+0x6851b0], sa_mask[0]=0x7ffbfeff, sa_flags=0x10000004
SIGTERM: [libjvm.so+0x6851b0], sa_mask[0]=0x7ffbfeff, sa_flags=0x10000004
SIGQUIT: [libjvm.so+0x6851b0], sa_mask[0]=0x7ffbfeff, sa_flags=0x10000004


---------------  S Y S T E M  ---------------

OS:wheezy/sid

uname:Linux 3.2.0-74-generic-pae #109-Ubuntu SMP Tue Dec 9 17:00:00 UTC 2014 i686
libc:glibc 2.15 NPTL 2.15 
rlimit: STACK 8192k, CORE 0k, NPROC 30447, NOFILE 4096, AS infinity
load average:6.22 3.39 2.15

/proc/meminfo:
MemTotal:        3917408 kB
MemFree:          220444 kB
Buffers:            8064 kB
Cached:           332128 kB
SwapCached:            0 kB
Active:          3385452 kB
Inactive:         214976 kB
Active(anon):    3344400 kB
Inactive(anon):   169984 kB
Active(file):      41052 kB
Inactive(file):    44992 kB
Unevictable:         416 kB
Mlocked:             416 kB
HighTotal:       3075156 kB
HighFree:          38212 kB
LowTotal:         842252 kB
LowFree:          182232 kB
SwapTotal:             0 kB
SwapFree:              0 kB
Dirty:               360 kB
Writeback:             0 kB
AnonPages:       3261216 kB
Mapped:            78944 kB
Shmem:            254080 kB
Slab:              44784 kB
SReclaimable:      20640 kB
SUnreclaim:        24144 kB
KernelStack:        6832 kB
PageTables:        23092 kB
NFS_Unstable:          0 kB
Bounce:                0 kB
WritebackTmp:          0 kB
CommitLimit:     1958704 kB
Committed_AS:    8186232 kB
VmallocTotal:     122880 kB
VmallocUsed:       18684 kB
VmallocChunk:     100220 kB
HardwareCorrupted:     0 kB
AnonHugePages:         0 kB
HugePages_Total:       0
HugePages_Free:        0
HugePages_Rsvd:        0
HugePages_Surp:        0
Hugepagesize:       2048 kB
DirectMap4k:       10232 kB
DirectMap2M:      903168 kB


CPU:total 4 (2 cores per cpu, 2 threads per core) family 6 model 37 stepping 5, cmov, cx8, fxsr, mmx, sse, sse2, sse3, ssse3, sse4.1, sse4.2, popcnt, ht, tsc, tscinvbit

/proc/cpuinfo:
processor	: 0
vendor_id	: GenuineIntel
cpu family	: 6
model		: 37
model name	: Intel(R) Core(TM) i3 CPU       M 380  @ 2.53GHz
stepping	: 5
microcode	: 0x2
cpu MHz		: 2527.000
cache size	: 3072 KB
physical id	: 0
siblings	: 4
core id		: 0
cpu cores	: 2
apicid		: 0
initial apicid	: 0
fdiv_bug	: no
hlt_bug		: no
f00f_bug	: no
coma_bug	: no
fpu		: yes
fpu_exception	: yes
cpuid level	: 11
wp		: yes
flags		: fpu vme de pse tsc msr pae mce cx8 apic sep mtrr pge mca cmov pat pse36 clflush dts acpi mmx fxsr sse sse2 ss ht tm pbe nx rdtscp lm constant_tsc arch_perfmon pebs bts xtopology nonstop_tsc aperfmperf pni dtes64 monitor ds_cpl vmx est tm2 ssse3 cx16 xtpr pdcm pcid sse4_1 sse4_2 popcnt lahf_lm arat dtherm tpr_shadow vnmi flexpriority ept vpid
bogomips	: 5053.98
clflush size	: 64
cache_alignment	: 64
address sizes	: 36 bits physical, 48 bits virtual
power management:

processor	: 1
vendor_id	: GenuineIntel
cpu family	: 6
model		: 37
model name	: Intel(R) Core(TM) i3 CPU       M 380  @ 2.53GHz
stepping	: 5
microcode	: 0x2
cpu MHz		: 2527.000
cache size	: 3072 KB
physical id	: 0
siblings	: 4
core id		: 2
cpu cores	: 2
apicid		: 4
initial apicid	: 4
fdiv_bug	: no
hlt_bug		: no
f00f_bug	: no
coma_bug	: no
fpu		: yes
fpu_exception	: yes
cpuid level	: 11
wp		: yes
flags		: fpu vme de pse tsc msr pae mce cx8 apic sep mtrr pge mca cmov pat pse36 clflush dts acpi mmx fxsr sse sse2 ss ht tm pbe nx rdtscp lm constant_tsc arch_perfmon pebs bts xtopology nonstop_tsc aperfmperf pni dtes64 monitor ds_cpl vmx est tm2 ssse3 cx16 xtpr pdcm pcid sse4_1 sse4_2 popcnt lahf_lm arat dtherm tpr_shadow vnmi flexpriority ept vpid
bogomips	: 5053.89
clflush size	: 64
cache_alignment	: 64
address sizes	: 36 bits physical, 48 bits virtual
power management:

processor	: 2
vendor_id	: GenuineIntel
cpu family	: 6
model		: 37
model name	: Intel(R) Core(TM) i3 CPU       M 380  @ 2.53GHz
stepping	: 5
microcode	: 0x2
cpu MHz		: 2527.000
cache size	: 3072 KB
physical id	: 0
siblings	: 4
core id		: 0
cpu cores	: 2
apicid		: 1
initial apicid	: 1
fdiv_bug	: no
hlt_bug		: no
f00f_bug	: no
coma_bug	: no
fpu		: yes
fpu_exception	: yes
cpuid level	: 11
wp		: yes
flags		: fpu vme de pse tsc msr pae mce cx8 apic sep mtrr pge mca cmov pat pse36 clflush dts acpi mmx fxsr sse sse2 ss ht tm pbe nx rdtscp lm constant_tsc arch_perfmon pebs bts xtopology nonstop_tsc aperfmperf pni dtes64 monitor ds_cpl vmx est tm2 ssse3 cx16 xtpr pdcm pcid sse4_1 sse4_2 popcnt lahf_lm arat dtherm tpr_shadow vnmi flexpriority ept vpid
bogomips	: 5053.89
clflush size	: 64
cache_alignment	: 64
address sizes	: 36 bits physical, 48 bits virtual
power management:

processor	: 3
vendor_id	: GenuineIntel
cpu family	: 6
model		: 37
model name	: Intel(R) Core(TM) i3 CPU       M 380  @ 2.53GHz
stepping	: 5
microcode	: 0x2
cpu MHz		: 1596.000
cache size	: 3072 KB
physical id	: 0
siblings	: 4
core id		: 2
cpu cores	: 2
apicid		: 5
initial apicid	: 5
fdiv_bug	: no
hlt_bug		: no
f00f_bug	: no
coma_bug	: no
fpu		: yes
fpu_exception	: yes
cpuid level	: 11
wp		: yes
flags		: fpu vme de pse tsc msr pae mce cx8 apic sep mtrr pge mca cmov pat pse36 clflush dts acpi mmx fxsr sse sse2 ss ht tm pbe nx rdtscp lm constant_tsc arch_perfmon pebs bts xtopology nonstop_tsc aperfmperf pni dtes64 monitor ds_cpl vmx est tm2 ssse3 cx16 xtpr pdcm pcid sse4_1 sse4_2 popcnt lahf_lm arat dtherm tpr_shadow vnmi flexpriority ept vpid
bogomips	: 5053.88
clflush size	: 64
cache_alignment	: 64
address sizes	: 36 bits physical, 48 bits virtual
power management:



Memory: 4k page, physical 3917408k(220444k free), swap 0k(0k free)

vm_info: Java HotSpot(TM) Server VM (24.72-b04) for linux-x86 JRE (1.7.0_72-b14), built on Sep 26 2014 19:38:09 by "java_re" with gcc 4.3.0 20080428 (Red Hat 4.3.0-8)

time: Sat Jul 11 14:39:03 2015
elapsed time: 23 seconds

