#
# There is insufficient memory for the Java Runtime Environment to continue.
# Native memory allocation (malloc) failed to allocate 4980736 bytes for committing reserved memory.
# Possible reasons:
#   The system is out of physical RAM or swap space
#   In 32 bit mode, the process size limit was hit
# Possible solutions:
#   Reduce memory load on the system
#   Increase physical memory or swap space
#   Check if swap backing store is full
#   Use 64 bit Java on a 64 bit OS
#   Decrease Java heap size (-Xmx/-Xms)
#   Decrease number of Java threads
#   Decrease Java thread stack sizes (-Xss)
#   Set larger code cache with -XX:ReservedCodeCacheSize=
# This output file may be truncated or incomplete.
#
#  Out of Memory Error (os_linux.cpp:2798), pid=12248, tid=1794542400
#
# JRE version: OpenJDK Runtime Environment (7.0_75-b13) (build 1.7.0_75-b13)
# Java VM: OpenJDK Server VM (24.75-b04 mixed mode linux-x86 )
# Derivative: IcedTea 2.5.4
# Distribution: Ubuntu 12.04 LTS, package 7u75-2.5.4-1~precise1
# Failed to write core dump. Core dumps have been disabled. To enable core dumping, try "ulimit -c unlimited" before starting Java again
#

---------------  T H R E A D  ---------------

Current thread (0xb6412000):  GCTaskThread [stack: 0x6aee8000,0x6af69000] [id=12255]

Stack: [0x6aee8000,0x6af69000]
[error occurred during error reporting (printing stack bounds), id 0xb]


---------------  P R O C E S S  ---------------

Java Threads: ( => current thread )
  0x67c9bc00 JavaThread "Service Thread" daemon [_thread_blocked, id=12265, stack(0x6760b000,0x6765c000)]
  0x67c9a000 JavaThread "C2 CompilerThread1" daemon [_thread_blocked, id=12264, stack(0x6765c000,0x676dd000)]
  0x67c98000 JavaThread "C2 CompilerThread0" daemon [_thread_blocked, id=12263, stack(0x676dd000,0x6775e000)]
  0x67c96400 JavaThread "Signal Dispatcher" daemon [_thread_blocked, id=12262, stack(0x6775e000,0x677af000)]
  0x67c84c00 JavaThread "Finalizer" daemon [_thread_blocked, id=12261, stack(0x679af000,0x67a00000)]
  0x67c83000 JavaThread "Reference Handler" daemon [_thread_blocked, id=12260, stack(0x6a92e000,0x6a97f000)]
  0xb6408000 JavaThread "main" [_thread_blocked, id=12254, stack(0xb6596000,0xb65e7000)]

Other Threads:
  0x67c80800 VMThread [stack: 0x67d05000,0x67d86000] [id=12259]
  0x67c9dc00 WatcherThread [stack: 0x6758a000,0x6760b000] [id=12266]

=>0xb6412000 (exited) GCTaskThread [stack: 0x6aee8000,0x6af69000] [id=12255]

VM state:at safepoint (normal execution)

VM Mutex/Monitor currently owned by a thread:  ([mutex/lock_event])
[0xb64051e0] ExpandHeap_lock - owner thread: 0xb6412000
[0xb6405728] Threads_lock - owner thread: 0x67c80800
[0xb6405b38] Heap_lock - owner thread: 0xb6408000

Heap
 PSYoungGen      total 30976K, used 30974K [0x9ddc0000, 0xa00c0000, 0xb3340000)
  eden space 28416K, 100% used [0x9ddc0000,0x9f980000,0x9f980000)
  from space 2560K, 99% used [0x9fc00000,0x9fe7f800,0x9fe80000)
  to   space 2560K, 99% used [0x9f980000,0x9fbfc4c8,0x9fc00000)
 ParOldGen       total 40704K, used 38189K [0x73340000, 0x75b00000, 0x9ddc0000)
  object space 40704K, 93% used [0x73340000,0x7588b4e8,0x75b00000)
 PSPermGen       total 16384K, used 4734K [0x6b340000, 0x6c340000, 0x73340000)
  object space 16384K, 28% used [0x6b340000,0x6b7df818,0x6c340000)

Card table byte_map: [0x6b0ff000,0x6b340000] byte_map_base: 0x6ada5600

Polling page: 0xb7745000

Code Cache  [0xb3400000, 0xb3640000, 0xb6400000)
 total_blobs=528 nmethods=396 adapters=86 free_code_cache=48266Kb largest_free_block=49379456

Compilation events (10 events):
Event: 6.693 Thread 0x67c9a000  393             com.android.dex.Dex::readCode (28 bytes)
Event: 7.601 Thread 0x67c9a000 nmethod 393 0xb34cae08 code [0xb34cb140, 0xb34cc748]
Event: 7.601 Thread 0x67c9a000  394             com.android.dex.Dex$Section::access$900 (5 bytes)
Event: 7.652 Thread 0x67c9a000 nmethod 394 0xb34cf648 code [0xb34cf940, 0xb34d0de8]
Event: 7.675 Thread 0x67c9a000  395             com.android.dex.Dex$Section::readCode (136 bytes)
Event: 7.735 Thread 0x67c9a000 nmethod 395 0xb34d3688 code [0xb34d3980, 0xb34d4e08]
Event: 7.735 Thread 0x67c9a000  396             com.android.dex.Code::<init> (44 bytes)
Event: 7.736 Thread 0x67c9a000 nmethod 396 0xb34c1bc8 code [0xb34c1ca0, 0xb34c1d10]
Event: 7.736 Thread 0x67c9a000  397             com.android.dx.merge.DexMerger::transformCode (252 bytes)
Event: 7.775 Thread 0x67c98000 nmethod 388 0xb34dbbc8 code [0xb34dc1a0, 0xb34df290]

GC Heap History (9 events):
Event: 1.958 GC heap before
{Heap before GC invocations=1 (full 0):
 PSYoungGen      total 17920K, used 15360K [0x9ddc0000, 0x9f1c0000, 0xb3340000)
  eden space 15360K, 100% used [0x9ddc0000,0x9ecc0000,0x9ecc0000)
  from space 2560K, 0% used [0x9ef40000,0x9ef40000,0x9f1c0000)
  to   space 2560K, 0% used [0x9ecc0000,0x9ecc0000,0x9ef40000)
 ParOldGen       total 40704K, used 0K [0x73340000, 0x75b00000, 0x9ddc0000)
  object space 40704K, 0% used [0x73340000,0x73340000,0x75b00000)
 PSPermGen       total 16384K, used 3479K [0x6b340000, 0x6c340000, 0x73340000)
  object space 16384K, 21% used [0x6b340000,0x6b6a5d98,0x6c340000)
Event: 1.979 GC heap after
Heap after GC invocations=1 (full 0):
 PSYoungGen      total 17920K, used 2550K [0x9ddc0000, 0xa00c0000, 0xb3340000)
  eden space 15360K, 0% used [0x9ddc0000,0x9ddc0000,0x9ecc0000)
  from space 2560K, 99% used [0x9ecc0000,0x9ef3d9e8,0x9ef40000)
  to   space 2560K, 0% used [0x9fe40000,0x9fe40000,0xa00c0000)
 ParOldGen       total 40704K, used 1496K [0x73340000, 0x75b00000, 0x9ddc0000)
  object space 40704K, 3% used [0x73340000,0x734b6398,0x75b00000)
 PSPermGen       total 16384K, used 3479K [0x6b340000, 0x6c340000, 0x73340000)
  object space 16384K, 21% used [0x6b340000,0x6b6a5d98,0x6c340000)
}
Event: 6.142 GC heap before
{Heap before GC invocations=2 (full 0):
 PSYoungGen      total 17920K, used 17823K [0x9ddc0000, 0xa00c0000, 0xb3340000)
  eden space 15360K, 99% used [0x9ddc0000,0x9ecaa5f8,0x9ecc0000)
  from space 2560K, 99% used [0x9ecc0000,0x9ef3d9e8,0x9ef40000)
  to   space 2560K, 0% used [0x9fe40000,0x9fe40000,0xa00c0000)
 ParOldGen       total 40704K, used 1496K [0x73340000, 0x75b00000, 0x9ddc0000)
  object space 40704K, 3% used [0x73340000,0x734b6398,0x75b00000)
 PSPermGen       total 16384K, used 4666K [0x6b340000, 0x6c340000, 0x73340000)
  object space 16384K, 28% used [0x6b340000,0x6b7ceaa8,0x6c340000)
Event: 6.149 GC heap after
Heap after GC invocations=2 (full 0):
 PSYoungGen      total 17920K, used 2549K [0x9ddc0000, 0xa00c0000, 0xb3340000)
  eden space 15360K, 0% used [0x9ddc0000,0x9ddc0000,0x9ecc0000)
  from space 2560K, 99% used [0x9fe40000,0xa00bd710,0xa00c0000)
  to   space 2560K, 0% used [0x9ecc0000,0x9ecc0000,0x9ef40000)
 ParOldGen       total 40704K, used 5054K [0x73340000, 0x75b00000, 0x9ddc0000)
  object space 40704K, 12% used [0x73340000,0x7382f980,0x75b00000)
 PSPermGen       total 16384K, used 4666K [0x6b340000, 0x6c340000, 0x73340000)
  object space 16384K, 28% used [0x6b340000,0x6b7ceaa8,0x6c340000)
}
Event: 6.567 GC heap before
{Heap before GC invocations=3 (full 0):
 PSYoungGen      total 17920K, used 17909K [0x9ddc0000, 0xa00c0000, 0xb3340000)
  eden space 15360K, 100% used [0x9ddc0000,0x9ecc0000,0x9ecc0000)
  from space 2560K, 99% used [0x9fe40000,0xa00bd710,0xa00c0000)
  to   space 2560K, 0% used [0x9ecc0000,0x9ecc0000,0x9ef40000)
 ParOldGen       total 40704K, used 5054K [0x73340000, 0x75b00000, 0x9ddc0000)
  object space 40704K, 12% used [0x73340000,0x7382f980,0x75b00000)
 PSPermGen       total 16384K, used 4707K [0x6b340000, 0x6c340000, 0x73340000)
  object space 16384K, 28% used [0x6b340000,0x6b7d8f80,0x6c340000)
Event: 6.572 GC heap after
Heap after GC invocations=3 (full 0):
 PSYoungGen      total 17920K, used 2549K [0x9ddc0000, 0x9fe80000, 0xb3340000)
  eden space 15360K, 0% used [0x9ddc0000,0x9ddc0000,0x9ecc0000)
  from space 2560K, 99% used [0x9ecc0000,0x9ef3d4c8,0x9ef40000)
  to   space 2560K, 0% used [0x9fc00000,0x9fc00000,0x9fe80000)
 ParOldGen       total 40704K, used 7739K [0x73340000, 0x75b00000, 0x9ddc0000)
  object space 40704K, 19% used [0x73340000,0x73acef90,0x75b00000)
 PSPermGen       total 16384K, used 4707K [0x6b340000, 0x6c340000, 0x73340000)
  object space 16384K, 28% used [0x6b340000,0x6b7d8f80,0x6c340000)
}
Event: 6.702 GC heap before
{Heap before GC invocations=4 (full 0):
 PSYoungGen      total 17920K, used 17909K [0x9ddc0000, 0x9fe80000, 0xb3340000)
  eden space 15360K, 100% used [0x9ddc0000,0x9ecc0000,0x9ecc0000)
  from space 2560K, 99% used [0x9ecc0000,0x9ef3d4c8,0x9ef40000)
  to   space 2560K, 0% used [0x9fc00000,0x9fc00000,0x9fe80000)
 ParOldGen       total 40704K, used 7739K [0x73340000, 0x75b00000, 0x9ddc0000)
  object space 40704K, 19% used [0x73340000,0x73acef90,0x75b00000)
 PSPermGen       total 16384K, used 4720K [0x6b340000, 0x6c340000, 0x73340000)
  object space 16384K, 28% used [0x6b340000,0x6b7dc160,0x6c340000)
Event: 7.538 GC heap after
Heap after GC invocations=4 (full 0):
 PSYoungGen      total 30976K, used 2558K [0x9ddc0000, 0xa00c0000, 0xb3340000)
  eden space 28416K, 0% used [0x9ddc0000,0x9ddc0000,0x9f980000)
  from space 2560K, 99% used [0x9fc00000,0x9fe7f800,0x9fe80000)
  to   space 2560K, 0% used [0x9f980000,0x9f980000,0x9fc00000)
 ParOldGen       total 40704K, used 20237K [0x73340000, 0x75b00000, 0x9ddc0000)
  object space 40704K, 49% used [0x73340000,0x74703718,0x75b00000)
 PSPermGen       total 16384K, used 4720K [0x6b340000, 0x6c340000, 0x73340000)
  object space 16384K, 28% used [0x6b340000,0x6b7dc160,0x6c340000)
}
Event: 8.005 GC heap before
{Heap before GC invocations=5 (full 0):
 PSYoungGen      total 30976K, used 30974K [0x9ddc0000, 0xa00c0000, 0xb3340000)
  eden space 28416K, 100% used [0x9ddc0000,0x9f980000,0x9f980000)
  from space 2560K, 99% used [0x9fc00000,0x9fe7f800,0x9fe80000)
  to   space 2560K, 0% used [0x9f980000,0x9f980000,0x9fc00000)
 ParOldGen       total 40704K, used 20237K [0x73340000, 0x75b00000, 0x9ddc0000)
  object space 40704K, 49% used [0x73340000,0x74703718,0x75b00000)
 PSPermGen       total 16384K, used 4734K [0x6b340000, 0x6c340000, 0x73340000)
  object space 16384K, 28% used [0x6b340000,0x6b7df818,0x6c340000)

Deoptimization events (9 events):
Event: 1.763 Thread 0xb6408000 Uncommon trap: reason=unreached action=reinterpret pc=0xb345f150 method=com.android.dx.rop.code.RopMethod.calcPredecessors()V @ 115
Event: 1.916 Thread 0xb6408000 Uncommon trap: reason=unreached action=reinterpret pc=0xb34640e0 method=com.android.dx.rop.cst.CstLiteral32.equals(Ljava/lang/Object;)Z @ 12
Event: 1.940 Thread 0xb6408000 Uncommon trap: reason=null_check action=make_not_entrant pc=0xb346ec20 method=com.android.dx.rop.code.LocalItem.equals(Ljava/lang/Object;)Z @ 1
Event: 6.213 Thread 0xb6408000 Uncommon trap: reason=class_check action=maybe_recompile pc=0xb34817dc method=com.android.dex.Leb128.readUnsignedLeb128(Lcom/android/dex/util/ByteInput;)I @ 5
Event: 6.213 Thread 0xb6408000 Uncommon trap: reason=class_check action=maybe_recompile pc=0xb34817dc method=com.android.dex.Leb128.readUnsignedLeb128(Lcom/android/dex/util/ByteInput;)I @ 5
Event: 6.213 Thread 0xb6408000 Uncommon trap: reason=class_check action=maybe_recompile pc=0xb34817dc method=com.android.dex.Leb128.readUnsignedLeb128(Lcom/android/dex/util/ByteInput;)I @ 5
Event: 6.213 Thread 0xb6408000 Uncommon trap: reason=class_check action=maybe_recompile pc=0xb34817dc method=com.android.dex.Leb128.readUnsignedLeb128(Lcom/android/dex/util/ByteInput;)I @ 5
Event: 6.382 Thread 0xb6408000 Uncommon trap: reason=predicate action=maybe_recompile pc=0xb348c06c method=com.android.dex.Leb128.readUnsignedLeb128(Lcom/android/dex/util/ByteInput;)I @ 41
Event: 7.632 Thread 0xb6408000 Uncommon trap: reason=predicate action=maybe_recompile pc=0xb34c3b14 method=java.util.ComparableTimSort.binarySort([Ljava/lang/Object;III)V @ 37

Internal exceptions (10 events):
Event: 6.084 Thread 0xb6408000 Threw 0x9ebd4350 at /build/buildd/openjdk-7-7u75-2.5.4/build/openjdk/hotspot/src/share/vm/prims/jvm.cpp:1284
Event: 6.085 Thread 0xb6408000 Threw 0x9ebd7ee0 at /build/buildd/openjdk-7-7u75-2.5.4/build/openjdk/hotspot/src/share/vm/prims/jvm.cpp:1284
Event: 6.085 Thread 0xb6408000 Threw 0x9ebdbb60 at /build/buildd/openjdk-7-7u75-2.5.4/build/openjdk/hotspot/src/share/vm/prims/jvm.cpp:1284
Event: 6.086 Thread 0xb6408000 Threw 0x9ebdff20 at /build/buildd/openjdk-7-7u75-2.5.4/build/openjdk/hotspot/src/share/vm/prims/jvm.cpp:1284
Event: 6.087 Thread 0xb6408000 Threw 0x9ebe39c8 at /build/buildd/openjdk-7-7u75-2.5.4/build/openjdk/hotspot/src/share/vm/prims/jvm.cpp:1284
Event: 6.087 Thread 0xb6408000 Threw 0x9ebe7640 at /build/buildd/openjdk-7-7u75-2.5.4/build/openjdk/hotspot/src/share/vm/prims/jvm.cpp:1284
Event: 6.088 Thread 0xb6408000 Threw 0x9ebeaff0 at /build/buildd/openjdk-7-7u75-2.5.4/build/openjdk/hotspot/src/share/vm/prims/jvm.cpp:1284
Event: 6.090 Thread 0xb6408000 Threw 0x9ebf2030 at /build/buildd/openjdk-7-7u75-2.5.4/build/openjdk/hotspot/src/share/vm/prims/jvm.cpp:1284
Event: 6.091 Thread 0xb6408000 Threw 0x9ebf4bb8 at /build/buildd/openjdk-7-7u75-2.5.4/build/openjdk/hotspot/src/share/vm/prims/jvm.cpp:1284
Event: 6.505 Thread 0xb6408000 Threw 0x9e9add70 at /build/buildd/openjdk-7-7u75-2.5.4/build/openjdk/hotspot/src/share/vm/prims/jvm.cpp:1284

Events (10 events):
Event: 6.572 Executing VM operation: RevokeBias
Event: 6.572 Executing VM operation: RevokeBias done
Event: 6.572 Executing VM operation: RevokeBias
Event: 6.572 Executing VM operation: RevokeBias done
Event: 6.702 Executing VM operation: ParallelGCFailedAllocation
Event: 7.539 Executing VM operation: ParallelGCFailedAllocation done
Event: 7.632 Thread 0xb6408000 Uncommon trap: trap_request=0xffffff86 fr.pc=0xb34c3b14
Event: 7.632 Thread 0xb6408000 DEOPT PACKING pc=0xb34c3b14 sp=0xb65e5d80
Event: 7.632 Thread 0xb6408000 DEOPT UNPACKING pc=0xb342cbc8 sp=0xb65e5d88 mode 2
Event: 7.785 Executing VM operation: ParallelGCFailedAllocation


Dynamic libraries:
08048000-08049000 r-xp 00000000 08:04 923906     /usr/lib/jvm/java-7-openjdk-i386/jre/bin/java
08049000-0804a000 r--p 00000000 08:04 923906     /usr/lib/jvm/java-7-openjdk-i386/jre/bin/java
0804a000-0804b000 rw-p 00001000 08:04 923906     /usr/lib/jvm/java-7-openjdk-i386/jre/bin/java
09681000-096d5000 rw-p 00000000 00:00 0          [heap]
66800000-6688f000 rw-p 00000000 00:00 0 
6688f000-66900000 ---p 00000000 00:00 0 
66b00000-66bf9000 rw-p 00000000 00:00 0 
66bf9000-66c00000 ---p 00000000 00:00 0 
66c00000-66cd5000 rw-p 00000000 00:00 0 
66cd5000-66d00000 ---p 00000000 00:00 0 
66d00000-66e00000 rw-p 00000000 00:00 0 
66e00000-66efd000 rw-p 00000000 00:00 0 
66efd000-66f00000 ---p 00000000 00:00 0 
66f00000-66ffc000 rw-p 00000000 00:00 0 
66ffc000-67000000 ---p 00000000 00:00 0 
6706d000-670a7000 r-xp 00000000 08:04 2098152    /lib/i386-linux-gnu/libpcre.so.3.12.1
670a7000-670a8000 r--p 00039000 08:04 2098152    /lib/i386-linux-gnu/libpcre.so.3.12.1
670a8000-670a9000 rw-p 0003a000 08:04 2098152    /lib/i386-linux-gnu/libpcre.so.3.12.1
670a9000-671fc000 r-xp 00000000 08:04 10223982   /usr/lib/i386-linux-gnu/libgio-2.0.so.0.3200.4
671fc000-671fe000 r--p 00153000 08:04 10223982   /usr/lib/i386-linux-gnu/libgio-2.0.so.0.3200.4
671fe000-671ff000 rw-p 00155000 08:04 10223982   /usr/lib/i386-linux-gnu/libgio-2.0.so.0.3200.4
671ff000-67200000 rw-p 00000000 00:00 0 
67200000-672fc000 rw-p 00000000 00:00 0 
672fc000-67300000 ---p 00000000 00:00 0 
67307000-673fe000 r-xp 00000000 08:04 2111773    /lib/i386-linux-gnu/libglib-2.0.so.0.3200.4
673fe000-673ff000 r--p 000f6000 08:04 2111773    /lib/i386-linux-gnu/libglib-2.0.so.0.3200.4
673ff000-67400000 rw-p 000f7000 08:04 2111773    /lib/i386-linux-gnu/libglib-2.0.so.0.3200.4
67400000-67497000 rw-p 00000000 00:00 0 
67497000-67500000 ---p 00000000 00:00 0 
67523000-67536000 r-xp 00000000 08:04 2101129    /lib/i386-linux-gnu/libresolv-2.15.so
67536000-67537000 ---p 00013000 08:04 2101129    /lib/i386-linux-gnu/libresolv-2.15.so
67537000-67538000 r--p 00013000 08:04 2101129    /lib/i386-linux-gnu/libresolv-2.15.so
67538000-67539000 rw-p 00014000 08:04 2101129    /lib/i386-linux-gnu/libresolv-2.15.so
67539000-6753b000 rw-p 00000000 00:00 0 
6753b000-67588000 r-xp 00000000 08:04 10223963   /usr/lib/i386-linux-gnu/libgobject-2.0.so.0.3200.4
67588000-67589000 r--p 0004c000 08:04 10223963   /usr/lib/i386-linux-gnu/libgobject-2.0.so.0.3200.4
67589000-6758a000 rw-p 0004d000 08:04 10223963   /usr/lib/i386-linux-gnu/libgobject-2.0.so.0.3200.4
6758a000-6758b000 ---p 00000000 00:00 0 
6758b000-6760b000 rw-p 00000000 00:00 0 
6760b000-6760e000 ---p 00000000 00:00 0 
6760e000-6765c000 rw-p 00000000 00:00 0 
6765c000-6765f000 ---p 00000000 00:00 0 
6765f000-676dd000 rw-p 00000000 00:00 0 
676dd000-676e0000 ---p 00000000 00:00 0 
676e0000-6775e000 rw-p 00000000 00:00 0 
6775e000-67761000 ---p 00000000 00:00 0 
67761000-677af000 rw-p 00000000 00:00 0 
677af000-679af000 r--p 00000000 08:04 10230872   /usr/lib/locale/locale-archive
679af000-679b2000 ---p 00000000 00:00 0 
679b2000-67a00000 rw-p 00000000 00:00 0 
67a00000-67af9000 rw-p 00000000 00:00 0 
67af9000-67b00000 ---p 00000000 00:00 0 
67b00000-67b21000 rw-p 00000000 00:00 0 
67b21000-67c00000 ---p 00000000 00:00 0 
67c00000-67d00000 rw-p 00000000 00:00 0 
67d05000-67d06000 ---p 00000000 00:00 0 
67d06000-67dcf000 rw-p 00000000 00:00 0 
67dcf000-67f80000 r--s 01d23000 08:04 923952     /usr/lib/jvm/java-7-openjdk-i386/jre/lib/rt.jar
67f80000-6a800000 rw-p 00000000 00:00 0 
6a800000-6a8fd000 rw-p 00000000 00:00 0 
6a8fd000-6a900000 ---p 00000000 00:00 0 
6a90f000-6a92c000 r-xp 00000000 08:04 2098167    /lib/i386-linux-gnu/libselinux.so.1
6a92c000-6a92d000 r--p 0001c000 08:04 2098167    /lib/i386-linux-gnu/libselinux.so.1
6a92d000-6a92e000 rw-p 0001d000 08:04 2098167    /lib/i386-linux-gnu/libselinux.so.1
6a92e000-6a931000 ---p 00000000 00:00 0 
6a931000-6a97f000 rw-p 00000000 00:00 0 
6a97f000-6a980000 ---p 00000000 00:00 0 
6a980000-6aa00000 rw-p 00000000 00:00 0 
6aa00000-6aa21000 rw-p 00000000 00:00 0 
6aa21000-6ab00000 ---p 00000000 00:00 0 
6ab00000-6ab21000 rw-p 00000000 00:00 0 
6ab21000-6ac00000 ---p 00000000 00:00 0 
6ac24000-6ac7f000 rw-p 00000000 00:00 0 
6ac7f000-6ac80000 ---p 00000000 00:00 0 
6ac80000-6ad00000 rw-p 00000000 00:00 0 
6ad00000-6ad21000 rw-p 00000000 00:00 0 
6ad21000-6ae00000 ---p 00000000 00:00 0 
6ae06000-6ae0a000 r--s 0004d000 08:04 923968     /usr/lib/jvm/java-7-openjdk-i386/jre/lib/jsse.jar
6ae0a000-6ae0f000 r-xp 00000000 08:04 10228343   /usr/lib/i386-linux-gnu/libffi.so.6.0.0
6ae0f000-6ae10000 r--p 00004000 08:04 10228343   /usr/lib/i386-linux-gnu/libffi.so.6.0.0
6ae10000-6ae11000 rw-p 00005000 08:04 10228343   /usr/lib/i386-linux-gnu/libffi.so.6.0.0
6ae11000-6ae28000 r-xp 00000000 08:04 924092     /usr/lib/jvm/java-7-openjdk-i386/jre/lib/i386/libnet.so
6ae28000-6ae29000 r--p 00016000 08:04 924092     /usr/lib/jvm/java-7-openjdk-i386/jre/lib/i386/libnet.so
6ae29000-6ae2a000 rw-p 00017000 08:04 924092     /usr/lib/jvm/java-7-openjdk-i386/jre/lib/i386/libnet.so
6ae2a000-6ae3b000 r-xp 00000000 08:04 923992     /usr/lib/jvm/java-7-openjdk-i386/jre/lib/i386/libnio.so
6ae3b000-6ae3c000 r--p 00010000 08:04 923992     /usr/lib/jvm/java-7-openjdk-i386/jre/lib/i386/libnio.so
6ae3c000-6ae3d000 rw-p 00011000 08:04 923992     /usr/lib/jvm/java-7-openjdk-i386/jre/lib/i386/libnio.so
6ae3d000-6ae4c000 r--s 000dd000 08:04 5898350    /home/haider/Downloads/android-sdk-linux/build-tools/22.0.1/lib/dx.jar
6ae4c000-6ae67000 rw-p 00000000 00:00 0 
6ae67000-6ae68000 ---p 00000000 00:00 0 
6ae68000-6aee8000 rw-p 00000000 00:00 0 
6aee8000-6aee9000 ---p 00000000 00:00 0 
6aee9000-6af71000 rw-p 00000000 00:00 0 
6af71000-6afa9000 rw-p 00000000 00:00 0 
6afa9000-6afbd000 rw-p 00000000 00:00 0 
6afbd000-6b0ff000 rw-p 00000000 00:00 0 
6b0ff000-6b107000 rw-p 00000000 00:00 0 
6b107000-6b13f000 rw-p 00000000 00:00 0 
6b13f000-6b153000 rw-p 00000000 00:00 0 
6b153000-6b294000 rw-p 00000000 00:00 0 
6b294000-6b2a6000 rw-p 00000000 00:00 0 
6b2a6000-6b33f000 rw-p 00000000 00:00 0 
6b33f000-6c340000 rw-p 00000000 00:00 0 
6c340000-73340000 rw-p 00000000 00:00 0 
73340000-75b00000 rw-p 00000000 00:00 0 
75fc0000-9ddc0000 rw-p 00000000 00:00 0 
9ddc0000-a00c0000 rw-p 00000000 00:00 0 
a00c0000-b3340000 rw-p 00000000 00:00 0 
b3340000-b3349000 rw-p 00000000 00:00 0 
b3349000-b3400000 rw-p 00000000 00:00 0 
b3400000-b3640000 rwxp 00000000 00:00 0 
b3640000-b6500000 rw-p 00000000 00:00 0 
b6502000-b6505000 r-xp 00000000 08:04 10248019   /usr/lib/i386-linux-gnu/libgmodule-2.0.so.0.3200.4
b6505000-b6506000 r--p 00002000 08:04 10248019   /usr/lib/i386-linux-gnu/libgmodule-2.0.so.0.3200.4
b6506000-b6507000 rw-p 00003000 08:04 10248019   /usr/lib/i386-linux-gnu/libgmodule-2.0.so.0.3200.4
b6508000-b650c000 r--s 0003c000 08:04 923957     /usr/lib/jvm/java-7-openjdk-i386/jre/lib/ext/sunpkcs11.jar
b650c000-b650f000 r--s 00086000 08:04 923958     /usr/lib/jvm/java-7-openjdk-i386/jre/lib/ext/localedata.jar
b650f000-b6510000 r--s 00007000 08:04 10492658   /usr/share/java/java-atk-wrapper.jar
b6510000-b6511000 r--s 00002000 08:04 923956     /usr/lib/jvm/java-7-openjdk-i386/jre/lib/ext/dnsns.jar
b6511000-b6513000 r--s 00012000 08:04 923960     /usr/lib/jvm/java-7-openjdk-i386/jre/lib/ext/zipfs.jar
b6513000-b651e000 r-xp 00000000 08:04 2101123    /lib/i386-linux-gnu/libnss_files-2.15.so
b651e000-b651f000 r--p 0000a000 08:04 2101123    /lib/i386-linux-gnu/libnss_files-2.15.so
b651f000-b6520000 rw-p 0000b000 08:04 2101123    /lib/i386-linux-gnu/libnss_files-2.15.so
b6520000-b652a000 r-xp 00000000 08:04 2101140    /lib/i386-linux-gnu/libnss_nis-2.15.so
b652a000-b652b000 r--p 00009000 08:04 2101140    /lib/i386-linux-gnu/libnss_nis-2.15.so
b652b000-b652c000 rw-p 0000a000 08:04 2101140    /lib/i386-linux-gnu/libnss_nis-2.15.so
b652c000-b6542000 r-xp 00000000 08:04 2101130    /lib/i386-linux-gnu/libnsl-2.15.so
b6542000-b6543000 r--p 00015000 08:04 2101130    /lib/i386-linux-gnu/libnsl-2.15.so
b6543000-b6544000 rw-p 00016000 08:04 2101130    /lib/i386-linux-gnu/libnsl-2.15.so
b6544000-b6546000 rw-p 00000000 00:00 0 
b6546000-b654d000 r-xp 00000000 08:04 2101126    /lib/i386-linux-gnu/libnss_compat-2.15.so
b654d000-b654e000 r--p 00006000 08:04 2101126    /lib/i386-linux-gnu/libnss_compat-2.15.so
b654e000-b654f000 rw-p 00007000 08:04 2101126    /lib/i386-linux-gnu/libnss_compat-2.15.so
b654f000-b6552000 r--s 0000f000 08:04 923955     /usr/lib/jvm/java-7-openjdk-i386/jre/lib/ext/icedtea-sound.jar
b6552000-b655a000 r-xp 00000000 08:04 923986     /usr/lib/jvm/java-7-openjdk-i386/jre/lib/i386/libzip.so
b655a000-b655b000 r--p 00007000 08:04 923986     /usr/lib/jvm/java-7-openjdk-i386/jre/lib/i386/libzip.so
b655b000-b655c000 rw-p 00008000 08:04 923986     /usr/lib/jvm/java-7-openjdk-i386/jre/lib/i386/libzip.so
b655c000-b6564000 rw-s 00000000 08:04 3934640    /tmp/hsperfdata_haider/12248
b6564000-b658b000 r-xp 00000000 08:04 924091     /usr/lib/jvm/java-7-openjdk-i386/jre/lib/i386/libjava.so
b658b000-b658c000 r--p 00026000 08:04 924091     /usr/lib/jvm/java-7-openjdk-i386/jre/lib/i386/libjava.so
b658c000-b658d000 rw-p 00027000 08:04 924091     /usr/lib/jvm/java-7-openjdk-i386/jre/lib/i386/libjava.so
b658d000-b6594000 r-xp 00000000 08:04 2101134    /lib/i386-linux-gnu/librt-2.15.so
b6594000-b6595000 r--p 00006000 08:04 2101134    /lib/i386-linux-gnu/librt-2.15.so
b6595000-b6596000 rw-p 00007000 08:04 2101134    /lib/i386-linux-gnu/librt-2.15.so
b6596000-b6599000 ---p 00000000 00:00 0 
b6599000-b65e7000 rw-p 00000000 00:00 0 
b65e7000-b6603000 r-xp 00000000 08:04 2098100    /lib/i386-linux-gnu/libgcc_s.so.1
b6603000-b6604000 r--p 0001b000 08:04 2098100    /lib/i386-linux-gnu/libgcc_s.so.1
b6604000-b6605000 rw-p 0001c000 08:04 2098100    /lib/i386-linux-gnu/libgcc_s.so.1
b6605000-b662f000 r-xp 00000000 08:04 2101128    /lib/i386-linux-gnu/libm-2.15.so
b662f000-b6630000 r--p 00029000 08:04 2101128    /lib/i386-linux-gnu/libm-2.15.so
b6630000-b6631000 rw-p 0002a000 08:04 2101128    /lib/i386-linux-gnu/libm-2.15.so
b6631000-b6709000 r-xp 00000000 08:04 10228685   /usr/lib/i386-linux-gnu/libstdc++.so.6.0.16
b6709000-b670a000 ---p 000d8000 08:04 10228685   /usr/lib/i386-linux-gnu/libstdc++.so.6.0.16
b670a000-b670e000 r--p 000d8000 08:04 10228685   /usr/lib/i386-linux-gnu/libstdc++.so.6.0.16
b670e000-b670f000 rw-p 000dc000 08:04 10228685   /usr/lib/i386-linux-gnu/libstdc++.so.6.0.16
b670f000-b6716000 rw-p 00000000 00:00 0 
b6716000-b70d8000 r-xp 00000000 08:04 924096     /usr/lib/jvm/java-7-openjdk-i386/jre/lib/i386/server/libjvm.so
b70d8000-b712d000 r--p 009c2000 08:04 924096     /usr/lib/jvm/java-7-openjdk-i386/jre/lib/i386/server/libjvm.so
b712d000-b7141000 rw-p 00a17000 08:04 924096     /usr/lib/jvm/java-7-openjdk-i386/jre/lib/i386/server/libjvm.so
b7141000-b755f000 rw-p 00000000 00:00 0 
b755f000-b7573000 r-xp 00000000 08:04 2098190    /lib/i386-linux-gnu/libz.so.1.2.3.4
b7573000-b7574000 r--p 00013000 08:04 2098190    /lib/i386-linux-gnu/libz.so.1.2.3.4
b7574000-b7575000 rw-p 00014000 08:04 2098190    /lib/i386-linux-gnu/libz.so.1.2.3.4
b7575000-b758c000 r-xp 00000000 08:04 2101132    /lib/i386-linux-gnu/libpthread-2.15.so
b758c000-b758d000 r--p 00016000 08:04 2101132    /lib/i386-linux-gnu/libpthread-2.15.so
b758d000-b758e000 rw-p 00017000 08:04 2101132    /lib/i386-linux-gnu/libpthread-2.15.so
b758e000-b7590000 rw-p 00000000 00:00 0 
b7590000-b7593000 r-xp 00000000 08:04 2101125    /lib/i386-linux-gnu/libdl-2.15.so
b7593000-b7594000 r--p 00002000 08:04 2101125    /lib/i386-linux-gnu/libdl-2.15.so
b7594000-b7595000 rw-p 00003000 08:04 2101125    /lib/i386-linux-gnu/libdl-2.15.so
b7595000-b7739000 r-xp 00000000 08:04 2101138    /lib/i386-linux-gnu/libc-2.15.so
b7739000-b773b000 r--p 001a4000 08:04 2101138    /lib/i386-linux-gnu/libc-2.15.so
b773b000-b773c000 rw-p 001a6000 08:04 2101138    /lib/i386-linux-gnu/libc-2.15.so
b773c000-b773f000 rw-p 00000000 00:00 0 
b773f000-b7743000 r--s 00034000 08:04 923959     /usr/lib/jvm/java-7-openjdk-i386/jre/lib/ext/sunjce_provider.jar
b7743000-b7744000 r--p 005e0000 08:04 10230872   /usr/lib/locale/locale-archive
b7744000-b7745000 rw-p 00000000 00:00 0 
b7745000-b7746000 ---p 00000000 00:00 0 
b7746000-b7752000 r-xp 00000000 08:04 924088     /usr/lib/jvm/java-7-openjdk-i386/jre/lib/i386/libverify.so
b7752000-b7753000 r--p 0000b000 08:04 924088     /usr/lib/jvm/java-7-openjdk-i386/jre/lib/i386/libverify.so
b7753000-b7754000 rw-p 0000c000 08:04 924088     /usr/lib/jvm/java-7-openjdk-i386/jre/lib/i386/libverify.so
b7754000-b7761000 r-xp 00000000 08:04 923978     /usr/lib/jvm/java-7-openjdk-i386/jre/lib/i386/jli/libjli.so
b7761000-b7762000 r--p 0000c000 08:04 923978     /usr/lib/jvm/java-7-openjdk-i386/jre/lib/i386/jli/libjli.so
b7762000-b7763000 rw-p 0000d000 08:04 923978     /usr/lib/jvm/java-7-openjdk-i386/jre/lib/i386/jli/libjli.so
b7763000-b7766000 rw-p 00000000 00:00 0 
b7766000-b7767000 r-xp 00000000 00:00 0          [vdso]
b7767000-b7787000 r-xp 00000000 08:04 2101122    /lib/i386-linux-gnu/ld-2.15.so
b7787000-b7788000 r--p 0001f000 08:04 2101122    /lib/i386-linux-gnu/ld-2.15.so
b7788000-b7789000 rw-p 00020000 08:04 2101122    /lib/i386-linux-gnu/ld-2.15.so
bfc17000-bfc18000 rwxp 00000000 00:00 0 
bfc4a000-bfc6b000 rw-p 00000000 00:00 0          [stack]

VM Arguments:
jvm_args: -Xmx1024M -Dfile.encoding=UTF-8 -Duser.country=US -Duser.language=en -Duser.variant 
java_command: com.android.dx.command.Main --dex --output /home/haider/AndroidStudioProjects/XMPP/app/build/intermediates/dex/debug /home/haider/AndroidStudioProjects/XMPP/app/build/intermediates/classes/debug /home/haider/AndroidStudioProjects/XMPP/app/build/intermediates/pre-dexed/debug/support-annotations-22.2.0-4c437a4b09f106db02b06a5ff77e127acbd6160c.jar /home/haider/AndroidStudioProjects/XMPP/app/build/intermediates/pre-dexed/debug/internal_impl-22.2.0-090462bf1f35278f29492ca1e50781efa9a12ca6.jar /home/haider/AndroidStudioProjects/XMPP/app/build/intermediates/pre-dexed/debug/classes-300bec10ac0afc048460f82c982ae837ff634b8d.jar /home/haider/AndroidStudioProjects/XMPP/app/build/intermediates/pre-dexed/debug/classes-ebef299a5269ae7c4be300509c42d5d1671e25b6.jar /home/haider/AndroidStudioProjects/XMPP/app/build/intermediates/pre-dexed/debug/asmack-2010.05.07-682f86b7fa3f1c17850bf69b714668048cd73568.jar
Launcher Type: SUN_STANDARD

Environment Variables:
JAVA_HOME=/usr/lib/jvm/java-7-oracle
CLASSPATH=./../lib/bootstrap.jar:./../lib/extensions.jar:./../lib/util.jar:./../lib/jdom.jar:./../lib/log4j.jar:./../lib/trove4j.jar:./../lib/jna.jar:/usr/lib/jvm/java-7-oracle/lib/tools.jar
PATH=/usr/lib/lightdm/lightdm:/usr/local/sbin:/usr/local/bin:/usr/sbin:/usr/bin:/sbin:/bin:/usr/games:/usr/lib/jvm/java-7-oracle/bin:/usr/lib/jvm/java-7-oracle/db/bin:/usr/lib/jvm/java-7-oracle/jre/bin
LD_LIBRARY_PATH=.:
SHELL=/bin/bash
DISPLAY=:0

Signal Handlers:
SIGSEGV: [libjvm.so+0x80b550], sa_mask[0]=0x7ffbfeff, sa_flags=0x10000004
SIGBUS: [libjvm.so+0x80b550], sa_mask[0]=0x7ffbfeff, sa_flags=0x10000004
SIGFPE: [libjvm.so+0x6753e0], sa_mask[0]=0x7ffbfeff, sa_flags=0x10000004
SIGPIPE: [libjvm.so+0x6753e0], sa_mask[0]=0x7ffbfeff, sa_flags=0x10000004
SIGXFSZ: [libjvm.so+0x6753e0], sa_mask[0]=0x7ffbfeff, sa_flags=0x10000004
SIGILL: [libjvm.so+0x6753e0], sa_mask[0]=0x7ffbfeff, sa_flags=0x10000004
SIGUSR1: SIG_DFL, sa_mask[0]=0x00000000, sa_flags=0x00000000
SIGUSR2: [libjvm.so+0x675690], sa_mask[0]=0x00000004, sa_flags=0x10000004
SIGHUP: [libjvm.so+0x675850], sa_mask[0]=0x7ffbfeff, sa_flags=0x10000004
SIGINT: [libjvm.so+0x675850], sa_mask[0]=0x7ffbfeff, sa_flags=0x10000004
SIGTERM: [libjvm.so+0x675850], sa_mask[0]=0x7ffbfeff, sa_flags=0x10000004
SIGQUIT: [libjvm.so+0x675850], sa_mask[0]=0x7ffbfeff, sa_flags=0x10000004
SIGTRAP: SIG_DFL, sa_mask[0]=0x00000000, sa_flags=0x00000000


---------------  S Y S T E M  ---------------

OS:Ubuntu 12.04 (precise)
uname:Linux 3.2.0-74-generic-pae #109-Ubuntu SMP Tue Dec 9 17:00:00 UTC 2014 i686
libc:glibc 2.15 NPTL 2.15 
rlimit: STACK 8192k, CORE 0k, NPROC 30447, NOFILE 4096, AS infinity
load average:3.92 2.41 1.60

/proc/meminfo:
MemTotal:        3917408 kB
MemFree:          160572 kB
Buffers:            5328 kB
Cached:           301124 kB
SwapCached:            0 kB
Active:          3393204 kB
Inactive:         266876 kB
Active(anon):    3360656 kB
Inactive(anon):   241364 kB
Active(file):      32548 kB
Inactive(file):    25512 kB
Unevictable:         332 kB
Mlocked:             332 kB
HighTotal:       3075156 kB
HighFree:           5264 kB
LowTotal:         842252 kB
LowFree:          155308 kB
SwapTotal:             0 kB
SwapFree:              0 kB
Dirty:                40 kB
Writeback:             0 kB
AnonPages:       3354100 kB
Mapped:            88060 kB
Shmem:            248264 kB
Slab:              42584 kB
SReclaimable:      19668 kB
SUnreclaim:        22916 kB
KernelStack:        6880 kB
PageTables:        24112 kB
NFS_Unstable:          0 kB
Bounce:                0 kB
WritebackTmp:          0 kB
CommitLimit:     1958704 kB
Committed_AS:    8415328 kB
VmallocTotal:     122880 kB
VmallocUsed:       18592 kB
VmallocChunk:     101252 kB
HardwareCorrupted:     0 kB
AnonHugePages:         0 kB
HugePages_Total:       0
HugePages_Free:        0
HugePages_Rsvd:        0
HugePages_Surp:        0
Hugepagesize:       2048 kB
DirectMap4k:       10232 kB
DirectMap2M:      903168 kB


CPU:total 4 (2 cores per cpu, 2 threads per core) family 6 model 37 stepping 5, cmov, cx8, fxsr, mmx, sse, sse2, sse3, ssse3, sse4.1, sse4.2, popcnt, ht, tsc, tscinvbit

/proc/cpuinfo:
processor	: 0
vendor_id	: GenuineIntel
cpu family	: 6
model		: 37
model name	: Intel(R) Core(TM) i3 CPU       M 380  @ 2.53GHz
stepping	: 5
microcode	: 0x2
cpu MHz		: 2527.000
cache size	: 3072 KB
physical id	: 0
siblings	: 4
core id		: 0
cpu cores	: 2
apicid		: 0
initial apicid	: 0
fdiv_bug	: no
hlt_bug		: no
f00f_bug	: no
coma_bug	: no
fpu		: yes
fpu_exception	: yes
cpuid level	: 11
wp		: yes
flags		: fpu vme de pse tsc msr pae mce cx8 apic sep mtrr pge mca cmov pat pse36 clflush dts acpi mmx fxsr sse sse2 ss ht tm pbe nx rdtscp lm constant_tsc arch_perfmon pebs bts xtopology nonstop_tsc aperfmperf pni dtes64 monitor ds_cpl vmx est tm2 ssse3 cx16 xtpr pdcm pcid sse4_1 sse4_2 popcnt lahf_lm arat dtherm tpr_shadow vnmi flexpriority ept vpid
bogomips	: 5053.84
clflush size	: 64
cache_alignment	: 64
address sizes	: 36 bits physical, 48 bits virtual
power management:

processor	: 1
vendor_id	: GenuineIntel
cpu family	: 6
model		: 37
model name	: Intel(R) Core(TM) i3 CPU       M 380  @ 2.53GHz
stepping	: 5
microcode	: 0x2
cpu MHz		: 2527.000
cache size	: 3072 KB
physical id	: 0
siblings	: 4
core id		: 2
cpu cores	: 2
apicid		: 4
initial apicid	: 4
fdiv_bug	: no
hlt_bug		: no
f00f_bug	: no
coma_bug	: no
fpu		: yes
fpu_exception	: yes
cpuid level	: 11
wp		: yes
flags		: fpu vme de pse tsc msr pae mce cx8 apic sep mtrr pge mca cmov pat pse36 clflush dts acpi mmx fxsr sse sse2 ss ht tm pbe nx rdtscp lm constant_tsc arch_perfmon pebs bts xtopology nonstop_tsc aperfmperf pni dtes64 monitor ds_cpl vmx est tm2 ssse3 cx16 xtpr pdcm pcid sse4_1 sse4_2 popcnt lahf_lm arat dtherm tpr_shadow vnmi flexpriority ept vpid
bogomips	: 5053.85
clflush size	: 64
cache_alignment	: 64
address sizes	: 36 bits physical, 48 bits virtual
power management:

processor	: 2
vendor_id	: GenuineIntel
cpu family	: 6
model		: 37
model name	: Intel(R) Core(TM) i3 CPU       M 380  @ 2.53GHz
stepping	: 5
microcode	: 0x2
cpu MHz		: 2527.000
cache size	: 3072 KB
physical id	: 0
siblings	: 4
core id		: 0
cpu cores	: 2
apicid		: 1
initial apicid	: 1
fdiv_bug	: no
hlt_bug		: no
f00f_bug	: no
coma_bug	: no
fpu		: yes
fpu_exception	: yes
cpuid level	: 11
wp		: yes
flags		: fpu vme de pse tsc msr pae mce cx8 apic sep mtrr pge mca cmov pat pse36 clflush dts acpi mmx fxsr sse sse2 ss ht tm pbe nx rdtscp lm constant_tsc arch_perfmon pebs bts xtopology nonstop_tsc aperfmperf pni dtes64 monitor ds_cpl vmx est tm2 ssse3 cx16 xtpr pdcm pcid sse4_1 sse4_2 popcnt lahf_lm arat dtherm tpr_shadow vnmi flexpriority ept vpid
bogomips	: 5053.89
clflush size	: 64
cache_alignment	: 64
address sizes	: 36 bits physical, 48 bits virtual
power management:

processor	: 3
vendor_id	: GenuineIntel
cpu family	: 6
model		: 37
model name	: Intel(R) Core(TM) i3 CPU       M 380  @ 2.53GHz
stepping	: 5
microcode	: 0x2
cpu MHz		: 2527.000
cache size	: 3072 KB
physical id	: 0
siblings	: 4
core id		: 2
cpu cores	: 2
apicid		: 5
initial apicid	: 5
fdiv_bug	: no
hlt_bug		: no
f00f_bug	: no
coma_bug	: no
fpu		: yes
fpu_exception	: yes
cpuid level	: 11
wp		: yes
flags		: fpu vme de pse tsc msr pae mce cx8 apic sep mtrr pge mca cmov pat pse36 clflush dts acpi mmx fxsr sse sse2 ss ht tm pbe nx rdtscp lm constant_tsc arch_perfmon pebs bts xtopology nonstop_tsc aperfmperf pni dtes64 monitor ds_cpl vmx est tm2 ssse3 cx16 xtpr pdcm pcid sse4_1 sse4_2 popcnt lahf_lm arat dtherm tpr_shadow vnmi flexpriority ept vpid
bogomips	: 5053.89
clflush size	: 64
cache_alignment	: 64
address sizes	: 36 bits physical, 48 bits virtual
power management:



Memory: 4k page, physical 3917408k(160572k free), swap 0k(0k free)

vm_info: OpenJDK Server VM (24.75-b04) for linux-x86 JRE (1.7.0_75-b13), built on Jan 27 2015 16:24:35 by "buildd" with gcc 4.6.3

time: Thu Jul 30 20:03:30 2015
elapsed time: 8 seconds

