#
# There is insufficient memory for the Java Runtime Environment to continue.
# Native memory allocation (malloc) failed to allocate 15728640 bytes for committing reserved memory.
# Possible reasons:
#   The system is out of physical RAM or swap space
#   In 32 bit mode, the process size limit was hit
# Possible solutions:
#   Reduce memory load on the system
#   Increase physical memory or swap space
#   Check if swap backing store is full
#   Use 64 bit Java on a 64 bit OS
#   Decrease Java heap size (-Xmx/-Xms)
#   Decrease number of Java threads
#   Decrease Java thread stack sizes (-Xss)
#   Set larger code cache with -XX:ReservedCodeCacheSize=
# This output file may be truncated or incomplete.
#
#  Out of Memory Error (os_linux.cpp:2756), pid=15582, tid=1814776640
#
# JRE version: Java(TM) SE Runtime Environment (7.0_72-b14) (build 1.7.0_72-b14)
# Java VM: Java HotSpot(TM) Server VM (24.72-b04 mixed mode linux-x86 )
# Failed to write core dump. Core dumps have been disabled. To enable core dumping, try "ulimit -c unlimited" before starting Java again
#

---------------  T H R E A D  ---------------

Current thread (0x6c180400):  VMThread [stack: 0x6c234000,0x6c2b5000] [id=15609]

Stack: [0x6c234000,0x6c2b5000],  sp=0x6c2b39b0,  free space=510k
Native frames: (J=compiled Java code, j=interpreted, Vv=VM code, C=native code)
V  [libjvm.so+0x7e8a76]  VMError::report_and_die()+0x1a6
V  [libjvm.so+0x33d9e2]  report_vm_out_of_memory(char const*, int, unsigned int, char const*)+0x72
V  [libjvm.so+0x685b01]  os::Linux::commit_memory_impl(char*, unsigned int, bool)+0xe1
V  [libjvm.so+0x685fc8]  os::pd_commit_memory(char*, unsigned int, unsigned int, bool)+0x28
V  [libjvm.so+0x67f70c]  os::commit_memory(char*, unsigned int, unsigned int, bool)+0x2c
V  [libjvm.so+0x6e9368]  PSVirtualSpace::expand_by(unsigned int)+0x48
V  [libjvm.so+0x6ea46a]  PSYoungGen::resize_generation(unsigned int, unsigned int)+0xda
V  [libjvm.so+0x6e97a9]  PSYoungGen::resize(unsigned int, unsigned int)+0x19
V  [libjvm.so+0x6e715e]  PSScavenge::invoke_no_policy()+0xd5e
V  [libjvm.so+0x6e7938]  PSScavenge::invoke()+0x28
V  [libjvm.so+0x6a573a]  ParallelScavengeHeap::failed_mem_allocate(unsigned int)+0x5a
V  [libjvm.so+0x7ea30a]  VM_ParallelGCFailedAllocation::doit()+0x7a
V  [libjvm.so+0x7f3127]  VM_Operation::evaluate()+0x47
V  [libjvm.so+0x7f11c3]  VMThread::evaluate_operation(VM_Operation*)+0xb3
V  [libjvm.so+0x7f1560]  VMThread::loop()+0x1b0
V  [libjvm.so+0x7f19c5]  VMThread::run()+0x85
V  [libjvm.so+0x687dd9]  java_start(Thread*)+0x119
C  [libpthread.so.0+0x6d4c]  start_thread+0xcc

VM_Operation (0xb68838d4): ParallelGCFailedAllocation, mode: safepoint, requested by thread 0xb6707800


---------------  P R O C E S S  ---------------

Java Threads: ( => current thread )
  0x6c19a800 JavaThread "Service Thread" daemon [_thread_blocked, id=15632, stack(0x6bb0b000,0x6bb5c000)]
  0x6c198c00 JavaThread "C2 CompilerThread1" daemon [_thread_blocked, id=15627, stack(0x6bb5c000,0x6bbdd000)]
  0x6c196c00 JavaThread "C2 CompilerThread0" daemon [_thread_blocked, id=15624, stack(0x6bbdd000,0x6bc5e000)]
  0x6c195000 JavaThread "Signal Dispatcher" daemon [_thread_blocked, id=15623, stack(0x6bc5e000,0x6bcaf000)]
  0x6c184800 JavaThread "Finalizer" daemon [_thread_blocked, id=15618, stack(0x6beaf000,0x6bf00000)]
  0x6c183000 JavaThread "Reference Handler" daemon [_thread_blocked, id=15615, stack(0x6ec2e000,0x6ec7f000)]
  0xb6707800 JavaThread "main" [_thread_blocked, id=15591, stack(0xb6834000,0xb6885000)]

Other Threads:
=>0x6c180400 VMThread [stack: 0x6c234000,0x6c2b5000] [id=15609]
  0x6c19c800 WatcherThread [stack: 0x6ba8a000,0x6bb0b000] [id=15639]

VM state:at safepoint (normal execution)

VM Mutex/Monitor currently owned by a thread:  ([mutex/lock_event])
[0xb6704fe0] Threads_lock - owner thread: 0x6c180400
[0xb67053f0] Heap_lock - owner thread: 0xb6707800

Heap
 PSYoungGen      total 17920K, used 2554K [0x9e040000, 0x9f440000, 0xb35c0000)
  eden space 15360K, 0% used [0x9e040000,0x9e040000,0x9ef40000)
  from space 2560K, 99% used [0x9f1c0000,0x9f43eae0,0x9f440000)
  to   space 2560K, 0% used [0x9ef40000,0x9ef40000,0x9f1c0000)
 ParOldGen       total 40704K, used 3367K [0x735c0000, 0x75d80000, 0x9e040000)
  object space 40704K, 8% used [0x735c0000,0x73909c50,0x75d80000)
 PSPermGen       total 16384K, used 3660K [0x6f5c0000, 0x705c0000, 0x735c0000)
  object space 16384K, 22% used [0x6f5c0000,0x6f953390,0x705c0000)

Card table byte_map: [0x6f39f000,0x6f5c0000] byte_map_base: 0x6f024200

Polling page: 0xb77a5000

Code Cache  [0xb3697000, 0xb38d7000, 0xb6697000)
 total_blobs=328 nmethods=209 adapters=73 free_code_cache=48443Kb largest_free_block=49583488

Compilation events (10 events):
Event: 4.598 Thread 0x6c198c00 nmethod 206 0xb373bf08 code [0xb373c000, 0xb373c0f0]
Event: 4.598 Thread 0x6c198c00  207             com.android.dx.ssa.SCCP::simulateBlock (54 bytes)
Event: 4.627 Thread 0x6c198c00 nmethod 207 0xb37403c8 code [0xb3740580, 0xb3740ba4]
Event: 4.627 Thread 0x6c198c00  208             java.util.Arrays::hashCode (56 bytes)
Event: 4.642 Thread 0x6c198c00 nmethod 208 0xb373bbc8 code [0xb373bcc0, 0xb373bdd0]
Event: 4.642 Thread 0x6c198c00  209             com.android.dx.rop.code.Rop::isCallLike (5 bytes)
Event: 4.642 Thread 0x6c198c00 nmethod 209 0xb373a348 code [0xb373a420, 0xb373a470]
Event: 4.643 Thread 0x6c198c00  210             java.util.BitSet::or (105 bytes)
Event: 4.662 Thread 0x6c198c00 nmethod 210 0xb373fe48 code [0xb373ff60, 0xb37401bc]
Event: 4.662 Thread 0x6c198c00  211             java.lang.AbstractStringBuilder::ensureCapacityInternal (16 bytes)

GC Heap History (3 events):
Event: 3.094 GC heap before
{Heap before GC invocations=1 (full 0):
 PSYoungGen      total 17920K, used 15360K [0x9e040000, 0x9f440000, 0xb35c0000)
  eden space 15360K, 100% used [0x9e040000,0x9ef40000,0x9ef40000)
  from space 2560K, 0% used [0x9f1c0000,0x9f1c0000,0x9f440000)
  to   space 2560K, 0% used [0x9ef40000,0x9ef40000,0x9f1c0000)
 ParOldGen       total 40704K, used 0K [0x735c0000, 0x75d80000, 0x9e040000)
  object space 40704K, 0% used [0x735c0000,0x735c0000,0x75d80000)
 PSPermGen       total 16384K, used 3581K [0x6f5c0000, 0x705c0000, 0x735c0000)
  object space 16384K, 21% used [0x6f5c0000,0x6f93f768,0x705c0000)
Event: 3.120 GC heap after
Heap after GC invocations=1 (full 0):
 PSYoungGen      total 17920K, used 2551K [0x9e040000, 0x9f440000, 0xb35c0000)
  eden space 15360K, 0% used [0x9e040000,0x9e040000,0x9ef40000)
  from space 2560K, 99% used [0x9ef40000,0x9f1bdd48,0x9f1c0000)
  to   space 2560K, 0% used [0x9f1c0000,0x9f1c0000,0x9f440000)
 ParOldGen       total 40704K, used 1286K [0x735c0000, 0x75d80000, 0x9e040000)
  object space 40704K, 3% used [0x735c0000,0x737019f8,0x75d80000)
 PSPermGen       total 16384K, used 3581K [0x6f5c0000, 0x705c0000, 0x735c0000)
  object space 16384K, 21% used [0x6f5c0000,0x6f93f768,0x705c0000)
}
Event: 4.663 GC heap before
{Heap before GC invocations=2 (full 0):
 PSYoungGen      total 17920K, used 17911K [0x9e040000, 0x9f440000, 0xb35c0000)
  eden space 15360K, 100% used [0x9e040000,0x9ef40000,0x9ef40000)
  from space 2560K, 99% used [0x9ef40000,0x9f1bdd48,0x9f1c0000)
  to   space 2560K, 0% used [0x9f1c0000,0x9f1c0000,0x9f440000)
 ParOldGen       total 40704K, used 1286K [0x735c0000, 0x75d80000, 0x9e040000)
  object space 40704K, 3% used [0x735c0000,0x737019f8,0x75d80000)
 PSPermGen       total 16384K, used 3660K [0x6f5c0000, 0x705c0000, 0x735c0000)
  object space 16384K, 22% used [0x6f5c0000,0x6f953390,0x705c0000)

Deoptimization events (6 events):
Event: 2.581 Thread 0xb6707800 Uncommon trap: reason=null_check action=make_not_entrant pc=0xb36f3708 method=com.android.dx.rop.code.LocalItem.equals(Ljava/lang/Object;)Z @ 1
Event: 3.000 Thread 0xb6707800 Uncommon trap: reason=class_check action=maybe_recompile pc=0xb36fdefc method=com.android.dx.rop.type.Type.equals(Ljava/lang/Object;)Z @ 8
Event: 3.000 Thread 0xb6707800 Uncommon trap: reason=class_check action=maybe_recompile pc=0xb36fdefc method=com.android.dx.rop.type.Type.equals(Ljava/lang/Object;)Z @ 8
Event: 3.000 Thread 0xb6707800 Uncommon trap: reason=class_check action=maybe_recompile pc=0xb36fdefc method=com.android.dx.rop.type.Type.equals(Ljava/lang/Object;)Z @ 8
Event: 3.001 Thread 0xb6707800 Uncommon trap: reason=class_check action=maybe_recompile pc=0xb36fdefc method=com.android.dx.rop.type.Type.equals(Ljava/lang/Object;)Z @ 8
Event: 4.306 Thread 0xb6707800 Uncommon trap: reason=null_check action=make_not_entrant pc=0xb372dd2c method=com.android.dx.rop.type.Type.putIntern(Lcom/android/dx/rop/type/Type;)Lcom/android/dx/rop/type/Type; @ 18

Internal exceptions (10 events):
Event: 2.020 Thread 0xb6707800 Threw 0x9e7d8448 at /HUDSON/workspace/7u-2-build-linux-i586/jdk7u72/1606/hotspot/src/share/vm/prims/jvm.cpp:1281
Event: 2.060 Thread 0xb6707800 Threw 0x9e84fb18 at /HUDSON/workspace/7u-2-build-linux-i586/jdk7u72/1606/hotspot/src/share/vm/prims/jvm.cpp:1281
Event: 2.148 Thread 0xb6707800 Threw 0x9e92f5d0 at /HUDSON/workspace/7u-2-build-linux-i586/jdk7u72/1606/hotspot/src/share/vm/prims/jvm.cpp:1281
Event: 2.204 Thread 0xb6707800 Threw 0x9e978150 at /HUDSON/workspace/7u-2-build-linux-i586/jdk7u72/1606/hotspot/src/share/vm/prims/jvm.cpp:1281
Event: 2.207 Thread 0xb6707800 Threw 0x9e982e70 at /HUDSON/workspace/7u-2-build-linux-i586/jdk7u72/1606/hotspot/src/share/vm/prims/jvm.cpp:1281
Event: 2.581 Thread 0xb6707800 Implicit null exception at 0xb36f353d to 0xb36f36e9
Event: 3.083 Thread 0xb6707800 Threw 0x9ef20a50 at /HUDSON/workspace/7u-2-build-linux-i586/jdk7u72/1606/hotspot/src/share/vm/prims/jvm.cpp:1281
Event: 3.486 Thread 0xb6707800 Threw 0x9e326f38 at /HUDSON/workspace/7u-2-build-linux-i586/jdk7u72/1606/hotspot/src/share/vm/prims/jvm.cpp:1281
Event: 4.306 Thread 0xb6707800 Implicit null exception at 0xb372d70a to 0xb372dd1d
Event: 4.617 Thread 0xb6707800 Threw 0x9eeffd88 at /HUDSON/workspace/7u-2-build-linux-i586/jdk7u72/1606/hotspot/src/share/vm/prims/jvm.cpp:1281

Events (10 events):
Event: 3.486 loading class 0x6c1c22f0
Event: 3.486 loading class 0x6c1c22f0 done
Event: 4.306 Thread 0xb6707800 Uncommon trap: trap_request=0xfffffff4 fr.pc=0xb372dd2c
Event: 4.306 Thread 0xb6707800 DEOPT PACKING pc=0xb372dd2c sp=0xb6883ae0
Event: 4.306 Thread 0xb6707800 DEOPT UNPACKING pc=0xb36c3bc8 sp=0xb6883a78 mode 2
Event: 4.617 loading class 0x6c1c2020
Event: 4.617 loading class 0x6c1c2020 done
Event: 4.653 Executing VM operation: EnableBiasedLocking
Event: 4.661 Executing VM operation: EnableBiasedLocking done
Event: 4.663 Executing VM operation: ParallelGCFailedAllocation


Dynamic libraries:
08048000-08049000 r-xp 00000000 08:04 1968239    /usr/lib/jvm/java-7-oracle/bin/java
08049000-0804a000 rw-p 00000000 08:04 1968239    /usr/lib/jvm/java-7-oracle/bin/java
085cf000-085f0000 rw-p 00000000 00:00 0          [heap]
6b200000-6b293000 rw-p 00000000 00:00 0 
6b293000-6b300000 ---p 00000000 00:00 0 
6b300000-6b3fb000 rw-p 00000000 00:00 0 
6b3fb000-6b400000 ---p 00000000 00:00 0 
6b500000-6b5f3000 rw-p 00000000 00:00 0 
6b5f3000-6b600000 ---p 00000000 00:00 0 
6b600000-6b6e2000 rw-p 00000000 00:00 0 
6b6e2000-6b700000 ---p 00000000 00:00 0 
6b700000-6b7f6000 rw-p 00000000 00:00 0 
6b7f6000-6b800000 ---p 00000000 00:00 0 
6b800000-6b8f9000 rw-p 00000000 00:00 0 
6b8f9000-6b900000 ---p 00000000 00:00 0 
6b900000-6b96c000 rw-p 00000000 00:00 0 
6b96c000-6ba00000 ---p 00000000 00:00 0 
6ba8a000-6ba8b000 ---p 00000000 00:00 0 
6ba8b000-6bb0b000 rw-p 00000000 00:00 0 
6bb0b000-6bb0e000 ---p 00000000 00:00 0 
6bb0e000-6bb5c000 rw-p 00000000 00:00 0 
6bb5c000-6bb5f000 ---p 00000000 00:00 0 
6bb5f000-6bbdd000 rw-p 00000000 00:00 0 
6bbdd000-6bbe0000 ---p 00000000 00:00 0 
6bbe0000-6bc5e000 rw-p 00000000 00:00 0 
6bc5e000-6bc61000 ---p 00000000 00:00 0 
6bc61000-6bcaf000 rw-p 00000000 00:00 0 
6bcaf000-6beaf000 r--p 00000000 08:04 10230872   /usr/lib/locale/locale-archive
6beaf000-6beb2000 ---p 00000000 00:00 0 
6beb2000-6bf00000 rw-p 00000000 00:00 0 
6bf00000-6bffd000 rw-p 00000000 00:00 0 
6bffd000-6c000000 ---p 00000000 00:00 0 
6c000000-6c021000 rw-p 00000000 00:00 0 
6c021000-6c100000 ---p 00000000 00:00 0 
6c100000-6c1f5000 rw-p 00000000 00:00 0 
6c1f5000-6c200000 ---p 00000000 00:00 0 
6c234000-6c235000 ---p 00000000 00:00 0 
6c235000-6c300000 rw-p 00000000 00:00 0 
6c300000-6c4c0000 r--s 039ea000 08:04 1969059    /usr/lib/jvm/java-7-oracle/jre/lib/rt.jar
6c4c0000-6eb00000 rw-p 00000000 00:00 0 
6eb00000-6ebff000 rw-p 00000000 00:00 0 
6ebff000-6ec00000 ---p 00000000 00:00 0 
6ec18000-6ec2d000 r-xp 00000000 08:04 1968306    /usr/lib/jvm/java-7-oracle/jre/lib/i386/libnet.so
6ec2d000-6ec2e000 rw-p 00014000 08:04 1968306    /usr/lib/jvm/java-7-oracle/jre/lib/i386/libnet.so
6ec2e000-6ec31000 ---p 00000000 00:00 0 
6ec31000-6ec7f000 rw-p 00000000 00:00 0 
6ec7f000-6ec80000 ---p 00000000 00:00 0 
6ec80000-6ed00000 rw-p 00000000 00:00 0 
6ed00000-6ed21000 rw-p 00000000 00:00 0 
6ed21000-6ee00000 ---p 00000000 00:00 0 
6ee00000-6ee21000 rw-p 00000000 00:00 0 
6ee21000-6ef00000 ---p 00000000 00:00 0 
6ef15000-6ef23000 r-xp 00000000 08:04 1968294    /usr/lib/jvm/java-7-oracle/jre/lib/i386/libnio.so
6ef23000-6ef24000 rw-p 0000e000 08:04 1968294    /usr/lib/jvm/java-7-oracle/jre/lib/i386/libnio.so
6ef24000-6ef7f000 rw-p 00000000 00:00 0 
6ef7f000-6ef80000 ---p 00000000 00:00 0 
6ef80000-6f000000 rw-p 00000000 00:00 0 
6f000000-6f021000 rw-p 00000000 00:00 0 
6f021000-6f100000 ---p 00000000 00:00 0 
6f10d000-6f127000 rw-p 00000000 00:00 0 
6f127000-6f128000 ---p 00000000 00:00 0 
6f128000-6f1a8000 rw-p 00000000 00:00 0 
6f1a8000-6f1a9000 ---p 00000000 00:00 0 
6f1a9000-6f231000 rw-p 00000000 00:00 0 
6f231000-6f249000 rw-p 00000000 00:00 0 
6f249000-6f25d000 rw-p 00000000 00:00 0 
6f25d000-6f39f000 rw-p 00000000 00:00 0 
6f39f000-6f3a7000 rw-p 00000000 00:00 0 
6f3a7000-6f3bf000 rw-p 00000000 00:00 0 
6f3bf000-6f3d3000 rw-p 00000000 00:00 0 
6f3d3000-6f514000 rw-p 00000000 00:00 0 
6f514000-6f51f000 rw-p 00000000 00:00 0 
6f51f000-6f5bf000 rw-p 00000000 00:00 0 
6f5bf000-705c0000 rw-p 00000000 00:00 0 
705c0000-735c0000 rw-p 00000000 00:00 0 
735c0000-75d80000 rw-p 00000000 00:00 0 
75d80000-9e040000 rw-p 00000000 00:00 0 
9e040000-9f440000 rw-p 00000000 00:00 0 
a0123000-a0340000 rw-p 00000000 00:00 0 
a0340000-b35c0000 rw-p 00000000 00:00 0 
b35c8000-b35d7000 r--s 000dd000 08:04 5898350    /home/haider/Downloads/android-sdk-linux/build-tools/22.0.1/lib/dx.jar
b35d7000-b35e0000 rw-p 00000000 00:00 0 
b35e0000-b3697000 rw-p 00000000 00:00 0 
b3697000-b38d7000 rwxp 00000000 00:00 0 
b38d7000-b6697000 rw-p 00000000 00:00 0 
b6697000-b66ae000 r-xp 00000000 08:04 1968349    /usr/lib/jvm/java-7-oracle/jre/lib/i386/libzip.so
b66ae000-b66af000 rw-p 00017000 08:04 1968349    /usr/lib/jvm/java-7-oracle/jre/lib/i386/libzip.so
b66af000-b66ba000 r-xp 00000000 08:04 2101123    /lib/i386-linux-gnu/libnss_files-2.15.so
b66ba000-b66bb000 r--p 0000a000 08:04 2101123    /lib/i386-linux-gnu/libnss_files-2.15.so
b66bb000-b66bc000 rw-p 0000b000 08:04 2101123    /lib/i386-linux-gnu/libnss_files-2.15.so
b66bc000-b66c6000 r-xp 00000000 08:04 2101140    /lib/i386-linux-gnu/libnss_nis-2.15.so
b66c6000-b66c7000 r--p 00009000 08:04 2101140    /lib/i386-linux-gnu/libnss_nis-2.15.so
b66c7000-b66c8000 rw-p 0000a000 08:04 2101140    /lib/i386-linux-gnu/libnss_nis-2.15.so
b66c8000-b66de000 r-xp 00000000 08:04 2101130    /lib/i386-linux-gnu/libnsl-2.15.so
b66de000-b66df000 r--p 00015000 08:04 2101130    /lib/i386-linux-gnu/libnsl-2.15.so
b66df000-b66e0000 rw-p 00016000 08:04 2101130    /lib/i386-linux-gnu/libnsl-2.15.so
b66e0000-b66e2000 rw-p 00000000 00:00 0 
b66e2000-b66e9000 r-xp 00000000 08:04 2101126    /lib/i386-linux-gnu/libnss_compat-2.15.so
b66e9000-b66ea000 r--p 00006000 08:04 2101126    /lib/i386-linux-gnu/libnss_compat-2.15.so
b66ea000-b66eb000 rw-p 00007000 08:04 2101126    /lib/i386-linux-gnu/libnss_compat-2.15.so
b66ef000-b66f8000 r--s 00039000 08:04 9843476    /home/haider/AndroidStudioProjects/XMPP/app/build/intermediates/exploded-aar/com.android.support/support-v4/22.2.0/jars/libs/internal_impl-22.2.0.jar
b66f8000-b6700000 rw-s 00000000 08:04 3939540    /tmp/hsperfdata_haider/15582
b6700000-b67f6000 rw-p 00000000 00:00 0 
b67f6000-b6800000 ---p 00000000 00:00 0 
b6807000-b682a000 r-xp 00000000 08:04 1968353    /usr/lib/jvm/java-7-oracle/jre/lib/i386/libjava.so
b682a000-b682b000 rw-p 00023000 08:04 1968353    /usr/lib/jvm/java-7-oracle/jre/lib/i386/libjava.so
b682b000-b6832000 r-xp 00000000 08:04 2101134    /lib/i386-linux-gnu/librt-2.15.so
b6832000-b6833000 r--p 00006000 08:04 2101134    /lib/i386-linux-gnu/librt-2.15.so
b6833000-b6834000 rw-p 00007000 08:04 2101134    /lib/i386-linux-gnu/librt-2.15.so
b6834000-b6837000 ---p 00000000 00:00 0 
b6837000-b6885000 rw-p 00000000 00:00 0 
b6885000-b68af000 r-xp 00000000 08:04 2101128    /lib/i386-linux-gnu/libm-2.15.so
b68af000-b68b0000 r--p 00029000 08:04 2101128    /lib/i386-linux-gnu/libm-2.15.so
b68b0000-b68b1000 rw-p 0002a000 08:04 2101128    /lib/i386-linux-gnu/libm-2.15.so
b68b1000-b7136000 r-xp 00000000 08:04 1968321    /usr/lib/jvm/java-7-oracle/jre/lib/i386/server/libjvm.so
b7136000-b719a000 rw-p 00884000 08:04 1968321    /usr/lib/jvm/java-7-oracle/jre/lib/i386/server/libjvm.so
b719a000-b75be000 rw-p 00000000 00:00 0 
b75be000-b7762000 r-xp 00000000 08:04 2101138    /lib/i386-linux-gnu/libc-2.15.so
b7762000-b7764000 r--p 001a4000 08:04 2101138    /lib/i386-linux-gnu/libc-2.15.so
b7764000-b7765000 rw-p 001a6000 08:04 2101138    /lib/i386-linux-gnu/libc-2.15.so
b7765000-b7768000 rw-p 00000000 00:00 0 
b7768000-b776b000 r-xp 00000000 08:04 2101125    /lib/i386-linux-gnu/libdl-2.15.so
b776b000-b776c000 r--p 00002000 08:04 2101125    /lib/i386-linux-gnu/libdl-2.15.so
b776c000-b776d000 rw-p 00003000 08:04 2101125    /lib/i386-linux-gnu/libdl-2.15.so
b776d000-b776e000 rw-p 00000000 00:00 0 
b776e000-b7781000 r-xp 00000000 08:04 1840170    /usr/lib/jvm/java-7-oracle/lib/i386/jli/libjli.so
b7781000-b7782000 rw-p 00012000 08:04 1840170    /usr/lib/jvm/java-7-oracle/lib/i386/jli/libjli.so
b7782000-b7799000 r-xp 00000000 08:04 2101132    /lib/i386-linux-gnu/libpthread-2.15.so
b7799000-b779a000 r--p 00016000 08:04 2101132    /lib/i386-linux-gnu/libpthread-2.15.so
b779a000-b779b000 rw-p 00017000 08:04 2101132    /lib/i386-linux-gnu/libpthread-2.15.so
b779b000-b779d000 rw-p 00000000 00:00 0 
b77a1000-b77a2000 rw-p 00000000 00:00 0 
b77a3000-b77a4000 r--p 005e0000 08:04 10230872   /usr/lib/locale/locale-archive
b77a4000-b77a5000 rw-p 00000000 00:00 0 
b77a5000-b77a6000 ---p 00000000 00:00 0 
b77a6000-b77b1000 r-xp 00000000 08:04 1968315    /usr/lib/jvm/java-7-oracle/jre/lib/i386/libverify.so
b77b1000-b77b2000 rw-p 0000b000 08:04 1968315    /usr/lib/jvm/java-7-oracle/jre/lib/i386/libverify.so
b77b2000-b77b4000 rw-p 00000000 00:00 0 
b77b4000-b77b5000 r-xp 00000000 00:00 0          [vdso]
b77b5000-b77d5000 r-xp 00000000 08:04 2101122    /lib/i386-linux-gnu/ld-2.15.so
b77d5000-b77d6000 r--p 0001f000 08:04 2101122    /lib/i386-linux-gnu/ld-2.15.so
b77d6000-b77d7000 rw-p 00020000 08:04 2101122    /lib/i386-linux-gnu/ld-2.15.so
bff4a000-bff4b000 rwxp 00000000 00:00 0 
bff7d000-bff9e000 rw-p 00000000 00:00 0          [stack]

VM Arguments:
jvm_args: -Xmx1024M -Dfile.encoding=UTF-8 -Duser.country=US -Duser.language=en -Duser.variant 
java_command: com.android.dx.command.Main --dex --output /home/haider/AndroidStudioProjects/XMPP/app/build/intermediates/pre-dexed/debug/internal_impl-22.2.0-090462bf1f35278f29492ca1e50781efa9a12ca6.jar /home/haider/AndroidStudioProjects/XMPP/app/build/intermediates/exploded-aar/com.android.support/support-v4/22.2.0/jars/libs/internal_impl-22.2.0.jar
Launcher Type: SUN_STANDARD

Environment Variables:
JAVA_HOME=/usr/lib/jvm/java-7-oracle
CLASSPATH=./../lib/bootstrap.jar:./../lib/extensions.jar:./../lib/util.jar:./../lib/jdom.jar:./../lib/log4j.jar:./../lib/trove4j.jar:./../lib/jna.jar:/usr/lib/jvm/java-7-oracle/lib/tools.jar
PATH=/usr/local/heroku/bin:/home/haider/.rbenv/plugins/ruby-build/bin:/home/haider/.rbenv/shims:/home/haider/.rbenv/bin:/usr/lib/lightdm/lightdm:/usr/local/sbin:/usr/local/bin:/usr/sbin:/usr/bin:/sbin:/bin:/usr/games:/usr/lib/jvm/java-7-oracle/bin:/usr/lib/jvm/java-7-oracle/db/bin:/usr/lib/jvm/java-7-oracle/jre/bin
LD_LIBRARY_PATH=.:
SHELL=/bin/bash
DISPLAY=:0

Signal Handlers:
SIGSEGV: [libjvm.so+0x7e9580], sa_mask[0]=0x7ffbfeff, sa_flags=0x10000004
SIGBUS: [libjvm.so+0x7e9580], sa_mask[0]=0x7ffbfeff, sa_flags=0x10000004
SIGFPE: [libjvm.so+0x682680], sa_mask[0]=0x7ffbfeff, sa_flags=0x10000004
SIGPIPE: [libjvm.so+0x682680], sa_mask[0]=0x7ffbfeff, sa_flags=0x10000004
SIGXFSZ: [libjvm.so+0x682680], sa_mask[0]=0x7ffbfeff, sa_flags=0x10000004
SIGILL: [libjvm.so+0x682680], sa_mask[0]=0x7ffbfeff, sa_flags=0x10000004
SIGUSR1: SIG_DFL, sa_mask[0]=0x00000000, sa_flags=0x00000000
SIGUSR2: [libjvm.so+0x683e80], sa_mask[0]=0x00000004, sa_flags=0x10000004
SIGHUP: [libjvm.so+0x6851b0], sa_mask[0]=0x7ffbfeff, sa_flags=0x10000004
SIGINT: [libjvm.so+0x6851b0], sa_mask[0]=0x7ffbfeff, sa_flags=0x10000004
SIGTERM: [libjvm.so+0x6851b0], sa_mask[0]=0x7ffbfeff, sa_flags=0x10000004
SIGQUIT: [libjvm.so+0x6851b0], sa_mask[0]=0x7ffbfeff, sa_flags=0x10000004


---------------  S Y S T E M  ---------------

OS:wheezy/sid

uname:Linux 3.2.0-74-generic-pae #109-Ubuntu SMP Tue Dec 9 17:00:00 UTC 2014 i686
libc:glibc 2.15 NPTL 2.15 
rlimit: STACK 8192k, CORE 0k, NPROC 30447, NOFILE 4096, AS infinity
load average:3.48 2.24 1.61

/proc/meminfo:
MemTotal:        3917408 kB
MemFree:          230848 kB
Buffers:            3304 kB
Cached:           303412 kB
SwapCached:            0 kB
Active:          3391264 kB
Inactive:         197488 kB
Active(anon):    3366288 kB
Inactive(anon):   173608 kB
Active(file):      24976 kB
Inactive(file):    23880 kB
Unevictable:         416 kB
Mlocked:             416 kB
HighTotal:       3075156 kB
HighFree:          58740 kB
LowTotal:         842252 kB
LowFree:          172108 kB
SwapTotal:             0 kB
SwapFree:              0 kB
Dirty:              2124 kB
Writeback:          3172 kB
AnonPages:       3282932 kB
Mapped:            54580 kB
Shmem:            257704 kB
Slab:              45848 kB
SReclaimable:      20676 kB
SUnreclaim:        25172 kB
KernelStack:        7408 kB
PageTables:        22932 kB
NFS_Unstable:          0 kB
Bounce:                0 kB
WritebackTmp:          0 kB
CommitLimit:     1958704 kB
Committed_AS:    8232044 kB
VmallocTotal:     122880 kB
VmallocUsed:       18696 kB
VmallocChunk:     100348 kB
HardwareCorrupted:     0 kB
AnonHugePages:         0 kB
HugePages_Total:       0
HugePages_Free:        0
HugePages_Rsvd:        0
HugePages_Surp:        0
Hugepagesize:       2048 kB
DirectMap4k:       10232 kB
DirectMap2M:      903168 kB


CPU:total 4 (2 cores per cpu, 2 threads per core) family 6 model 37 stepping 5, cmov, cx8, fxsr, mmx, sse, sse2, sse3, ssse3, sse4.1, sse4.2, popcnt, ht, tsc, tscinvbit

/proc/cpuinfo:
processor	: 0
vendor_id	: GenuineIntel
cpu family	: 6
model		: 37
model name	: Intel(R) Core(TM) i3 CPU       M 380  @ 2.53GHz
stepping	: 5
microcode	: 0x2
cpu MHz		: 2527.000
cache size	: 3072 KB
physical id	: 0
siblings	: 4
core id		: 0
cpu cores	: 2
apicid		: 0
initial apicid	: 0
fdiv_bug	: no
hlt_bug		: no
f00f_bug	: no
coma_bug	: no
fpu		: yes
fpu_exception	: yes
cpuid level	: 11
wp		: yes
flags		: fpu vme de pse tsc msr pae mce cx8 apic sep mtrr pge mca cmov pat pse36 clflush dts acpi mmx fxsr sse sse2 ss ht tm pbe nx rdtscp lm constant_tsc arch_perfmon pebs bts xtopology nonstop_tsc aperfmperf pni dtes64 monitor ds_cpl vmx est tm2 ssse3 cx16 xtpr pdcm pcid sse4_1 sse4_2 popcnt lahf_lm arat dtherm tpr_shadow vnmi flexpriority ept vpid
bogomips	: 5053.98
clflush size	: 64
cache_alignment	: 64
address sizes	: 36 bits physical, 48 bits virtual
power management:

processor	: 1
vendor_id	: GenuineIntel
cpu family	: 6
model		: 37
model name	: Intel(R) Core(TM) i3 CPU       M 380  @ 2.53GHz
stepping	: 5
microcode	: 0x2
cpu MHz		: 2527.000
cache size	: 3072 KB
physical id	: 0
siblings	: 4
core id		: 2
cpu cores	: 2
apicid		: 4
initial apicid	: 4
fdiv_bug	: no
hlt_bug		: no
f00f_bug	: no
coma_bug	: no
fpu		: yes
fpu_exception	: yes
cpuid level	: 11
wp		: yes
flags		: fpu vme de pse tsc msr pae mce cx8 apic sep mtrr pge mca cmov pat pse36 clflush dts acpi mmx fxsr sse sse2 ss ht tm pbe nx rdtscp lm constant_tsc arch_perfmon pebs bts xtopology nonstop_tsc aperfmperf pni dtes64 monitor ds_cpl vmx est tm2 ssse3 cx16 xtpr pdcm pcid sse4_1 sse4_2 popcnt lahf_lm arat dtherm tpr_shadow vnmi flexpriority ept vpid
bogomips	: 5053.89
clflush size	: 64
cache_alignment	: 64
address sizes	: 36 bits physical, 48 bits virtual
power management:

processor	: 2
vendor_id	: GenuineIntel
cpu family	: 6
model		: 37
model name	: Intel(R) Core(TM) i3 CPU       M 380  @ 2.53GHz
stepping	: 5
microcode	: 0x2
cpu MHz		: 2527.000
cache size	: 3072 KB
physical id	: 0
siblings	: 4
core id		: 0
cpu cores	: 2
apicid		: 1
initial apicid	: 1
fdiv_bug	: no
hlt_bug		: no
f00f_bug	: no
coma_bug	: no
fpu		: yes
fpu_exception	: yes
cpuid level	: 11
wp		: yes
flags		: fpu vme de pse tsc msr pae mce cx8 apic sep mtrr pge mca cmov pat pse36 clflush dts acpi mmx fxsr sse sse2 ss ht tm pbe nx rdtscp lm constant_tsc arch_perfmon pebs bts xtopology nonstop_tsc aperfmperf pni dtes64 monitor ds_cpl vmx est tm2 ssse3 cx16 xtpr pdcm pcid sse4_1 sse4_2 popcnt lahf_lm arat dtherm tpr_shadow vnmi flexpriority ept vpid
bogomips	: 5053.89
clflush size	: 64
cache_alignment	: 64
address sizes	: 36 bits physical, 48 bits virtual
power management:

processor	: 3
vendor_id	: GenuineIntel
cpu family	: 6
model		: 37
model name	: Intel(R) Core(TM) i3 CPU       M 380  @ 2.53GHz
stepping	: 5
microcode	: 0x2
cpu MHz		: 2527.000
cache size	: 3072 KB
physical id	: 0
siblings	: 4
core id		: 2
cpu cores	: 2
apicid		: 5
initial apicid	: 5
fdiv_bug	: no
hlt_bug		: no
f00f_bug	: no
coma_bug	: no
fpu		: yes
fpu_exception	: yes
cpuid level	: 11
wp		: yes
flags		: fpu vme de pse tsc msr pae mce cx8 apic sep mtrr pge mca cmov pat pse36 clflush dts acpi mmx fxsr sse sse2 ss ht tm pbe nx rdtscp lm constant_tsc arch_perfmon pebs bts xtopology nonstop_tsc aperfmperf pni dtes64 monitor ds_cpl vmx est tm2 ssse3 cx16 xtpr pdcm pcid sse4_1 sse4_2 popcnt lahf_lm arat dtherm tpr_shadow vnmi flexpriority ept vpid
bogomips	: 5053.88
clflush size	: 64
cache_alignment	: 64
address sizes	: 36 bits physical, 48 bits virtual
power management:



Memory: 4k page, physical 3917408k(230848k free), swap 0k(0k free)

vm_info: Java HotSpot(TM) Server VM (24.72-b04) for linux-x86 JRE (1.7.0_72-b14), built on Sep 26 2014 19:38:09 by "java_re" with gcc 4.3.0 20080428 (Red Hat 4.3.0-8)

time: Sat Jul 11 14:35:19 2015
elapsed time: 5 seconds

