#
# There is insufficient memory for the Java Runtime Environment to continue.
# Native memory allocation (malloc) failed to allocate 41943040 bytes for committing reserved memory.
# Possible reasons:
#   The system is out of physical RAM or swap space
#   In 32 bit mode, the process size limit was hit
# Possible solutions:
#   Reduce memory load on the system
#   Increase physical memory or swap space
#   Check if swap backing store is full
#   Use 64 bit Java on a 64 bit OS
#   Decrease Java heap size (-Xmx/-Xms)
#   Decrease number of Java threads
#   Decrease Java thread stack sizes (-Xss)
#   Set larger code cache with -XX:ReservedCodeCacheSize=
# This output file may be truncated or incomplete.
#
#  Out of Memory Error (os_linux.cpp:2756), pid=16099, tid=1813728064
#
# JRE version: Java(TM) SE Runtime Environment (7.0_72-b14) (build 1.7.0_72-b14)
# Java VM: Java HotSpot(TM) Server VM (24.72-b04 mixed mode linux-x86 )
# Failed to write core dump. Core dumps have been disabled. To enable core dumping, try "ulimit -c unlimited" before starting Java again
#

---------------  T H R E A D  ---------------

Current thread (0x6c080400):  VMThread [stack: 0x6c134000,0x6c1b5000] [id=16141]

Stack: [0x6c134000,0x6c1b5000],  sp=0x6c1b3730,  free space=509k
Native frames: (J=compiled Java code, j=interpreted, Vv=VM code, C=native code)
V  [libjvm.so+0x7e8a76]  VMError::report_and_die()+0x1a6
V  [libjvm.so+0x33d9e2]  report_vm_out_of_memory(char const*, int, unsigned int, char const*)+0x72
V  [libjvm.so+0x685b01]  os::Linux::commit_memory_impl(char*, unsigned int, bool)+0xe1
V  [libjvm.so+0x685fc8]  os::pd_commit_memory(char*, unsigned int, unsigned int, bool)+0x28
V  [libjvm.so+0x67f70c]  os::commit_memory(char*, unsigned int, unsigned int, bool)+0x2c
V  [libjvm.so+0x6e9368]  PSVirtualSpace::expand_by(unsigned int)+0x48
V  [libjvm.so+0x6ea46a]  PSYoungGen::resize_generation(unsigned int, unsigned int)+0xda
V  [libjvm.so+0x6e97a9]  PSYoungGen::resize(unsigned int, unsigned int)+0x19
V  [libjvm.so+0x6e715e]  PSScavenge::invoke_no_policy()+0xd5e
V  [libjvm.so+0x6e7938]  PSScavenge::invoke()+0x28
V  [libjvm.so+0x6a573a]  ParallelScavengeHeap::failed_mem_allocate(unsigned int)+0x5a
V  [libjvm.so+0x7ea30a]  VM_ParallelGCFailedAllocation::doit()+0x7a
V  [libjvm.so+0x7f3127]  VM_Operation::evaluate()+0x47
V  [libjvm.so+0x7f11c3]  VMThread::evaluate_operation(VM_Operation*)+0xb3
V  [libjvm.so+0x7f1560]  VMThread::loop()+0x1b0
V  [libjvm.so+0x7f19c5]  VMThread::run()+0x85
V  [libjvm.so+0x687dd9]  java_start(Thread*)+0x119
C  [libpthread.so.0+0x6d4c]  start_thread+0xcc

VM_Operation (0xb6848914): ParallelGCFailedAllocation, mode: safepoint, requested by thread 0xb6607800


---------------  P R O C E S S  ---------------

Java Threads: ( => current thread )
  0x6c09a800 JavaThread "Service Thread" daemon [_thread_blocked, id=16165, stack(0x6ba5c000,0x6baad000)]
  0x6c098c00 JavaThread "C2 CompilerThread1" daemon [_thread_blocked, id=16164, stack(0x6baad000,0x6bb2e000)]
  0x6c096c00 JavaThread "C2 CompilerThread0" daemon [_thread_blocked, id=16162, stack(0x6bb2e000,0x6bbaf000)]
  0x6c095400 JavaThread "Signal Dispatcher" daemon [_thread_blocked, id=16151, stack(0x6bbaf000,0x6bc00000)]
  0x6c084800 JavaThread "Finalizer" daemon [_thread_blocked, id=16147, stack(0x6eb2e000,0x6eb7f000)]
  0x6c083000 JavaThread "Reference Handler" daemon [_thread_blocked, id=16143, stack(0x6ed2e000,0x6ed7f000)]
  0xb6607800 JavaThread "main" [_thread_blocked, id=16120, stack(0xb67f9000,0xb684a000)]

Other Threads:
=>0x6c080400 VMThread [stack: 0x6c134000,0x6c1b5000] [id=16141]
  0x6c09c800 WatcherThread [stack: 0x6b9db000,0x6ba5c000] [id=16168]

VM state:at safepoint (normal execution)

VM Mutex/Monitor currently owned by a thread:  ([mutex/lock_event])
[0xb6604f50] Threads_lock - owner thread: 0x6c080400
[0xb6605360] Heap_lock - owner thread: 0xb6607800

Heap
 PSYoungGen      total 33280K, used 2551K [0x9dfc0000, 0xa02c0000, 0xb3540000)
  eden space 30720K, 0% used [0x9dfc0000,0x9dfc0000,0x9fdc0000)
  from space 2560K, 99% used [0x9fdc0000,0xa003deb0,0xa0040000)
  to   space 2560K, 0% used [0xa0040000,0xa0040000,0xa02c0000)
 ParOldGen       total 40704K, used 13567K [0x73540000, 0x75d00000, 0x9dfc0000)
  object space 40704K, 33% used [0x73540000,0x7427fc98,0x75d00000)
 PSPermGen       total 16384K, used 3667K [0x6f540000, 0x70540000, 0x73540000)
  object space 16384K, 22% used [0x6f540000,0x6f8d4d08,0x70540000)

Card table byte_map: [0x6f31f000,0x6f540000] byte_map_base: 0x6efa4600

Polling page: 0xb776a000

Code Cache  [0xb3600000, 0xb3840000, 0xb6600000)
 total_blobs=469 nmethods=350 adapters=73 free_code_cache=47910Kb largest_free_block=49035648

Compilation events (10 events):
Event: 16.143 Thread 0x6c098c00 nmethod 347 0xb3726c08 code [0xb3726da0, 0xb3727224]
Event: 16.144 Thread 0x6c098c00  348             com.android.dx.ssa.back.FirstFitLocalCombiningAllocator::spansParamRange (24 bytes)
Event: 16.144 Thread 0x6c098c00 nmethod 348 0xb3724348 code [0xb3724420, 0xb3724470]
Event: 16.144 Thread 0x6c098c00  349             com.android.dx.ssa.back.FirstFitLocalCombiningAllocator::canMapReg (32 bytes)
Event: 16.202 Thread 0x6c098c00 nmethod 349 0xb3726248 code [0xb3726380, 0xb372663c]
Event: 16.202 Thread 0x6c098c00  350             com.android.dx.ssa.InterferenceRegisterMapper::interferes (14 bytes)
Event: 16.224 Thread 0x6c098c00 nmethod 350 0xb3730888 code [0xb37309c0, 0xb3730c1c]
Event: 16.240 Thread 0x6c098c00  351             com.android.dx.ssa.InterferenceRegisterMapper::interferes (78 bytes)
Event: 16.258 Thread 0x6c098c00 nmethod 351 0xb3722588 code [0xb37226a0, 0xb372289c]
Event: 16.259 Thread 0x6c098c00  352             com.android.dx.ssa.SsaMethod::makeExitBlock (134 bytes)

GC Heap History (9 events):
Event: 4.760 GC heap before
{Heap before GC invocations=1 (full 0):
 PSYoungGen      total 17920K, used 15360K [0x9dfc0000, 0x9f3c0000, 0xb3540000)
  eden space 15360K, 100% used [0x9dfc0000,0x9eec0000,0x9eec0000)
  from space 2560K, 0% used [0x9f140000,0x9f140000,0x9f3c0000)
  to   space 2560K, 0% used [0x9eec0000,0x9eec0000,0x9f140000)
 ParOldGen       total 40704K, used 0K [0x73540000, 0x75d00000, 0x9dfc0000)
  object space 40704K, 0% used [0x73540000,0x73540000,0x75d00000)
 PSPermGen       total 16384K, used 3543K [0x6f540000, 0x70540000, 0x73540000)
  object space 16384K, 21% used [0x6f540000,0x6f8b5d08,0x70540000)
Event: 4.774 GC heap after
Heap after GC invocations=1 (full 0):
 PSYoungGen      total 17920K, used 2550K [0x9dfc0000, 0x9f3c0000, 0xb3540000)
  eden space 15360K, 0% used [0x9dfc0000,0x9dfc0000,0x9eec0000)
  from space 2560K, 99% used [0x9eec0000,0x9f13d9a8,0x9f140000)
  to   space 2560K, 0% used [0x9f140000,0x9f140000,0x9f3c0000)
 ParOldGen       total 40704K, used 1185K [0x73540000, 0x75d00000, 0x9dfc0000)
  object space 40704K, 2% used [0x73540000,0x73668470,0x75d00000)
 PSPermGen       total 16384K, used 3543K [0x6f540000, 0x70540000, 0x73540000)
  object space 16384K, 21% used [0x6f540000,0x6f8b5d08,0x70540000)
}
Event: 7.277 GC heap before
{Heap before GC invocations=2 (full 0):
 PSYoungGen      total 17920K, used 17910K [0x9dfc0000, 0x9f3c0000, 0xb3540000)
  eden space 15360K, 100% used [0x9dfc0000,0x9eec0000,0x9eec0000)
  from space 2560K, 99% used [0x9eec0000,0x9f13d9a8,0x9f140000)
  to   space 2560K, 0% used [0x9f140000,0x9f140000,0x9f3c0000)
 ParOldGen       total 40704K, used 1185K [0x73540000, 0x75d00000, 0x9dfc0000)
  object space 40704K, 2% used [0x73540000,0x73668470,0x75d00000)
 PSPermGen       total 16384K, used 3624K [0x6f540000, 0x70540000, 0x73540000)
  object space 16384K, 22% used [0x6f540000,0x6f8ca098,0x70540000)
Event: 7.320 GC heap after
Heap after GC invocations=2 (full 0):
 PSYoungGen      total 17920K, used 2556K [0x9dfc0000, 0x9f3c0000, 0xb3540000)
  eden space 15360K, 0% used [0x9dfc0000,0x9dfc0000,0x9eec0000)
  from space 2560K, 99% used [0x9f140000,0x9f3bf308,0x9f3c0000)
  to   space 2560K, 0% used [0x9eec0000,0x9eec0000,0x9f140000)
 ParOldGen       total 40704K, used 3475K [0x73540000, 0x75d00000, 0x9dfc0000)
  object space 40704K, 8% used [0x73540000,0x738a4ee0,0x75d00000)
 PSPermGen       total 16384K, used 3624K [0x6f540000, 0x70540000, 0x73540000)
  object space 16384K, 22% used [0x6f540000,0x6f8ca098,0x70540000)
}
Event: 9.743 GC heap before
{Heap before GC invocations=3 (full 0):
 PSYoungGen      total 17920K, used 17916K [0x9dfc0000, 0x9f3c0000, 0xb3540000)
  eden space 15360K, 100% used [0x9dfc0000,0x9eec0000,0x9eec0000)
  from space 2560K, 99% used [0x9f140000,0x9f3bf308,0x9f3c0000)
  to   space 2560K, 0% used [0x9eec0000,0x9eec0000,0x9f140000)
 ParOldGen       total 40704K, used 3475K [0x73540000, 0x75d00000, 0x9dfc0000)
  object space 40704K, 8% used [0x73540000,0x738a4ee0,0x75d00000)
 PSPermGen       total 16384K, used 3641K [0x6f540000, 0x70540000, 0x73540000)
  object space 16384K, 22% used [0x6f540000,0x6f8ce5e8,0x70540000)
Event: 10.502 GC heap after
Heap after GC invocations=3 (full 0):
 PSYoungGen      total 17920K, used 2548K [0x9dfc0000, 0xa02c0000, 0xb3540000)
  eden space 15360K, 0% used [0x9dfc0000,0x9dfc0000,0x9eec0000)
  from space 2560K, 99% used [0x9eec0000,0x9f13d040,0x9f140000)
  to   space 2560K, 0% used [0xa0040000,0xa0040000,0xa02c0000)
 ParOldGen       total 40704K, used 6019K [0x73540000, 0x75d00000, 0x9dfc0000)
  object space 40704K, 14% used [0x73540000,0x73b20c18,0x75d00000)
 PSPermGen       total 16384K, used 3641K [0x6f540000, 0x70540000, 0x73540000)
  object space 16384K, 22% used [0x6f540000,0x6f8ce5e8,0x70540000)
}
Event: 12.937 GC heap before
{Heap before GC invocations=4 (full 0):
 PSYoungGen      total 17920K, used 17908K [0x9dfc0000, 0xa02c0000, 0xb3540000)
  eden space 15360K, 100% used [0x9dfc0000,0x9eec0000,0x9eec0000)
  from space 2560K, 99% used [0x9eec0000,0x9f13d040,0x9f140000)
  to   space 2560K, 0% used [0xa0040000,0xa0040000,0xa02c0000)
 ParOldGen       total 40704K, used 6019K [0x73540000, 0x75d00000, 0x9dfc0000)
  object space 40704K, 14% used [0x73540000,0x73b20c18,0x75d00000)
 PSPermGen       total 16384K, used 3651K [0x6f540000, 0x70540000, 0x73540000)
  object space 16384K, 22% used [0x6f540000,0x6f8d0eb0,0x70540000)
Event: 12.989 GC heap after
Heap after GC invocations=4 (full 0):
 PSYoungGen      total 33280K, used 2548K [0x9dfc0000, 0xa02c0000, 0xb3540000)
  eden space 30720K, 0% used [0x9dfc0000,0x9dfc0000,0x9fdc0000)
  from space 2560K, 99% used [0xa0040000,0xa02bd318,0xa02c0000)
  to   space 2560K, 0% used [0x9fdc0000,0x9fdc0000,0xa0040000)
 ParOldGen       total 40704K, used 8478K [0x73540000, 0x75d00000, 0x9dfc0000)
  object space 40704K, 20% used [0x73540000,0x73d87908,0x75d00000)
 PSPermGen       total 16384K, used 3651K [0x6f540000, 0x70540000, 0x73540000)
  object space 16384K, 22% used [0x6f540000,0x6f8d0eb0,0x70540000)
}
Event: 16.450 GC heap before
{Heap before GC invocations=5 (full 0):
 PSYoungGen      total 33280K, used 33268K [0x9dfc0000, 0xa02c0000, 0xb3540000)
  eden space 30720K, 100% used [0x9dfc0000,0x9fdc0000,0x9fdc0000)
  from space 2560K, 99% used [0xa0040000,0xa02bd318,0xa02c0000)
  to   space 2560K, 0% used [0x9fdc0000,0x9fdc0000,0xa0040000)
 ParOldGen       total 40704K, used 8478K [0x73540000, 0x75d00000, 0x9dfc0000)
  object space 40704K, 20% used [0x73540000,0x73d87908,0x75d00000)
 PSPermGen       total 16384K, used 3667K [0x6f540000, 0x70540000, 0x73540000)
  object space 16384K, 22% used [0x6f540000,0x6f8d4d08,0x70540000)

Deoptimization events (10 events):
Event: 3.545 Thread 0xb6607800 Uncommon trap: reason=class_check action=maybe_recompile pc=0xb3652a28 method=com.android.dx.ssa.NormalSsaInsn.accept(Lcom/android/dx/ssa/SsaInsn$Visitor;)V @ 9
Event: 4.330 Thread 0xb6607800 Uncommon trap: reason=predicate action=maybe_recompile pc=0xb3660020 method=java.util.ArrayList.remove(Ljava/lang/Object;)Z @ 49
Event: 14.552 Thread 0xb6607800 Uncommon trap: reason=bimorphic action=maybe_recompile pc=0xb37006c4 method=com.android.dx.ssa.SCCP.simulatePhi(Lcom/android/dx/ssa/PhiInsn;)V @ 124
Event: 15.105 Thread 0xb6607800 Uncommon trap: reason=null_check action=make_not_entrant pc=0xb371f7a8 method=com.android.dx.rop.type.Type.putIntern(Lcom/android/dx/rop/type/Type;)Lcom/android/dx/rop/type/Type; @ 18
Event: 16.305 Thread 0xb6607800 Uncommon trap: reason=bimorphic action=maybe_recompile pc=0xb37003c4 method=com.android.dx.ssa.SCCP.simulatePhi(Lcom/android/dx/ssa/PhiInsn;)V @ 124
Event: 16.305 Thread 0xb6607800 Uncommon trap: reason=bimorphic action=maybe_recompile pc=0xb371c5ec method=com.android.dx.ssa.SCCP.setLatticeValueTo(IILcom/android/dx/rop/cst/Constant;)Z @ 43
Event: 16.305 Thread 0xb6607800 Uncommon trap: reason=bimorphic action=maybe_recompile pc=0xb371c5ec method=com.android.dx.ssa.SCCP.setLatticeValueTo(IILcom/android/dx/rop/cst/Constant;)Z @ 43
Event: 16.305 Thread 0xb6607800 Uncommon trap: reason=bimorphic action=maybe_recompile pc=0xb371c5ec method=com.android.dx.ssa.SCCP.setLatticeValueTo(IILcom/android/dx/rop/cst/Constant;)Z @ 43
Event: 16.305 Thread 0xb6607800 Uncommon trap: reason=bimorphic action=maybe_recompile pc=0xb371c5ec method=com.android.dx.ssa.SCCP.setLatticeValueTo(IILcom/android/dx/rop/cst/Constant;)Z @ 43
Event: 16.411 Thread 0xb6607800 Uncommon trap: reason=unreached action=reinterpret pc=0xb36e7110 method=com.android.dx.cf.code.BytecodeArray.parseInstruction(ILcom/android/dx/cf/code/BytecodeArray$Visitor;)I @ 1198

Internal exceptions (10 events):
Event: 3.747 Thread 0xb6607800 Threw 0x9e98b560 at /HUDSON/workspace/7u-2-build-linux-i586/jdk7u72/1606/hotspot/src/share/vm/prims/jvm.cpp:1281
Event: 4.279 Thread 0xb6607800 Threw 0x9ec18ac8 at /HUDSON/workspace/7u-2-build-linux-i586/jdk7u72/1606/hotspot/src/share/vm/prims/jvm.cpp:1281
Event: 5.136 Thread 0xb6607800 Threw 0x9e1c8630 at /HUDSON/workspace/7u-2-build-linux-i586/jdk7u72/1606/hotspot/src/share/vm/prims/jvm.cpp:1281
Event: 5.136 Thread 0xb6607800 Threw 0x9e1cae18 at /HUDSON/workspace/7u-2-build-linux-i586/jdk7u72/1606/hotspot/src/share/vm/prims/jvm.cpp:1281
Event: 5.137 Thread 0xb6607800 Threw 0x9e1cd568 at /HUDSON/workspace/7u-2-build-linux-i586/jdk7u72/1606/hotspot/src/share/vm/prims/jvm.cpp:1281
Event: 5.137 Thread 0xb6607800 Threw 0x9e1cff38 at /HUDSON/workspace/7u-2-build-linux-i586/jdk7u72/1606/hotspot/src/share/vm/prims/jvm.cpp:1281
Event: 5.489 Thread 0xb6607800 Threw 0x9e387e40 at /HUDSON/workspace/7u-2-build-linux-i586/jdk7u72/1606/hotspot/src/share/vm/prims/jvm.cpp:1281
Event: 6.186 Thread 0xb6607800 Threw 0x9e71eb80 at /HUDSON/workspace/7u-2-build-linux-i586/jdk7u72/1606/hotspot/src/share/vm/prims/jvm.cpp:1281
Event: 14.706 Thread 0xb6607800 Threw 0x9eaf19f0 at /HUDSON/workspace/7u-2-build-linux-i586/jdk7u72/1606/hotspot/src/share/vm/prims/jvm.cpp:1281
Event: 15.105 Thread 0xb6607800 Implicit null exception at 0xb371f1aa to 0xb371f799

Events (10 events):
Event: 16.305 Thread 0xb6607800 Uncommon trap: trap_request=0xffffffc6 fr.pc=0xb371c5ec
Event: 16.305 Thread 0xb6607800 DEOPT PACKING pc=0xb371c5ec sp=0xb6848a30
Event: 16.305 Thread 0xb6607800 DEOPT UNPACKING pc=0xb362cbc8 sp=0xb68489dc mode 2
Event: 16.305 Thread 0xb6607800 Uncommon trap: trap_request=0xffffffc6 fr.pc=0xb371c5ec
Event: 16.305 Thread 0xb6607800 DEOPT PACKING pc=0xb371c5ec sp=0xb6848a30
Event: 16.305 Thread 0xb6607800 DEOPT UNPACKING pc=0xb362cbc8 sp=0xb68489dc mode 2
Event: 16.411 Thread 0xb6607800 Uncommon trap: trap_request=0xffffffad fr.pc=0xb36e7110
Event: 16.411 Thread 0xb6607800 DEOPT PACKING pc=0xb36e7110 sp=0xb6848a20
Event: 16.411 Thread 0xb6607800 DEOPT UNPACKING pc=0xb362cbc8 sp=0xb6848a48 mode 2
Event: 16.450 Executing VM operation: ParallelGCFailedAllocation


Dynamic libraries:
08048000-08049000 r-xp 00000000 08:04 1968239    /usr/lib/jvm/java-7-oracle/bin/java
08049000-0804a000 rw-p 00000000 08:04 1968239    /usr/lib/jvm/java-7-oracle/bin/java
094aa000-094cb000 rw-p 00000000 00:00 0          [heap]
6a000000-6a0cc000 rw-p 00000000 00:00 0 
6a0cc000-6a100000 ---p 00000000 00:00 0 
6a200000-6a2f6000 rw-p 00000000 00:00 0 
6a2f6000-6a300000 ---p 00000000 00:00 0 
6a600000-6a6f9000 rw-p 00000000 00:00 0 
6a6f9000-6a700000 ---p 00000000 00:00 0 
6a700000-6a7f9000 rw-p 00000000 00:00 0 
6a7f9000-6a800000 ---p 00000000 00:00 0 
6a800000-6a8f9000 rw-p 00000000 00:00 0 
6a8f9000-6a900000 ---p 00000000 00:00 0 
6a900000-6a9f6000 rw-p 00000000 00:00 0 
6a9f6000-6aa00000 ---p 00000000 00:00 0 
6aa00000-6aae6000 rw-p 00000000 00:00 0 
6aae6000-6ab00000 ---p 00000000 00:00 0 
6ab00000-6abe9000 rw-p 00000000 00:00 0 
6abe9000-6ac00000 ---p 00000000 00:00 0 
6ac00000-6ad00000 rw-p 00000000 00:00 0 
6ae00000-6aef3000 rw-p 00000000 00:00 0 
6aef3000-6af00000 ---p 00000000 00:00 0 
6af00000-6aff9000 rw-p 00000000 00:00 0 
6aff9000-6b000000 ---p 00000000 00:00 0 
6b000000-6b0f7000 rw-p 00000000 00:00 0 
6b0f7000-6b100000 ---p 00000000 00:00 0 
6b100000-6b1f3000 rw-p 00000000 00:00 0 
6b1f3000-6b200000 ---p 00000000 00:00 0 
6b200000-6b2fe000 rw-p 00000000 00:00 0 
6b2fe000-6b300000 ---p 00000000 00:00 0 
6b300000-6b3f7000 rw-p 00000000 00:00 0 
6b3f7000-6b400000 ---p 00000000 00:00 0 
6b400000-6b4f7000 rw-p 00000000 00:00 0 
6b4f7000-6b500000 ---p 00000000 00:00 0 
6b600000-6b6fb000 rw-p 00000000 00:00 0 
6b6fb000-6b700000 ---p 00000000 00:00 0 
6b700000-6b7f6000 rw-p 00000000 00:00 0 
6b7f6000-6b800000 ---p 00000000 00:00 0 
6b800000-6b875000 rw-p 00000000 00:00 0 
6b875000-6b900000 ---p 00000000 00:00 0 
6b9db000-6b9dc000 ---p 00000000 00:00 0 
6b9dc000-6ba5c000 rw-p 00000000 00:00 0 
6ba5c000-6ba5f000 ---p 00000000 00:00 0 
6ba5f000-6baad000 rw-p 00000000 00:00 0 
6baad000-6bab0000 ---p 00000000 00:00 0 
6bab0000-6bb2e000 rw-p 00000000 00:00 0 
6bb2e000-6bb31000 ---p 00000000 00:00 0 
6bb31000-6bbaf000 rw-p 00000000 00:00 0 
6bbaf000-6bbb2000 ---p 00000000 00:00 0 
6bbb2000-6bc00000 rw-p 00000000 00:00 0 
6bc00000-6be00000 r--p 00000000 08:04 10230872   /usr/lib/locale/locale-archive
6be00000-6bf00000 rw-p 00000000 00:00 0 
6bf00000-6bf21000 rw-p 00000000 00:00 0 
6bf21000-6c000000 ---p 00000000 00:00 0 
6c000000-6c0ef000 rw-p 00000000 00:00 0 
6c0ef000-6c100000 ---p 00000000 00:00 0 
6c134000-6c135000 ---p 00000000 00:00 0 
6c135000-6c200000 rw-p 00000000 00:00 0 
6c200000-6c3c0000 r--s 039ea000 08:04 1969059    /usr/lib/jvm/java-7-oracle/jre/lib/rt.jar
6c3c0000-6ea00000 rw-p 00000000 00:00 0 
6ea00000-6eaff000 rw-p 00000000 00:00 0 
6eaff000-6eb00000 ---p 00000000 00:00 0 
6eb2e000-6eb31000 ---p 00000000 00:00 0 
6eb31000-6eb7f000 rw-p 00000000 00:00 0 
6eb7f000-6eb80000 ---p 00000000 00:00 0 
6eb80000-6ec00000 rw-p 00000000 00:00 0 
6ec00000-6ec21000 rw-p 00000000 00:00 0 
6ec21000-6ed00000 ---p 00000000 00:00 0 
6ed2e000-6ed31000 ---p 00000000 00:00 0 
6ed31000-6ed7f000 rw-p 00000000 00:00 0 
6ed7f000-6ed80000 ---p 00000000 00:00 0 
6ed80000-6ee00000 rw-p 00000000 00:00 0 
6ee00000-6ee21000 rw-p 00000000 00:00 0 
6ee21000-6ef00000 ---p 00000000 00:00 0 
6ef24000-6ef7f000 rw-p 00000000 00:00 0 
6ef7f000-6ef80000 ---p 00000000 00:00 0 
6ef80000-6f000000 rw-p 00000000 00:00 0 
6f000000-6f021000 rw-p 00000000 00:00 0 
6f021000-6f100000 ---p 00000000 00:00 0 
6f123000-6f138000 r-xp 00000000 08:04 1968306    /usr/lib/jvm/java-7-oracle/jre/lib/i386/libnet.so
6f138000-6f139000 rw-p 00014000 08:04 1968306    /usr/lib/jvm/java-7-oracle/jre/lib/i386/libnet.so
6f139000-6f147000 r-xp 00000000 08:04 1968294    /usr/lib/jvm/java-7-oracle/jre/lib/i386/libnio.so
6f147000-6f148000 rw-p 0000e000 08:04 1968294    /usr/lib/jvm/java-7-oracle/jre/lib/i386/libnio.so
6f148000-6f149000 ---p 00000000 00:00 0 
6f149000-6f1dd000 rw-p 00000000 00:00 0 
6f1dd000-6f31f000 rw-p 00000000 00:00 0 
6f31f000-6f327000 rw-p 00000000 00:00 0 
6f327000-6f33f000 rw-p 00000000 00:00 0 
6f33f000-6f353000 rw-p 00000000 00:00 0 
6f353000-6f494000 rw-p 00000000 00:00 0 
6f494000-6f4a6000 rw-p 00000000 00:00 0 
6f4a6000-6f53f000 rw-p 00000000 00:00 0 
6f53f000-70540000 rw-p 00000000 00:00 0 
70540000-73540000 rw-p 00000000 00:00 0 
73540000-75d00000 rw-p 00000000 00:00 0 
75d00000-9dfc0000 rw-p 00000000 00:00 0 
9dfc0000-a02c0000 rw-p 00000000 00:00 0 
a2900000-a29c9000 rw-p 00000000 00:00 0 
a29c9000-a2a00000 ---p 00000000 00:00 0 
a2ac0000-b3540000 rw-p 00000000 00:00 0 
b3540000-b3549000 rw-p 00000000 00:00 0 
b3549000-b3600000 rw-p 00000000 00:00 0 
b3600000-b3840000 rwxp 00000000 00:00 0 
b3840000-b66f6000 rw-p 00000000 00:00 0 
b66f6000-b6700000 ---p 00000000 00:00 0 
b6707000-b671a000 r--s 000bc000 08:04 9445221    /home/haider/AndroidStudioProjects/XMPP/app/libs/asmack-android-8-4.0.6.jar
b671a000-b6729000 r--s 000dd000 08:04 5898350    /home/haider/Downloads/android-sdk-linux/build-tools/22.0.1/lib/dx.jar
b6729000-b674b000 rw-p 00000000 00:00 0 
b674b000-b6763000 rw-p 00000000 00:00 0 
b6763000-b677a000 r-xp 00000000 08:04 1968349    /usr/lib/jvm/java-7-oracle/jre/lib/i386/libzip.so
b677a000-b677b000 rw-p 00017000 08:04 1968349    /usr/lib/jvm/java-7-oracle/jre/lib/i386/libzip.so
b677b000-b6786000 r-xp 00000000 08:04 2101123    /lib/i386-linux-gnu/libnss_files-2.15.so
b6786000-b6787000 r--p 0000a000 08:04 2101123    /lib/i386-linux-gnu/libnss_files-2.15.so
b6787000-b6788000 rw-p 0000b000 08:04 2101123    /lib/i386-linux-gnu/libnss_files-2.15.so
b6788000-b6792000 r-xp 00000000 08:04 2101140    /lib/i386-linux-gnu/libnss_nis-2.15.so
b6792000-b6793000 r--p 00009000 08:04 2101140    /lib/i386-linux-gnu/libnss_nis-2.15.so
b6793000-b6794000 rw-p 0000a000 08:04 2101140    /lib/i386-linux-gnu/libnss_nis-2.15.so
b6794000-b67aa000 r-xp 00000000 08:04 2101130    /lib/i386-linux-gnu/libnsl-2.15.so
b67aa000-b67ab000 r--p 00015000 08:04 2101130    /lib/i386-linux-gnu/libnsl-2.15.so
b67ab000-b67ac000 rw-p 00016000 08:04 2101130    /lib/i386-linux-gnu/libnsl-2.15.so
b67ac000-b67ae000 rw-p 00000000 00:00 0 
b67ae000-b67b5000 r-xp 00000000 08:04 2101126    /lib/i386-linux-gnu/libnss_compat-2.15.so
b67b5000-b67b6000 r--p 00006000 08:04 2101126    /lib/i386-linux-gnu/libnss_compat-2.15.so
b67b6000-b67b7000 rw-p 00007000 08:04 2101126    /lib/i386-linux-gnu/libnss_compat-2.15.so
b67c4000-b67cc000 rw-s 00000000 08:04 3940817    /tmp/hsperfdata_haider/16099
b67cc000-b67ef000 r-xp 00000000 08:04 1968353    /usr/lib/jvm/java-7-oracle/jre/lib/i386/libjava.so
b67ef000-b67f0000 rw-p 00023000 08:04 1968353    /usr/lib/jvm/java-7-oracle/jre/lib/i386/libjava.so
b67f0000-b67f7000 r-xp 00000000 08:04 2101134    /lib/i386-linux-gnu/librt-2.15.so
b67f7000-b67f8000 r--p 00006000 08:04 2101134    /lib/i386-linux-gnu/librt-2.15.so
b67f8000-b67f9000 rw-p 00007000 08:04 2101134    /lib/i386-linux-gnu/librt-2.15.so
b67f9000-b67fc000 ---p 00000000 00:00 0 
b67fc000-b684a000 rw-p 00000000 00:00 0 
b684a000-b6874000 r-xp 00000000 08:04 2101128    /lib/i386-linux-gnu/libm-2.15.so
b6874000-b6875000 r--p 00029000 08:04 2101128    /lib/i386-linux-gnu/libm-2.15.so
b6875000-b6876000 rw-p 0002a000 08:04 2101128    /lib/i386-linux-gnu/libm-2.15.so
b6876000-b70fb000 r-xp 00000000 08:04 1968321    /usr/lib/jvm/java-7-oracle/jre/lib/i386/server/libjvm.so
b70fb000-b715f000 rw-p 00884000 08:04 1968321    /usr/lib/jvm/java-7-oracle/jre/lib/i386/server/libjvm.so
b715f000-b7583000 rw-p 00000000 00:00 0 
b7583000-b7727000 r-xp 00000000 08:04 2101138    /lib/i386-linux-gnu/libc-2.15.so
b7727000-b7729000 r--p 001a4000 08:04 2101138    /lib/i386-linux-gnu/libc-2.15.so
b7729000-b772a000 rw-p 001a6000 08:04 2101138    /lib/i386-linux-gnu/libc-2.15.so
b772a000-b772d000 rw-p 00000000 00:00 0 
b772d000-b7730000 r-xp 00000000 08:04 2101125    /lib/i386-linux-gnu/libdl-2.15.so
b7730000-b7731000 r--p 00002000 08:04 2101125    /lib/i386-linux-gnu/libdl-2.15.so
b7731000-b7732000 rw-p 00003000 08:04 2101125    /lib/i386-linux-gnu/libdl-2.15.so
b7732000-b7733000 rw-p 00000000 00:00 0 
b7733000-b7746000 r-xp 00000000 08:04 1840170    /usr/lib/jvm/java-7-oracle/lib/i386/jli/libjli.so
b7746000-b7747000 rw-p 00012000 08:04 1840170    /usr/lib/jvm/java-7-oracle/lib/i386/jli/libjli.so
b7747000-b775e000 r-xp 00000000 08:04 2101132    /lib/i386-linux-gnu/libpthread-2.15.so
b775e000-b775f000 r--p 00016000 08:04 2101132    /lib/i386-linux-gnu/libpthread-2.15.so
b775f000-b7760000 rw-p 00017000 08:04 2101132    /lib/i386-linux-gnu/libpthread-2.15.so
b7760000-b7762000 rw-p 00000000 00:00 0 
b7768000-b7769000 r--p 005e0000 08:04 10230872   /usr/lib/locale/locale-archive
b7769000-b776a000 rw-p 00000000 00:00 0 
b776a000-b776b000 ---p 00000000 00:00 0 
b776b000-b7776000 r-xp 00000000 08:04 1968315    /usr/lib/jvm/java-7-oracle/jre/lib/i386/libverify.so
b7776000-b7777000 rw-p 0000b000 08:04 1968315    /usr/lib/jvm/java-7-oracle/jre/lib/i386/libverify.so
b7777000-b7779000 rw-p 00000000 00:00 0 
b7779000-b777a000 r-xp 00000000 00:00 0          [vdso]
b777a000-b779a000 r-xp 00000000 08:04 2101122    /lib/i386-linux-gnu/ld-2.15.so
b779a000-b779b000 r--p 0001f000 08:04 2101122    /lib/i386-linux-gnu/ld-2.15.so
b779b000-b779c000 rw-p 00020000 08:04 2101122    /lib/i386-linux-gnu/ld-2.15.so
bf914000-bf915000 rwxp 00000000 00:00 0 
bf947000-bf968000 rw-p 00000000 00:00 0          [stack]

VM Arguments:
jvm_args: -Xmx1024M -Dfile.encoding=UTF-8 -Duser.country=US -Duser.language=en -Duser.variant 
java_command: com.android.dx.command.Main --dex --output /home/haider/AndroidStudioProjects/XMPP/app/build/intermediates/pre-dexed/debug/asmack-android-8-4.0.6-3a41086817b56dbf30f8e444a0102502836500dc.jar /home/haider/AndroidStudioProjects/XMPP/app/libs/asmack-android-8-4.0.6.jar
Launcher Type: SUN_STANDARD

Environment Variables:
JAVA_HOME=/usr/lib/jvm/java-7-oracle
CLASSPATH=./../lib/bootstrap.jar:./../lib/extensions.jar:./../lib/util.jar:./../lib/jdom.jar:./../lib/log4j.jar:./../lib/trove4j.jar:./../lib/jna.jar:/usr/lib/jvm/java-7-oracle/lib/tools.jar
PATH=/usr/local/heroku/bin:/home/haider/.rbenv/plugins/ruby-build/bin:/home/haider/.rbenv/shims:/home/haider/.rbenv/bin:/usr/lib/lightdm/lightdm:/usr/local/sbin:/usr/local/bin:/usr/sbin:/usr/bin:/sbin:/bin:/usr/games:/usr/lib/jvm/java-7-oracle/bin:/usr/lib/jvm/java-7-oracle/db/bin:/usr/lib/jvm/java-7-oracle/jre/bin
LD_LIBRARY_PATH=.:
SHELL=/bin/bash
DISPLAY=:0

Signal Handlers:
SIGSEGV: [libjvm.so+0x7e9580], sa_mask[0]=0x7ffbfeff, sa_flags=0x10000004
SIGBUS: [libjvm.so+0x7e9580], sa_mask[0]=0x7ffbfeff, sa_flags=0x10000004
SIGFPE: [libjvm.so+0x682680], sa_mask[0]=0x7ffbfeff, sa_flags=0x10000004
SIGPIPE: [libjvm.so+0x682680], sa_mask[0]=0x7ffbfeff, sa_flags=0x10000004
SIGXFSZ: [libjvm.so+0x682680], sa_mask[0]=0x7ffbfeff, sa_flags=0x10000004
SIGILL: [libjvm.so+0x682680], sa_mask[0]=0x7ffbfeff, sa_flags=0x10000004
SIGUSR1: SIG_DFL, sa_mask[0]=0x00000000, sa_flags=0x00000000
SIGUSR2: [libjvm.so+0x683e80], sa_mask[0]=0x00000004, sa_flags=0x10000004
SIGHUP: [libjvm.so+0x6851b0], sa_mask[0]=0x7ffbfeff, sa_flags=0x10000004
SIGINT: [libjvm.so+0x6851b0], sa_mask[0]=0x7ffbfeff, sa_flags=0x10000004
SIGTERM: [libjvm.so+0x6851b0], sa_mask[0]=0x7ffbfeff, sa_flags=0x10000004
SIGQUIT: [libjvm.so+0x6851b0], sa_mask[0]=0x7ffbfeff, sa_flags=0x10000004


---------------  S Y S T E M  ---------------

OS:wheezy/sid

uname:Linux 3.2.0-74-generic-pae #109-Ubuntu SMP Tue Dec 9 17:00:00 UTC 2014 i686
libc:glibc 2.15 NPTL 2.15 
rlimit: STACK 8192k, CORE 0k, NPROC 30447, NOFILE 4096, AS infinity
load average:7.15 3.93 2.39

/proc/meminfo:
MemTotal:        3917408 kB
MemFree:          156188 kB
Buffers:            6436 kB
Cached:           324780 kB
SwapCached:            0 kB
Active:          3450484 kB
Inactive:         214096 kB
Active(anon):    3413740 kB
Inactive(anon):   178700 kB
Active(file):      36744 kB
Inactive(file):    35396 kB
Unevictable:         416 kB
Mlocked:             416 kB
HighTotal:       3075156 kB
HighFree:            568 kB
LowTotal:         842252 kB
LowFree:          155620 kB
SwapTotal:             0 kB
SwapFree:              0 kB
Dirty:              4580 kB
Writeback:          3016 kB
AnonPages:       3334304 kB
Mapped:            74004 kB
Shmem:            258696 kB
Slab:              44884 kB
SReclaimable:      20776 kB
SUnreclaim:        24108 kB
KernelStack:        7392 kB
PageTables:        23636 kB
NFS_Unstable:          0 kB
Bounce:                0 kB
WritebackTmp:          0 kB
CommitLimit:     1958704 kB
Committed_AS:    8550600 kB
VmallocTotal:     122880 kB
VmallocUsed:       18708 kB
VmallocChunk:     100148 kB
HardwareCorrupted:     0 kB
AnonHugePages:         0 kB
HugePages_Total:       0
HugePages_Free:        0
HugePages_Rsvd:        0
HugePages_Surp:        0
Hugepagesize:       2048 kB
DirectMap4k:       10232 kB
DirectMap2M:      903168 kB


CPU:total 4 (2 cores per cpu, 2 threads per core) family 6 model 37 stepping 5, cmov, cx8, fxsr, mmx, sse, sse2, sse3, ssse3, sse4.1, sse4.2, popcnt, ht, tsc, tscinvbit

/proc/cpuinfo:
processor	: 0
vendor_id	: GenuineIntel
cpu family	: 6
model		: 37
model name	: Intel(R) Core(TM) i3 CPU       M 380  @ 2.53GHz
stepping	: 5
microcode	: 0x2
cpu MHz		: 2527.000
cache size	: 3072 KB
physical id	: 0
siblings	: 4
core id		: 0
cpu cores	: 2
apicid		: 0
initial apicid	: 0
fdiv_bug	: no
hlt_bug		: no
f00f_bug	: no
coma_bug	: no
fpu		: yes
fpu_exception	: yes
cpuid level	: 11
wp		: yes
flags		: fpu vme de pse tsc msr pae mce cx8 apic sep mtrr pge mca cmov pat pse36 clflush dts acpi mmx fxsr sse sse2 ss ht tm pbe nx rdtscp lm constant_tsc arch_perfmon pebs bts xtopology nonstop_tsc aperfmperf pni dtes64 monitor ds_cpl vmx est tm2 ssse3 cx16 xtpr pdcm pcid sse4_1 sse4_2 popcnt lahf_lm arat dtherm tpr_shadow vnmi flexpriority ept vpid
bogomips	: 5053.98
clflush size	: 64
cache_alignment	: 64
address sizes	: 36 bits physical, 48 bits virtual
power management:

processor	: 1
vendor_id	: GenuineIntel
cpu family	: 6
model		: 37
model name	: Intel(R) Core(TM) i3 CPU       M 380  @ 2.53GHz
stepping	: 5
microcode	: 0x2
cpu MHz		: 2527.000
cache size	: 3072 KB
physical id	: 0
siblings	: 4
core id		: 2
cpu cores	: 2
apicid		: 4
initial apicid	: 4
fdiv_bug	: no
hlt_bug		: no
f00f_bug	: no
coma_bug	: no
fpu		: yes
fpu_exception	: yes
cpuid level	: 11
wp		: yes
flags		: fpu vme de pse tsc msr pae mce cx8 apic sep mtrr pge mca cmov pat pse36 clflush dts acpi mmx fxsr sse sse2 ss ht tm pbe nx rdtscp lm constant_tsc arch_perfmon pebs bts xtopology nonstop_tsc aperfmperf pni dtes64 monitor ds_cpl vmx est tm2 ssse3 cx16 xtpr pdcm pcid sse4_1 sse4_2 popcnt lahf_lm arat dtherm tpr_shadow vnmi flexpriority ept vpid
bogomips	: 5053.89
clflush size	: 64
cache_alignment	: 64
address sizes	: 36 bits physical, 48 bits virtual
power management:

processor	: 2
vendor_id	: GenuineIntel
cpu family	: 6
model		: 37
model name	: Intel(R) Core(TM) i3 CPU       M 380  @ 2.53GHz
stepping	: 5
microcode	: 0x2
cpu MHz		: 2527.000
cache size	: 3072 KB
physical id	: 0
siblings	: 4
core id		: 0
cpu cores	: 2
apicid		: 1
initial apicid	: 1
fdiv_bug	: no
hlt_bug		: no
f00f_bug	: no
coma_bug	: no
fpu		: yes
fpu_exception	: yes
cpuid level	: 11
wp		: yes
flags		: fpu vme de pse tsc msr pae mce cx8 apic sep mtrr pge mca cmov pat pse36 clflush dts acpi mmx fxsr sse sse2 ss ht tm pbe nx rdtscp lm constant_tsc arch_perfmon pebs bts xtopology nonstop_tsc aperfmperf pni dtes64 monitor ds_cpl vmx est tm2 ssse3 cx16 xtpr pdcm pcid sse4_1 sse4_2 popcnt lahf_lm arat dtherm tpr_shadow vnmi flexpriority ept vpid
bogomips	: 5053.89
clflush size	: 64
cache_alignment	: 64
address sizes	: 36 bits physical, 48 bits virtual
power management:

processor	: 3
vendor_id	: GenuineIntel
cpu family	: 6
model		: 37
model name	: Intel(R) Core(TM) i3 CPU       M 380  @ 2.53GHz
stepping	: 5
microcode	: 0x2
cpu MHz		: 2527.000
cache size	: 3072 KB
physical id	: 0
siblings	: 4
core id		: 2
cpu cores	: 2
apicid		: 5
initial apicid	: 5
fdiv_bug	: no
hlt_bug		: no
f00f_bug	: no
coma_bug	: no
fpu		: yes
fpu_exception	: yes
cpuid level	: 11
wp		: yes
flags		: fpu vme de pse tsc msr pae mce cx8 apic sep mtrr pge mca cmov pat pse36 clflush dts acpi mmx fxsr sse sse2 ss ht tm pbe nx rdtscp lm constant_tsc arch_perfmon pebs bts xtopology nonstop_tsc aperfmperf pni dtes64 monitor ds_cpl vmx est tm2 ssse3 cx16 xtpr pdcm pcid sse4_1 sse4_2 popcnt lahf_lm arat dtherm tpr_shadow vnmi flexpriority ept vpid
bogomips	: 5053.88
clflush size	: 64
cache_alignment	: 64
address sizes	: 36 bits physical, 48 bits virtual
power management:



Memory: 4k page, physical 3917408k(155492k free), swap 0k(0k free)

vm_info: Java HotSpot(TM) Server VM (24.72-b04) for linux-x86 JRE (1.7.0_72-b14), built on Sep 26 2014 19:38:09 by "java_re" with gcc 4.3.0 20080428 (Red Hat 4.3.0-8)

time: Sat Jul 11 14:40:00 2015
elapsed time: 16 seconds

