#
# There is insufficient memory for the Java Runtime Environment to continue.
# Native memory allocation (malloc) failed to allocate 15728640 bytes for committing reserved memory.
# Possible reasons:
#   The system is out of physical RAM or swap space
#   In 32 bit mode, the process size limit was hit
# Possible solutions:
#   Reduce memory load on the system
#   Increase physical memory or swap space
#   Check if swap backing store is full
#   Use 64 bit Java on a 64 bit OS
#   Decrease Java heap size (-Xmx/-Xms)
#   Decrease number of Java threads
#   Decrease Java thread stack sizes (-Xss)
#   Set larger code cache with -XX:ReservedCodeCacheSize=
# This output file may be truncated or incomplete.
#
#  Out of Memory Error (os_linux.cpp:2756), pid=15570, tid=1813728064
#
# JRE version: Java(TM) SE Runtime Environment (7.0_72-b14) (build 1.7.0_72-b14)
# Java VM: Java HotSpot(TM) Server VM (24.72-b04 mixed mode linux-x86 )
# Failed to write core dump. Core dumps have been disabled. To enable core dumping, try "ulimit -c unlimited" before starting Java again
#

---------------  T H R E A D  ---------------

Current thread (0x6c080400):  VMThread [stack: 0x6c134000,0x6c1b5000] [id=15610]

Stack: [0x6c134000,0x6c1b5000],  sp=0x6c1b37b0,  free space=509k
Native frames: (J=compiled Java code, j=interpreted, Vv=VM code, C=native code)
V  [libjvm.so+0x7e8a76]  VMError::report_and_die()+0x1a6
V  [libjvm.so+0x33d9e2]  report_vm_out_of_memory(char const*, int, unsigned int, char const*)+0x72
V  [libjvm.so+0x685b01]  os::Linux::commit_memory_impl(char*, unsigned int, bool)+0xe1
V  [libjvm.so+0x685fc8]  os::pd_commit_memory(char*, unsigned int, unsigned int, bool)+0x28
V  [libjvm.so+0x67f70c]  os::commit_memory(char*, unsigned int, unsigned int, bool)+0x2c
V  [libjvm.so+0x6e9368]  PSVirtualSpace::expand_by(unsigned int)+0x48
V  [libjvm.so+0x6ea46a]  PSYoungGen::resize_generation(unsigned int, unsigned int)+0xda
V  [libjvm.so+0x6e97a9]  PSYoungGen::resize(unsigned int, unsigned int)+0x19
V  [libjvm.so+0x6e715e]  PSScavenge::invoke_no_policy()+0xd5e
V  [libjvm.so+0x6e7938]  PSScavenge::invoke()+0x28
V  [libjvm.so+0x6a573a]  ParallelScavengeHeap::failed_mem_allocate(unsigned int)+0x5a
V  [libjvm.so+0x7ea30a]  VM_ParallelGCFailedAllocation::doit()+0x7a
V  [libjvm.so+0x7f3127]  VM_Operation::evaluate()+0x47
V  [libjvm.so+0x7f11c3]  VMThread::evaluate_operation(VM_Operation*)+0xb3
V  [libjvm.so+0x7f1560]  VMThread::loop()+0x1b0
V  [libjvm.so+0x7f19c5]  VMThread::run()+0x85
V  [libjvm.so+0x687dd9]  java_start(Thread*)+0x119
C  [libpthread.so.0+0x6d4c]  start_thread+0xcc

VM_Operation (0xb67c2974): ParallelGCFailedAllocation, mode: safepoint, requested by thread 0xb6607800


---------------  P R O C E S S  ---------------

Java Threads: ( => current thread )
  0x6c09a800 JavaThread "Service Thread" daemon [_thread_blocked, id=15637, stack(0x6ba5c000,0x6baad000)]
  0x6c098c00 JavaThread "C2 CompilerThread1" daemon [_thread_blocked, id=15636, stack(0x6baad000,0x6bb2e000)]
  0x6c096c00 JavaThread "C2 CompilerThread0" daemon [_thread_in_native, id=15635, stack(0x6bb2e000,0x6bbaf000)]
  0x6c095000 JavaThread "Signal Dispatcher" daemon [_thread_blocked, id=15633, stack(0x6bbaf000,0x6bc00000)]
  0x6c084800 JavaThread "Finalizer" daemon [_thread_blocked, id=15620, stack(0x6eb2e000,0x6eb7f000)]
  0x6c083000 JavaThread "Reference Handler" daemon [_thread_blocked, id=15614, stack(0x6ee2e000,0x6ee7f000)]
  0xb6607800 JavaThread "main" [_thread_blocked, id=15592, stack(0xb6773000,0xb67c4000)]

Other Threads:
=>0x6c080400 VMThread [stack: 0x6c134000,0x6c1b5000] [id=15610]
  0x6c09c800 WatcherThread [stack: 0x6b9db000,0x6ba5c000] [id=15641]

VM state:at safepoint (normal execution)

VM Mutex/Monitor currently owned by a thread:  ([mutex/lock_event])
[0xb6604fa0] Threads_lock - owner thread: 0x6c080400
[0xb66053b0] Heap_lock - owner thread: 0xb6607800

Heap
 PSYoungGen      total 17920K, used 2547K [0x9df80000, 0x9f380000, 0xb3500000)
  eden space 15360K, 0% used [0x9df80000,0x9df80000,0x9ee80000)
  from space 2560K, 99% used [0x9f100000,0x9f37cec8,0x9f380000)
  to   space 2560K, 0% used [0x9ee80000,0x9ee80000,0x9f100000)
 ParOldGen       total 40704K, used 3485K [0x73500000, 0x75cc0000, 0x9df80000)
  object space 40704K, 8% used [0x73500000,0x738675b8,0x75cc0000)
 PSPermGen       total 16384K, used 3655K [0x6f500000, 0x70500000, 0x73500000)
  object space 16384K, 22% used [0x6f500000,0x6f891e50,0x70500000)

Card table byte_map: [0x6f2df000,0x6f500000] byte_map_base: 0x6ef64800

Polling page: 0xb76e4000

Code Cache  [0xb35db000, 0xb381b000, 0xb65db000)
 total_blobs=339 nmethods=220 adapters=73 free_code_cache=48420Kb largest_free_block=49558528

Compilation events (10 events):
Event: 4.384 Thread 0x6c098c00 nmethod 199 0xb3690648 code [0xb3690960, 0xb3691cbc]
Event: 4.384 Thread 0x6c098c00  218             java.lang.AbstractStringBuilder::ensureCapacityInternal (16 bytes)
Event: 4.399 Thread 0x6c098c00 nmethod 218 0xb3679688 code [0xb3679780, 0xb3679a10]
Event: 4.399 Thread 0x6c098c00  219   !         com.android.dx.rop.type.Type::intern (319 bytes)
Event: 4.492 Thread 0x6c098c00 nmethod 219 0xb3694508 code [0xb3694720, 0xb369540c]
Event: 4.492 Thread 0x6c098c00  220             com.android.dx.ssa.SsaMethod::buildUseList (112 bytes)
Event: 4.540 Thread 0x6c098c00 nmethod 220 0xb3689e48 code [0xb3689fc0, 0xb368a67c]
Event: 4.540 Thread 0x6c098c00  221             com.android.dx.ssa.SsaMethod$2::addToUses (48 bytes)
Event: 4.607 Thread 0x6c098c00 nmethod 221 0xb368b548 code [0xb368b6c0, 0xb368bf3c]
Event: 4.607 Thread 0x6c098c00  222             com.android.dx.ssa.SsaBasicBlock::newFromRop (183 bytes)

GC Heap History (3 events):
Event: 3.049 GC heap before
{Heap before GC invocations=1 (full 0):
 PSYoungGen      total 17920K, used 15360K [0x9df80000, 0x9f380000, 0xb3500000)
  eden space 15360K, 100% used [0x9df80000,0x9ee80000,0x9ee80000)
  from space 2560K, 0% used [0x9f100000,0x9f100000,0x9f380000)
  to   space 2560K, 0% used [0x9ee80000,0x9ee80000,0x9f100000)
 ParOldGen       total 40704K, used 0K [0x73500000, 0x75cc0000, 0x9df80000)
  object space 40704K, 0% used [0x73500000,0x73500000,0x75cc0000)
 PSPermGen       total 16384K, used 3567K [0x6f500000, 0x70500000, 0x73500000)
  object space 16384K, 21% used [0x6f500000,0x6f87be48,0x70500000)
Event: 3.067 GC heap after
Heap after GC invocations=1 (full 0):
 PSYoungGen      total 17920K, used 2552K [0x9df80000, 0x9f380000, 0xb3500000)
  eden space 15360K, 0% used [0x9df80000,0x9df80000,0x9ee80000)
  from space 2560K, 99% used [0x9ee80000,0x9f0fe130,0x9f100000)
  to   space 2560K, 0% used [0x9f100000,0x9f100000,0x9f380000)
 ParOldGen       total 40704K, used 1336K [0x73500000, 0x75cc0000, 0x9df80000)
  object space 40704K, 3% used [0x73500000,0x7364e178,0x75cc0000)
 PSPermGen       total 16384K, used 3567K [0x6f500000, 0x70500000, 0x73500000)
  object space 16384K, 21% used [0x6f500000,0x6f87be48,0x70500000)
}
Event: 4.627 GC heap before
{Heap before GC invocations=2 (full 0):
 PSYoungGen      total 17920K, used 17912K [0x9df80000, 0x9f380000, 0xb3500000)
  eden space 15360K, 100% used [0x9df80000,0x9ee80000,0x9ee80000)
  from space 2560K, 99% used [0x9ee80000,0x9f0fe130,0x9f100000)
  to   space 2560K, 0% used [0x9f100000,0x9f100000,0x9f380000)
 ParOldGen       total 40704K, used 1336K [0x73500000, 0x75cc0000, 0x9df80000)
  object space 40704K, 3% used [0x73500000,0x7364e178,0x75cc0000)
 PSPermGen       total 16384K, used 3655K [0x6f500000, 0x70500000, 0x73500000)
  object space 16384K, 22% used [0x6f500000,0x6f891e50,0x70500000)

Deoptimization events (10 events):
Event: 2.279 Thread 0xb6607800 Uncommon trap: reason=class_check action=maybe_recompile pc=0xb3625628 method=com.android.dx.ssa.NormalSsaInsn.accept(Lcom/android/dx/ssa/SsaInsn$Visitor;)V @ 9
Event: 2.279 Thread 0xb6607800 Uncommon trap: reason=class_check action=maybe_recompile pc=0xb3625628 method=com.android.dx.ssa.NormalSsaInsn.accept(Lcom/android/dx/ssa/SsaInsn$Visitor;)V @ 9
Event: 2.279 Thread 0xb6607800 Uncommon trap: reason=class_check action=maybe_recompile pc=0xb3625628 method=com.android.dx.ssa.NormalSsaInsn.accept(Lcom/android/dx/ssa/SsaInsn$Visitor;)V @ 9
Event: 2.286 Thread 0xb6607800 Uncommon trap: reason=class_check action=maybe_recompile pc=0xb3625628 method=com.android.dx.ssa.NormalSsaInsn.accept(Lcom/android/dx/ssa/SsaInsn$Visitor;)V @ 9
Event: 2.594 Thread 0xb6607800 Uncommon trap: reason=null_check action=make_not_entrant pc=0xb3640b1c method=com.android.dx.ssa.SsaRenamer.getLocalForNewReg(I)Lcom/android/dx/rop/code/LocalItem; @ 19
Event: 3.468 Thread 0xb6607800 Uncommon trap: reason=class_check action=maybe_recompile pc=0xb3651ebc method=com.android.dx.rop.type.Type.equals(Ljava/lang/Object;)Z @ 8
Event: 3.471 Thread 0xb6607800 Uncommon trap: reason=class_check action=maybe_recompile pc=0xb3651ebc method=com.android.dx.rop.type.Type.equals(Ljava/lang/Object;)Z @ 8
Event: 3.473 Thread 0xb6607800 Uncommon trap: reason=class_check action=maybe_recompile pc=0xb3651ebc method=com.android.dx.rop.type.Type.equals(Ljava/lang/Object;)Z @ 8
Event: 3.473 Thread 0xb6607800 Uncommon trap: reason=class_check action=maybe_recompile pc=0xb3651ebc method=com.android.dx.rop.type.Type.equals(Ljava/lang/Object;)Z @ 8
Event: 3.507 Thread 0xb6607800 Uncommon trap: reason=null_check action=make_not_entrant pc=0xb3659080 method=com.android.dx.rop.type.Type.putIntern(Lcom/android/dx/rop/type/Type;)Lcom/android/dx/rop/type/Type; @ 18

Internal exceptions (10 events):
Event: 2.153 Thread 0xb6607800 Threw 0x9e8c0df8 at /HUDSON/workspace/7u-2-build-linux-i586/jdk7u72/1606/hotspot/src/share/vm/prims/jvm.cpp:1281
Event: 2.162 Thread 0xb6607800 Threw 0x9e8d70b8 at /HUDSON/workspace/7u-2-build-linux-i586/jdk7u72/1606/hotspot/src/share/vm/prims/jvm.cpp:1281
Event: 2.196 Thread 0xb6607800 Threw 0x9e92bdb0 at /HUDSON/workspace/7u-2-build-linux-i586/jdk7u72/1606/hotspot/src/share/vm/prims/jvm.cpp:1281
Event: 2.590 Thread 0xb6607800 Threw 0x9eb07e78 at /HUDSON/workspace/7u-2-build-linux-i586/jdk7u72/1606/hotspot/src/share/vm/prims/jvm.cpp:1281
Event: 2.592 Thread 0xb6607800 Threw 0x9eb0d500 at /HUDSON/workspace/7u-2-build-linux-i586/jdk7u72/1606/hotspot/src/share/vm/prims/jvm.cpp:1281
Event: 2.594 Thread 0xb6607800 Implicit null exception at 0xb364018b to 0xb3640b0d
Event: 2.804 Thread 0xb6607800 Threw 0x9ec38608 at /HUDSON/workspace/7u-2-build-linux-i586/jdk7u72/1606/hotspot/src/share/vm/prims/jvm.cpp:1281
Event: 3.507 Thread 0xb6607800 Implicit null exception at 0xb3658a56 to 0xb3659071
Event: 3.980 Thread 0xb6607800 Threw 0x9e925150 at /HUDSON/workspace/7u-2-build-linux-i586/jdk7u72/1606/hotspot/src/share/vm/prims/jvm.cpp:1281
Event: 4.369 Thread 0xb6607800 Threw 0x9ea68878 at /HUDSON/workspace/7u-2-build-linux-i586/jdk7u72/1606/hotspot/src/share/vm/prims/jvm.cpp:1281

Events (10 events):
Event: 3.507 Thread 0xb6607800 DEOPT UNPACKING pc=0xb3607bc8 sp=0xb67c2a28 mode 2
Event: 3.979 loading class 0x6b83abf0
Event: 3.979 loading class 0x6b83abf0 done
Event: 3.981 loading class 0x6f03a6a0
Event: 3.981 loading class 0x6f03a6a0 done
Event: 3.982 loading class 0x6f03a670
Event: 3.982 loading class 0x6f03a670 done
Event: 4.369 loading class 0x6c0c1ea8
Event: 4.369 loading class 0x6c0c1ea8 done
Event: 4.627 Executing VM operation: ParallelGCFailedAllocation


Dynamic libraries:
08048000-08049000 r-xp 00000000 08:04 1968239    /usr/lib/jvm/java-7-oracle/bin/java
08049000-0804a000 rw-p 00000000 08:04 1968239    /usr/lib/jvm/java-7-oracle/bin/java
08b39000-08bc6000 rw-p 00000000 00:00 0          [heap]
6b000000-6b0f8000 rw-p 00000000 00:00 0 
6b0f8000-6b100000 ---p 00000000 00:00 0 
6b100000-6b13d000 rw-p 00000000 00:00 0 
6b13d000-6b200000 ---p 00000000 00:00 0 
6b200000-6b2fc000 rw-p 00000000 00:00 0 
6b2fc000-6b300000 ---p 00000000 00:00 0 
6b400000-6b4ff000 rw-p 00000000 00:00 0 
6b4ff000-6b500000 ---p 00000000 00:00 0 
6b600000-6b6fb000 rw-p 00000000 00:00 0 
6b6fb000-6b700000 ---p 00000000 00:00 0 
6b800000-6b873000 rw-p 00000000 00:00 0 
6b873000-6b900000 ---p 00000000 00:00 0 
6b9db000-6b9dc000 ---p 00000000 00:00 0 
6b9dc000-6ba5c000 rw-p 00000000 00:00 0 
6ba5c000-6ba5f000 ---p 00000000 00:00 0 
6ba5f000-6baad000 rw-p 00000000 00:00 0 
6baad000-6bab0000 ---p 00000000 00:00 0 
6bab0000-6bb2e000 rw-p 00000000 00:00 0 
6bb2e000-6bb31000 ---p 00000000 00:00 0 
6bb31000-6bbaf000 rw-p 00000000 00:00 0 
6bbaf000-6bbb2000 ---p 00000000 00:00 0 
6bbb2000-6bc00000 rw-p 00000000 00:00 0 
6bc00000-6be00000 r--p 00000000 08:04 10230872   /usr/lib/locale/locale-archive
6be00000-6befa000 rw-p 00000000 00:00 0 
6befa000-6bf00000 ---p 00000000 00:00 0 
6bf00000-6bf21000 rw-p 00000000 00:00 0 
6bf21000-6c000000 ---p 00000000 00:00 0 
6c000000-6c0ee000 rw-p 00000000 00:00 0 
6c0ee000-6c100000 ---p 00000000 00:00 0 
6c134000-6c135000 ---p 00000000 00:00 0 
6c135000-6c200000 rw-p 00000000 00:00 0 
6c200000-6c3c0000 r--s 039ea000 08:04 1969059    /usr/lib/jvm/java-7-oracle/jre/lib/rt.jar
6c3c0000-6ea00000 rw-p 00000000 00:00 0 
6ea00000-6eaff000 rw-p 00000000 00:00 0 
6eaff000-6eb00000 ---p 00000000 00:00 0 
6eb09000-6eb1e000 r-xp 00000000 08:04 1968306    /usr/lib/jvm/java-7-oracle/jre/lib/i386/libnet.so
6eb1e000-6eb1f000 rw-p 00014000 08:04 1968306    /usr/lib/jvm/java-7-oracle/jre/lib/i386/libnet.so
6eb1f000-6eb2d000 r-xp 00000000 08:04 1968294    /usr/lib/jvm/java-7-oracle/jre/lib/i386/libnio.so
6eb2d000-6eb2e000 rw-p 0000e000 08:04 1968294    /usr/lib/jvm/java-7-oracle/jre/lib/i386/libnio.so
6eb2e000-6eb31000 ---p 00000000 00:00 0 
6eb31000-6eb7f000 rw-p 00000000 00:00 0 
6eb7f000-6eb80000 ---p 00000000 00:00 0 
6eb80000-6ec00000 rw-p 00000000 00:00 0 
6ec00000-6ec21000 rw-p 00000000 00:00 0 
6ec21000-6ed00000 ---p 00000000 00:00 0 
6ed00000-6ed21000 rw-p 00000000 00:00 0 
6ed21000-6ee00000 ---p 00000000 00:00 0 
6ee0d000-6ee1f000 r--s 000c6000 08:04 9843474    /home/haider/AndroidStudioProjects/XMPP/app/build/intermediates/exploded-aar/com.android.support/support-v4/22.2.0/jars/classes.jar
6ee1f000-6ee2e000 r--s 000dd000 08:04 5898350    /home/haider/Downloads/android-sdk-linux/build-tools/22.0.1/lib/dx.jar
6ee2e000-6ee31000 ---p 00000000 00:00 0 
6ee31000-6ee7f000 rw-p 00000000 00:00 0 
6ee7f000-6ee80000 ---p 00000000 00:00 0 
6ee80000-6ef00000 rw-p 00000000 00:00 0 
6ef00000-6ef21000 rw-p 00000000 00:00 0 
6ef21000-6f000000 ---p 00000000 00:00 0 
6f00c000-6f067000 rw-p 00000000 00:00 0 
6f067000-6f068000 ---p 00000000 00:00 0 
6f068000-6f0e8000 rw-p 00000000 00:00 0 
6f0e8000-6f0e9000 ---p 00000000 00:00 0 
6f0e9000-6f171000 rw-p 00000000 00:00 0 
6f171000-6f189000 rw-p 00000000 00:00 0 
6f189000-6f19d000 rw-p 00000000 00:00 0 
6f19d000-6f2df000 rw-p 00000000 00:00 0 
6f2df000-6f2e7000 rw-p 00000000 00:00 0 
6f2e7000-6f2ff000 rw-p 00000000 00:00 0 
6f2ff000-6f313000 rw-p 00000000 00:00 0 
6f313000-6f454000 rw-p 00000000 00:00 0 
6f454000-6f45f000 rw-p 00000000 00:00 0 
6f45f000-6f4ff000 rw-p 00000000 00:00 0 
6f4ff000-70500000 rw-p 00000000 00:00 0 
70500000-73500000 rw-p 00000000 00:00 0 
73500000-75cc0000 rw-p 00000000 00:00 0 
75cc0000-9df80000 rw-p 00000000 00:00 0 
9df80000-9f380000 rw-p 00000000 00:00 0 
a0000000-a00c9000 rw-p 00000000 00:00 0 
a00c9000-a0100000 ---p 00000000 00:00 0 
a0280000-b3500000 rw-p 00000000 00:00 0 
b3501000-b3524000 rw-p 00000000 00:00 0 
b3524000-b35db000 rw-p 00000000 00:00 0 
b35db000-b381b000 rwxp 00000000 00:00 0 
b381b000-b65db000 rw-p 00000000 00:00 0 
b65db000-b65f2000 r-xp 00000000 08:04 1968349    /usr/lib/jvm/java-7-oracle/jre/lib/i386/libzip.so
b65f2000-b65f3000 rw-p 00017000 08:04 1968349    /usr/lib/jvm/java-7-oracle/jre/lib/i386/libzip.so
b65f3000-b65fe000 r-xp 00000000 08:04 2101123    /lib/i386-linux-gnu/libnss_files-2.15.so
b65fe000-b65ff000 r--p 0000a000 08:04 2101123    /lib/i386-linux-gnu/libnss_files-2.15.so
b65ff000-b6600000 rw-p 0000b000 08:04 2101123    /lib/i386-linux-gnu/libnss_files-2.15.so
b6600000-b66f6000 rw-p 00000000 00:00 0 
b66f6000-b6700000 ---p 00000000 00:00 0 
b6702000-b670c000 r-xp 00000000 08:04 2101140    /lib/i386-linux-gnu/libnss_nis-2.15.so
b670c000-b670d000 r--p 00009000 08:04 2101140    /lib/i386-linux-gnu/libnss_nis-2.15.so
b670d000-b670e000 rw-p 0000a000 08:04 2101140    /lib/i386-linux-gnu/libnss_nis-2.15.so
b670e000-b6724000 r-xp 00000000 08:04 2101130    /lib/i386-linux-gnu/libnsl-2.15.so
b6724000-b6725000 r--p 00015000 08:04 2101130    /lib/i386-linux-gnu/libnsl-2.15.so
b6725000-b6726000 rw-p 00016000 08:04 2101130    /lib/i386-linux-gnu/libnsl-2.15.so
b6726000-b6728000 rw-p 00000000 00:00 0 
b6728000-b672f000 r-xp 00000000 08:04 2101126    /lib/i386-linux-gnu/libnss_compat-2.15.so
b672f000-b6730000 r--p 00006000 08:04 2101126    /lib/i386-linux-gnu/libnss_compat-2.15.so
b6730000-b6731000 rw-p 00007000 08:04 2101126    /lib/i386-linux-gnu/libnss_compat-2.15.so
b673e000-b6746000 rw-s 00000000 08:04 3940540    /tmp/hsperfdata_haider/15570
b6746000-b6769000 r-xp 00000000 08:04 1968353    /usr/lib/jvm/java-7-oracle/jre/lib/i386/libjava.so
b6769000-b676a000 rw-p 00023000 08:04 1968353    /usr/lib/jvm/java-7-oracle/jre/lib/i386/libjava.so
b676a000-b6771000 r-xp 00000000 08:04 2101134    /lib/i386-linux-gnu/librt-2.15.so
b6771000-b6772000 r--p 00006000 08:04 2101134    /lib/i386-linux-gnu/librt-2.15.so
b6772000-b6773000 rw-p 00007000 08:04 2101134    /lib/i386-linux-gnu/librt-2.15.so
b6773000-b6776000 ---p 00000000 00:00 0 
b6776000-b67c4000 rw-p 00000000 00:00 0 
b67c4000-b67ee000 r-xp 00000000 08:04 2101128    /lib/i386-linux-gnu/libm-2.15.so
b67ee000-b67ef000 r--p 00029000 08:04 2101128    /lib/i386-linux-gnu/libm-2.15.so
b67ef000-b67f0000 rw-p 0002a000 08:04 2101128    /lib/i386-linux-gnu/libm-2.15.so
b67f0000-b7075000 r-xp 00000000 08:04 1968321    /usr/lib/jvm/java-7-oracle/jre/lib/i386/server/libjvm.so
b7075000-b70d9000 rw-p 00884000 08:04 1968321    /usr/lib/jvm/java-7-oracle/jre/lib/i386/server/libjvm.so
b70d9000-b74fd000 rw-p 00000000 00:00 0 
b74fd000-b76a1000 r-xp 00000000 08:04 2101138    /lib/i386-linux-gnu/libc-2.15.so
b76a1000-b76a3000 r--p 001a4000 08:04 2101138    /lib/i386-linux-gnu/libc-2.15.so
b76a3000-b76a4000 rw-p 001a6000 08:04 2101138    /lib/i386-linux-gnu/libc-2.15.so
b76a4000-b76a7000 rw-p 00000000 00:00 0 
b76a7000-b76aa000 r-xp 00000000 08:04 2101125    /lib/i386-linux-gnu/libdl-2.15.so
b76aa000-b76ab000 r--p 00002000 08:04 2101125    /lib/i386-linux-gnu/libdl-2.15.so
b76ab000-b76ac000 rw-p 00003000 08:04 2101125    /lib/i386-linux-gnu/libdl-2.15.so
b76ac000-b76ad000 rw-p 00000000 00:00 0 
b76ad000-b76c0000 r-xp 00000000 08:04 1840170    /usr/lib/jvm/java-7-oracle/lib/i386/jli/libjli.so
b76c0000-b76c1000 rw-p 00012000 08:04 1840170    /usr/lib/jvm/java-7-oracle/lib/i386/jli/libjli.so
b76c1000-b76d8000 r-xp 00000000 08:04 2101132    /lib/i386-linux-gnu/libpthread-2.15.so
b76d8000-b76d9000 r--p 00016000 08:04 2101132    /lib/i386-linux-gnu/libpthread-2.15.so
b76d9000-b76da000 rw-p 00017000 08:04 2101132    /lib/i386-linux-gnu/libpthread-2.15.so
b76da000-b76dc000 rw-p 00000000 00:00 0 
b76e2000-b76e3000 r--p 005e0000 08:04 10230872   /usr/lib/locale/locale-archive
b76e3000-b76e4000 rw-p 00000000 00:00 0 
b76e4000-b76e5000 ---p 00000000 00:00 0 
b76e5000-b76f0000 r-xp 00000000 08:04 1968315    /usr/lib/jvm/java-7-oracle/jre/lib/i386/libverify.so
b76f0000-b76f1000 rw-p 0000b000 08:04 1968315    /usr/lib/jvm/java-7-oracle/jre/lib/i386/libverify.so
b76f1000-b76f3000 rw-p 00000000 00:00 0 
b76f3000-b76f4000 r-xp 00000000 00:00 0          [vdso]
b76f4000-b7714000 r-xp 00000000 08:04 2101122    /lib/i386-linux-gnu/ld-2.15.so
b7714000-b7715000 r--p 0001f000 08:04 2101122    /lib/i386-linux-gnu/ld-2.15.so
b7715000-b7716000 rw-p 00020000 08:04 2101122    /lib/i386-linux-gnu/ld-2.15.so
bfde9000-bfdea000 rwxp 00000000 00:00 0 
bfe1c000-bfe3d000 rw-p 00000000 00:00 0          [stack]

VM Arguments:
jvm_args: -Xmx1024M -Dfile.encoding=UTF-8 -Duser.country=US -Duser.language=en -Duser.variant 
java_command: com.android.dx.command.Main --dex --output /home/haider/AndroidStudioProjects/XMPP/app/build/intermediates/pre-dexed/debug/classes-ebef299a5269ae7c4be300509c42d5d1671e25b6.jar /home/haider/AndroidStudioProjects/XMPP/app/build/intermediates/exploded-aar/com.android.support/support-v4/22.2.0/jars/classes.jar
Launcher Type: SUN_STANDARD

Environment Variables:
JAVA_HOME=/usr/lib/jvm/java-7-oracle
CLASSPATH=./../lib/bootstrap.jar:./../lib/extensions.jar:./../lib/util.jar:./../lib/jdom.jar:./../lib/log4j.jar:./../lib/trove4j.jar:./../lib/jna.jar:/usr/lib/jvm/java-7-oracle/lib/tools.jar
PATH=/usr/local/heroku/bin:/home/haider/.rbenv/plugins/ruby-build/bin:/home/haider/.rbenv/shims:/home/haider/.rbenv/bin:/usr/lib/lightdm/lightdm:/usr/local/sbin:/usr/local/bin:/usr/sbin:/usr/bin:/sbin:/bin:/usr/games:/usr/lib/jvm/java-7-oracle/bin:/usr/lib/jvm/java-7-oracle/db/bin:/usr/lib/jvm/java-7-oracle/jre/bin
LD_LIBRARY_PATH=.:
SHELL=/bin/bash
DISPLAY=:0

Signal Handlers:
SIGSEGV: [libjvm.so+0x7e9580], sa_mask[0]=0x7ffbfeff, sa_flags=0x10000004
SIGBUS: [libjvm.so+0x7e9580], sa_mask[0]=0x7ffbfeff, sa_flags=0x10000004
SIGFPE: [libjvm.so+0x682680], sa_mask[0]=0x7ffbfeff, sa_flags=0x10000004
SIGPIPE: [libjvm.so+0x682680], sa_mask[0]=0x7ffbfeff, sa_flags=0x10000004
SIGXFSZ: [libjvm.so+0x682680], sa_mask[0]=0x7ffbfeff, sa_flags=0x10000004
SIGILL: [libjvm.so+0x682680], sa_mask[0]=0x7ffbfeff, sa_flags=0x10000004
SIGUSR1: SIG_DFL, sa_mask[0]=0x00000000, sa_flags=0x00000000
SIGUSR2: [libjvm.so+0x683e80], sa_mask[0]=0x00000004, sa_flags=0x10000004
SIGHUP: [libjvm.so+0x6851b0], sa_mask[0]=0x7ffbfeff, sa_flags=0x10000004
SIGINT: [libjvm.so+0x6851b0], sa_mask[0]=0x7ffbfeff, sa_flags=0x10000004
SIGTERM: [libjvm.so+0x6851b0], sa_mask[0]=0x7ffbfeff, sa_flags=0x10000004
SIGQUIT: [libjvm.so+0x6851b0], sa_mask[0]=0x7ffbfeff, sa_flags=0x10000004


---------------  S Y S T E M  ---------------

OS:wheezy/sid

uname:Linux 3.2.0-74-generic-pae #109-Ubuntu SMP Tue Dec 9 17:00:00 UTC 2014 i686
libc:glibc 2.15 NPTL 2.15 
rlimit: STACK 8192k, CORE 0k, NPROC 30447, NOFILE 4096, AS infinity
load average:3.48 2.24 1.61

/proc/meminfo:
MemTotal:        3917408 kB
MemFree:          155996 kB
Buffers:            3420 kB
Cached:           310124 kB
SwapCached:            0 kB
Active:          3465816 kB
Inactive:         199248 kB
Active(anon):    3435580 kB
Inactive(anon):   173608 kB
Active(file):      30236 kB
Inactive(file):    25640 kB
Unevictable:         416 kB
Mlocked:             416 kB
HighTotal:       3075156 kB
HighFree:            528 kB
LowTotal:         842252 kB
LowFree:          155468 kB
SwapTotal:             0 kB
SwapFree:              0 kB
Dirty:              2936 kB
Writeback:          2360 kB
AnonPages:       3352164 kB
Mapped:            58980 kB
Shmem:            257704 kB
Slab:              45848 kB
SReclaimable:      20676 kB
SUnreclaim:        25172 kB
KernelStack:        7408 kB
PageTables:        23152 kB
NFS_Unstable:          0 kB
Bounce:                0 kB
WritebackTmp:          0 kB
CommitLimit:     1958704 kB
Committed_AS:    8511452 kB
VmallocTotal:     122880 kB
VmallocUsed:       18696 kB
VmallocChunk:     100348 kB
HardwareCorrupted:     0 kB
AnonHugePages:         0 kB
HugePages_Total:       0
HugePages_Free:        0
HugePages_Rsvd:        0
HugePages_Surp:        0
Hugepagesize:       2048 kB
DirectMap4k:       10232 kB
DirectMap2M:      903168 kB


CPU:total 4 (2 cores per cpu, 2 threads per core) family 6 model 37 stepping 5, cmov, cx8, fxsr, mmx, sse, sse2, sse3, ssse3, sse4.1, sse4.2, popcnt, ht, tsc, tscinvbit

/proc/cpuinfo:
processor	: 0
vendor_id	: GenuineIntel
cpu family	: 6
model		: 37
model name	: Intel(R) Core(TM) i3 CPU       M 380  @ 2.53GHz
stepping	: 5
microcode	: 0x2
cpu MHz		: 2527.000
cache size	: 3072 KB
physical id	: 0
siblings	: 4
core id		: 0
cpu cores	: 2
apicid		: 0
initial apicid	: 0
fdiv_bug	: no
hlt_bug		: no
f00f_bug	: no
coma_bug	: no
fpu		: yes
fpu_exception	: yes
cpuid level	: 11
wp		: yes
flags		: fpu vme de pse tsc msr pae mce cx8 apic sep mtrr pge mca cmov pat pse36 clflush dts acpi mmx fxsr sse sse2 ss ht tm pbe nx rdtscp lm constant_tsc arch_perfmon pebs bts xtopology nonstop_tsc aperfmperf pni dtes64 monitor ds_cpl vmx est tm2 ssse3 cx16 xtpr pdcm pcid sse4_1 sse4_2 popcnt lahf_lm arat dtherm tpr_shadow vnmi flexpriority ept vpid
bogomips	: 5053.98
clflush size	: 64
cache_alignment	: 64
address sizes	: 36 bits physical, 48 bits virtual
power management:

processor	: 1
vendor_id	: GenuineIntel
cpu family	: 6
model		: 37
model name	: Intel(R) Core(TM) i3 CPU       M 380  @ 2.53GHz
stepping	: 5
microcode	: 0x2
cpu MHz		: 2527.000
cache size	: 3072 KB
physical id	: 0
siblings	: 4
core id		: 2
cpu cores	: 2
apicid		: 4
initial apicid	: 4
fdiv_bug	: no
hlt_bug		: no
f00f_bug	: no
coma_bug	: no
fpu		: yes
fpu_exception	: yes
cpuid level	: 11
wp		: yes
flags		: fpu vme de pse tsc msr pae mce cx8 apic sep mtrr pge mca cmov pat pse36 clflush dts acpi mmx fxsr sse sse2 ss ht tm pbe nx rdtscp lm constant_tsc arch_perfmon pebs bts xtopology nonstop_tsc aperfmperf pni dtes64 monitor ds_cpl vmx est tm2 ssse3 cx16 xtpr pdcm pcid sse4_1 sse4_2 popcnt lahf_lm arat dtherm tpr_shadow vnmi flexpriority ept vpid
bogomips	: 5053.89
clflush size	: 64
cache_alignment	: 64
address sizes	: 36 bits physical, 48 bits virtual
power management:

processor	: 2
vendor_id	: GenuineIntel
cpu family	: 6
model		: 37
model name	: Intel(R) Core(TM) i3 CPU       M 380  @ 2.53GHz
stepping	: 5
microcode	: 0x2
cpu MHz		: 2527.000
cache size	: 3072 KB
physical id	: 0
siblings	: 4
core id		: 0
cpu cores	: 2
apicid		: 1
initial apicid	: 1
fdiv_bug	: no
hlt_bug		: no
f00f_bug	: no
coma_bug	: no
fpu		: yes
fpu_exception	: yes
cpuid level	: 11
wp		: yes
flags		: fpu vme de pse tsc msr pae mce cx8 apic sep mtrr pge mca cmov pat pse36 clflush dts acpi mmx fxsr sse sse2 ss ht tm pbe nx rdtscp lm constant_tsc arch_perfmon pebs bts xtopology nonstop_tsc aperfmperf pni dtes64 monitor ds_cpl vmx est tm2 ssse3 cx16 xtpr pdcm pcid sse4_1 sse4_2 popcnt lahf_lm arat dtherm tpr_shadow vnmi flexpriority ept vpid
bogomips	: 5053.89
clflush size	: 64
cache_alignment	: 64
address sizes	: 36 bits physical, 48 bits virtual
power management:

processor	: 3
vendor_id	: GenuineIntel
cpu family	: 6
model		: 37
model name	: Intel(R) Core(TM) i3 CPU       M 380  @ 2.53GHz
stepping	: 5
microcode	: 0x2
cpu MHz		: 2527.000
cache size	: 3072 KB
physical id	: 0
siblings	: 4
core id		: 2
cpu cores	: 2
apicid		: 5
initial apicid	: 5
fdiv_bug	: no
hlt_bug		: no
f00f_bug	: no
coma_bug	: no
fpu		: yes
fpu_exception	: yes
cpuid level	: 11
wp		: yes
flags		: fpu vme de pse tsc msr pae mce cx8 apic sep mtrr pge mca cmov pat pse36 clflush dts acpi mmx fxsr sse sse2 ss ht tm pbe nx rdtscp lm constant_tsc arch_perfmon pebs bts xtopology nonstop_tsc aperfmperf pni dtes64 monitor ds_cpl vmx est tm2 ssse3 cx16 xtpr pdcm pcid sse4_1 sse4_2 popcnt lahf_lm arat dtherm tpr_shadow vnmi flexpriority ept vpid
bogomips	: 5053.88
clflush size	: 64
cache_alignment	: 64
address sizes	: 36 bits physical, 48 bits virtual
power management:



Memory: 4k page, physical 3917408k(155748k free), swap 0k(0k free)

vm_info: Java HotSpot(TM) Server VM (24.72-b04) for linux-x86 JRE (1.7.0_72-b14), built on Sep 26 2014 19:38:09 by "java_re" with gcc 4.3.0 20080428 (Red Hat 4.3.0-8)

time: Sat Jul 11 14:35:19 2015
elapsed time: 4 seconds

