#
# There is insufficient memory for the Java Runtime Environment to continue.
# Native memory allocation (malloc) failed to allocate 15728640 bytes for committing reserved memory.
# Possible reasons:
#   The system is out of physical RAM or swap space
#   In 32 bit mode, the process size limit was hit
# Possible solutions:
#   Reduce memory load on the system
#   Increase physical memory or swap space
#   Check if swap backing store is full
#   Use 64 bit Java on a 64 bit OS
#   Decrease Java heap size (-Xmx/-Xms)
#   Decrease number of Java threads
#   Decrease Java thread stack sizes (-Xss)
#   Set larger code cache with -XX:ReservedCodeCacheSize=
# This output file may be truncated or incomplete.
#
#  Out of Memory Error (os_linux.cpp:2798), pid=12208, tid=1742232384
#
# JRE version: OpenJDK Runtime Environment (7.0_75-b13) (build 1.7.0_75-b13)
# Java VM: OpenJDK Server VM (24.75-b04 mixed mode linux-x86 )
# Derivative: IcedTea 2.5.4
# Distribution: Ubuntu 12.04 LTS, package 7u75-2.5.4-1~precise1
# Failed to write core dump. Core dumps have been disabled. To enable core dumping, try "ulimit -c unlimited" before starting Java again
#

---------------  T H R E A D  ---------------

Current thread (0x67c80800):  VMThread [stack: 0x67d05000,0x67d86000] [id=12218]

Stack: [0x67d05000,0x67d86000]
[error occurred during error reporting (printing stack bounds), id 0xb]

VM_Operation (0xb65c5bd8): ParallelGCFailedAllocation, mode: safepoint, requested by thread 0xb6408000


---------------  P R O C E S S  ---------------

Java Threads: ( => current thread )
  0x67c9bc00 JavaThread "Service Thread" daemon [_thread_blocked, id=12224, stack(0x6760b000,0x6765c000)]
  0x67c9a000 JavaThread "C2 CompilerThread1" daemon [_thread_blocked, id=12223, stack(0x6765c000,0x676dd000)]
  0x67c98000 JavaThread "C2 CompilerThread0" daemon [_thread_blocked, id=12222, stack(0x676dd000,0x6775e000)]
  0x67c96400 JavaThread "Signal Dispatcher" daemon [_thread_blocked, id=12221, stack(0x6775e000,0x677af000)]
  0x67c84c00 JavaThread "Finalizer" daemon [_thread_blocked, id=12220, stack(0x679af000,0x67a00000)]
  0x67c83000 JavaThread "Reference Handler" daemon [_thread_blocked, id=12219, stack(0x6a92e000,0x6a97f000)]
  0xb6408000 JavaThread "main" [_thread_blocked, id=12213, stack(0xb6576000,0xb65c7000)]

Other Threads:
=>0x67c80800 VMThread [stack: 0x67d05000,0x67d86000] [id=12218]
  0x67c9dc00 WatcherThread [stack: 0x6758a000,0x6760b000] [id=12225]

VM state:at safepoint (normal execution)

VM Mutex/Monitor currently owned by a thread:  ([mutex/lock_event])
[0xb6405728] Threads_lock - owner thread: 0x67c80800
[0xb6405b38] Heap_lock - owner thread: 0xb6408000

Heap
 PSYoungGen      total 17920K, used 2554K [0x9dd80000, 0x9f180000, 0xb3300000)
  eden space 15360K, 0% used [0x9dd80000,0x9dd80000,0x9ec80000)
  from space 2560K, 99% used [0x9ef00000,0x9f17ea18,0x9f180000)
  to   space 2560K, 0% used [0x9ec80000,0x9ec80000,0x9ef00000)
 ParOldGen       total 40704K, used 19977K [0x73300000, 0x75ac0000, 0x9dd80000)
  object space 40704K, 49% used [0x73300000,0x74682470,0x75ac0000)
 PSPermGen       total 16384K, used 4722K [0x6b300000, 0x6c300000, 0x73300000)
  object space 16384K, 28% used [0x6b300000,0x6b79cba8,0x6c300000)

Card table byte_map: [0x6b0bf000,0x6b300000] byte_map_base: 0x6ad65800

Polling page: 0xb7725000

Code Cache  [0xb33f3000, 0xb3633000, 0xb63f3000)
 total_blobs=523 nmethods=391 adapters=86 free_code_cache=48378Kb largest_free_block=49518272

Compilation events (10 events):
Event: 5.775 Thread 0x67c9a000 nmethod 388 0xb34b1d88 code [0xb34b1e80, 0xb34b1f70]
Event: 5.775 Thread 0x67c9a000  389             com.android.dx.merge.SortableType$1::compare (50 bytes)
Event: 5.776 Thread 0x67c9a000 nmethod 389 0xb34b1b08 code [0xb34b1c00, 0xb34b1cb0]
Event: 5.776 Thread 0x67c9a000  390             com.android.dx.io.instructions.InstructionCodec$18::decode (51 bytes)
Event: 5.779 Thread 0x67c9a000 nmethod 390 0xb34b4e88 code [0xb34b4fa0, 0xb34b5190]
Event: 5.779 Thread 0x67c9a000  391             com.android.dx.io.instructions.InstructionCodec$18::encode (29 bytes)
Event: 5.781 Thread 0x67c9a000 nmethod 391 0xb34b48c8 code [0xb34b49e0, 0xb34b4bb0]
Event: 5.784 Thread 0x67c9a000  392             com.android.dex.Dex$Section::readMethods (59 bytes)
Event: 5.788 Thread 0x67c9a000 nmethod 392 0xb34b43c8 code [0xb34b44e0, 0xb34b4710]
Event: 5.788 Thread 0x67c9a000  393             com.android.dx.merge.DexMerger::transformMethods (126 bytes)

GC Heap History (7 events):
Event: 2.501 GC heap before
{Heap before GC invocations=1 (full 0):
 PSYoungGen      total 17920K, used 15360K [0x9dd80000, 0x9f180000, 0xb3300000)
  eden space 15360K, 100% used [0x9dd80000,0x9ec80000,0x9ec80000)
  from space 2560K, 0% used [0x9ef00000,0x9ef00000,0x9f180000)
  to   space 2560K, 0% used [0x9ec80000,0x9ec80000,0x9ef00000)
 ParOldGen       total 40704K, used 0K [0x73300000, 0x75ac0000, 0x9dd80000)
  object space 40704K, 0% used [0x73300000,0x73300000,0x75ac0000)
 PSPermGen       total 16384K, used 3479K [0x6b300000, 0x6c300000, 0x73300000)
  object space 16384K, 21% used [0x6b300000,0x6b665fe0,0x6c300000)
Event: 2.509 GC heap after
Heap after GC invocations=1 (full 0):
 PSYoungGen      total 17920K, used 2550K [0x9dd80000, 0x9f180000, 0xb3300000)
  eden space 15360K, 0% used [0x9dd80000,0x9dd80000,0x9ec80000)
  from space 2560K, 99% used [0x9ec80000,0x9eefd838,0x9ef00000)
  to   space 2560K, 0% used [0x9ef00000,0x9ef00000,0x9f180000)
 ParOldGen       total 40704K, used 1500K [0x73300000, 0x75ac0000, 0x9dd80000)
  object space 40704K, 3% used [0x73300000,0x73477398,0x75ac0000)
 PSPermGen       total 16384K, used 3479K [0x6b300000, 0x6c300000, 0x73300000)
  object space 16384K, 21% used [0x6b300000,0x6b665fe0,0x6c300000)
}
Event: 5.215 GC heap before
{Heap before GC invocations=2 (full 0):
 PSYoungGen      total 17920K, used 17876K [0x9dd80000, 0x9f180000, 0xb3300000)
  eden space 15360K, 99% used [0x9dd80000,0x9ec77b68,0x9ec80000)
  from space 2560K, 99% used [0x9ec80000,0x9eefd838,0x9ef00000)
  to   space 2560K, 0% used [0x9ef00000,0x9ef00000,0x9f180000)
 ParOldGen       total 40704K, used 1500K [0x73300000, 0x75ac0000, 0x9dd80000)
  object space 40704K, 3% used [0x73300000,0x73477398,0x75ac0000)
 PSPermGen       total 16384K, used 4669K [0x6b300000, 0x6c300000, 0x73300000)
  object space 16384K, 28% used [0x6b300000,0x6b78f460,0x6c300000)
Event: 5.222 GC heap after
Heap after GC invocations=2 (full 0):
 PSYoungGen      total 17920K, used 2551K [0x9dd80000, 0x9f180000, 0xb3300000)
  eden space 15360K, 0% used [0x9dd80000,0x9dd80000,0x9ec80000)
  from space 2560K, 99% used [0x9ef00000,0x9f17deb0,0x9f180000)
  to   space 2560K, 0% used [0x9ec80000,0x9ec80000,0x9ef00000)
 ParOldGen       total 40704K, used 5051K [0x73300000, 0x75ac0000, 0x9dd80000)
  object space 40704K, 12% used [0x73300000,0x737eec08,0x75ac0000)
 PSPermGen       total 16384K, used 4669K [0x6b300000, 0x6c300000, 0x73300000)
  object space 16384K, 28% used [0x6b300000,0x6b78f460,0x6c300000)
}
Event: 5.683 GC heap before
{Heap before GC invocations=3 (full 0):
 PSYoungGen      total 17920K, used 17911K [0x9dd80000, 0x9f180000, 0xb3300000)
  eden space 15360K, 100% used [0x9dd80000,0x9ec80000,0x9ec80000)
  from space 2560K, 99% used [0x9ef00000,0x9f17deb0,0x9f180000)
  to   space 2560K, 0% used [0x9ec80000,0x9ec80000,0x9ef00000)
 ParOldGen       total 40704K, used 5051K [0x73300000, 0x75ac0000, 0x9dd80000)
  object space 40704K, 12% used [0x73300000,0x737eec08,0x75ac0000)
 PSPermGen       total 16384K, used 4710K [0x6b300000, 0x6c300000, 0x73300000)
  object space 16384K, 28% used [0x6b300000,0x6b7999c8,0x6c300000)
Event: 5.687 GC heap after
Heap after GC invocations=3 (full 0):
 PSYoungGen      total 17920K, used 2441K [0x9dd80000, 0x9f180000, 0xb3300000)
  eden space 15360K, 0% used [0x9dd80000,0x9dd80000,0x9ec80000)
  from space 2560K, 95% used [0x9ec80000,0x9eee2430,0x9ef00000)
  to   space 2560K, 0% used [0x9ef00000,0x9ef00000,0x9f180000)
 ParOldGen       total 40704K, used 8295K [0x73300000, 0x75ac0000, 0x9dd80000)
  object space 40704K, 20% used [0x73300000,0x73b19d68,0x75ac0000)
 PSPermGen       total 16384K, used 4710K [0x6b300000, 0x6c300000, 0x73300000)
  object space 16384K, 28% used [0x6b300000,0x6b7999c8,0x6c300000)
}
Event: 5.832 GC heap before
{Heap before GC invocations=4 (full 0):
 PSYoungGen      total 17920K, used 17801K [0x9dd80000, 0x9f180000, 0xb3300000)
  eden space 15360K, 100% used [0x9dd80000,0x9ec80000,0x9ec80000)
  from space 2560K, 95% used [0x9ec80000,0x9eee2430,0x9ef00000)
  to   space 2560K, 0% used [0x9ef00000,0x9ef00000,0x9f180000)
 ParOldGen       total 40704K, used 8295K [0x73300000, 0x75ac0000, 0x9dd80000)
  object space 40704K, 20% used [0x73300000,0x73b19d68,0x75ac0000)
 PSPermGen       total 16384K, used 4722K [0x6b300000, 0x6c300000, 0x73300000)
  object space 16384K, 28% used [0x6b300000,0x6b79cba8,0x6c300000)

Deoptimization events (8 events):
Event: 2.278 Thread 0xb6408000 Uncommon trap: reason=unreached action=reinterpret pc=0xb344fb90 method=com.android.dx.rop.code.RopMethod.calcPredecessors()V @ 115
Event: 2.456 Thread 0xb6408000 Uncommon trap: reason=unreached action=reinterpret pc=0xb345b860 method=com.android.dx.rop.cst.CstLiteral32.equals(Ljava/lang/Object;)Z @ 12
Event: 2.468 Thread 0xb6408000 Uncommon trap: reason=null_check action=make_not_entrant pc=0xb345c350 method=com.android.dx.rop.code.LocalItem.equals(Ljava/lang/Object;)Z @ 1
Event: 5.287 Thread 0xb6408000 Uncommon trap: reason=class_check action=maybe_recompile pc=0xb34724dc method=com.android.dex.Leb128.readUnsignedLeb128(Lcom/android/dex/util/ByteInput;)I @ 5
Event: 5.287 Thread 0xb6408000 Uncommon trap: reason=class_check action=maybe_recompile pc=0xb34724dc method=com.android.dex.Leb128.readUnsignedLeb128(Lcom/android/dex/util/ByteInput;)I @ 5
Event: 5.287 Thread 0xb6408000 Uncommon trap: reason=class_check action=maybe_recompile pc=0xb34724dc method=com.android.dex.Leb128.readUnsignedLeb128(Lcom/android/dex/util/ByteInput;)I @ 5
Event: 5.287 Thread 0xb6408000 Uncommon trap: reason=class_check action=maybe_recompile pc=0xb34724dc method=com.android.dex.Leb128.readUnsignedLeb128(Lcom/android/dex/util/ByteInput;)I @ 5
Event: 5.465 Thread 0xb6408000 Uncommon trap: reason=predicate action=maybe_recompile pc=0xb347486c method=com.android.dex.Leb128.readUnsignedLeb128(Lcom/android/dex/util/ByteInput;)I @ 41

Internal exceptions (10 events):
Event: 5.159 Thread 0xb6408000 Threw 0x9eba08b8 at /build/buildd/openjdk-7-7u75-2.5.4/build/openjdk/hotspot/src/share/vm/prims/jvm.cpp:1284
Event: 5.159 Thread 0xb6408000 Threw 0x9eba4578 at /build/buildd/openjdk-7-7u75-2.5.4/build/openjdk/hotspot/src/share/vm/prims/jvm.cpp:1284
Event: 5.160 Thread 0xb6408000 Threw 0x9eba8388 at /build/buildd/openjdk-7-7u75-2.5.4/build/openjdk/hotspot/src/share/vm/prims/jvm.cpp:1284
Event: 5.161 Thread 0xb6408000 Threw 0x9ebae180 at /build/buildd/openjdk-7-7u75-2.5.4/build/openjdk/hotspot/src/share/vm/prims/jvm.cpp:1284
Event: 5.162 Thread 0xb6408000 Threw 0x9ebb1c28 at /build/buildd/openjdk-7-7u75-2.5.4/build/openjdk/hotspot/src/share/vm/prims/jvm.cpp:1284
Event: 5.162 Thread 0xb6408000 Threw 0x9ebb58a0 at /build/buildd/openjdk-7-7u75-2.5.4/build/openjdk/hotspot/src/share/vm/prims/jvm.cpp:1284
Event: 5.162 Thread 0xb6408000 Threw 0x9ebb9250 at /build/buildd/openjdk-7-7u75-2.5.4/build/openjdk/hotspot/src/share/vm/prims/jvm.cpp:1284
Event: 5.165 Thread 0xb6408000 Threw 0x9ebc0290 at /build/buildd/openjdk-7-7u75-2.5.4/build/openjdk/hotspot/src/share/vm/prims/jvm.cpp:1284
Event: 5.165 Thread 0xb6408000 Threw 0x9ebc2e18 at /build/buildd/openjdk-7-7u75-2.5.4/build/openjdk/hotspot/src/share/vm/prims/jvm.cpp:1284
Event: 5.607 Thread 0xb6408000 Threw 0x9e96e7d8 at /build/buildd/openjdk-7-7u75-2.5.4/build/openjdk/hotspot/src/share/vm/prims/jvm.cpp:1284

Events (10 events):
Event: 5.465 Thread 0xb6408000 DEOPT UNPACKING pc=0xb341fbc8 sp=0xb65c5cbc mode 2
Event: 5.607 loading class 0x6748d648
Event: 5.607 loading class 0x6748d648 done
Event: 5.683 Executing VM operation: ParallelGCFailedAllocation
Event: 5.687 Executing VM operation: ParallelGCFailedAllocation done
Event: 5.687 Executing VM operation: RevokeBias
Event: 5.687 Executing VM operation: RevokeBias done
Event: 5.687 Executing VM operation: RevokeBias
Event: 5.687 Executing VM operation: RevokeBias done
Event: 5.832 Executing VM operation: ParallelGCFailedAllocation


Dynamic libraries:
08048000-08049000 r-xp 00000000 08:04 923906     /usr/lib/jvm/java-7-openjdk-i386/jre/bin/java
08049000-0804a000 r--p 00000000 08:04 923906     /usr/lib/jvm/java-7-openjdk-i386/jre/bin/java
0804a000-0804b000 rw-p 00001000 08:04 923906     /usr/lib/jvm/java-7-openjdk-i386/jre/bin/java
09ea6000-09ec7000 rw-p 00000000 00:00 0          [heap]
66d00000-66df1000 rw-p 00000000 00:00 0 
66df1000-66e00000 ---p 00000000 00:00 0 
66e00000-66e88000 rw-p 00000000 00:00 0 
66e88000-66f00000 ---p 00000000 00:00 0 
66f00000-67000000 rw-p 00000000 00:00 0 
6706d000-670a7000 r-xp 00000000 08:04 2098152    /lib/i386-linux-gnu/libpcre.so.3.12.1
670a7000-670a8000 r--p 00039000 08:04 2098152    /lib/i386-linux-gnu/libpcre.so.3.12.1
670a8000-670a9000 rw-p 0003a000 08:04 2098152    /lib/i386-linux-gnu/libpcre.so.3.12.1
670a9000-671fc000 r-xp 00000000 08:04 10223982   /usr/lib/i386-linux-gnu/libgio-2.0.so.0.3200.4
671fc000-671fe000 r--p 00153000 08:04 10223982   /usr/lib/i386-linux-gnu/libgio-2.0.so.0.3200.4
671fe000-671ff000 rw-p 00155000 08:04 10223982   /usr/lib/i386-linux-gnu/libgio-2.0.so.0.3200.4
671ff000-67200000 rw-p 00000000 00:00 0 
67200000-672ff000 rw-p 00000000 00:00 0 
672ff000-67300000 ---p 00000000 00:00 0 
67307000-673fe000 r-xp 00000000 08:04 2111773    /lib/i386-linux-gnu/libglib-2.0.so.0.3200.4
673fe000-673ff000 r--p 000f6000 08:04 2111773    /lib/i386-linux-gnu/libglib-2.0.so.0.3200.4
673ff000-67400000 rw-p 000f7000 08:04 2111773    /lib/i386-linux-gnu/libglib-2.0.so.0.3200.4
67400000-674b2000 rw-p 00000000 00:00 0 
674b2000-67500000 ---p 00000000 00:00 0 
6751c000-67539000 r-xp 00000000 08:04 2098167    /lib/i386-linux-gnu/libselinux.so.1
67539000-6753a000 r--p 0001c000 08:04 2098167    /lib/i386-linux-gnu/libselinux.so.1
6753a000-6753b000 rw-p 0001d000 08:04 2098167    /lib/i386-linux-gnu/libselinux.so.1
6753b000-67588000 r-xp 00000000 08:04 10223963   /usr/lib/i386-linux-gnu/libgobject-2.0.so.0.3200.4
67588000-67589000 r--p 0004c000 08:04 10223963   /usr/lib/i386-linux-gnu/libgobject-2.0.so.0.3200.4
67589000-6758a000 rw-p 0004d000 08:04 10223963   /usr/lib/i386-linux-gnu/libgobject-2.0.so.0.3200.4
6758a000-6758b000 ---p 00000000 00:00 0 
6758b000-6760b000 rw-p 00000000 00:00 0 
6760b000-6760e000 ---p 00000000 00:00 0 
6760e000-6765c000 rw-p 00000000 00:00 0 
6765c000-6765f000 ---p 00000000 00:00 0 
6765f000-676dd000 rw-p 00000000 00:00 0 
676dd000-676e0000 ---p 00000000 00:00 0 
676e0000-6775e000 rw-p 00000000 00:00 0 
6775e000-67761000 ---p 00000000 00:00 0 
67761000-677af000 rw-p 00000000 00:00 0 
677af000-679af000 r--p 00000000 08:04 10230872   /usr/lib/locale/locale-archive
679af000-679b2000 ---p 00000000 00:00 0 
679b2000-67a00000 rw-p 00000000 00:00 0 
67a00000-67b00000 rw-p 00000000 00:00 0 
67b00000-67b21000 rw-p 00000000 00:00 0 
67b21000-67c00000 ---p 00000000 00:00 0 
67c00000-67d00000 rw-p 00000000 00:00 0 
67d05000-67d06000 ---p 00000000 00:00 0 
67d06000-67dcf000 rw-p 00000000 00:00 0 
67dcf000-67f80000 r--s 01d23000 08:04 923952     /usr/lib/jvm/java-7-openjdk-i386/jre/lib/rt.jar
67f80000-6a800000 rw-p 00000000 00:00 0 
6a800000-6a8ff000 rw-p 00000000 00:00 0 
6a8ff000-6a900000 ---p 00000000 00:00 0 
6a901000-6a914000 r-xp 00000000 08:04 2101129    /lib/i386-linux-gnu/libresolv-2.15.so
6a914000-6a915000 ---p 00013000 08:04 2101129    /lib/i386-linux-gnu/libresolv-2.15.so
6a915000-6a916000 r--p 00013000 08:04 2101129    /lib/i386-linux-gnu/libresolv-2.15.so
6a916000-6a917000 rw-p 00014000 08:04 2101129    /lib/i386-linux-gnu/libresolv-2.15.so
6a917000-6a919000 rw-p 00000000 00:00 0 
6a92e000-6a931000 ---p 00000000 00:00 0 
6a931000-6a97f000 rw-p 00000000 00:00 0 
6a97f000-6a980000 ---p 00000000 00:00 0 
6a980000-6aa00000 rw-p 00000000 00:00 0 
6aa00000-6aa21000 rw-p 00000000 00:00 0 
6aa21000-6ab00000 ---p 00000000 00:00 0 
6ab00000-6ab21000 rw-p 00000000 00:00 0 
6ab21000-6ac00000 ---p 00000000 00:00 0 
6ac0b000-6ac22000 r-xp 00000000 08:04 924092     /usr/lib/jvm/java-7-openjdk-i386/jre/lib/i386/libnet.so
6ac22000-6ac23000 r--p 00016000 08:04 924092     /usr/lib/jvm/java-7-openjdk-i386/jre/lib/i386/libnet.so
6ac23000-6ac24000 rw-p 00017000 08:04 924092     /usr/lib/jvm/java-7-openjdk-i386/jre/lib/i386/libnet.so
6ac24000-6ac7f000 rw-p 00000000 00:00 0 
6ac7f000-6ac80000 ---p 00000000 00:00 0 
6ac80000-6ad00000 rw-p 00000000 00:00 0 
6ad00000-6ad21000 rw-p 00000000 00:00 0 
6ad21000-6ae00000 ---p 00000000 00:00 0 
6ae01000-6ae05000 r--s 0004d000 08:04 923968     /usr/lib/jvm/java-7-openjdk-i386/jre/lib/jsse.jar
6ae05000-6ae16000 r-xp 00000000 08:04 923992     /usr/lib/jvm/java-7-openjdk-i386/jre/lib/i386/libnio.so
6ae16000-6ae17000 r--p 00010000 08:04 923992     /usr/lib/jvm/java-7-openjdk-i386/jre/lib/i386/libnio.so
6ae17000-6ae18000 rw-p 00011000 08:04 923992     /usr/lib/jvm/java-7-openjdk-i386/jre/lib/i386/libnio.so
6ae18000-6ae27000 r--s 000dd000 08:04 5898350    /home/haider/Downloads/android-sdk-linux/build-tools/22.0.1/lib/dx.jar
6ae27000-6ae28000 ---p 00000000 00:00 0 
6ae28000-6aea8000 rw-p 00000000 00:00 0 
6aea8000-6aea9000 ---p 00000000 00:00 0 
6aea9000-6af31000 rw-p 00000000 00:00 0 
6af31000-6af69000 rw-p 00000000 00:00 0 
6af69000-6af7d000 rw-p 00000000 00:00 0 
6af7d000-6b0bf000 rw-p 00000000 00:00 0 
6b0bf000-6b0c7000 rw-p 00000000 00:00 0 
6b0c7000-6b0ff000 rw-p 00000000 00:00 0 
6b0ff000-6b113000 rw-p 00000000 00:00 0 
6b113000-6b254000 rw-p 00000000 00:00 0 
6b254000-6b25f000 rw-p 00000000 00:00 0 
6b25f000-6b2ff000 rw-p 00000000 00:00 0 
6b2ff000-6c300000 rw-p 00000000 00:00 0 
6c300000-73300000 rw-p 00000000 00:00 0 
73300000-75ac0000 rw-p 00000000 00:00 0 
75ac0000-9dd80000 rw-p 00000000 00:00 0 
9dd80000-9f180000 rw-p 00000000 00:00 0 
a0080000-b3300000 rw-p 00000000 00:00 0 
b3300000-b3305000 r-xp 00000000 08:04 10228343   /usr/lib/i386-linux-gnu/libffi.so.6.0.0
b3305000-b3306000 r--p 00004000 08:04 10228343   /usr/lib/i386-linux-gnu/libffi.so.6.0.0
b3306000-b3307000 rw-p 00005000 08:04 10228343   /usr/lib/i386-linux-gnu/libffi.so.6.0.0
b3307000-b330a000 r-xp 00000000 08:04 10248019   /usr/lib/i386-linux-gnu/libgmodule-2.0.so.0.3200.4
b330a000-b330b000 r--p 00002000 08:04 10248019   /usr/lib/i386-linux-gnu/libgmodule-2.0.so.0.3200.4
b330b000-b330c000 rw-p 00003000 08:04 10248019   /usr/lib/i386-linux-gnu/libgmodule-2.0.so.0.3200.4
b330d000-b3311000 r--s 0003c000 08:04 923957     /usr/lib/jvm/java-7-openjdk-i386/jre/lib/ext/sunpkcs11.jar
b3311000-b3314000 r--s 00086000 08:04 923958     /usr/lib/jvm/java-7-openjdk-i386/jre/lib/ext/localedata.jar
b3314000-b3315000 r--s 00007000 08:04 10492658   /usr/share/java/java-atk-wrapper.jar
b3315000-b3316000 r--s 00002000 08:04 923956     /usr/lib/jvm/java-7-openjdk-i386/jre/lib/ext/dnsns.jar
b3316000-b3318000 r--s 00012000 08:04 923960     /usr/lib/jvm/java-7-openjdk-i386/jre/lib/ext/zipfs.jar
b3318000-b333c000 rw-p 00000000 00:00 0 
b333c000-b33f3000 rw-p 00000000 00:00 0 
b33f3000-b3633000 rwxp 00000000 00:00 0 
b3633000-b63f3000 rw-p 00000000 00:00 0 
b63f3000-b63fe000 r-xp 00000000 08:04 2101123    /lib/i386-linux-gnu/libnss_files-2.15.so
b63fe000-b63ff000 r--p 0000a000 08:04 2101123    /lib/i386-linux-gnu/libnss_files-2.15.so
b63ff000-b6400000 rw-p 0000b000 08:04 2101123    /lib/i386-linux-gnu/libnss_files-2.15.so
b6400000-b6500000 rw-p 00000000 00:00 0 
b6500000-b650a000 r-xp 00000000 08:04 2101140    /lib/i386-linux-gnu/libnss_nis-2.15.so
b650a000-b650b000 r--p 00009000 08:04 2101140    /lib/i386-linux-gnu/libnss_nis-2.15.so
b650b000-b650c000 rw-p 0000a000 08:04 2101140    /lib/i386-linux-gnu/libnss_nis-2.15.so
b650c000-b6522000 r-xp 00000000 08:04 2101130    /lib/i386-linux-gnu/libnsl-2.15.so
b6522000-b6523000 r--p 00015000 08:04 2101130    /lib/i386-linux-gnu/libnsl-2.15.so
b6523000-b6524000 rw-p 00016000 08:04 2101130    /lib/i386-linux-gnu/libnsl-2.15.so
b6524000-b6526000 rw-p 00000000 00:00 0 
b6526000-b652d000 r-xp 00000000 08:04 2101126    /lib/i386-linux-gnu/libnss_compat-2.15.so
b652d000-b652e000 r--p 00006000 08:04 2101126    /lib/i386-linux-gnu/libnss_compat-2.15.so
b652e000-b652f000 rw-p 00007000 08:04 2101126    /lib/i386-linux-gnu/libnss_compat-2.15.so
b652f000-b6532000 r--s 0000f000 08:04 923955     /usr/lib/jvm/java-7-openjdk-i386/jre/lib/ext/icedtea-sound.jar
b6532000-b653a000 r-xp 00000000 08:04 923986     /usr/lib/jvm/java-7-openjdk-i386/jre/lib/i386/libzip.so
b653a000-b653b000 r--p 00007000 08:04 923986     /usr/lib/jvm/java-7-openjdk-i386/jre/lib/i386/libzip.so
b653b000-b653c000 rw-p 00008000 08:04 923986     /usr/lib/jvm/java-7-openjdk-i386/jre/lib/i386/libzip.so
b653c000-b6544000 rw-s 00000000 08:04 3934642    /tmp/hsperfdata_haider/12208
b6544000-b656b000 r-xp 00000000 08:04 924091     /usr/lib/jvm/java-7-openjdk-i386/jre/lib/i386/libjava.so
b656b000-b656c000 r--p 00026000 08:04 924091     /usr/lib/jvm/java-7-openjdk-i386/jre/lib/i386/libjava.so
b656c000-b656d000 rw-p 00027000 08:04 924091     /usr/lib/jvm/java-7-openjdk-i386/jre/lib/i386/libjava.so
b656d000-b6574000 r-xp 00000000 08:04 2101134    /lib/i386-linux-gnu/librt-2.15.so
b6574000-b6575000 r--p 00006000 08:04 2101134    /lib/i386-linux-gnu/librt-2.15.so
b6575000-b6576000 rw-p 00007000 08:04 2101134    /lib/i386-linux-gnu/librt-2.15.so
b6576000-b6579000 ---p 00000000 00:00 0 
b6579000-b65c7000 rw-p 00000000 00:00 0 
b65c7000-b65e3000 r-xp 00000000 08:04 2098100    /lib/i386-linux-gnu/libgcc_s.so.1
b65e3000-b65e4000 r--p 0001b000 08:04 2098100    /lib/i386-linux-gnu/libgcc_s.so.1
b65e4000-b65e5000 rw-p 0001c000 08:04 2098100    /lib/i386-linux-gnu/libgcc_s.so.1
b65e5000-b660f000 r-xp 00000000 08:04 2101128    /lib/i386-linux-gnu/libm-2.15.so
b660f000-b6610000 r--p 00029000 08:04 2101128    /lib/i386-linux-gnu/libm-2.15.so
b6610000-b6611000 rw-p 0002a000 08:04 2101128    /lib/i386-linux-gnu/libm-2.15.so
b6611000-b66e9000 r-xp 00000000 08:04 10228685   /usr/lib/i386-linux-gnu/libstdc++.so.6.0.16
b66e9000-b66ea000 ---p 000d8000 08:04 10228685   /usr/lib/i386-linux-gnu/libstdc++.so.6.0.16
b66ea000-b66ee000 r--p 000d8000 08:04 10228685   /usr/lib/i386-linux-gnu/libstdc++.so.6.0.16
b66ee000-b66ef000 rw-p 000dc000 08:04 10228685   /usr/lib/i386-linux-gnu/libstdc++.so.6.0.16
b66ef000-b66f6000 rw-p 00000000 00:00 0 
b66f6000-b70b8000 r-xp 00000000 08:04 924096     /usr/lib/jvm/java-7-openjdk-i386/jre/lib/i386/server/libjvm.so
b70b8000-b710d000 r--p 009c2000 08:04 924096     /usr/lib/jvm/java-7-openjdk-i386/jre/lib/i386/server/libjvm.so
b710d000-b7121000 rw-p 00a17000 08:04 924096     /usr/lib/jvm/java-7-openjdk-i386/jre/lib/i386/server/libjvm.so
b7121000-b753f000 rw-p 00000000 00:00 0 
b753f000-b7553000 r-xp 00000000 08:04 2098190    /lib/i386-linux-gnu/libz.so.1.2.3.4
b7553000-b7554000 r--p 00013000 08:04 2098190    /lib/i386-linux-gnu/libz.so.1.2.3.4
b7554000-b7555000 rw-p 00014000 08:04 2098190    /lib/i386-linux-gnu/libz.so.1.2.3.4
b7555000-b756c000 r-xp 00000000 08:04 2101132    /lib/i386-linux-gnu/libpthread-2.15.so
b756c000-b756d000 r--p 00016000 08:04 2101132    /lib/i386-linux-gnu/libpthread-2.15.so
b756d000-b756e000 rw-p 00017000 08:04 2101132    /lib/i386-linux-gnu/libpthread-2.15.so
b756e000-b7570000 rw-p 00000000 00:00 0 
b7570000-b7573000 r-xp 00000000 08:04 2101125    /lib/i386-linux-gnu/libdl-2.15.so
b7573000-b7574000 r--p 00002000 08:04 2101125    /lib/i386-linux-gnu/libdl-2.15.so
b7574000-b7575000 rw-p 00003000 08:04 2101125    /lib/i386-linux-gnu/libdl-2.15.so
b7575000-b7719000 r-xp 00000000 08:04 2101138    /lib/i386-linux-gnu/libc-2.15.so
b7719000-b771b000 r--p 001a4000 08:04 2101138    /lib/i386-linux-gnu/libc-2.15.so
b771b000-b771c000 rw-p 001a6000 08:04 2101138    /lib/i386-linux-gnu/libc-2.15.so
b771c000-b771f000 rw-p 00000000 00:00 0 
b771f000-b7723000 r--s 00034000 08:04 923959     /usr/lib/jvm/java-7-openjdk-i386/jre/lib/ext/sunjce_provider.jar
b7723000-b7724000 r--p 005e0000 08:04 10230872   /usr/lib/locale/locale-archive
b7724000-b7725000 rw-p 00000000 00:00 0 
b7725000-b7726000 ---p 00000000 00:00 0 
b7726000-b7732000 r-xp 00000000 08:04 924088     /usr/lib/jvm/java-7-openjdk-i386/jre/lib/i386/libverify.so
b7732000-b7733000 r--p 0000b000 08:04 924088     /usr/lib/jvm/java-7-openjdk-i386/jre/lib/i386/libverify.so
b7733000-b7734000 rw-p 0000c000 08:04 924088     /usr/lib/jvm/java-7-openjdk-i386/jre/lib/i386/libverify.so
b7734000-b7741000 r-xp 00000000 08:04 923978     /usr/lib/jvm/java-7-openjdk-i386/jre/lib/i386/jli/libjli.so
b7741000-b7742000 r--p 0000c000 08:04 923978     /usr/lib/jvm/java-7-openjdk-i386/jre/lib/i386/jli/libjli.so
b7742000-b7743000 rw-p 0000d000 08:04 923978     /usr/lib/jvm/java-7-openjdk-i386/jre/lib/i386/jli/libjli.so
b7743000-b7746000 rw-p 00000000 00:00 0 
b7746000-b7747000 r-xp 00000000 00:00 0          [vdso]
b7747000-b7767000 r-xp 00000000 08:04 2101122    /lib/i386-linux-gnu/ld-2.15.so
b7767000-b7768000 r--p 0001f000 08:04 2101122    /lib/i386-linux-gnu/ld-2.15.so
b7768000-b7769000 rw-p 00020000 08:04 2101122    /lib/i386-linux-gnu/ld-2.15.so
bfd7e000-bfd7f000 rwxp 00000000 00:00 0 
bfdb1000-bfdd2000 rw-p 00000000 00:00 0          [stack]

VM Arguments:
jvm_args: -Xmx1024M -Dfile.encoding=UTF-8 -Duser.country=US -Duser.language=en -Duser.variant 
java_command: com.android.dx.command.Main --dex --output /home/haider/AndroidStudioProjects/XMPP/app/build/intermediates/dex/debug /home/haider/AndroidStudioProjects/XMPP/app/build/intermediates/classes/debug /home/haider/AndroidStudioProjects/XMPP/app/build/intermediates/pre-dexed/debug/support-annotations-22.2.0-4c437a4b09f106db02b06a5ff77e127acbd6160c.jar /home/haider/AndroidStudioProjects/XMPP/app/build/intermediates/pre-dexed/debug/internal_impl-22.2.0-090462bf1f35278f29492ca1e50781efa9a12ca6.jar /home/haider/AndroidStudioProjects/XMPP/app/build/intermediates/pre-dexed/debug/classes-300bec10ac0afc048460f82c982ae837ff634b8d.jar /home/haider/AndroidStudioProjects/XMPP/app/build/intermediates/pre-dexed/debug/classes-ebef299a5269ae7c4be300509c42d5d1671e25b6.jar /home/haider/AndroidStudioProjects/XMPP/app/build/intermediates/pre-dexed/debug/asmack-2010.05.07-682f86b7fa3f1c17850bf69b714668048cd73568.jar
Launcher Type: SUN_STANDARD

Environment Variables:
JAVA_HOME=/usr/lib/jvm/java-7-oracle
CLASSPATH=./../lib/bootstrap.jar:./../lib/extensions.jar:./../lib/util.jar:./../lib/jdom.jar:./../lib/log4j.jar:./../lib/trove4j.jar:./../lib/jna.jar:/usr/lib/jvm/java-7-oracle/lib/tools.jar
PATH=/usr/lib/lightdm/lightdm:/usr/local/sbin:/usr/local/bin:/usr/sbin:/usr/bin:/sbin:/bin:/usr/games:/usr/lib/jvm/java-7-oracle/bin:/usr/lib/jvm/java-7-oracle/db/bin:/usr/lib/jvm/java-7-oracle/jre/bin
LD_LIBRARY_PATH=.:
SHELL=/bin/bash
DISPLAY=:0

Signal Handlers:
SIGSEGV: [libjvm.so+0x80b550], sa_mask[0]=0x7ffbfeff, sa_flags=0x10000004
SIGBUS: [libjvm.so+0x80b550], sa_mask[0]=0x7ffbfeff, sa_flags=0x10000004
SIGFPE: [libjvm.so+0x6753e0], sa_mask[0]=0x7ffbfeff, sa_flags=0x10000004
SIGPIPE: [libjvm.so+0x6753e0], sa_mask[0]=0x7ffbfeff, sa_flags=0x10000004
SIGXFSZ: [libjvm.so+0x6753e0], sa_mask[0]=0x7ffbfeff, sa_flags=0x10000004
SIGILL: [libjvm.so+0x6753e0], sa_mask[0]=0x7ffbfeff, sa_flags=0x10000004
SIGUSR1: SIG_DFL, sa_mask[0]=0x00000000, sa_flags=0x00000000
SIGUSR2: [libjvm.so+0x675690], sa_mask[0]=0x00000004, sa_flags=0x10000004
SIGHUP: [libjvm.so+0x675850], sa_mask[0]=0x7ffbfeff, sa_flags=0x10000004
SIGINT: [libjvm.so+0x675850], sa_mask[0]=0x7ffbfeff, sa_flags=0x10000004
SIGTERM: [libjvm.so+0x675850], sa_mask[0]=0x7ffbfeff, sa_flags=0x10000004
SIGQUIT: [libjvm.so+0x675850], sa_mask[0]=0x7ffbfeff, sa_flags=0x10000004
SIGTRAP: SIG_DFL, sa_mask[0]=0x00000000, sa_flags=0x00000000


---------------  S Y S T E M  ---------------

OS:Ubuntu 12.04 (precise)
uname:Linux 3.2.0-74-generic-pae #109-Ubuntu SMP Tue Dec 9 17:00:00 UTC 2014 i686
libc:glibc 2.15 NPTL 2.15 
rlimit: STACK 8192k, CORE 0k, NPROC 30447, NOFILE 4096, AS infinity
load average:3.57 1.83 1.36

/proc/meminfo:
MemTotal:        3917408 kB
MemFree:          167708 kB
Buffers:            7436 kB
Cached:           314248 kB
SwapCached:            0 kB
Active:          3376256 kB
Inactive:         275092 kB
Active(anon):    3336460 kB
Inactive(anon):   239504 kB
Active(file):      39796 kB
Inactive(file):    35588 kB
Unevictable:         332 kB
Mlocked:             332 kB
HighTotal:       3075156 kB
HighFree:          12100 kB
LowTotal:         842252 kB
LowFree:          155608 kB
SwapTotal:             0 kB
SwapFree:              0 kB
Dirty:               128 kB
Writeback:          9040 kB
AnonPages:       3329892 kB
Mapped:            89860 kB
Shmem:            246332 kB
Slab:              42848 kB
SReclaimable:      20020 kB
SUnreclaim:        22828 kB
KernelStack:        6888 kB
PageTables:        24020 kB
NFS_Unstable:          0 kB
Bounce:                0 kB
WritebackTmp:          0 kB
CommitLimit:     1958704 kB
Committed_AS:    8409388 kB
VmallocTotal:     122880 kB
VmallocUsed:       18592 kB
VmallocChunk:     101252 kB
HardwareCorrupted:     0 kB
AnonHugePages:         0 kB
HugePages_Total:       0
HugePages_Free:        0
HugePages_Rsvd:        0
HugePages_Surp:        0
Hugepagesize:       2048 kB
DirectMap4k:       10232 kB
DirectMap2M:      903168 kB


CPU:total 4 (2 cores per cpu, 2 threads per core) family 6 model 37 stepping 5, cmov, cx8, fxsr, mmx, sse, sse2, sse3, ssse3, sse4.1, sse4.2, popcnt, ht, tsc, tscinvbit

/proc/cpuinfo:
processor	: 0
vendor_id	: GenuineIntel
cpu family	: 6
model		: 37
model name	: Intel(R) Core(TM) i3 CPU       M 380  @ 2.53GHz
stepping	: 5
microcode	: 0x2
cpu MHz		: 2527.000
cache size	: 3072 KB
physical id	: 0
siblings	: 4
core id		: 0
cpu cores	: 2
apicid		: 0
initial apicid	: 0
fdiv_bug	: no
hlt_bug		: no
f00f_bug	: no
coma_bug	: no
fpu		: yes
fpu_exception	: yes
cpuid level	: 11
wp		: yes
flags		: fpu vme de pse tsc msr pae mce cx8 apic sep mtrr pge mca cmov pat pse36 clflush dts acpi mmx fxsr sse sse2 ss ht tm pbe nx rdtscp lm constant_tsc arch_perfmon pebs bts xtopology nonstop_tsc aperfmperf pni dtes64 monitor ds_cpl vmx est tm2 ssse3 cx16 xtpr pdcm pcid sse4_1 sse4_2 popcnt lahf_lm arat dtherm tpr_shadow vnmi flexpriority ept vpid
bogomips	: 5053.84
clflush size	: 64
cache_alignment	: 64
address sizes	: 36 bits physical, 48 bits virtual
power management:

processor	: 1
vendor_id	: GenuineIntel
cpu family	: 6
model		: 37
model name	: Intel(R) Core(TM) i3 CPU       M 380  @ 2.53GHz
stepping	: 5
microcode	: 0x2
cpu MHz		: 2527.000
cache size	: 3072 KB
physical id	: 0
siblings	: 4
core id		: 2
cpu cores	: 2
apicid		: 4
initial apicid	: 4
fdiv_bug	: no
hlt_bug		: no
f00f_bug	: no
coma_bug	: no
fpu		: yes
fpu_exception	: yes
cpuid level	: 11
wp		: yes
flags		: fpu vme de pse tsc msr pae mce cx8 apic sep mtrr pge mca cmov pat pse36 clflush dts acpi mmx fxsr sse sse2 ss ht tm pbe nx rdtscp lm constant_tsc arch_perfmon pebs bts xtopology nonstop_tsc aperfmperf pni dtes64 monitor ds_cpl vmx est tm2 ssse3 cx16 xtpr pdcm pcid sse4_1 sse4_2 popcnt lahf_lm arat dtherm tpr_shadow vnmi flexpriority ept vpid
bogomips	: 5053.85
clflush size	: 64
cache_alignment	: 64
address sizes	: 36 bits physical, 48 bits virtual
power management:

processor	: 2
vendor_id	: GenuineIntel
cpu family	: 6
model		: 37
model name	: Intel(R) Core(TM) i3 CPU       M 380  @ 2.53GHz
stepping	: 5
microcode	: 0x2
cpu MHz		: 2527.000
cache size	: 3072 KB
physical id	: 0
siblings	: 4
core id		: 0
cpu cores	: 2
apicid		: 1
initial apicid	: 1
fdiv_bug	: no
hlt_bug		: no
f00f_bug	: no
coma_bug	: no
fpu		: yes
fpu_exception	: yes
cpuid level	: 11
wp		: yes
flags		: fpu vme de pse tsc msr pae mce cx8 apic sep mtrr pge mca cmov pat pse36 clflush dts acpi mmx fxsr sse sse2 ss ht tm pbe nx rdtscp lm constant_tsc arch_perfmon pebs bts xtopology nonstop_tsc aperfmperf pni dtes64 monitor ds_cpl vmx est tm2 ssse3 cx16 xtpr pdcm pcid sse4_1 sse4_2 popcnt lahf_lm arat dtherm tpr_shadow vnmi flexpriority ept vpid
bogomips	: 5053.89
clflush size	: 64
cache_alignment	: 64
address sizes	: 36 bits physical, 48 bits virtual
power management:

processor	: 3
vendor_id	: GenuineIntel
cpu family	: 6
model		: 37
model name	: Intel(R) Core(TM) i3 CPU       M 380  @ 2.53GHz
stepping	: 5
microcode	: 0x2
cpu MHz		: 2527.000
cache size	: 3072 KB
physical id	: 0
siblings	: 4
core id		: 2
cpu cores	: 2
apicid		: 5
initial apicid	: 5
fdiv_bug	: no
hlt_bug		: no
f00f_bug	: no
coma_bug	: no
fpu		: yes
fpu_exception	: yes
cpuid level	: 11
wp		: yes
flags		: fpu vme de pse tsc msr pae mce cx8 apic sep mtrr pge mca cmov pat pse36 clflush dts acpi mmx fxsr sse sse2 ss ht tm pbe nx rdtscp lm constant_tsc arch_perfmon pebs bts xtopology nonstop_tsc aperfmperf pni dtes64 monitor ds_cpl vmx est tm2 ssse3 cx16 xtpr pdcm pcid sse4_1 sse4_2 popcnt lahf_lm arat dtherm tpr_shadow vnmi flexpriority ept vpid
bogomips	: 5053.89
clflush size	: 64
cache_alignment	: 64
address sizes	: 36 bits physical, 48 bits virtual
power management:



Memory: 4k page, physical 3917408k(167708k free), swap 0k(0k free)

vm_info: OpenJDK Server VM (24.75-b04) for linux-x86 JRE (1.7.0_75-b13), built on Jan 27 2015 16:24:35 by "buildd" with gcc 4.6.3

time: Thu Jul 30 20:02:17 2015
elapsed time: 6 seconds

