#
# There is insufficient memory for the Java Runtime Environment to continue.
# Native memory allocation (malloc) failed to allocate 63438848 bytes for committing reserved memory.
# Possible reasons:
#   The system is out of physical RAM or swap space
#   In 32 bit mode, the process size limit was hit
# Possible solutions:
#   Reduce memory load on the system
#   Increase physical memory or swap space
#   Check if swap backing store is full
#   Use 64 bit Java on a 64 bit OS
#   Decrease Java heap size (-Xmx/-Xms)
#   Decrease number of Java threads
#   Decrease Java thread stack sizes (-Xss)
#   Set larger code cache with -XX:ReservedCodeCacheSize=
# This output file may be truncated or incomplete.
#
#  Out of Memory Error (os_linux.cpp:2756), pid=15365, tid=1813728064
#
# JRE version: Java(TM) SE Runtime Environment (7.0_72-b14) (build 1.7.0_72-b14)
# Java VM: Java HotSpot(TM) Server VM (24.72-b04 mixed mode linux-x86 )
# Failed to write core dump. Core dumps have been disabled. To enable core dumping, try "ulimit -c unlimited" before starting Java again
#

---------------  T H R E A D  ---------------

Current thread (0x6c080c00):  VMThread [stack: 0x6c134000,0x6c1b5000] [id=15380]

Stack: [0x6c134000,0x6c1b5000],  sp=0x6c1b3a30,  free space=510k
Native frames: (J=compiled Java code, j=interpreted, Vv=VM code, C=native code)
V  [libjvm.so+0x7e8a76]  VMError::report_and_die()+0x1a6
V  [libjvm.so+0x33d9e2]  report_vm_out_of_memory(char const*, int, unsigned int, char const*)+0x72
V  [libjvm.so+0x685b01]  os::Linux::commit_memory_impl(char*, unsigned int, bool)+0xe1
V  [libjvm.so+0x685fc8]  os::pd_commit_memory(char*, unsigned int, unsigned int, bool)+0x28
V  [libjvm.so+0x67f70c]  os::commit_memory(char*, unsigned int, unsigned int, bool)+0x2c
V  [libjvm.so+0x6e9368]  PSVirtualSpace::expand_by(unsigned int)+0x48
V  [libjvm.so+0x6ea46a]  PSYoungGen::resize_generation(unsigned int, unsigned int)+0xda
V  [libjvm.so+0x6e97a9]  PSYoungGen::resize(unsigned int, unsigned int)+0x19
V  [libjvm.so+0x6e715e]  PSScavenge::invoke_no_policy()+0xd5e
V  [libjvm.so+0x6e7938]  PSScavenge::invoke()+0x28
V  [libjvm.so+0x6a573a]  ParallelScavengeHeap::failed_mem_allocate(unsigned int)+0x5a
V  [libjvm.so+0x7ea30a]  VM_ParallelGCFailedAllocation::doit()+0x7a
V  [libjvm.so+0x7f3127]  VM_Operation::evaluate()+0x47
V  [libjvm.so+0x7f11c3]  VMThread::evaluate_operation(VM_Operation*)+0xb3
V  [libjvm.so+0x7f1560]  VMThread::loop()+0x1b0
V  [libjvm.so+0x7f19c5]  VMThread::run()+0x85
V  [libjvm.so+0x687dd9]  java_start(Thread*)+0x119
C  [libpthread.so.0+0x6d4c]  start_thread+0xcc

VM_Operation (0xb6811bb4): ParallelGCFailedAllocation, mode: safepoint, requested by thread 0xb6607c00


---------------  P R O C E S S  ---------------

Java Threads: ( => current thread )
  0x6c09ac00 JavaThread "Service Thread" daemon [_thread_blocked, id=15388, stack(0x6ba5c000,0x6baad000)]
  0x6c099000 JavaThread "C2 CompilerThread1" daemon [_thread_blocked, id=15387, stack(0x6baad000,0x6bb2e000)]
  0x6c097000 JavaThread "C2 CompilerThread0" daemon [_thread_blocked, id=15386, stack(0x6bb2e000,0x6bbaf000)]
  0x6c095400 JavaThread "Signal Dispatcher" daemon [_thread_blocked, id=15385, stack(0x6bbaf000,0x6bc00000)]
  0x6c084c00 JavaThread "Finalizer" daemon [_thread_blocked, id=15382, stack(0x6eb2e000,0x6eb7f000)]
  0x6c083400 JavaThread "Reference Handler" daemon [_thread_blocked, id=15381, stack(0x6ed2e000,0x6ed7f000)]
  0xb6607c00 JavaThread "main" [_thread_blocked, id=15371, stack(0xb67c2000,0xb6813000)]

Other Threads:
=>0x6c080c00 VMThread [stack: 0x6c134000,0x6c1b5000] [id=15380]
  0x6c09cc00 WatcherThread [stack: 0x6b9db000,0x6ba5c000] [id=15389]

VM state:at safepoint (normal execution)

VM Mutex/Monitor currently owned by a thread:  ([mutex/lock_event])
[0xb6605450] Threads_lock - owner thread: 0x6c080c00
[0xb6605860] Heap_lock - owner thread: 0xb6607c00

Heap
 PSYoungGen      total 33280K, used 2544K [0x9dfc0000, 0xa02c0000, 0xb3540000)
  eden space 30720K, 0% used [0x9dfc0000,0x9dfc0000,0x9fdc0000)
  from space 2560K, 99% used [0x9fdc0000,0xa003c208,0xa0040000)
  to   space 2560K, 0% used [0xa0040000,0xa0040000,0xa02c0000)
 ParOldGen       total 40704K, used 29377K [0x73540000, 0x75d00000, 0x9dfc0000)
  object space 40704K, 72% used [0x73540000,0x751f0600,0x75d00000)
 PSPermGen       total 16384K, used 4421K [0x6f540000, 0x70540000, 0x73540000)
  object space 16384K, 26% used [0x6f540000,0x6f991610,0x70540000)

Card table byte_map: [0x6f31f000,0x6f540000] byte_map_base: 0x6efa4600

Polling page: 0xb7733000

Code Cache  [0xb3600000, 0xb3840000, 0xb6600000)
 total_blobs=542 nmethods=410 adapters=86 free_code_cache=48196Kb largest_free_block=49323200

Compilation events (10 events):
Event: 5.186 Thread 0x6c099000 nmethod 407 0xb36f0088 code [0xb36f0220, 0xb36f0a5c]
Event: 5.186 Thread 0x6c099000  408             java.util.ComparableTimSort::mergeLo (652 bytes)
Event: 5.187 Thread 0x6c097000 nmethod 376 0xb36f1448 code [0xb36f17e0, 0xb36f2ffc]
Event: 5.187 Thread 0x6c097000  409             java.util.ComparableTimSort::mergeHi (716 bytes)
Event: 5.230 Thread 0x6c099000 nmethod 408 0xb36e6c88 code [0xb36e6e80, 0xb36e8410]
Event: 5.230 Thread 0x6c099000  410             com.android.dx.merge.DexMerger::access$1800 (6 bytes)
Event: 5.231 Thread 0x6c099000 nmethod 410 0xb36cb608 code [0xb36cb700, 0xb36cb770]
Event: 5.231 Thread 0x6c099000  411             com.android.dx.merge.DexMerger::getIndexMap (34 bytes)
Event: 5.232 Thread 0x6c099000 nmethod 411 0xb36cb448 code [0xb36cb540, 0xb36cb5b0]
Event: 5.232 Thread 0x6c099000  412             com.android.dx.merge.DexMerger::transformAnnotationSet (82 bytes)

GC Heap History (9 events):
Event: 3.732 GC heap before
{Heap before GC invocations=1 (full 0):
 PSYoungGen      total 17920K, used 15229K [0x9dfc0000, 0x9f3c0000, 0xb3540000)
  eden space 15360K, 99% used [0x9dfc0000,0x9ee9f7c0,0x9eec0000)
  from space 2560K, 0% used [0x9f140000,0x9f140000,0x9f3c0000)
  to   space 2560K, 0% used [0x9eec0000,0x9eec0000,0x9f140000)
 ParOldGen       total 40704K, used 0K [0x73540000, 0x75d00000, 0x9dfc0000)
  object space 40704K, 0% used [0x73540000,0x73540000,0x75d00000)
 PSPermGen       total 16384K, used 3525K [0x6f540000, 0x70540000, 0x73540000)
  object space 16384K, 21% used [0x6f540000,0x6f8b14b8,0x70540000)
Event: 3.739 GC heap after
Heap after GC invocations=1 (full 0):
 PSYoungGen      total 17920K, used 2548K [0x9dfc0000, 0x9f3c0000, 0xb3540000)
  eden space 15360K, 0% used [0x9dfc0000,0x9dfc0000,0x9eec0000)
  from space 2560K, 99% used [0x9eec0000,0x9f13d050,0x9f140000)
  to   space 2560K, 0% used [0x9f140000,0x9f140000,0x9f3c0000)
 ParOldGen       total 40704K, used 1930K [0x73540000, 0x75d00000, 0x9dfc0000)
  object space 40704K, 4% used [0x73540000,0x73722930,0x75d00000)
 PSPermGen       total 16384K, used 3525K [0x6f540000, 0x70540000, 0x73540000)
  object space 16384K, 21% used [0x6f540000,0x6f8b14b8,0x70540000)
}
Event: 4.462 GC heap before
{Heap before GC invocations=2 (full 0):
 PSYoungGen      total 17920K, used 17908K [0x9dfc0000, 0x9f3c0000, 0xb3540000)
  eden space 15360K, 100% used [0x9dfc0000,0x9eec0000,0x9eec0000)
  from space 2560K, 99% used [0x9eec0000,0x9f13d050,0x9f140000)
  to   space 2560K, 0% used [0x9f140000,0x9f140000,0x9f3c0000)
 ParOldGen       total 40704K, used 1930K [0x73540000, 0x75d00000, 0x9dfc0000)
  object space 40704K, 4% used [0x73540000,0x73722930,0x75d00000)
 PSPermGen       total 16384K, used 4369K [0x6f540000, 0x70540000, 0x73540000)
  object space 16384K, 26% used [0x6f540000,0x6f984468,0x70540000)
Event: 4.468 GC heap after
Heap after GC invocations=2 (full 0):
 PSYoungGen      total 17920K, used 2559K [0x9dfc0000, 0x9f3c0000, 0xb3540000)
  eden space 15360K, 0% used [0x9dfc0000,0x9dfc0000,0x9eec0000)
  from space 2560K, 99% used [0x9f140000,0x9f3bfdd0,0x9f3c0000)
  to   space 2560K, 0% used [0x9eec0000,0x9eec0000,0x9f140000)
 ParOldGen       total 40704K, used 5532K [0x73540000, 0x75d00000, 0x9dfc0000)
  object space 40704K, 13% used [0x73540000,0x73aa71f8,0x75d00000)
 PSPermGen       total 16384K, used 4369K [0x6f540000, 0x70540000, 0x73540000)
  object space 16384K, 26% used [0x6f540000,0x6f984468,0x70540000)
}
Event: 4.754 GC heap before
{Heap before GC invocations=3 (full 0):
 PSYoungGen      total 17920K, used 17919K [0x9dfc0000, 0x9f3c0000, 0xb3540000)
  eden space 15360K, 100% used [0x9dfc0000,0x9eec0000,0x9eec0000)
  from space 2560K, 99% used [0x9f140000,0x9f3bfdd0,0x9f3c0000)
  to   space 2560K, 0% used [0x9eec0000,0x9eec0000,0x9f140000)
 ParOldGen       total 40704K, used 5532K [0x73540000, 0x75d00000, 0x9dfc0000)
  object space 40704K, 13% used [0x73540000,0x73aa71f8,0x75d00000)
 PSPermGen       total 16384K, used 4390K [0x6f540000, 0x70540000, 0x73540000)
  object space 16384K, 26% used [0x6f540000,0x6f989be0,0x70540000)
Event: 4.761 GC heap after
Heap after GC invocations=3 (full 0):
 PSYoungGen      total 17920K, used 2549K [0x9dfc0000, 0xa02c0000, 0xb3540000)
  eden space 15360K, 0% used [0x9dfc0000,0x9dfc0000,0x9eec0000)
  from space 2560K, 99% used [0x9eec0000,0x9f13d6e0,0x9f140000)
  to   space 2560K, 0% used [0xa0040000,0xa0040000,0xa02c0000)
 ParOldGen       total 40704K, used 17205K [0x73540000, 0x75d00000, 0x9dfc0000)
  object space 40704K, 42% used [0x73540000,0x7460d6c0,0x75d00000)
 PSPermGen       total 16384K, used 4390K [0x6f540000, 0x70540000, 0x73540000)
  object space 16384K, 26% used [0x6f540000,0x6f989be0,0x70540000)
}
Event: 4.958 GC heap before
{Heap before GC invocations=4 (full 0):
 PSYoungGen      total 17920K, used 17909K [0x9dfc0000, 0xa02c0000, 0xb3540000)
  eden space 15360K, 100% used [0x9dfc0000,0x9eec0000,0x9eec0000)
  from space 2560K, 99% used [0x9eec0000,0x9f13d6e0,0x9f140000)
  to   space 2560K, 0% used [0xa0040000,0xa0040000,0xa02c0000)
 ParOldGen       total 40704K, used 17205K [0x73540000, 0x75d00000, 0x9dfc0000)
  object space 40704K, 42% used [0x73540000,0x7460d6c0,0x75d00000)
 PSPermGen       total 16384K, used 4407K [0x6f540000, 0x70540000, 0x73540000)
  object space 16384K, 26% used [0x6f540000,0x6f98dcc0,0x70540000)
Event: 4.965 GC heap after
Heap after GC invocations=4 (full 0):
 PSYoungGen      total 33280K, used 2544K [0x9dfc0000, 0xa02c0000, 0xb3540000)
  eden space 30720K, 0% used [0x9dfc0000,0x9dfc0000,0x9fdc0000)
  from space 2560K, 99% used [0xa0040000,0xa02bc308,0xa02c0000)
  to   space 2560K, 0% used [0x9fdc0000,0x9fdc0000,0xa0040000)
 ParOldGen       total 40704K, used 17897K [0x73540000, 0x75d00000, 0x9dfc0000)
  object space 40704K, 43% used [0x73540000,0x746ba750,0x75d00000)
 PSPermGen       total 16384K, used 4407K [0x6f540000, 0x70540000, 0x73540000)
  object space 16384K, 26% used [0x6f540000,0x6f98dcc0,0x70540000)
}
Event: 5.242 GC heap before
{Heap before GC invocations=5 (full 0):
 PSYoungGen      total 33280K, used 33264K [0x9dfc0000, 0xa02c0000, 0xb3540000)
  eden space 30720K, 100% used [0x9dfc0000,0x9fdc0000,0x9fdc0000)
  from space 2560K, 99% used [0xa0040000,0xa02bc308,0xa02c0000)
  to   space 2560K, 0% used [0x9fdc0000,0x9fdc0000,0xa0040000)
 ParOldGen       total 40704K, used 17897K [0x73540000, 0x75d00000, 0x9dfc0000)
  object space 40704K, 43% used [0x73540000,0x746ba750,0x75d00000)
 PSPermGen       total 16384K, used 4421K [0x6f540000, 0x70540000, 0x73540000)
  object space 16384K, 26% used [0x6f540000,0x6f991610,0x70540000)

Deoptimization events (6 events):
Event: 4.385 Thread 0xb6607c00 Uncommon trap: reason=class_check action=maybe_recompile pc=0xb367881c method=com.android.dex.Leb128.readUnsignedLeb128(Lcom/android/dex/util/ByteInput;)I @ 5
Event: 4.385 Thread 0xb6607c00 Uncommon trap: reason=class_check action=maybe_recompile pc=0xb367881c method=com.android.dex.Leb128.readUnsignedLeb128(Lcom/android/dex/util/ByteInput;)I @ 5
Event: 4.385 Thread 0xb6607c00 Uncommon trap: reason=class_check action=maybe_recompile pc=0xb367881c method=com.android.dex.Leb128.readUnsignedLeb128(Lcom/android/dex/util/ByteInput;)I @ 5
Event: 4.385 Thread 0xb6607c00 Uncommon trap: reason=class_check action=maybe_recompile pc=0xb367881c method=com.android.dex.Leb128.readUnsignedLeb128(Lcom/android/dex/util/ByteInput;)I @ 5
Event: 4.562 Thread 0xb6607c00 Uncommon trap: reason=predicate action=maybe_recompile pc=0xb368516c method=com.android.dex.Leb128.readUnsignedLeb128(Lcom/android/dex/util/ByteInput;)I @ 41
Event: 5.044 Thread 0xb6607c00 Uncommon trap: reason=predicate action=maybe_recompile pc=0xb36b79d4 method=java.util.ComparableTimSort.binarySort([Ljava/lang/Object;III)V @ 37

Internal exceptions (10 events):
Event: 4.227 Thread 0xb6607c00 Threw 0x9eabe730 at /HUDSON/workspace/7u-2-build-linux-i586/jdk7u72/1606/hotspot/src/share/vm/prims/jvm.cpp:1281
Event: 4.227 Thread 0xb6607c00 Threw 0x9eac1970 at /HUDSON/workspace/7u-2-build-linux-i586/jdk7u72/1606/hotspot/src/share/vm/prims/jvm.cpp:1281
Event: 4.227 Thread 0xb6607c00 Threw 0x9eac4d00 at /HUDSON/workspace/7u-2-build-linux-i586/jdk7u72/1606/hotspot/src/share/vm/prims/jvm.cpp:1281
Event: 4.229 Thread 0xb6607c00 Threw 0x9eac9da0 at /HUDSON/workspace/7u-2-build-linux-i586/jdk7u72/1606/hotspot/src/share/vm/prims/jvm.cpp:1281
Event: 4.229 Thread 0xb6607c00 Threw 0x9eaccaf0 at /HUDSON/workspace/7u-2-build-linux-i586/jdk7u72/1606/hotspot/src/share/vm/prims/jvm.cpp:1281
Event: 4.230 Thread 0xb6607c00 Threw 0x9eacf9d8 at /HUDSON/workspace/7u-2-build-linux-i586/jdk7u72/1606/hotspot/src/share/vm/prims/jvm.cpp:1281
Event: 4.230 Thread 0xb6607c00 Threw 0x9ead2cf8 at /HUDSON/workspace/7u-2-build-linux-i586/jdk7u72/1606/hotspot/src/share/vm/prims/jvm.cpp:1281
Event: 4.232 Thread 0xb6607c00 Threw 0x9ead9670 at /HUDSON/workspace/7u-2-build-linux-i586/jdk7u72/1606/hotspot/src/share/vm/prims/jvm.cpp:1281
Event: 4.233 Thread 0xb6607c00 Threw 0x9eadb778 at /HUDSON/workspace/7u-2-build-linux-i586/jdk7u72/1606/hotspot/src/share/vm/prims/jvm.cpp:1281
Event: 4.686 Thread 0xb6607c00 Threw 0x9e83a008 at /HUDSON/workspace/7u-2-build-linux-i586/jdk7u72/1606/hotspot/src/share/vm/prims/jvm.cpp:1281

Events (10 events):
Event: 4.686 loading class 0x6b8ba0b0
Event: 4.686 loading class 0x6b8ba0b0 done
Event: 4.754 Executing VM operation: ParallelGCFailedAllocation
Event: 4.761 Executing VM operation: ParallelGCFailedAllocation done
Event: 4.958 Executing VM operation: ParallelGCFailedAllocation
Event: 4.965 Executing VM operation: ParallelGCFailedAllocation done
Event: 5.044 Thread 0xb6607c00 Uncommon trap: trap_request=0xffffff86 fr.pc=0xb36b79d4
Event: 5.044 Thread 0xb6607c00 DEOPT PACKING pc=0xb36b79d4 sp=0xb6811d30
Event: 5.044 Thread 0xb6607c00 DEOPT UNPACKING pc=0xb362cbc8 sp=0xb6811d38 mode 2
Event: 5.242 Executing VM operation: ParallelGCFailedAllocation


Dynamic libraries:
08048000-08049000 r-xp 00000000 08:04 1968239    /usr/lib/jvm/java-7-oracle/bin/java
08049000-0804a000 rw-p 00000000 08:04 1968239    /usr/lib/jvm/java-7-oracle/bin/java
091b0000-091d1000 rw-p 00000000 00:00 0          [heap]
6b200000-6b2f7000 rw-p 00000000 00:00 0 
6b2f7000-6b300000 ---p 00000000 00:00 0 
6b300000-6b3f5000 rw-p 00000000 00:00 0 
6b3f5000-6b400000 ---p 00000000 00:00 0 
6b400000-6b500000 rw-p 00000000 00:00 0 
6b500000-6b5da000 rw-p 00000000 00:00 0 
6b5da000-6b600000 ---p 00000000 00:00 0 
6b600000-6b6d6000 rw-p 00000000 00:00 0 
6b6d6000-6b700000 ---p 00000000 00:00 0 
6b700000-6b7fe000 rw-p 00000000 00:00 0 
6b7fe000-6b800000 ---p 00000000 00:00 0 
6b800000-6b8d3000 rw-p 00000000 00:00 0 
6b8d3000-6b900000 ---p 00000000 00:00 0 
6b9db000-6b9dc000 ---p 00000000 00:00 0 
6b9dc000-6ba5c000 rw-p 00000000 00:00 0 
6ba5c000-6ba5f000 ---p 00000000 00:00 0 
6ba5f000-6baad000 rw-p 00000000 00:00 0 
6baad000-6bab0000 ---p 00000000 00:00 0 
6bab0000-6bb2e000 rw-p 00000000 00:00 0 
6bb2e000-6bb31000 ---p 00000000 00:00 0 
6bb31000-6bbaf000 rw-p 00000000 00:00 0 
6bbaf000-6bbb2000 ---p 00000000 00:00 0 
6bbb2000-6bc00000 rw-p 00000000 00:00 0 
6bc00000-6be00000 r--p 00000000 08:04 10230872   /usr/lib/locale/locale-archive
6be00000-6bef4000 rw-p 00000000 00:00 0 
6bef4000-6bf00000 ---p 00000000 00:00 0 
6bf00000-6bf21000 rw-p 00000000 00:00 0 
6bf21000-6c000000 ---p 00000000 00:00 0 
6c000000-6c0ff000 rw-p 00000000 00:00 0 
6c0ff000-6c100000 ---p 00000000 00:00 0 
6c134000-6c135000 ---p 00000000 00:00 0 
6c135000-6c200000 rw-p 00000000 00:00 0 
6c200000-6c3c0000 r--s 039ea000 08:04 1969059    /usr/lib/jvm/java-7-oracle/jre/lib/rt.jar
6c3c0000-6ea00000 rw-p 00000000 00:00 0 
6ea00000-6eaff000 rw-p 00000000 00:00 0 
6eaff000-6eb00000 ---p 00000000 00:00 0 
6eb2e000-6eb31000 ---p 00000000 00:00 0 
6eb31000-6eb7f000 rw-p 00000000 00:00 0 
6eb7f000-6eb80000 ---p 00000000 00:00 0 
6eb80000-6ec00000 rw-p 00000000 00:00 0 
6ec00000-6ec21000 rw-p 00000000 00:00 0 
6ec21000-6ed00000 ---p 00000000 00:00 0 
6ed2e000-6ed31000 ---p 00000000 00:00 0 
6ed31000-6ed7f000 rw-p 00000000 00:00 0 
6ed7f000-6ed80000 ---p 00000000 00:00 0 
6ed80000-6ee00000 rw-p 00000000 00:00 0 
6ee00000-6ee21000 rw-p 00000000 00:00 0 
6ee21000-6ef00000 ---p 00000000 00:00 0 
6ef0e000-6ef23000 r-xp 00000000 08:04 1968306    /usr/lib/jvm/java-7-oracle/jre/lib/i386/libnet.so
6ef23000-6ef24000 rw-p 00014000 08:04 1968306    /usr/lib/jvm/java-7-oracle/jre/lib/i386/libnet.so
6ef24000-6ef7f000 rw-p 00000000 00:00 0 
6ef7f000-6ef80000 ---p 00000000 00:00 0 
6ef80000-6f000000 rw-p 00000000 00:00 0 
6f000000-6f021000 rw-p 00000000 00:00 0 
6f021000-6f100000 ---p 00000000 00:00 0 
6f110000-6f11e000 r-xp 00000000 08:04 1968294    /usr/lib/jvm/java-7-oracle/jre/lib/i386/libnio.so
6f11e000-6f11f000 rw-p 0000e000 08:04 1968294    /usr/lib/jvm/java-7-oracle/jre/lib/i386/libnio.so
6f11f000-6f12e000 r--s 000dd000 08:04 5898350    /home/haider/Downloads/android-sdk-linux/build-tools/22.0.1/lib/dx.jar
6f12e000-6f148000 rw-p 00000000 00:00 0 
6f148000-6f149000 ---p 00000000 00:00 0 
6f149000-6f1dd000 rw-p 00000000 00:00 0 
6f1dd000-6f31f000 rw-p 00000000 00:00 0 
6f31f000-6f327000 rw-p 00000000 00:00 0 
6f327000-6f33f000 rw-p 00000000 00:00 0 
6f33f000-6f353000 rw-p 00000000 00:00 0 
6f353000-6f494000 rw-p 00000000 00:00 0 
6f494000-6f4a6000 rw-p 00000000 00:00 0 
6f4a6000-6f53f000 rw-p 00000000 00:00 0 
6f53f000-70540000 rw-p 00000000 00:00 0 
70540000-73540000 rw-p 00000000 00:00 0 
73540000-75d00000 rw-p 00000000 00:00 0 
75d00000-9dfc0000 rw-p 00000000 00:00 0 
9dfc0000-a02c0000 rw-p 00000000 00:00 0 
a3d23000-a3f40000 rw-p 00000000 00:00 0 
a3f40000-b3540000 rw-p 00000000 00:00 0 
b3540000-b3549000 rw-p 00000000 00:00 0 
b3549000-b3600000 rw-p 00000000 00:00 0 
b3600000-b3840000 rwxp 00000000 00:00 0 
b3840000-b66f6000 rw-p 00000000 00:00 0 
b66f6000-b6700000 ---p 00000000 00:00 0 
b670c000-b6714000 rw-p 00000000 00:00 0 
b6714000-b672c000 rw-p 00000000 00:00 0 
b672c000-b6743000 r-xp 00000000 08:04 1968349    /usr/lib/jvm/java-7-oracle/jre/lib/i386/libzip.so
b6743000-b6744000 rw-p 00017000 08:04 1968349    /usr/lib/jvm/java-7-oracle/jre/lib/i386/libzip.so
b6744000-b674f000 r-xp 00000000 08:04 2101123    /lib/i386-linux-gnu/libnss_files-2.15.so
b674f000-b6750000 r--p 0000a000 08:04 2101123    /lib/i386-linux-gnu/libnss_files-2.15.so
b6750000-b6751000 rw-p 0000b000 08:04 2101123    /lib/i386-linux-gnu/libnss_files-2.15.so
b6751000-b675b000 r-xp 00000000 08:04 2101140    /lib/i386-linux-gnu/libnss_nis-2.15.so
b675b000-b675c000 r--p 00009000 08:04 2101140    /lib/i386-linux-gnu/libnss_nis-2.15.so
b675c000-b675d000 rw-p 0000a000 08:04 2101140    /lib/i386-linux-gnu/libnss_nis-2.15.so
b675d000-b6773000 r-xp 00000000 08:04 2101130    /lib/i386-linux-gnu/libnsl-2.15.so
b6773000-b6774000 r--p 00015000 08:04 2101130    /lib/i386-linux-gnu/libnsl-2.15.so
b6774000-b6775000 rw-p 00016000 08:04 2101130    /lib/i386-linux-gnu/libnsl-2.15.so
b6775000-b6777000 rw-p 00000000 00:00 0 
b6777000-b677e000 r-xp 00000000 08:04 2101126    /lib/i386-linux-gnu/libnss_compat-2.15.so
b677e000-b677f000 r--p 00006000 08:04 2101126    /lib/i386-linux-gnu/libnss_compat-2.15.so
b677f000-b6780000 rw-p 00007000 08:04 2101126    /lib/i386-linux-gnu/libnss_compat-2.15.so
b678d000-b6795000 rw-s 00000000 08:04 3939532    /tmp/hsperfdata_haider/15365
b6795000-b67b8000 r-xp 00000000 08:04 1968353    /usr/lib/jvm/java-7-oracle/jre/lib/i386/libjava.so
b67b8000-b67b9000 rw-p 00023000 08:04 1968353    /usr/lib/jvm/java-7-oracle/jre/lib/i386/libjava.so
b67b9000-b67c0000 r-xp 00000000 08:04 2101134    /lib/i386-linux-gnu/librt-2.15.so
b67c0000-b67c1000 r--p 00006000 08:04 2101134    /lib/i386-linux-gnu/librt-2.15.so
b67c1000-b67c2000 rw-p 00007000 08:04 2101134    /lib/i386-linux-gnu/librt-2.15.so
b67c2000-b67c5000 ---p 00000000 00:00 0 
b67c5000-b6813000 rw-p 00000000 00:00 0 
b6813000-b683d000 r-xp 00000000 08:04 2101128    /lib/i386-linux-gnu/libm-2.15.so
b683d000-b683e000 r--p 00029000 08:04 2101128    /lib/i386-linux-gnu/libm-2.15.so
b683e000-b683f000 rw-p 0002a000 08:04 2101128    /lib/i386-linux-gnu/libm-2.15.so
b683f000-b70c4000 r-xp 00000000 08:04 1968321    /usr/lib/jvm/java-7-oracle/jre/lib/i386/server/libjvm.so
b70c4000-b7128000 rw-p 00884000 08:04 1968321    /usr/lib/jvm/java-7-oracle/jre/lib/i386/server/libjvm.so
b7128000-b754c000 rw-p 00000000 00:00 0 
b754c000-b76f0000 r-xp 00000000 08:04 2101138    /lib/i386-linux-gnu/libc-2.15.so
b76f0000-b76f2000 r--p 001a4000 08:04 2101138    /lib/i386-linux-gnu/libc-2.15.so
b76f2000-b76f3000 rw-p 001a6000 08:04 2101138    /lib/i386-linux-gnu/libc-2.15.so
b76f3000-b76f6000 rw-p 00000000 00:00 0 
b76f6000-b76f9000 r-xp 00000000 08:04 2101125    /lib/i386-linux-gnu/libdl-2.15.so
b76f9000-b76fa000 r--p 00002000 08:04 2101125    /lib/i386-linux-gnu/libdl-2.15.so
b76fa000-b76fb000 rw-p 00003000 08:04 2101125    /lib/i386-linux-gnu/libdl-2.15.so
b76fb000-b76fc000 rw-p 00000000 00:00 0 
b76fc000-b770f000 r-xp 00000000 08:04 1840170    /usr/lib/jvm/java-7-oracle/lib/i386/jli/libjli.so
b770f000-b7710000 rw-p 00012000 08:04 1840170    /usr/lib/jvm/java-7-oracle/lib/i386/jli/libjli.so
b7710000-b7727000 r-xp 00000000 08:04 2101132    /lib/i386-linux-gnu/libpthread-2.15.so
b7727000-b7728000 r--p 00016000 08:04 2101132    /lib/i386-linux-gnu/libpthread-2.15.so
b7728000-b7729000 rw-p 00017000 08:04 2101132    /lib/i386-linux-gnu/libpthread-2.15.so
b7729000-b772c000 rw-p 00000000 00:00 0 
b772c000-b7731000 r--s 0008a000 08:04 1968361    /usr/lib/jvm/java-7-oracle/jre/lib/jsse.jar
b7731000-b7732000 r--p 005e0000 08:04 10230872   /usr/lib/locale/locale-archive
b7732000-b7733000 rw-p 00000000 00:00 0 
b7733000-b7734000 ---p 00000000 00:00 0 
b7734000-b773f000 r-xp 00000000 08:04 1968315    /usr/lib/jvm/java-7-oracle/jre/lib/i386/libverify.so
b773f000-b7740000 rw-p 0000b000 08:04 1968315    /usr/lib/jvm/java-7-oracle/jre/lib/i386/libverify.so
b7740000-b7742000 rw-p 00000000 00:00 0 
b7742000-b7743000 r-xp 00000000 00:00 0          [vdso]
b7743000-b7763000 r-xp 00000000 08:04 2101122    /lib/i386-linux-gnu/ld-2.15.so
b7763000-b7764000 r--p 0001f000 08:04 2101122    /lib/i386-linux-gnu/ld-2.15.so
b7764000-b7765000 rw-p 00020000 08:04 2101122    /lib/i386-linux-gnu/ld-2.15.so
bff52000-bff53000 rwxp 00000000 00:00 0 
bff84000-bffa6000 rw-p 00000000 00:00 0          [stack]

VM Arguments:
jvm_args: -Xmx1024M -Dfile.encoding=UTF-8 -Duser.country=US -Duser.language=en -Duser.variant 
java_command: com.android.dx.command.Main --dex --output /home/haider/AndroidStudioProjects/XMPP/app/build/intermediates/dex/debug /home/haider/AndroidStudioProjects/XMPP/app/build/intermediates/classes/debug /home/haider/AndroidStudioProjects/XMPP/app/build/intermediates/pre-dexed/debug/support-annotations-22.2.0-4c437a4b09f106db02b06a5ff77e127acbd6160c.jar /home/haider/AndroidStudioProjects/XMPP/app/build/intermediates/pre-dexed/debug/internal_impl-22.2.0-090462bf1f35278f29492ca1e50781efa9a12ca6.jar /home/haider/AndroidStudioProjects/XMPP/app/build/intermediates/pre-dexed/debug/classes-300bec10ac0afc048460f82c982ae837ff634b8d.jar /home/haider/AndroidStudioProjects/XMPP/app/build/intermediates/pre-dexed/debug/asmack-android-8-4.0.6-3a41086817b56dbf30f8e444a0102502836500dc.jar /home/haider/AndroidStudioProjects/XMPP/app/build/intermediates/pre-dexed/debug/classes-ebef299a5269ae7c4be300509c42d5d1671e25b6.jar
Launcher Type: SUN_STANDARD

Environment Variables:
JAVA_HOME=/usr/lib/jvm/java-7-oracle
CLASSPATH=./../lib/bootstrap.jar:./../lib/extensions.jar:./../lib/util.jar:./../lib/jdom.jar:./../lib/log4j.jar:./../lib/trove4j.jar:./../lib/jna.jar:/usr/lib/jvm/java-7-oracle/lib/tools.jar
PATH=/usr/local/heroku/bin:/home/haider/.rbenv/plugins/ruby-build/bin:/home/haider/.rbenv/shims:/home/haider/.rbenv/bin:/usr/lib/lightdm/lightdm:/usr/local/sbin:/usr/local/bin:/usr/sbin:/usr/bin:/sbin:/bin:/usr/games:/usr/lib/jvm/java-7-oracle/bin:/usr/lib/jvm/java-7-oracle/db/bin:/usr/lib/jvm/java-7-oracle/jre/bin
LD_LIBRARY_PATH=.:
SHELL=/bin/bash
DISPLAY=:0

Signal Handlers:
SIGSEGV: [libjvm.so+0x7e9580], sa_mask[0]=0x7ffbfeff, sa_flags=0x10000004
SIGBUS: [libjvm.so+0x7e9580], sa_mask[0]=0x7ffbfeff, sa_flags=0x10000004
SIGFPE: [libjvm.so+0x682680], sa_mask[0]=0x7ffbfeff, sa_flags=0x10000004
SIGPIPE: [libjvm.so+0x682680], sa_mask[0]=0x7ffbfeff, sa_flags=0x10000004
SIGXFSZ: [libjvm.so+0x682680], sa_mask[0]=0x7ffbfeff, sa_flags=0x10000004
SIGILL: [libjvm.so+0x682680], sa_mask[0]=0x7ffbfeff, sa_flags=0x10000004
SIGUSR1: SIG_DFL, sa_mask[0]=0x00000000, sa_flags=0x00000000
SIGUSR2: [libjvm.so+0x683e80], sa_mask[0]=0x00000004, sa_flags=0x10000004
SIGHUP: [libjvm.so+0x6851b0], sa_mask[0]=0x7ffbfeff, sa_flags=0x10000004
SIGINT: [libjvm.so+0x6851b0], sa_mask[0]=0x7ffbfeff, sa_flags=0x10000004
SIGTERM: [libjvm.so+0x6851b0], sa_mask[0]=0x7ffbfeff, sa_flags=0x10000004
SIGQUIT: [libjvm.so+0x6851b0], sa_mask[0]=0x7ffbfeff, sa_flags=0x10000004


---------------  S Y S T E M  ---------------

OS:wheezy/sid

uname:Linux 3.2.0-74-generic-pae #109-Ubuntu SMP Tue Dec 9 17:00:00 UTC 2014 i686
libc:glibc 2.15 NPTL 2.15 
rlimit: STACK 8192k, CORE 0k, NPROC 30447, NOFILE 4096, AS infinity
load average:1.99 1.90 1.46

/proc/meminfo:
MemTotal:        3917408 kB
MemFree:          163612 kB
Buffers:           18300 kB
Cached:           361752 kB
SwapCached:            0 kB
Active:          3419640 kB
Inactive:         237180 kB
Active(anon):    3361136 kB
Inactive(anon):   174444 kB
Active(file):      58504 kB
Inactive(file):    62736 kB
Unevictable:         416 kB
Mlocked:             416 kB
HighTotal:       3075156 kB
HighFree:            288 kB
LowTotal:         842252 kB
LowFree:          163324 kB
SwapTotal:             0 kB
SwapFree:              0 kB
Dirty:             13576 kB
Writeback:             0 kB
AnonPages:       3277896 kB
Mapped:            77040 kB
Shmem:            258540 kB
Slab:              44328 kB
SReclaimable:      20532 kB
SUnreclaim:        23796 kB
KernelStack:        6760 kB
PageTables:        22568 kB
NFS_Unstable:          0 kB
Bounce:                0 kB
WritebackTmp:          0 kB
CommitLimit:     1958704 kB
Committed_AS:    8075400 kB
VmallocTotal:     122880 kB
VmallocUsed:       18696 kB
VmallocChunk:     100348 kB
HardwareCorrupted:     0 kB
AnonHugePages:         0 kB
HugePages_Total:       0
HugePages_Free:        0
HugePages_Rsvd:        0
HugePages_Surp:        0
Hugepagesize:       2048 kB
DirectMap4k:       10232 kB
DirectMap2M:      903168 kB


CPU:total 4 (2 cores per cpu, 2 threads per core) family 6 model 37 stepping 5, cmov, cx8, fxsr, mmx, sse, sse2, sse3, ssse3, sse4.1, sse4.2, popcnt, ht, tsc, tscinvbit

/proc/cpuinfo:
processor	: 0
vendor_id	: GenuineIntel
cpu family	: 6
model		: 37
model name	: Intel(R) Core(TM) i3 CPU       M 380  @ 2.53GHz
stepping	: 5
microcode	: 0x2
cpu MHz		: 1862.000
cache size	: 3072 KB
physical id	: 0
siblings	: 4
core id		: 0
cpu cores	: 2
apicid		: 0
initial apicid	: 0
fdiv_bug	: no
hlt_bug		: no
f00f_bug	: no
coma_bug	: no
fpu		: yes
fpu_exception	: yes
cpuid level	: 11
wp		: yes
flags		: fpu vme de pse tsc msr pae mce cx8 apic sep mtrr pge mca cmov pat pse36 clflush dts acpi mmx fxsr sse sse2 ss ht tm pbe nx rdtscp lm constant_tsc arch_perfmon pebs bts xtopology nonstop_tsc aperfmperf pni dtes64 monitor ds_cpl vmx est tm2 ssse3 cx16 xtpr pdcm pcid sse4_1 sse4_2 popcnt lahf_lm arat dtherm tpr_shadow vnmi flexpriority ept vpid
bogomips	: 5053.98
clflush size	: 64
cache_alignment	: 64
address sizes	: 36 bits physical, 48 bits virtual
power management:

processor	: 1
vendor_id	: GenuineIntel
cpu family	: 6
model		: 37
model name	: Intel(R) Core(TM) i3 CPU       M 380  @ 2.53GHz
stepping	: 5
microcode	: 0x2
cpu MHz		: 931.000
cache size	: 3072 KB
physical id	: 0
siblings	: 4
core id		: 2
cpu cores	: 2
apicid		: 4
initial apicid	: 4
fdiv_bug	: no
hlt_bug		: no
f00f_bug	: no
coma_bug	: no
fpu		: yes
fpu_exception	: yes
cpuid level	: 11
wp		: yes
flags		: fpu vme de pse tsc msr pae mce cx8 apic sep mtrr pge mca cmov pat pse36 clflush dts acpi mmx fxsr sse sse2 ss ht tm pbe nx rdtscp lm constant_tsc arch_perfmon pebs bts xtopology nonstop_tsc aperfmperf pni dtes64 monitor ds_cpl vmx est tm2 ssse3 cx16 xtpr pdcm pcid sse4_1 sse4_2 popcnt lahf_lm arat dtherm tpr_shadow vnmi flexpriority ept vpid
bogomips	: 5053.89
clflush size	: 64
cache_alignment	: 64
address sizes	: 36 bits physical, 48 bits virtual
power management:

processor	: 2
vendor_id	: GenuineIntel
cpu family	: 6
model		: 37
model name	: Intel(R) Core(TM) i3 CPU       M 380  @ 2.53GHz
stepping	: 5
microcode	: 0x2
cpu MHz		: 2527.000
cache size	: 3072 KB
physical id	: 0
siblings	: 4
core id		: 0
cpu cores	: 2
apicid		: 1
initial apicid	: 1
fdiv_bug	: no
hlt_bug		: no
f00f_bug	: no
coma_bug	: no
fpu		: yes
fpu_exception	: yes
cpuid level	: 11
wp		: yes
flags		: fpu vme de pse tsc msr pae mce cx8 apic sep mtrr pge mca cmov pat pse36 clflush dts acpi mmx fxsr sse sse2 ss ht tm pbe nx rdtscp lm constant_tsc arch_perfmon pebs bts xtopology nonstop_tsc aperfmperf pni dtes64 monitor ds_cpl vmx est tm2 ssse3 cx16 xtpr pdcm pcid sse4_1 sse4_2 popcnt lahf_lm arat dtherm tpr_shadow vnmi flexpriority ept vpid
bogomips	: 5053.89
clflush size	: 64
cache_alignment	: 64
address sizes	: 36 bits physical, 48 bits virtual
power management:

processor	: 3
vendor_id	: GenuineIntel
cpu family	: 6
model		: 37
model name	: Intel(R) Core(TM) i3 CPU       M 380  @ 2.53GHz
stepping	: 5
microcode	: 0x2
cpu MHz		: 931.000
cache size	: 3072 KB
physical id	: 0
siblings	: 4
core id		: 2
cpu cores	: 2
apicid		: 5
initial apicid	: 5
fdiv_bug	: no
hlt_bug		: no
f00f_bug	: no
coma_bug	: no
fpu		: yes
fpu_exception	: yes
cpuid level	: 11
wp		: yes
flags		: fpu vme de pse tsc msr pae mce cx8 apic sep mtrr pge mca cmov pat pse36 clflush dts acpi mmx fxsr sse sse2 ss ht tm pbe nx rdtscp lm constant_tsc arch_perfmon pebs bts xtopology nonstop_tsc aperfmperf pni dtes64 monitor ds_cpl vmx est tm2 ssse3 cx16 xtpr pdcm pcid sse4_1 sse4_2 popcnt lahf_lm arat dtherm tpr_shadow vnmi flexpriority ept vpid
bogomips	: 5053.88
clflush size	: 64
cache_alignment	: 64
address sizes	: 36 bits physical, 48 bits virtual
power management:



Memory: 4k page, physical 3917408k(163612k free), swap 0k(0k free)

vm_info: Java HotSpot(TM) Server VM (24.72-b04) for linux-x86 JRE (1.7.0_72-b14), built on Sep 26 2014 19:38:09 by "java_re" with gcc 4.3.0 20080428 (Red Hat 4.3.0-8)

time: Sat Jul 11 14:34:07 2015
elapsed time: 5 seconds

