#
# There is insufficient memory for the Java Runtime Environment to continue.
# Native memory allocation (malloc) failed to allocate 622872 bytes for Chunk::new
# Possible reasons:
#   The system is out of physical RAM or swap space
#   In 32 bit mode, the process size limit was hit
# Possible solutions:
#   Reduce memory load on the system
#   Increase physical memory or swap space
#   Check if swap backing store is full
#   Use 64 bit Java on a 64 bit OS
#   Decrease Java heap size (-Xmx/-Xms)
#   Decrease number of Java threads
#   Decrease Java thread stack sizes (-Xss)
#   Set larger code cache with -XX:ReservedCodeCacheSize=
# This output file may be truncated or incomplete.
#
#  Out of Memory Error (allocation.cpp:328), pid=10691, tid=1730149184
#
# JRE version: 6.0_33-b33
# Java VM: OpenJDK Server VM (23.25-b01 mixed mode linux-x86 )
# Derivative: IcedTea6 1.13.5
# Distribution: Ubuntu 12.04 LTS, package 6b33-1.13.5-1ubuntu0.12.04
# Failed to write core dump. Core dumps have been disabled. To enable core dumping, try "ulimit -c unlimited" before starting Java again
#

---------------  T H R E A D  ---------------

Current thread (0x676e4000):  JavaThread "C2 CompilerThread0" daemon [_thread_in_native, id=10754, stack(0x6717f000,0x67200000)]

Stack: [0x6717f000,0x67200000]

Current CompileTask:
C2:  17177  651   !         com.android.dx.cf.code.Ropper::processBlock (1101 bytes)


---------------  P R O C E S S  ---------------

Java Threads: ( => current thread )
  0x676e8000 JavaThread "Low Memory Detector" daemon [_thread_blocked, id=10756, stack(0x670ad000,0x670fe000)]
  0x676e6000 JavaThread "C2 CompilerThread1" daemon [_thread_in_vm, id=10755, stack(0x670fe000,0x6717f000)]
=>0x676e4000 JavaThread "C2 CompilerThread0" daemon [_thread_in_native, id=10754, stack(0x6717f000,0x67200000)]
  0x676e2800 JavaThread "Signal Dispatcher" daemon [_thread_blocked, id=10753, stack(0x67724000,0x67775000)]
  0x676a6000 JavaThread "Finalizer" daemon [_thread_blocked, id=10737, stack(0x6aa2e000,0x6aa7f000)]
  0x676a4400 JavaThread "Reference Handler" daemon [_thread_blocked, id=10736, stack(0x6ad2e000,0x6ad7f000)]
  0xb6506c00 JavaThread "main" [_thread_blocked, id=10706, stack(0xb6648000,0xb6699000)]

Other Threads:
  0x67699000 VMThread [stack: 0x67775000,0x677f6000] [id=10733]
  0x676e9c00 WatcherThread [stack: 0x6702c000,0x670ad000] [id=10757]

VM state:not at safepoint (normal execution)

VM Mutex/Monitor currently owned by a thread:  ([mutex/lock_event])
[0xb6504520] Safepoint_lock - owner thread: 0x00000000

Heap
 PSYoungGen      total 130816K, used 100141K [0x9dea0000, 0xa77c0000, 0xb33f0000)
  eden space 116928K, 73% used [0x9dea0000,0xa32dc598,0xa50d0000)
  from space 13888K, 99% used [0xa6250000,0xa6fdf128,0xa6fe0000)
  to   space 17920K, 0% used [0xa50d0000,0xa50d0000,0xa6250000)
 ParOldGen       total 40832K, used 22460K [0x733f0000, 0x75bd0000, 0x9dea0000)
  object space 40832K, 55% used [0x733f0000,0x749df1d0,0x75bd0000)
 PSPermGen       total 16384K, used 3874K [0x6b3f0000, 0x6c3f0000, 0x733f0000)
  object space 16384K, 23% used [0x6b3f0000,0x6b7b88d8,0x6c3f0000)

Card table byte_map: [0x6b1af000,0x6b3f0000] byte_map_base: 0x6ae55080

Polling page: 0xb7716000

Code Cache  [0xb34bb000, 0xb371b000, 0xb64bb000)
 total_blobs=762 nmethods=653 adapters=62 free_code_cache=46858Kb largest_free_block=47848768

Compilation events (10 events):
Event: 16.740 Thread 0x676e6000  665             com.android.dx.cf.direct.AttributeListParser::<init> (83 bytes)
Event: 16.754 Thread 0x676e6000 nmethod 665 0xb36d0608 code [0xb36d0720, 0xb36d0a10]
Event: 16.754 Thread 0x676e6000  666             com.android.dx.cf.direct.AttributeListParser::setObserver (6 bytes)
Event: 16.754 Thread 0x676e6000 nmethod 666 0xb36c34c8 code [0xb36c35a0, 0xb36c35f0]
Event: 16.754 Thread 0x676e6000  667             com.android.dx.cf.direct.AttributeListParser::getEndOffset (9 bytes)
Event: 16.755 Thread 0x676e6000 nmethod 667 0xb36c32c8 code [0xb36c33c0, 0xb36c343c]
Event: 16.755 Thread 0x676e6000  668             com.android.dx.cf.direct.AttributeListParser::getList (9 bytes)
Event: 16.756 Thread 0x676e6000 nmethod 668 0xb36c30c8 code [0xb36c31c0, 0xb36c323c]
Event: 16.756 Thread 0x676e6000  669   !         com.android.dx.cf.code.Ropper::doit (126 bytes)
Event: 16.908 Thread 0x676e6000 nmethod 669 0xb3649908 code [0xb3649d20, 0xb364b704]

GC Heap History (10 events):
Event: 5.658 GC heap before
{Heap before GC invocations=4 (full 0):
 PSYoungGen      total 17920K, used 17906K [0x9dea0000, 0xa01a0000, 0xb33f0000)
  eden space 15424K, 100% used [0x9dea0000,0x9edb0000,0x9edb0000)
  from space 2496K, 99% used [0x9edb0000,0x9f01cb38,0x9f020000)
  to   space 2496K, 0% used [0x9ff30000,0x9ff30000,0xa01a0000)
 ParOldGen       total 40832K, used 3919K [0x733f0000, 0x75bd0000, 0x9dea0000)
  object space 40832K, 9% used [0x733f0000,0x737c3fa8,0x75bd0000)
 PSPermGen       total 16384K, used 3773K [0x6b3f0000, 0x6c3f0000, 0x733f0000)
  object space 16384K, 23% used [0x6b3f0000,0x6b79f470,0x6c3f0000)
Event: 5.696 GC heap after
Heap after GC invocations=4 (full 0):
 PSYoungGen      total 33344K, used 2489K [0x9dea0000, 0xa01a0000, 0xb33f0000)
  eden space 30848K, 0% used [0x9dea0000,0x9dea0000,0x9fcc0000)
  from space 2496K, 99% used [0x9ff30000,0xa019e528,0xa01a0000)
  to   space 2496K, 0% used [0x9fcc0000,0x9fcc0000,0x9ff30000)
 ParOldGen       total 40832K, used 6630K [0x733f0000, 0x75bd0000, 0x9dea0000)
  object space 40832K, 16% used [0x733f0000,0x73a698b0,0x75bd0000)
 PSPermGen       total 16384K, used 3773K [0x6b3f0000, 0x6c3f0000, 0x733f0000)
  object space 16384K, 23% used [0x6b3f0000,0x6b79f470,0x6c3f0000)
}
Event: 7.872 GC heap before
{Heap before GC invocations=5 (full 0):
 PSYoungGen      total 33344K, used 33337K [0x9dea0000, 0xa01a0000, 0xb33f0000)
  eden space 30848K, 100% used [0x9dea0000,0x9fcc0000,0x9fcc0000)
  from space 2496K, 99% used [0x9ff30000,0xa019e528,0xa01a0000)
  to   space 2496K, 0% used [0x9fcc0000,0x9fcc0000,0x9ff30000)
 ParOldGen       total 40832K, used 6630K [0x733f0000, 0x75bd0000, 0x9dea0000)
  object space 40832K, 16% used [0x733f0000,0x73a698b0,0x75bd0000)
 PSPermGen       total 16384K, used 3792K [0x6b3f0000, 0x6c3f0000, 0x733f0000)
  object space 16384K, 23% used [0x6b3f0000,0x6b7a4218,0x6c3f0000)
Event: 7.922 GC heap after
Heap after GC invocations=5 (full 0):
 PSYoungGen      total 33344K, used 2491K [0x9dea0000, 0xa2960000, 0xb33f0000)
  eden space 30848K, 0% used [0x9dea0000,0x9dea0000,0x9fcc0000)
  from space 2496K, 99% used [0x9fcc0000,0x9ff2ee28,0x9ff30000)
  to   space 7424K, 0% used [0xa2220000,0xa2220000,0xa2960000)
 ParOldGen       total 40832K, used 10482K [0x733f0000, 0x75bd0000, 0x9dea0000)
  object space 40832K, 25% used [0x733f0000,0x73e2ca18,0x75bd0000)
 PSPermGen       total 16384K, used 3792K [0x6b3f0000, 0x6c3f0000, 0x733f0000)
  object space 16384K, 23% used [0x6b3f0000,0x6b7a4218,0x6c3f0000)
}
Event: 9.713 GC heap before
{Heap before GC invocations=6 (full 0):
 PSYoungGen      total 33344K, used 33339K [0x9dea0000, 0xa2960000, 0xb33f0000)
  eden space 30848K, 100% used [0x9dea0000,0x9fcc0000,0x9fcc0000)
  from space 2496K, 99% used [0x9fcc0000,0x9ff2ee28,0x9ff30000)
  to   space 7424K, 0% used [0xa2220000,0xa2220000,0xa2960000)
 ParOldGen       total 40832K, used 10482K [0x733f0000, 0x75bd0000, 0x9dea0000)
  object space 40832K, 25% used [0x733f0000,0x73e2ca18,0x75bd0000)
 PSPermGen       total 16384K, used 3813K [0x6b3f0000, 0x6c3f0000, 0x733f0000)
  object space 16384K, 23% used [0x6b3f0000,0x6b7a97e8,0x6c3f0000)
Event: 9.761 GC heap after
Heap after GC invocations=6 (full 0):
 PSYoungGen      total 67904K, used 7412K [0x9dea0000, 0xa2bc0000, 0xb33f0000)
  eden space 60480K, 0% used [0x9dea0000,0x9dea0000,0xa19b0000)
  from space 7424K, 99% used [0xa2220000,0xa295d1d0,0xa2960000)
  to   space 8640K, 0% used [0xa19b0000,0xa19b0000,0xa2220000)
 ParOldGen       total 40832K, used 10594K [0x733f0000, 0x75bd0000, 0x9dea0000)
  object space 40832K, 25% used [0x733f0000,0x73e48a18,0x75bd0000)
 PSPermGen       total 16384K, used 3813K [0x6b3f0000, 0x6c3f0000, 0x733f0000)
  object space 16384K, 23% used [0x6b3f0000,0x6b7a97e8,0x6c3f0000)
}
Event: 12.826 GC heap before
{Heap before GC invocations=7 (full 0):
 PSYoungGen      total 67904K, used 67892K [0x9dea0000, 0xa2bc0000, 0xb33f0000)
  eden space 60480K, 100% used [0x9dea0000,0xa19b0000,0xa19b0000)
  from space 7424K, 99% used [0xa2220000,0xa295d1d0,0xa2960000)
  to   space 8640K, 0% used [0xa19b0000,0xa19b0000,0xa2220000)
 ParOldGen       total 40832K, used 10594K [0x733f0000, 0x75bd0000, 0x9dea0000)
  object space 40832K, 25% used [0x733f0000,0x73e48a18,0x75bd0000)
 PSPermGen       total 16384K, used 3831K [0x6b3f0000, 0x6c3f0000, 0x733f0000)
  object space 16384K, 23% used [0x6b3f0000,0x6b7adc38,0x6c3f0000)
Event: 12.909 GC heap after
Heap after GC invocations=7 (full 0):
 PSYoungGen      total 69120K, used 8629K [0x9dea0000, 0xa6fe0000, 0xb33f0000)
  eden space 60480K, 0% used [0x9dea0000,0x9dea0000,0xa19b0000)
  from space 8640K, 99% used [0xa19b0000,0xa221d6d0,0xa2220000)
  to   space 13888K, 0% used [0xa6250000,0xa6250000,0xa6fe0000)
 ParOldGen       total 40832K, used 18492K [0x733f0000, 0x75bd0000, 0x9dea0000)
  object space 40832K, 45% used [0x733f0000,0x745ff310,0x75bd0000)
 PSPermGen       total 16384K, used 3831K [0x6b3f0000, 0x6c3f0000, 0x733f0000)
  object space 16384K, 23% used [0x6b3f0000,0x6b7adc38,0x6c3f0000)
}
Event: 14.892 GC heap before
{Heap before GC invocations=8 (full 0):
 PSYoungGen      total 69120K, used 69109K [0x9dea0000, 0xa6fe0000, 0xb33f0000)
  eden space 60480K, 100% used [0x9dea0000,0xa19b0000,0xa19b0000)
  from space 8640K, 99% used [0xa19b0000,0xa221d6d0,0xa2220000)
  to   space 13888K, 0% used [0xa6250000,0xa6250000,0xa6fe0000)
 ParOldGen       total 40832K, used 18492K [0x733f0000, 0x75bd0000, 0x9dea0000)
  object space 40832K, 45% used [0x733f0000,0x745ff310,0x75bd0000)
 PSPermGen       total 16384K, used 3858K [0x6b3f0000, 0x6c3f0000, 0x733f0000)
  object space 16384K, 23% used [0x6b3f0000,0x6b7b4a20,0x6c3f0000)
Event: 15.037 GC heap after
Heap after GC invocations=8 (full 0):
 PSYoungGen      total 130816K, used 13884K [0x9dea0000, 0xa77c0000, 0xb33f0000)
  eden space 116928K, 0% used [0x9dea0000,0x9dea0000,0xa50d0000)
  from space 13888K, 99% used [0xa6250000,0xa6fdf128,0xa6fe0000)
  to   space 17920K, 0% used [0xa50d0000,0xa50d0000,0xa6250000)
 ParOldGen       total 40832K, used 22460K [0x733f0000, 0x75bd0000, 0x9dea0000)
  object space 40832K, 55% used [0x733f0000,0x749df1d0,0x75bd0000)
 PSPermGen       total 16384K, used 3858K [0x6b3f0000, 0x6c3f0000, 0x733f0000)
  object space 16384K, 23% used [0x6b3f0000,0x6b7b4a20,0x6c3f0000)
}

Deoptimization events (10 events):
Event: 15.251 Thread 0xb6506c00 Uncommon trap -34 fr.pc 0xb359b370
Event: 15.670 Thread 0xb6506c00 Uncommon trap -34 fr.pc 0xb369ac40
Event: 15.679 Thread 0xb6506c00 Uncommon trap -34 fr.pc 0xb369ac40
Event: 15.781 Thread 0xb6506c00 Uncommon trap -83 fr.pc 0xb36c8c24
Event: 15.942 Thread 0xb6506c00 Uncommon trap -34 fr.pc 0xb369ac40
Event: 16.141 Thread 0xb6506c00 Uncommon trap -34 fr.pc 0xb36f13e8
Event: 16.141 Thread 0xb6506c00 Uncommon trap -34 fr.pc 0xb36f13e8
Event: 16.142 Thread 0xb6506c00 Uncommon trap -34 fr.pc 0xb36f13e8
Event: 16.142 Thread 0xb6506c00 Uncommon trap -34 fr.pc 0xb36f13e8
Event: 16.162 Thread 0xb6506c00 Uncommon trap -83 fr.pc 0xb35afbf8

Internal exceptions (10 events):
Event: 9.311 Thread 0xb6506c00 Threw 0x9f4c5e68 at /build/buildd/openjdk-6-6b33-1.13.5/build/openjdk/hotspot/src/share/vm/classfile/systemDictionary.cpp:179
Event: 9.311 Thread 0xb6506c00 Threw 0x9f4c6178 at /build/buildd/openjdk-6-6b33-1.13.5/build/openjdk/hotspot/src/share/vm/prims/jvm.cpp:1272
Event: 9.328 Thread 0xb6506c00 Implicit null exception at 0xb35c4741 to 0xb35c51e5
Event: 9.329 Thread 0xb6506c00 Implicit null exception at 0xb35d27fd to 0xb35d2979
Event: 10.098 Thread 0xb6506c00 Implicit null exception at 0xb35c7e1a to 0xb35c8c51
Event: 10.140 Thread 0xb6506c00 Implicit null exception at 0xb3524496 to 0xb35245a9
Event: 10.757 Thread 0xb6506c00 Threw 0x9f2c1c20 at /build/buildd/openjdk-6-6b33-1.13.5/build/openjdk/hotspot/src/share/vm/classfile/systemDictionary.cpp:179
Event: 10.757 Thread 0xb6506c00 Threw 0x9f2c2090 at /build/buildd/openjdk-6-6b33-1.13.5/build/openjdk/hotspot/src/share/vm/prims/jvm.cpp:1272
Event: 11.240 Thread 0xb6506c00 Threw 0x9ff0ac48 at /build/buildd/openjdk-6-6b33-1.13.5/build/openjdk/hotspot/src/share/vm/classfile/systemDictionary.cpp:179
Event: 11.240 Thread 0xb6506c00 Threw 0x9ff0b168 at /build/buildd/openjdk-6-6b33-1.13.5/build/openjdk/hotspot/src/share/vm/prims/jvm.cpp:1272

Events (10 events):
Event: 16.142 Thread 0xb6506c00 DEOPT UNPACKING pc=0xb34e7cbc sp=0xb669797c mode 2
Event: 16.142 Thread 0xb6506c00 DEOPT PACKING pc=0xb36f13e8 sp=0xb66979a0
Event: 16.142 Thread 0xb6506c00 DEOPT UNPACKING pc=0xb34e7cbc sp=0xb669797c mode 2
Event: 16.162 Thread 0xb6506c00 DEOPT PACKING pc=0xb35afbf8 sp=0xb6697a70
Event: 16.162 Thread 0xb6506c00 DEOPT UNPACKING pc=0xb34e7cbc sp=0xb6697a34 mode 2
Event: 16.346 Thread 0x676e6000 flushing nmethod 0xb35161c8
Event: 16.347 Thread 0x676e6000 flushing nmethod 0xb3524388
Event: 16.549 Thread 0x676e4000 flushing nmethod 0xb35c73c8
Event: 16.574 Thread 0x676e4000 flushing nmethod 0xb3624748
Event: 16.589 Thread 0x676e4000 flushing nmethod 0xb3648e08


Dynamic libraries:
08048000-08051000 r-xp 00000000 08:04 791186     /usr/lib/jvm/java-6-openjdk-i386/jre/bin/java
08051000-08052000 r--p 00008000 08:04 791186     /usr/lib/jvm/java-6-openjdk-i386/jre/bin/java
08052000-08053000 rw-p 00009000 08:04 791186     /usr/lib/jvm/java-6-openjdk-i386/jre/bin/java
083f5000-08418000 rw-p 00000000 00:00 0          [heap]
65900000-65a00000 rw-p 00000000 00:00 0 
65b00000-65bfb000 rw-p 00000000 00:00 0 
65bfb000-65c00000 ---p 00000000 00:00 0 
65c00000-65cf9000 rw-p 00000000 00:00 0 
65cf9000-65d00000 ---p 00000000 00:00 0 
65d00000-65dc4000 rw-p 00000000 00:00 0 
65dc4000-65e00000 ---p 00000000 00:00 0 
65e00000-65efa000 rw-p 00000000 00:00 0 
65efa000-65f00000 ---p 00000000 00:00 0 
65f00000-65fd4000 rw-p 00000000 00:00 0 
65fd4000-66000000 ---p 00000000 00:00 0 
66000000-660fe000 rw-p 00000000 00:00 0 
660fe000-66100000 ---p 00000000 00:00 0 
66100000-661f9000 rw-p 00000000 00:00 0 
661f9000-66200000 ---p 00000000 00:00 0 
66300000-664e5000 rw-p 00000000 00:00 0 
664e5000-66500000 ---p 00000000 00:00 0 
66500000-665ff000 rw-p 00000000 00:00 0 
665ff000-66600000 ---p 00000000 00:00 0 
66700000-667f9000 rw-p 00000000 00:00 0 
667f9000-66800000 ---p 00000000 00:00 0 
66900000-669ff000 rw-p 00000000 00:00 0 
669ff000-66a00000 ---p 00000000 00:00 0 
66b00000-66bfd000 rw-p 00000000 00:00 0 
66bfd000-66c00000 ---p 00000000 00:00 0 
66c00000-66cfe000 rw-p 00000000 00:00 0 
66cfe000-66d00000 ---p 00000000 00:00 0 
66d00000-66e00000 rw-p 00000000 00:00 0 
66e00000-66efb000 rw-p 00000000 00:00 0 
66efb000-66f00000 ---p 00000000 00:00 0 
66f00000-66fee000 rw-p 00000000 00:00 0 
66fee000-67000000 ---p 00000000 00:00 0 
6702c000-6702d000 ---p 00000000 00:00 0 
6702d000-670ad000 rw-p 00000000 00:00 0 
670ad000-670b0000 ---p 00000000 00:00 0 
670b0000-670fe000 rw-p 00000000 00:00 0 
670fe000-67101000 ---p 00000000 00:00 0 
67101000-6717f000 rw-p 00000000 00:00 0 
6717f000-67182000 ---p 00000000 00:00 0 
67182000-67200000 rw-p 00000000 00:00 0 
67200000-67400000 r--p 00000000 08:04 10230872   /usr/lib/locale/locale-archive
67400000-67500000 rw-p 00000000 00:00 0 
67500000-67521000 rw-p 00000000 00:00 0 
67521000-67600000 ---p 00000000 00:00 0 
67600000-67700000 rw-p 00000000 00:00 0 
67724000-67727000 ---p 00000000 00:00 0 
67727000-67775000 rw-p 00000000 00:00 0 
67775000-67776000 ---p 00000000 00:00 0 
67776000-67829000 rw-p 00000000 00:00 0 
67829000-679c0000 r--s 01a18000 08:04 407072     /usr/lib/jvm/java-6-openjdk-i386/jre/lib/rt.jar
679c0000-6a900000 rw-p 00000000 00:00 0 
6a900000-6a9fa000 rw-p 00000000 00:00 0 
6a9fa000-6aa00000 ---p 00000000 00:00 0 
6aa2e000-6aa31000 ---p 00000000 00:00 0 
6aa31000-6aa7f000 rw-p 00000000 00:00 0 
6aa7f000-6aa80000 ---p 00000000 00:00 0 
6aa80000-6ab00000 rw-p 00000000 00:00 0 
6ab00000-6ab21000 rw-p 00000000 00:00 0 
6ab21000-6ac00000 ---p 00000000 00:00 0 
6ac00000-6ac21000 rw-p 00000000 00:00 0 
6ac21000-6ad00000 ---p 00000000 00:00 0 
6ad1c000-6ad2e000 r--s 000c6000 08:04 9843495    /home/haider/AndroidStudioProjects/XMPP/app/build/intermediates/exploded-aar/com.android.support/support-v4/22.2.0/jars/classes.jar
6ad2e000-6ad31000 ---p 00000000 00:00 0 
6ad31000-6ad7f000 rw-p 00000000 00:00 0 
6ad7f000-6ad80000 ---p 00000000 00:00 0 
6ad80000-6ae00000 rw-p 00000000 00:00 0 
6ae00000-6ae21000 rw-p 00000000 00:00 0 
6ae21000-6af00000 ---p 00000000 00:00 0 
6af08000-6af17000 r--s 000dd000 08:04 5898350    /home/haider/Downloads/android-sdk-linux/build-tools/22.0.1/lib/dx.jar
6af17000-6af18000 ---p 00000000 00:00 0 
6af18000-6af98000 rw-p 00000000 00:00 0 
6af98000-6af99000 ---p 00000000 00:00 0 
6af99000-6b021000 rw-p 00000000 00:00 0 
6b021000-6b059000 rw-p 00000000 00:00 0 
6b059000-6b06d000 rw-p 00000000 00:00 0 
6b06d000-6b1af000 rw-p 00000000 00:00 0 
6b1af000-6b1b7000 rw-p 00000000 00:00 0 
6b1b7000-6b1ef000 rw-p 00000000 00:00 0 
6b1ef000-6b203000 rw-p 00000000 00:00 0 
6b203000-6b344000 rw-p 00000000 00:00 0 
6b344000-6b391000 rw-p 00000000 00:00 0 
6b391000-6b3ef000 rw-p 00000000 00:00 0 
6b3ef000-6c3f0000 rw-p 00000000 00:00 0 
6c3f0000-733f0000 rw-p 00000000 00:00 0 
733f0000-75bd0000 rw-p 00000000 00:00 0 
75bd0000-9dea0000 rw-p 00000000 00:00 0 
9dea0000-a77c0000 rw-p 00000000 00:00 0 
a77c0000-b33f0000 rw-p 00000000 00:00 0 
b33f7000-b33fb000 r--s 0003c000 08:04 293094     /usr/lib/jvm/java-6-openjdk-common/jre/lib/jsse.jar
b33fb000-b3405000 rw-p 00000000 00:00 0 
b3405000-b34bb000 rw-p 00000000 00:00 0 
b34bb000-b371b000 rwxp 00000000 00:00 0 
b371b000-b64bb000 rw-p 00000000 00:00 0 
b64bb000-b64c6000 r-xp 00000000 08:04 2101123    /lib/i386-linux-gnu/libnss_files-2.15.so
b64c6000-b64c7000 r--p 0000a000 08:04 2101123    /lib/i386-linux-gnu/libnss_files-2.15.so
b64c7000-b64c8000 rw-p 0000b000 08:04 2101123    /lib/i386-linux-gnu/libnss_files-2.15.so
b64c8000-b64de000 r-xp 00000000 08:04 2101130    /lib/i386-linux-gnu/libnsl-2.15.so
b64de000-b64df000 r--p 00015000 08:04 2101130    /lib/i386-linux-gnu/libnsl-2.15.so
b64df000-b64e0000 rw-p 00016000 08:04 2101130    /lib/i386-linux-gnu/libnsl-2.15.so
b64e0000-b64e2000 rw-p 00000000 00:00 0 
b64e2000-b64e9000 r-xp 00000000 08:04 2101126    /lib/i386-linux-gnu/libnss_compat-2.15.so
b64e9000-b64ea000 r--p 00006000 08:04 2101126    /lib/i386-linux-gnu/libnss_compat-2.15.so
b64ea000-b64eb000 rw-p 00007000 08:04 2101126    /lib/i386-linux-gnu/libnss_compat-2.15.so
b64eb000-b64ee000 r--s 0003a000 08:04 293923     /usr/lib/jvm/java-6-openjdk-common/jre/lib/ext/sunpkcs11.jar
b64ee000-b64f1000 r--s 00077000 08:04 293925     /usr/lib/jvm/java-6-openjdk-common/jre/lib/ext/localedata.jar
b64f1000-b64f2000 r--s 00007000 08:04 10492658   /usr/share/java/java-atk-wrapper.jar
b64f2000-b64f4000 r--s 0000f000 08:04 293922     /usr/lib/jvm/java-6-openjdk-common/jre/lib/ext/pulse-java.jar
b64f4000-b64f6000 r--s 00001000 08:04 293924     /usr/lib/jvm/java-6-openjdk-common/jre/lib/ext/dnsns.jar
b64f6000-b64fe000 r-xp 00000000 08:04 407079     /usr/lib/jvm/java-6-openjdk-i386/jre/lib/i386/libzip.so
b64fe000-b64ff000 r--p 00007000 08:04 407079     /usr/lib/jvm/java-6-openjdk-i386/jre/lib/i386/libzip.so
b64ff000-b6500000 rw-p 00008000 08:04 407079     /usr/lib/jvm/java-6-openjdk-i386/jre/lib/i386/libzip.so
b6500000-b65fc000 rw-p 00000000 00:00 0 
b65fc000-b6600000 ---p 00000000 00:00 0 
b6600000-b6608000 rw-s 00000000 08:04 3940578    /tmp/hsperfdata_haider/10691
b6608000-b6612000 r-xp 00000000 08:04 2101140    /lib/i386-linux-gnu/libnss_nis-2.15.so
b6612000-b6613000 r--p 00009000 08:04 2101140    /lib/i386-linux-gnu/libnss_nis-2.15.so
b6613000-b6614000 rw-p 0000a000 08:04 2101140    /lib/i386-linux-gnu/libnss_nis-2.15.so
b6614000-b663c000 r-xp 00000000 08:04 407078     /usr/lib/jvm/java-6-openjdk-i386/jre/lib/i386/libjava.so
b663c000-b663d000 r--p 00027000 08:04 407078     /usr/lib/jvm/java-6-openjdk-i386/jre/lib/i386/libjava.so
b663d000-b663f000 rw-p 00028000 08:04 407078     /usr/lib/jvm/java-6-openjdk-i386/jre/lib/i386/libjava.so
b663f000-b6646000 r-xp 00000000 08:04 2101134    /lib/i386-linux-gnu/librt-2.15.so
b6646000-b6647000 r--p 00006000 08:04 2101134    /lib/i386-linux-gnu/librt-2.15.so
b6647000-b6648000 rw-p 00007000 08:04 2101134    /lib/i386-linux-gnu/librt-2.15.so
b6648000-b664b000 ---p 00000000 00:00 0 
b664b000-b6699000 rw-p 00000000 00:00 0 
b6699000-b66b5000 r-xp 00000000 08:04 2098100    /lib/i386-linux-gnu/libgcc_s.so.1
b66b5000-b66b6000 r--p 0001b000 08:04 2098100    /lib/i386-linux-gnu/libgcc_s.so.1
b66b6000-b66b7000 rw-p 0001c000 08:04 2098100    /lib/i386-linux-gnu/libgcc_s.so.1
b66b7000-b66e1000 r-xp 00000000 08:04 2101128    /lib/i386-linux-gnu/libm-2.15.so
b66e1000-b66e2000 r--p 00029000 08:04 2101128    /lib/i386-linux-gnu/libm-2.15.so
b66e2000-b66e3000 rw-p 0002a000 08:04 2101128    /lib/i386-linux-gnu/libm-2.15.so
b66e3000-b67bb000 r-xp 00000000 08:04 10228685   /usr/lib/i386-linux-gnu/libstdc++.so.6.0.16
b67bb000-b67bc000 ---p 000d8000 08:04 10228685   /usr/lib/i386-linux-gnu/libstdc++.so.6.0.16
b67bc000-b67c0000 r--p 000d8000 08:04 10228685   /usr/lib/i386-linux-gnu/libstdc++.so.6.0.16
b67c0000-b67c1000 rw-p 000dc000 08:04 10228685   /usr/lib/i386-linux-gnu/libstdc++.so.6.0.16
b67c1000-b67c8000 rw-p 00000000 00:00 0 
b67c8000-b70b0000 r-xp 00000000 08:04 407097     /usr/lib/jvm/java-6-openjdk-i386/jre/lib/i386/server/libjvm.so
b70b0000-b70f7000 r--p 008e8000 08:04 407097     /usr/lib/jvm/java-6-openjdk-i386/jre/lib/i386/server/libjvm.so
b70f7000-b710b000 rw-p 0092f000 08:04 407097     /usr/lib/jvm/java-6-openjdk-i386/jre/lib/i386/server/libjvm.so
b710b000-b7529000 rw-p 00000000 00:00 0 
b7529000-b753d000 r-xp 00000000 08:04 2098190    /lib/i386-linux-gnu/libz.so.1.2.3.4
b753d000-b753e000 r--p 00013000 08:04 2098190    /lib/i386-linux-gnu/libz.so.1.2.3.4
b753e000-b753f000 rw-p 00014000 08:04 2098190    /lib/i386-linux-gnu/libz.so.1.2.3.4
b753f000-b76e3000 r-xp 00000000 08:04 2101138    /lib/i386-linux-gnu/libc-2.15.so
b76e3000-b76e5000 r--p 001a4000 08:04 2101138    /lib/i386-linux-gnu/libc-2.15.so
b76e5000-b76e6000 rw-p 001a6000 08:04 2101138    /lib/i386-linux-gnu/libc-2.15.so
b76e6000-b76e9000 rw-p 00000000 00:00 0 
b76e9000-b76ec000 r-xp 00000000 08:04 2101125    /lib/i386-linux-gnu/libdl-2.15.so
b76ec000-b76ed000 r--p 00002000 08:04 2101125    /lib/i386-linux-gnu/libdl-2.15.so
b76ed000-b76ee000 rw-p 00003000 08:04 2101125    /lib/i386-linux-gnu/libdl-2.15.so
b76ee000-b76f2000 r-xp 00000000 08:04 407112     /usr/lib/jvm/java-6-openjdk-i386/jre/lib/i386/jli/libjli.so
b76f2000-b76f3000 r--p 00003000 08:04 407112     /usr/lib/jvm/java-6-openjdk-i386/jre/lib/i386/jli/libjli.so
b76f3000-b76f4000 rw-p 00004000 08:04 407112     /usr/lib/jvm/java-6-openjdk-i386/jre/lib/i386/jli/libjli.so
b76f4000-b76f5000 rw-p 00000000 00:00 0 
b76f5000-b770c000 r-xp 00000000 08:04 2101132    /lib/i386-linux-gnu/libpthread-2.15.so
b770c000-b770d000 r--p 00016000 08:04 2101132    /lib/i386-linux-gnu/libpthread-2.15.so
b770d000-b770e000 rw-p 00017000 08:04 2101132    /lib/i386-linux-gnu/libpthread-2.15.so
b770e000-b7710000 rw-p 00000000 00:00 0 
b7710000-b7714000 r--s 00032000 08:04 293921     /usr/lib/jvm/java-6-openjdk-common/jre/lib/ext/sunjce_provider.jar
b7714000-b7715000 r--p 005e0000 08:04 10230872   /usr/lib/locale/locale-archive
b7715000-b7716000 rw-p 00000000 00:00 0 
b7716000-b7717000 r--p 00000000 00:00 0 
b7717000-b7723000 r-xp 00000000 08:04 407109     /usr/lib/jvm/java-6-openjdk-i386/jre/lib/i386/libverify.so
b7723000-b7724000 r--p 0000b000 08:04 407109     /usr/lib/jvm/java-6-openjdk-i386/jre/lib/i386/libverify.so
b7724000-b7725000 rw-p 0000c000 08:04 407109     /usr/lib/jvm/java-6-openjdk-i386/jre/lib/i386/libverify.so
b7725000-b7727000 rw-p 00000000 00:00 0 
b7727000-b7728000 r-xp 00000000 00:00 0          [vdso]
b7728000-b7748000 r-xp 00000000 08:04 2101122    /lib/i386-linux-gnu/ld-2.15.so
b7748000-b7749000 r--p 0001f000 08:04 2101122    /lib/i386-linux-gnu/ld-2.15.so
b7749000-b774a000 rw-p 00020000 08:04 2101122    /lib/i386-linux-gnu/ld-2.15.so
bf975000-bf997000 rw-p 00000000 00:00 0          [stack]

VM Arguments:
jvm_args: -Xmx1024M -Dfile.encoding=UTF-8 -Duser.country=US -Duser.language=en -Duser.variant 
java_command: com.android.dx.command.Main --dex --output /home/haider/AndroidStudioProjects/XMPP/app/build/intermediates/pre-dexed/debug/classes-ebef299a5269ae7c4be300509c42d5d1671e25b6.jar /home/haider/AndroidStudioProjects/XMPP/app/build/intermediates/exploded-aar/com.android.support/support-v4/22.2.0/jars/classes.jar
Launcher Type: SUN_STANDARD

Environment Variables:
JAVA_HOME=/usr/lib/jvm/java-7-oracle
CLASSPATH=./../lib/bootstrap.jar:./../lib/extensions.jar:./../lib/util.jar:./../lib/jdom.jar:./../lib/log4j.jar:./../lib/trove4j.jar:./../lib/jna.jar:/usr/lib/jvm/java-7-oracle/lib/tools.jar
PATH=/home/haider/.rbenv/shims:/home/haider/.rbenv/bin:/usr/lib/lightdm/lightdm:/usr/local/sbin:/usr/local/bin:/usr/sbin:/usr/bin:/sbin:/bin:/usr/games:/usr/lib/jvm/java-7-oracle/bin:/usr/lib/jvm/java-7-oracle/db/bin:/usr/lib/jvm/java-7-oracle/jre/bin
LD_LIBRARY_PATH=/usr/lib/jvm/java-6-openjdk-i386/jre/lib/i386/server:/usr/lib/jvm/java-6-openjdk-i386/jre/lib/i386:/usr/lib/jvm/java-6-openjdk-i386/jre/../lib/i386:.:
SHELL=/bin/bash
DISPLAY=:0

Signal Handlers:
SIGSEGV: [libjvm.so+0x719ee0], sa_mask[0]=0x7ffbfeff, sa_flags=0x10000004
SIGBUS: [libjvm.so+0x719ee0], sa_mask[0]=0x7ffbfeff, sa_flags=0x10000004
SIGFPE: [libjvm.so+0x5bf8d0], sa_mask[0]=0x7ffbfeff, sa_flags=0x10000004
SIGPIPE: [libjvm.so+0x5bf8d0], sa_mask[0]=0x7ffbfeff, sa_flags=0x10000004
SIGXFSZ: [libjvm.so+0x5bf8d0], sa_mask[0]=0x7ffbfeff, sa_flags=0x10000004
SIGILL: [libjvm.so+0x5bf8d0], sa_mask[0]=0x7ffbfeff, sa_flags=0x10000004
SIGUSR1: SIG_DFL, sa_mask[0]=0x00000000, sa_flags=0x00000000
SIGUSR2: [libjvm.so+0x5bf760], sa_mask[0]=0x00000004, sa_flags=0x10000004
SIGHUP: [libjvm.so+0x5bfdc0], sa_mask[0]=0x7ffbfeff, sa_flags=0x10000004
SIGINT: [libjvm.so+0x5bfdc0], sa_mask[0]=0x7ffbfeff, sa_flags=0x10000004
SIGTERM: [libjvm.so+0x5bfdc0], sa_mask[0]=0x7ffbfeff, sa_flags=0x10000004
SIGQUIT: [libjvm.so+0x5bfdc0], sa_mask[0]=0x7ffbfeff, sa_flags=0x10000004


---------------  S Y S T E M  ---------------

OS:Ubuntu 12.04 (precise)
uname:Linux 3.2.0-74-generic-pae #109-Ubuntu SMP Tue Dec 9 17:00:00 UTC 2014 i686
libc:glibc 2.15 NPTL 2.15 
rlimit: STACK 8192k, CORE 0k, NPROC 30447, NOFILE 4096, AS infinity
load average:4.66 1.92 1.54