#
# There is insufficient memory for the Java Runtime Environment to continue.
# Native memory allocation (malloc) failed to allocate 71303168 bytes for committing reserved memory.
# Possible reasons:
#   The system is out of physical RAM or swap space
#   In 32 bit mode, the process size limit was hit
# Possible solutions:
#   Reduce memory load on the system
#   Increase physical memory or swap space
#   Check if swap backing store is full
#   Use 64 bit Java on a 64 bit OS
#   Decrease Java heap size (-Xmx/-Xms)
#   Decrease number of Java threads
#   Decrease Java thread stack sizes (-Xss)
#   Set larger code cache with -XX:ReservedCodeCacheSize=
# This output file may be truncated or incomplete.
#
#  Out of Memory Error (os_linux.cpp:2756), pid=15859, tid=1813728064
#
# JRE version: Java(TM) SE Runtime Environment (7.0_72-b14) (build 1.7.0_72-b14)
# Java VM: Java HotSpot(TM) Server VM (24.72-b04 mixed mode linux-x86 )
# Failed to write core dump. Core dumps have been disabled. To enable core dumping, try "ulimit -c unlimited" before starting Java again
#

---------------  T H R E A D  ---------------

Current thread (0x6c080400):  VMThread [stack: 0x6c134000,0x6c1b5000] [id=15906]

Stack: [0x6c134000,0x6c1b5000],  sp=0x6c1b3730,  free space=509k
Native frames: (J=compiled Java code, j=interpreted, Vv=VM code, C=native code)
V  [libjvm.so+0x7e8a76]  VMError::report_and_die()+0x1a6
V  [libjvm.so+0x33d9e2]  report_vm_out_of_memory(char const*, int, unsigned int, char const*)+0x72
V  [libjvm.so+0x685b01]  os::Linux::commit_memory_impl(char*, unsigned int, bool)+0xe1
V  [libjvm.so+0x685fc8]  os::pd_commit_memory(char*, unsigned int, unsigned int, bool)+0x28
V  [libjvm.so+0x67f70c]  os::commit_memory(char*, unsigned int, unsigned int, bool)+0x2c
V  [libjvm.so+0x6e9368]  PSVirtualSpace::expand_by(unsigned int)+0x48
V  [libjvm.so+0x6ea46a]  PSYoungGen::resize_generation(unsigned int, unsigned int)+0xda
V  [libjvm.so+0x6e97a9]  PSYoungGen::resize(unsigned int, unsigned int)+0x19
V  [libjvm.so+0x6e715e]  PSScavenge::invoke_no_policy()+0xd5e
V  [libjvm.so+0x6e7938]  PSScavenge::invoke()+0x28
V  [libjvm.so+0x6a573a]  ParallelScavengeHeap::failed_mem_allocate(unsigned int)+0x5a
V  [libjvm.so+0x7ea30a]  VM_ParallelGCFailedAllocation::doit()+0x7a
V  [libjvm.so+0x7f3127]  VM_Operation::evaluate()+0x47
V  [libjvm.so+0x7f11c3]  VMThread::evaluate_operation(VM_Operation*)+0xb3
V  [libjvm.so+0x7f1560]  VMThread::loop()+0x1b0
V  [libjvm.so+0x7f19c5]  VMThread::run()+0x85
V  [libjvm.so+0x687dd9]  java_start(Thread*)+0x119
C  [libpthread.so.0+0x6d4c]  start_thread+0xcc

VM_Operation (0xb6840834): ParallelGCFailedAllocation, mode: safepoint, requested by thread 0xb6607800


---------------  P R O C E S S  ---------------

Java Threads: ( => current thread )
  0x6c09a800 JavaThread "Service Thread" daemon [_thread_blocked, id=15925, stack(0x6ba5c000,0x6baad000)]
  0x6c098c00 JavaThread "C2 CompilerThread1" daemon [_thread_blocked, id=15921, stack(0x6baad000,0x6bb2e000)]
  0x6c096c00 JavaThread "C2 CompilerThread0" daemon [_thread_blocked, id=15919, stack(0x6bb2e000,0x6bbaf000)]
  0x6c095000 JavaThread "Signal Dispatcher" daemon [_thread_blocked, id=15916, stack(0x6bbaf000,0x6bc00000)]
  0x6c084800 JavaThread "Finalizer" daemon [_thread_blocked, id=15914, stack(0x6eb2e000,0x6eb7f000)]
  0x6c083000 JavaThread "Reference Handler" daemon [_thread_blocked, id=15913, stack(0x6ed2e000,0x6ed7f000)]
  0xb6607800 JavaThread "main" [_thread_blocked, id=15883, stack(0xb67f1000,0xb6842000)]

Other Threads:
=>0x6c080400 VMThread [stack: 0x6c134000,0x6c1b5000] [id=15906]
  0x6c09c400 WatcherThread [stack: 0x6b9db000,0x6ba5c000] [id=15931]

VM state:at safepoint (normal execution)

VM Mutex/Monitor currently owned by a thread:  ([mutex/lock_event])
[0xb6604fa0] Threads_lock - owner thread: 0x6c080400
[0xb66053b0] Heap_lock - owner thread: 0xb6607800

Heap
 PSYoungGen      total 68352K, used 8184K [0x9dfc0000, 0xa2bc0000, 0xb3540000)
  eden space 60160K, 0% used [0x9dfc0000,0x9dfc0000,0xa1a80000)
  from space 8192K, 99% used [0xa1a80000,0xa227e140,0xa2280000)
  to   space 6912K, 0% used [0xa2280000,0xa2280000,0xa2940000)
 ParOldGen       total 40704K, used 21816K [0x73540000, 0x75d00000, 0x9dfc0000)
  object space 40704K, 53% used [0x73540000,0x74a8e170,0x75d00000)
 PSPermGen       total 16384K, used 3762K [0x6f540000, 0x70540000, 0x73540000)
  object space 16384K, 22% used [0x6f540000,0x6f8ec950,0x70540000)

Card table byte_map: [0x6f31f000,0x6f540000] byte_map_base: 0x6efa4600

Polling page: 0xb7762000

Code Cache  [0xb3600000, 0xb3840000, 0xb6600000)
 total_blobs=692 nmethods=573 adapters=73 free_code_cache=47272Kb largest_free_block=48377280

Compilation events (10 events):
Event: 16.818 Thread 0x6c096c00 nmethod 588 0xb36ae988 code [0xb36aea80, 0xb36aeaf0]
Event: 16.818 Thread 0x6c096c00  589             com.android.dx.dex.file.Section::throwIfPrepared (18 bytes)
Event: 16.818 Thread 0x6c096c00 nmethod 589 0xb37c0608 code [0xb37c0700, 0xb37c0750]
Event: 16.818 Thread 0x6c096c00  590             com.android.dx.dex.code.CstInsn::<init> (39 bytes)
Event: 16.820 Thread 0x6c096c00 nmethod 590 0xb37c02c8 code [0xb37c03c0, 0xb37c04d0]
Event: 16.820 Thread 0x6c096c00  591             com.android.dx.cf.iface.StdAttributeList::findNext (85 bytes)
Event: 16.826 Thread 0x6c096c00 nmethod 591 0xb37c5b48 code [0xb37c5c60, 0xb37c5f90]
Event: 16.826 Thread 0x6c096c00  592             com.android.dx.cf.code.ExecutionStack::copy (59 bytes)
Event: 16.833 Thread 0x6c096c00 nmethod 592 0xb37c3988 code [0xb37c3aa0, 0xb37c3e50]
Event: 16.833 Thread 0x6c096c00  593             com.android.dx.rop.type.Prototype::withFirstParameter (68 bytes)

GC Heap History (10 events):
Event: 4.628 GC heap after
Heap after GC invocations=2 (full 0):
 PSYoungGen      total 17920K, used 2555K [0x9dfc0000, 0xa02c0000, 0xb3540000)
  eden space 15360K, 0% used [0x9dfc0000,0x9dfc0000,0x9eec0000)
  from space 2560K, 99% used [0x9f140000,0x9f3bed10,0x9f3c0000)
  to   space 2560K, 0% used [0x9eec0000,0x9eec0000,0x9f140000)
 ParOldGen       total 40704K, used 3450K [0x73540000, 0x75d00000, 0x9dfc0000)
  object space 40704K, 8% used [0x73540000,0x7389eb70,0x75d00000)
 PSPermGen       total 16384K, used 3655K [0x6f540000, 0x70540000, 0x73540000)
  object space 16384K, 22% used [0x6f540000,0x6f8d1e50,0x70540000)
}
Event: 6.017 GC heap before
{Heap before GC invocations=3 (full 0):
 PSYoungGen      total 17920K, used 17915K [0x9dfc0000, 0xa02c0000, 0xb3540000)
  eden space 15360K, 100% used [0x9dfc0000,0x9eec0000,0x9eec0000)
  from space 2560K, 99% used [0x9f140000,0x9f3bed10,0x9f3c0000)
  to   space 2560K, 0% used [0x9eec0000,0x9eec0000,0x9f140000)
 ParOldGen       total 40704K, used 3450K [0x73540000, 0x75d00000, 0x9dfc0000)
  object space 40704K, 8% used [0x73540000,0x7389eb70,0x75d00000)
 PSPermGen       total 16384K, used 3685K [0x6f540000, 0x70540000, 0x73540000)
  object space 16384K, 22% used [0x6f540000,0x6f8d9430,0x70540000)
Event: 6.047 GC heap after
Heap after GC invocations=3 (full 0):
 PSYoungGen      total 17920K, used 2549K [0x9dfc0000, 0xa02c0000, 0xb3540000)
  eden space 15360K, 0% used [0x9dfc0000,0x9dfc0000,0x9eec0000)
  from space 2560K, 99% used [0x9eec0000,0x9f13d668,0x9f140000)
  to   space 2560K, 0% used [0xa0040000,0xa0040000,0xa02c0000)
 ParOldGen       total 40704K, used 5675K [0x73540000, 0x75d00000, 0x9dfc0000)
  object space 40704K, 13% used [0x73540000,0x73acade0,0x75d00000)
 PSPermGen       total 16384K, used 3685K [0x6f540000, 0x70540000, 0x73540000)
  object space 16384K, 22% used [0x6f540000,0x6f8d9430,0x70540000)
}
Event: 7.589 GC heap before
{Heap before GC invocations=4 (full 0):
 PSYoungGen      total 17920K, used 17909K [0x9dfc0000, 0xa02c0000, 0xb3540000)
  eden space 15360K, 100% used [0x9dfc0000,0x9eec0000,0x9eec0000)
  from space 2560K, 99% used [0x9eec0000,0x9f13d668,0x9f140000)
  to   space 2560K, 0% used [0xa0040000,0xa0040000,0xa02c0000)
 ParOldGen       total 40704K, used 5675K [0x73540000, 0x75d00000, 0x9dfc0000)
  object space 40704K, 13% used [0x73540000,0x73acade0,0x75d00000)
 PSPermGen       total 16384K, used 3702K [0x6f540000, 0x70540000, 0x73540000)
  object space 16384K, 22% used [0x6f540000,0x6f8dd9a0,0x70540000)
Event: 7.642 GC heap after
Heap after GC invocations=4 (full 0):
 PSYoungGen      total 33280K, used 2555K [0x9dfc0000, 0xa02c0000, 0xb3540000)
  eden space 30720K, 0% used [0x9dfc0000,0x9dfc0000,0x9fdc0000)
  from space 2560K, 99% used [0xa0040000,0xa02bee50,0xa02c0000)
  to   space 2560K, 0% used [0x9fdc0000,0x9fdc0000,0xa0040000)
 ParOldGen       total 40704K, used 8134K [0x73540000, 0x75d00000, 0x9dfc0000)
  object space 40704K, 19% used [0x73540000,0x73d31ae8,0x75d00000)
 PSPermGen       total 16384K, used 3702K [0x6f540000, 0x70540000, 0x73540000)
  object space 16384K, 22% used [0x6f540000,0x6f8dd9a0,0x70540000)
}
Event: 10.469 GC heap before
{Heap before GC invocations=5 (full 0):
 PSYoungGen      total 33280K, used 33275K [0x9dfc0000, 0xa02c0000, 0xb3540000)
  eden space 30720K, 100% used [0x9dfc0000,0x9fdc0000,0x9fdc0000)
  from space 2560K, 99% used [0xa0040000,0xa02bee50,0xa02c0000)
  to   space 2560K, 0% used [0x9fdc0000,0x9fdc0000,0xa0040000)
 ParOldGen       total 40704K, used 8134K [0x73540000, 0x75d00000, 0x9dfc0000)
  object space 40704K, 19% used [0x73540000,0x73d31ae8,0x75d00000)
 PSPermGen       total 16384K, used 3720K [0x6f540000, 0x70540000, 0x73540000)
  object space 16384K, 22% used [0x6f540000,0x6f8e2350,0x70540000)
Event: 10.530 GC heap after
Heap after GC invocations=5 (full 0):
 PSYoungGen      total 33280K, used 2549K [0x9dfc0000, 0xa2940000, 0xb3540000)
  eden space 30720K, 0% used [0x9dfc0000,0x9dfc0000,0x9fdc0000)
  from space 2560K, 99% used [0x9fdc0000,0xa003d7d8,0xa0040000)
  to   space 6912K, 0% used [0xa2280000,0xa2280000,0xa2940000)
 ParOldGen       total 40704K, used 12363K [0x73540000, 0x75d00000, 0x9dfc0000)
  object space 40704K, 30% used [0x73540000,0x74152de8,0x75d00000)
 PSPermGen       total 16384K, used 3720K [0x6f540000, 0x70540000, 0x73540000)
  object space 16384K, 22% used [0x6f540000,0x6f8e2350,0x70540000)
}
Event: 12.683 GC heap before
{Heap before GC invocations=6 (full 0):
 PSYoungGen      total 33280K, used 33269K [0x9dfc0000, 0xa2940000, 0xb3540000)
  eden space 30720K, 100% used [0x9dfc0000,0x9fdc0000,0x9fdc0000)
  from space 2560K, 99% used [0x9fdc0000,0xa003d7d8,0xa0040000)
  to   space 6912K, 0% used [0xa2280000,0xa2280000,0xa2940000)
 ParOldGen       total 40704K, used 12363K [0x73540000, 0x75d00000, 0x9dfc0000)
  object space 40704K, 30% used [0x73540000,0x74152de8,0x75d00000)
 PSPermGen       total 16384K, used 3743K [0x6f540000, 0x70540000, 0x73540000)
  object space 16384K, 22% used [0x6f540000,0x6f8e7d28,0x70540000)
Event: 12.758 GC heap after
Heap after GC invocations=6 (full 0):
 PSYoungGen      total 67072K, used 6911K [0x9dfc0000, 0xa2bc0000, 0xb3540000)
  eden space 60160K, 0% used [0x9dfc0000,0x9dfc0000,0xa1a80000)
  from space 6912K, 99% used [0xa2280000,0xa293fd20,0xa2940000)
  to   space 8192K, 0% used [0xa1a80000,0xa1a80000,0xa2280000)
 ParOldGen       total 40704K, used 13401K [0x73540000, 0x75d00000, 0x9dfc0000)
  object space 40704K, 32% used [0x73540000,0x74256738,0x75d00000)
 PSPermGen       total 16384K, used 3743K [0x6f540000, 0x70540000, 0x73540000)
  object space 16384K, 22% used [0x6f540000,0x6f8e7d28,0x70540000)
}
Event: 16.869 GC heap before
{Heap before GC invocations=7 (full 0):
 PSYoungGen      total 67072K, used 67071K [0x9dfc0000, 0xa2bc0000, 0xb3540000)
  eden space 60160K, 100% used [0x9dfc0000,0xa1a80000,0xa1a80000)
  from space 6912K, 99% used [0xa2280000,0xa293fd20,0xa2940000)
  to   space 8192K, 0% used [0xa1a80000,0xa1a80000,0xa2280000)
 ParOldGen       total 40704K, used 13401K [0x73540000, 0x75d00000, 0x9dfc0000)
  object space 40704K, 32% used [0x73540000,0x74256738,0x75d00000)
 PSPermGen       total 16384K, used 3762K [0x6f540000, 0x70540000, 0x73540000)
  object space 16384K, 22% used [0x6f540000,0x6f8ec950,0x70540000)

Deoptimization events (10 events):
Event: 14.346 Thread 0xb6607800 Uncommon trap: reason=bimorphic action=maybe_recompile pc=0xb3703624 method=com.android.dx.ssa.LiteralOpUpgrader.tryReplacingWithConstant(Lcom/android/dx/ssa/NormalSsaInsn;)Z @ 62
Event: 14.492 Thread 0xb6607800 Uncommon trap: reason=null_check action=make_not_entrant pc=0xb379a704 method=com.android.dx.dex.file.FieldIdsSection.intern(Lcom/android/dx/rop/cst/CstFieldRef;)Lcom/android/dx/dex/file/FieldIdItem; @ 26
Event: 14.729 Thread 0xb6607800 Uncommon trap: reason=bimorphic action=maybe_recompile pc=0xb3773e78 method=com.android.dx.cf.code.RopperMachine.run(Lcom/android/dx/cf/code/Frame;II)V @ 310
Event: 14.730 Thread 0xb6607800 Uncommon trap: reason=bimorphic action=maybe_recompile pc=0xb3773e78 method=com.android.dx.cf.code.RopperMachine.run(Lcom/android/dx/cf/code/Frame;II)V @ 310
Event: 14.730 Thread 0xb6607800 Uncommon trap: reason=bimorphic action=maybe_recompile pc=0xb3773e78 method=com.android.dx.cf.code.RopperMachine.run(Lcom/android/dx/cf/code/Frame;II)V @ 310
Event: 14.731 Thread 0xb6607800 Uncommon trap: reason=bimorphic action=maybe_recompile pc=0xb3773e78 method=com.android.dx.cf.code.RopperMachine.run(Lcom/android/dx/cf/code/Frame;II)V @ 310
Event: 15.764 Thread 0xb6607800 Uncommon trap: reason=unloaded action=reinterpret pc=0xb36f4bb8 method=com.android.dx.cf.code.Ropper.addReturnBlock()V @ 45
Event: 15.765 Thread 0xb6607800 Uncommon trap: reason=unreached action=reinterpret pc=0xb36e0b44 method=com.android.dx.ssa.MoveParamCombiner$1.visitNonMoveInsn(Lcom/android/dx/ssa/NormalSsaInsn;)V @ 27
Event: 16.811 Thread 0xb6607800 Uncommon trap: reason=bimorphic action=maybe_recompile pc=0xb37cfc44 method=com.android.dx.cf.code.BytecodeArray.parseInstruction(ILcom/android/dx/cf/code/BytecodeArray$Visitor;)I @ 2281
Event: 16.811 Thread 0xb6607800 Uncommon trap: reason=bimorphic action=maybe_recompile pc=0xb37cfc44 method=com.android.dx.cf.code.BytecodeArray.parseInstruction(ILcom/android/dx/cf/code/BytecodeArray$Visitor;)I @ 2281

Internal exceptions (10 events):
Event: 7.903 Thread 0xb6607800 Implicit null exception at 0xb3683c2b to 0xb3683d02
Event: 10.284 Thread 0xb6607800 Threw 0x9fb4deb0 at /HUDSON/workspace/7u-2-build-linux-i586/jdk7u72/1606/hotspot/src/share/vm/prims/jvm.cpp:1281
Event: 11.733 Thread 0xb6607800 Threw 0x9f07f500 at /HUDSON/workspace/7u-2-build-linux-i586/jdk7u72/1606/hotspot/src/share/vm/prims/jvm.cpp:1281
Event: 11.763 Thread 0xb6607800 Threw 0x9f10b660 at /HUDSON/workspace/7u-2-build-linux-i586/jdk7u72/1606/hotspot/src/share/vm/prims/jvm.cpp:1281
Event: 11.778 Thread 0xb6607800 Implicit null exception at 0xb370cf19 to 0xb370d605
Event: 11.778 Thread 0xb6607800 Implicit null exception at 0xb366679f to 0xb3666905
Event: 13.120 Thread 0xb6607800 Implicit null exception at 0xb370f204 to 0xb370fae5
Event: 13.120 Thread 0xb6607800 Implicit null exception at 0xb3661d59 to 0xb3661e55
Event: 13.659 Thread 0xb6607800 Threw 0x9edb86a8 at /HUDSON/workspace/7u-2-build-linux-i586/jdk7u72/1606/hotspot/src/share/vm/prims/jvm.cpp:1281
Event: 14.506 Thread 0xb6607800 Threw 0x9f9587f0 at /HUDSON/workspace/7u-2-build-linux-i586/jdk7u72/1606/hotspot/src/share/vm/prims/jvm.cpp:1281

Events (10 events):
Event: 16.585 Thread 0x6c096c00 flushing nmethod 0xb37058c8
Event: 16.585 Thread 0x6c096c00 flushing nmethod 0xb370ca88
Event: 16.659 Thread 0x6c096c00 flushing nmethod 0xb3756a88
Event: 16.811 Thread 0xb6607800 Uncommon trap: trap_request=0xffffffc6 fr.pc=0xb37cfc44
Event: 16.811 Thread 0xb6607800 DEOPT PACKING pc=0xb37cfc44 sp=0xb6840940
Event: 16.811 Thread 0xb6607800 DEOPT UNPACKING pc=0xb362cbc8 sp=0xb6840948 mode 2
Event: 16.811 Thread 0xb6607800 Uncommon trap: trap_request=0xffffffc6 fr.pc=0xb37cfc44
Event: 16.811 Thread 0xb6607800 DEOPT PACKING pc=0xb37cfc44 sp=0xb6840960
Event: 16.811 Thread 0xb6607800 DEOPT UNPACKING pc=0xb362cbc8 sp=0xb6840968 mode 2
Event: 16.868 Executing VM operation: ParallelGCFailedAllocation


Dynamic libraries:
08048000-08049000 r-xp 00000000 08:04 1968239    /usr/lib/jvm/java-7-oracle/bin/java
08049000-0804a000 rw-p 00000000 08:04 1968239    /usr/lib/jvm/java-7-oracle/bin/java
08851000-088d2000 rw-p 00000000 00:00 0          [heap]
6a800000-6a8f2000 rw-p 00000000 00:00 0 
6a8f2000-6a900000 ---p 00000000 00:00 0 
6aa00000-6aba4000 rw-p 00000000 00:00 0 
6aba4000-6ac00000 ---p 00000000 00:00 0 
6ac00000-6acd4000 rw-p 00000000 00:00 0 
6acd4000-6ad00000 ---p 00000000 00:00 0 
6ae00000-6aefd000 rw-p 00000000 00:00 0 
6aefd000-6af00000 ---p 00000000 00:00 0 
6af00000-6b000000 rw-p 00000000 00:00 0 
6b000000-6b0f9000 rw-p 00000000 00:00 0 
6b0f9000-6b100000 ---p 00000000 00:00 0 
6b200000-6b2e0000 rw-p 00000000 00:00 0 
6b2e0000-6b300000 ---p 00000000 00:00 0 
6b300000-6b3f2000 rw-p 00000000 00:00 0 
6b3f2000-6b400000 ---p 00000000 00:00 0 
6b400000-6b4f9000 rw-p 00000000 00:00 0 
6b4f9000-6b500000 ---p 00000000 00:00 0 
6b600000-6b700000 rw-p 00000000 00:00 0 
6b700000-6b7f7000 rw-p 00000000 00:00 0 
6b7f7000-6b800000 ---p 00000000 00:00 0 
6b800000-6b894000 rw-p 00000000 00:00 0 
6b894000-6b900000 ---p 00000000 00:00 0 
6b9db000-6b9dc000 ---p 00000000 00:00 0 
6b9dc000-6ba5c000 rw-p 00000000 00:00 0 
6ba5c000-6ba5f000 ---p 00000000 00:00 0 
6ba5f000-6baad000 rw-p 00000000 00:00 0 
6baad000-6bab0000 ---p 00000000 00:00 0 
6bab0000-6bb2e000 rw-p 00000000 00:00 0 
6bb2e000-6bb31000 ---p 00000000 00:00 0 
6bb31000-6bbaf000 rw-p 00000000 00:00 0 
6bbaf000-6bbb2000 ---p 00000000 00:00 0 
6bbb2000-6bc00000 rw-p 00000000 00:00 0 
6bc00000-6be00000 r--p 00000000 08:04 10230872   /usr/lib/locale/locale-archive
6be00000-6befb000 rw-p 00000000 00:00 0 
6befb000-6bf00000 ---p 00000000 00:00 0 
6bf00000-6bf21000 rw-p 00000000 00:00 0 
6bf21000-6c000000 ---p 00000000 00:00 0 
6c000000-6c0f6000 rw-p 00000000 00:00 0 
6c0f6000-6c100000 ---p 00000000 00:00 0 
6c134000-6c135000 ---p 00000000 00:00 0 
6c135000-6c200000 rw-p 00000000 00:00 0 
6c200000-6c3c0000 r--s 039ea000 08:04 1969059    /usr/lib/jvm/java-7-oracle/jre/lib/rt.jar
6c3c0000-6ea00000 rw-p 00000000 00:00 0 
6ea00000-6eaf9000 rw-p 00000000 00:00 0 
6eaf9000-6eb00000 ---p 00000000 00:00 0 
6eb2e000-6eb31000 ---p 00000000 00:00 0 
6eb31000-6eb7f000 rw-p 00000000 00:00 0 
6eb7f000-6eb80000 ---p 00000000 00:00 0 
6eb80000-6ec00000 rw-p 00000000 00:00 0 
6ec00000-6ec21000 rw-p 00000000 00:00 0 
6ec21000-6ed00000 ---p 00000000 00:00 0 
6ed2e000-6ed31000 ---p 00000000 00:00 0 
6ed31000-6ed7f000 rw-p 00000000 00:00 0 
6ed7f000-6ed80000 ---p 00000000 00:00 0 
6ed80000-6ee00000 rw-p 00000000 00:00 0 
6ee00000-6ee21000 rw-p 00000000 00:00 0 
6ee21000-6ef00000 ---p 00000000 00:00 0 
6ef24000-6ef7f000 rw-p 00000000 00:00 0 
6ef7f000-6ef80000 ---p 00000000 00:00 0 
6ef80000-6f000000 rw-p 00000000 00:00 0 
6f000000-6f021000 rw-p 00000000 00:00 0 
6f021000-6f100000 ---p 00000000 00:00 0 
6f123000-6f138000 r-xp 00000000 08:04 1968306    /usr/lib/jvm/java-7-oracle/jre/lib/i386/libnet.so
6f138000-6f139000 rw-p 00014000 08:04 1968306    /usr/lib/jvm/java-7-oracle/jre/lib/i386/libnet.so
6f139000-6f147000 r-xp 00000000 08:04 1968294    /usr/lib/jvm/java-7-oracle/jre/lib/i386/libnio.so
6f147000-6f148000 rw-p 0000e000 08:04 1968294    /usr/lib/jvm/java-7-oracle/jre/lib/i386/libnio.so
6f148000-6f149000 ---p 00000000 00:00 0 
6f149000-6f1dd000 rw-p 00000000 00:00 0 
6f1dd000-6f31f000 rw-p 00000000 00:00 0 
6f31f000-6f327000 rw-p 00000000 00:00 0 
6f327000-6f33f000 rw-p 00000000 00:00 0 
6f33f000-6f353000 rw-p 00000000 00:00 0 
6f353000-6f494000 rw-p 00000000 00:00 0 
6f494000-6f4bb000 rw-p 00000000 00:00 0 
6f4bb000-6f53f000 rw-p 00000000 00:00 0 
6f53f000-70540000 rw-p 00000000 00:00 0 
70540000-73540000 rw-p 00000000 00:00 0 
73540000-75d00000 rw-p 00000000 00:00 0 
75d00000-9dfc0000 rw-p 00000000 00:00 0 
9dfc0000-a2bc0000 rw-p 00000000 00:00 0 
a6da3000-a6fc0000 rw-p 00000000 00:00 0 
a6fc0000-b3540000 rw-p 00000000 00:00 0 
b3540000-b3549000 rw-p 00000000 00:00 0 
b3549000-b3600000 rw-p 00000000 00:00 0 
b3600000-b3840000 rwxp 00000000 00:00 0 
b3840000-b66f6000 rw-p 00000000 00:00 0 
b66f6000-b6700000 ---p 00000000 00:00 0 
b6700000-b6712000 r--s 000c6000 08:04 9843474    /home/haider/AndroidStudioProjects/XMPP/app/build/intermediates/exploded-aar/com.android.support/support-v4/22.2.0/jars/classes.jar
b6712000-b6721000 r--s 000dd000 08:04 5898350    /home/haider/Downloads/android-sdk-linux/build-tools/22.0.1/lib/dx.jar
b6721000-b6743000 rw-p 00000000 00:00 0 
b6743000-b675b000 rw-p 00000000 00:00 0 
b675b000-b6772000 r-xp 00000000 08:04 1968349    /usr/lib/jvm/java-7-oracle/jre/lib/i386/libzip.so
b6772000-b6773000 rw-p 00017000 08:04 1968349    /usr/lib/jvm/java-7-oracle/jre/lib/i386/libzip.so
b6773000-b677e000 r-xp 00000000 08:04 2101123    /lib/i386-linux-gnu/libnss_files-2.15.so
b677e000-b677f000 r--p 0000a000 08:04 2101123    /lib/i386-linux-gnu/libnss_files-2.15.so
b677f000-b6780000 rw-p 0000b000 08:04 2101123    /lib/i386-linux-gnu/libnss_files-2.15.so
b6780000-b678a000 r-xp 00000000 08:04 2101140    /lib/i386-linux-gnu/libnss_nis-2.15.so
b678a000-b678b000 r--p 00009000 08:04 2101140    /lib/i386-linux-gnu/libnss_nis-2.15.so
b678b000-b678c000 rw-p 0000a000 08:04 2101140    /lib/i386-linux-gnu/libnss_nis-2.15.so
b678c000-b67a2000 r-xp 00000000 08:04 2101130    /lib/i386-linux-gnu/libnsl-2.15.so
b67a2000-b67a3000 r--p 00015000 08:04 2101130    /lib/i386-linux-gnu/libnsl-2.15.so
b67a3000-b67a4000 rw-p 00016000 08:04 2101130    /lib/i386-linux-gnu/libnsl-2.15.so
b67a4000-b67a6000 rw-p 00000000 00:00 0 
b67a6000-b67ad000 r-xp 00000000 08:04 2101126    /lib/i386-linux-gnu/libnss_compat-2.15.so
b67ad000-b67ae000 r--p 00006000 08:04 2101126    /lib/i386-linux-gnu/libnss_compat-2.15.so
b67ae000-b67af000 rw-p 00007000 08:04 2101126    /lib/i386-linux-gnu/libnss_compat-2.15.so
b67bc000-b67c4000 rw-s 00000000 08:04 3940812    /tmp/hsperfdata_haider/15859
b67c4000-b67e7000 r-xp 00000000 08:04 1968353    /usr/lib/jvm/java-7-oracle/jre/lib/i386/libjava.so
b67e7000-b67e8000 rw-p 00023000 08:04 1968353    /usr/lib/jvm/java-7-oracle/jre/lib/i386/libjava.so
b67e8000-b67ef000 r-xp 00000000 08:04 2101134    /lib/i386-linux-gnu/librt-2.15.so
b67ef000-b67f0000 r--p 00006000 08:04 2101134    /lib/i386-linux-gnu/librt-2.15.so
b67f0000-b67f1000 rw-p 00007000 08:04 2101134    /lib/i386-linux-gnu/librt-2.15.so
b67f1000-b67f4000 ---p 00000000 00:00 0 
b67f4000-b6842000 rw-p 00000000 00:00 0 
b6842000-b686c000 r-xp 00000000 08:04 2101128    /lib/i386-linux-gnu/libm-2.15.so
b686c000-b686d000 r--p 00029000 08:04 2101128    /lib/i386-linux-gnu/libm-2.15.so
b686d000-b686e000 rw-p 0002a000 08:04 2101128    /lib/i386-linux-gnu/libm-2.15.so
b686e000-b70f3000 r-xp 00000000 08:04 1968321    /usr/lib/jvm/java-7-oracle/jre/lib/i386/server/libjvm.so
b70f3000-b7157000 rw-p 00884000 08:04 1968321    /usr/lib/jvm/java-7-oracle/jre/lib/i386/server/libjvm.so
b7157000-b757b000 rw-p 00000000 00:00 0 
b757b000-b771f000 r-xp 00000000 08:04 2101138    /lib/i386-linux-gnu/libc-2.15.so
b771f000-b7721000 r--p 001a4000 08:04 2101138    /lib/i386-linux-gnu/libc-2.15.so
b7721000-b7722000 rw-p 001a6000 08:04 2101138    /lib/i386-linux-gnu/libc-2.15.so
b7722000-b7725000 rw-p 00000000 00:00 0 
b7725000-b7728000 r-xp 00000000 08:04 2101125    /lib/i386-linux-gnu/libdl-2.15.so
b7728000-b7729000 r--p 00002000 08:04 2101125    /lib/i386-linux-gnu/libdl-2.15.so
b7729000-b772a000 rw-p 00003000 08:04 2101125    /lib/i386-linux-gnu/libdl-2.15.so
b772a000-b772b000 rw-p 00000000 00:00 0 
b772b000-b773e000 r-xp 00000000 08:04 1840170    /usr/lib/jvm/java-7-oracle/lib/i386/jli/libjli.so
b773e000-b773f000 rw-p 00012000 08:04 1840170    /usr/lib/jvm/java-7-oracle/lib/i386/jli/libjli.so
b773f000-b7756000 r-xp 00000000 08:04 2101132    /lib/i386-linux-gnu/libpthread-2.15.so
b7756000-b7757000 r--p 00016000 08:04 2101132    /lib/i386-linux-gnu/libpthread-2.15.so
b7757000-b7758000 rw-p 00017000 08:04 2101132    /lib/i386-linux-gnu/libpthread-2.15.so
b7758000-b775a000 rw-p 00000000 00:00 0 
b775f000-b7760000 rw-p 00000000 00:00 0 
b7760000-b7761000 r--p 005e0000 08:04 10230872   /usr/lib/locale/locale-archive
b7761000-b7762000 rw-p 00000000 00:00 0 
b7762000-b7763000 ---p 00000000 00:00 0 
b7763000-b776e000 r-xp 00000000 08:04 1968315    /usr/lib/jvm/java-7-oracle/jre/lib/i386/libverify.so
b776e000-b776f000 rw-p 0000b000 08:04 1968315    /usr/lib/jvm/java-7-oracle/jre/lib/i386/libverify.so
b776f000-b7771000 rw-p 00000000 00:00 0 
b7771000-b7772000 r-xp 00000000 00:00 0          [vdso]
b7772000-b7792000 r-xp 00000000 08:04 2101122    /lib/i386-linux-gnu/ld-2.15.so
b7792000-b7793000 r--p 0001f000 08:04 2101122    /lib/i386-linux-gnu/ld-2.15.so
b7793000-b7794000 rw-p 00020000 08:04 2101122    /lib/i386-linux-gnu/ld-2.15.so
bfa20000-bfa21000 rwxp 00000000 00:00 0 
bfa53000-bfa74000 rw-p 00000000 00:00 0          [stack]

VM Arguments:
jvm_args: -Xmx1024M -Dfile.encoding=UTF-8 -Duser.country=US -Duser.language=en -Duser.variant 
java_command: com.android.dx.command.Main --dex --output /home/haider/AndroidStudioProjects/XMPP/app/build/intermediates/pre-dexed/debug/classes-ebef299a5269ae7c4be300509c42d5d1671e25b6.jar /home/haider/AndroidStudioProjects/XMPP/app/build/intermediates/exploded-aar/com.android.support/support-v4/22.2.0/jars/classes.jar
Launcher Type: SUN_STANDARD

Environment Variables:
JAVA_HOME=/usr/lib/jvm/java-7-oracle
CLASSPATH=./../lib/bootstrap.jar:./../lib/extensions.jar:./../lib/util.jar:./../lib/jdom.jar:./../lib/log4j.jar:./../lib/trove4j.jar:./../lib/jna.jar:/usr/lib/jvm/java-7-oracle/lib/tools.jar
PATH=/usr/local/heroku/bin:/home/haider/.rbenv/plugins/ruby-build/bin:/home/haider/.rbenv/shims:/home/haider/.rbenv/bin:/usr/lib/lightdm/lightdm:/usr/local/sbin:/usr/local/bin:/usr/sbin:/usr/bin:/sbin:/bin:/usr/games:/usr/lib/jvm/java-7-oracle/bin:/usr/lib/jvm/java-7-oracle/db/bin:/usr/lib/jvm/java-7-oracle/jre/bin
LD_LIBRARY_PATH=.:
SHELL=/bin/bash
DISPLAY=:0

Signal Handlers:
SIGSEGV: [libjvm.so+0x7e9580], sa_mask[0]=0x7ffbfeff, sa_flags=0x10000004
SIGBUS: [libjvm.so+0x7e9580], sa_mask[0]=0x7ffbfeff, sa_flags=0x10000004
SIGFPE: [libjvm.so+0x682680], sa_mask[0]=0x7ffbfeff, sa_flags=0x10000004
SIGPIPE: [libjvm.so+0x682680], sa_mask[0]=0x7ffbfeff, sa_flags=0x10000004
SIGXFSZ: [libjvm.so+0x682680], sa_mask[0]=0x7ffbfeff, sa_flags=0x10000004
SIGILL: [libjvm.so+0x682680], sa_mask[0]=0x7ffbfeff, sa_flags=0x10000004
SIGUSR1: SIG_DFL, sa_mask[0]=0x00000000, sa_flags=0x00000000
SIGUSR2: [libjvm.so+0x683e80], sa_mask[0]=0x00000004, sa_flags=0x10000004
SIGHUP: [libjvm.so+0x6851b0], sa_mask[0]=0x7ffbfeff, sa_flags=0x10000004
SIGINT: [libjvm.so+0x6851b0], sa_mask[0]=0x7ffbfeff, sa_flags=0x10000004
SIGTERM: [libjvm.so+0x6851b0], sa_mask[0]=0x7ffbfeff, sa_flags=0x10000004
SIGQUIT: [libjvm.so+0x6851b0], sa_mask[0]=0x7ffbfeff, sa_flags=0x10000004


---------------  S Y S T E M  ---------------

OS:wheezy/sid

uname:Linux 3.2.0-74-generic-pae #109-Ubuntu SMP Tue Dec 9 17:00:00 UTC 2014 i686
libc:glibc 2.15 NPTL 2.15 
rlimit: STACK 8192k, CORE 0k, NPROC 30447, NOFILE 4096, AS infinity
load average:5.36 3.13 2.06

/proc/meminfo:
MemTotal:        3917408 kB
MemFree:          163664 kB
Buffers:            5880 kB
Cached:           317964 kB
SwapCached:            0 kB
Active:          3454504 kB
Inactive:         199840 kB
Active(anon):    3414844 kB
Inactive(anon):   167324 kB
Active(file):      39660 kB
Inactive(file):    32516 kB
Unevictable:         416 kB
Mlocked:             416 kB
HighTotal:       3075156 kB
HighFree:            392 kB
LowTotal:         842252 kB
LowFree:          163272 kB
SwapTotal:             0 kB
SwapFree:              0 kB
Dirty:               164 kB
Writeback:            36 kB
AnonPages:       3331416 kB
Mapped:            77152 kB
Shmem:            251492 kB
Slab:              44836 kB
SReclaimable:      20708 kB
SUnreclaim:        24128 kB
KernelStack:        7128 kB
PageTables:        23444 kB
NFS_Unstable:          0 kB
Bounce:                0 kB
WritebackTmp:          0 kB
CommitLimit:     1958704 kB
Committed_AS:    8451132 kB
VmallocTotal:     122880 kB
VmallocUsed:       18684 kB
VmallocChunk:     100220 kB
HardwareCorrupted:     0 kB
AnonHugePages:         0 kB
HugePages_Total:       0
HugePages_Free:        0
HugePages_Rsvd:        0
HugePages_Surp:        0
Hugepagesize:       2048 kB
DirectMap4k:       10232 kB
DirectMap2M:      903168 kB


CPU:total 4 (2 cores per cpu, 2 threads per core) family 6 model 37 stepping 5, cmov, cx8, fxsr, mmx, sse, sse2, sse3, ssse3, sse4.1, sse4.2, popcnt, ht, tsc, tscinvbit

/proc/cpuinfo:
processor	: 0
vendor_id	: GenuineIntel
cpu family	: 6
model		: 37
model name	: Intel(R) Core(TM) i3 CPU       M 380  @ 2.53GHz
stepping	: 5
microcode	: 0x2
cpu MHz		: 2527.000
cache size	: 3072 KB
physical id	: 0
siblings	: 4
core id		: 0
cpu cores	: 2
apicid		: 0
initial apicid	: 0
fdiv_bug	: no
hlt_bug		: no
f00f_bug	: no
coma_bug	: no
fpu		: yes
fpu_exception	: yes
cpuid level	: 11
wp		: yes
flags		: fpu vme de pse tsc msr pae mce cx8 apic sep mtrr pge mca cmov pat pse36 clflush dts acpi mmx fxsr sse sse2 ss ht tm pbe nx rdtscp lm constant_tsc arch_perfmon pebs bts xtopology nonstop_tsc aperfmperf pni dtes64 monitor ds_cpl vmx est tm2 ssse3 cx16 xtpr pdcm pcid sse4_1 sse4_2 popcnt lahf_lm arat dtherm tpr_shadow vnmi flexpriority ept vpid
bogomips	: 5053.98
clflush size	: 64
cache_alignment	: 64
address sizes	: 36 bits physical, 48 bits virtual
power management:

processor	: 1
vendor_id	: GenuineIntel
cpu family	: 6
model		: 37
model name	: Intel(R) Core(TM) i3 CPU       M 380  @ 2.53GHz
stepping	: 5
microcode	: 0x2
cpu MHz		: 1463.000
cache size	: 3072 KB
physical id	: 0
siblings	: 4
core id		: 2
cpu cores	: 2
apicid		: 4
initial apicid	: 4
fdiv_bug	: no
hlt_bug		: no
f00f_bug	: no
coma_bug	: no
fpu		: yes
fpu_exception	: yes
cpuid level	: 11
wp		: yes
flags		: fpu vme de pse tsc msr pae mce cx8 apic sep mtrr pge mca cmov pat pse36 clflush dts acpi mmx fxsr sse sse2 ss ht tm pbe nx rdtscp lm constant_tsc arch_perfmon pebs bts xtopology nonstop_tsc aperfmperf pni dtes64 monitor ds_cpl vmx est tm2 ssse3 cx16 xtpr pdcm pcid sse4_1 sse4_2 popcnt lahf_lm arat dtherm tpr_shadow vnmi flexpriority ept vpid
bogomips	: 5053.89
clflush size	: 64
cache_alignment	: 64
address sizes	: 36 bits physical, 48 bits virtual
power management:

processor	: 2
vendor_id	: GenuineIntel
cpu family	: 6
model		: 37
model name	: Intel(R) Core(TM) i3 CPU       M 380  @ 2.53GHz
stepping	: 5
microcode	: 0x2
cpu MHz		: 2527.000
cache size	: 3072 KB
physical id	: 0
siblings	: 4
core id		: 0
cpu cores	: 2
apicid		: 1
initial apicid	: 1
fdiv_bug	: no
hlt_bug		: no
f00f_bug	: no
coma_bug	: no
fpu		: yes
fpu_exception	: yes
cpuid level	: 11
wp		: yes
flags		: fpu vme de pse tsc msr pae mce cx8 apic sep mtrr pge mca cmov pat pse36 clflush dts acpi mmx fxsr sse sse2 ss ht tm pbe nx rdtscp lm constant_tsc arch_perfmon pebs bts xtopology nonstop_tsc aperfmperf pni dtes64 monitor ds_cpl vmx est tm2 ssse3 cx16 xtpr pdcm pcid sse4_1 sse4_2 popcnt lahf_lm arat dtherm tpr_shadow vnmi flexpriority ept vpid
bogomips	: 5053.89
clflush size	: 64
cache_alignment	: 64
address sizes	: 36 bits physical, 48 bits virtual
power management:

processor	: 3
vendor_id	: GenuineIntel
cpu family	: 6
model		: 37
model name	: Intel(R) Core(TM) i3 CPU       M 380  @ 2.53GHz
stepping	: 5
microcode	: 0x2
cpu MHz		: 2527.000
cache size	: 3072 KB
physical id	: 0
siblings	: 4
core id		: 2
cpu cores	: 2
apicid		: 5
initial apicid	: 5
fdiv_bug	: no
hlt_bug		: no
f00f_bug	: no
coma_bug	: no
fpu		: yes
fpu_exception	: yes
cpuid level	: 11
wp		: yes
flags		: fpu vme de pse tsc msr pae mce cx8 apic sep mtrr pge mca cmov pat pse36 clflush dts acpi mmx fxsr sse sse2 ss ht tm pbe nx rdtscp lm constant_tsc arch_perfmon pebs bts xtopology nonstop_tsc aperfmperf pni dtes64 monitor ds_cpl vmx est tm2 ssse3 cx16 xtpr pdcm pcid sse4_1 sse4_2 popcnt lahf_lm arat dtherm tpr_shadow vnmi flexpriority ept vpid
bogomips	: 5053.88
clflush size	: 64
cache_alignment	: 64
address sizes	: 36 bits physical, 48 bits virtual
power management:



Memory: 4k page, physical 3917408k(163664k free), swap 0k(0k free)

vm_info: Java HotSpot(TM) Server VM (24.72-b04) for linux-x86 JRE (1.7.0_72-b14), built on Sep 26 2014 19:38:09 by "java_re" with gcc 4.3.0 20080428 (Red Hat 4.3.0-8)

time: Sat Jul 11 14:38:58 2015
elapsed time: 17 seconds

