#
# There is insufficient memory for the Java Runtime Environment to continue.
# Native memory allocation (malloc) failed to allocate 936112 bytes for Chunk::new
# Possible reasons:
#   The system is out of physical RAM or swap space
#   In 32 bit mode, the process size limit was hit
# Possible solutions:
#   Reduce memory load on the system
#   Increase physical memory or swap space
#   Check if swap backing store is full
#   Use 64 bit Java on a 64 bit OS
#   Decrease Java heap size (-Xmx/-Xms)
#   Decrease number of Java threads
#   Decrease Java thread stack sizes (-Xss)
#   Set larger code cache with -XX:ReservedCodeCacheSize=
# This output file may be truncated or incomplete.
#
#  Out of Memory Error (allocation.cpp:323), pid=16107, tid=1808128832
#
# JRE version: Java(TM) SE Runtime Environment (7.0_72-b14) (build 1.7.0_72-b14)
# Java VM: Java HotSpot(TM) Server VM (24.72-b04 mixed mode linux-x86 )
# Failed to write core dump. Core dumps have been disabled. To enable core dumping, try "ulimit -c unlimited" before starting Java again
#

---------------  T H R E A D  ---------------

Current thread (0x6c19ec00):  JavaThread "C2 CompilerThread0" daemon [_thread_in_native, id=16154, stack(0x6bbdd000,0x6bc5e000)]

Stack: [0x6bbdd000,0x6bc5e000],  sp=0x6bc5b470,  free space=505k
Native frames: (J=compiled Java code, j=interpreted, Vv=VM code, C=native code)
V  [libjvm.so+0x7e8a76]  VMError::report_and_die()+0x1a6
V  [libjvm.so+0x33d9e2]  report_vm_out_of_memory(char const*, int, unsigned int, char const*)+0x72
V  [libjvm.so+0x18c8a5]  Chunk::operator new(unsigned int, AllocFailStrategy::AllocFailEnum, unsigned int)+0x105
V  [libjvm.so+0x18d3dc]  Arena::grow(unsigned int, AllocFailStrategy::AllocFailEnum)+0x2c
V  [libjvm.so+0x700054]  resource_allocate_bytes(unsigned int, AllocFailStrategy::AllocFailEnum)+0x64
V  [libjvm.so+0x3a64ce]  PhaseIdealLoop::Dominators()+0x6e
V  [libjvm.so+0x5dfcd3]  PhaseIdealLoop::build_and_optimize(bool, bool)+0x463
V  [libjvm.so+0x2f912d]  PhaseIdealLoop::PhaseIdealLoop(PhaseIterGVN&, bool, bool)+0x15d
V  [libjvm.so+0x2f5ca3]  Compile::Optimize()+0x803
V  [libjvm.so+0x2f6e80]  Compile::Compile(ciEnv*, C2Compiler*, ciMethod*, int, bool, bool)+0x1140
V  [libjvm.so+0x26b71f]  C2Compiler::compile_method(ciEnv*, ciMethod*, int)+0x19f
V  [libjvm.so+0x2fe815]  CompileBroker::invoke_compiler_on_method(CompileTask*)+0x345
V  [libjvm.so+0x2ff68f]  CompileBroker::compiler_thread_loop()+0x42f
V  [libjvm.so+0x79c6c8]  compiler_thread_entry(JavaThread*, Thread*)+0x18
V  [libjvm.so+0x7a41f9]  JavaThread::thread_main_inner()+0x109
V  [libjvm.so+0x7a4353]  JavaThread::run()+0x123
V  [libjvm.so+0x687dd9]  java_start(Thread*)+0x119
C  [libpthread.so.0+0x6d4c]  start_thread+0xcc


Current CompileTask:
C2:  16897  447             com.android.dx.rop.code.Rops::ropFor (771 bytes)


---------------  P R O C E S S  ---------------

Java Threads: ( => current thread )
  0x6c1a2800 JavaThread "Service Thread" daemon [_thread_blocked, id=16156, stack(0x6bb0b000,0x6bb5c000)]
  0x6c1a0c00 JavaThread "C2 CompilerThread1" daemon [_thread_in_native, id=16155, stack(0x6bb5c000,0x6bbdd000)]
=>0x6c19ec00 JavaThread "C2 CompilerThread0" daemon [_thread_in_native, id=16154, stack(0x6bbdd000,0x6bc5e000)]
  0x6c19d000 JavaThread "Signal Dispatcher" daemon [_thread_blocked, id=16150, stack(0x6bc5e000,0x6bcaf000)]
  0x6c184800 JavaThread "Finalizer" daemon [_thread_blocked, id=16148, stack(0x6beaf000,0x6bf00000)]
  0x6c183000 JavaThread "Reference Handler" daemon [_thread_blocked, id=16144, stack(0x6ec2e000,0x6ec7f000)]
  0xb6707800 JavaThread "main" [_thread_in_native, id=16118, stack(0xb6820000,0xb6871000)]

Other Threads:
  0x6c180400 VMThread [stack: 0x6c234000,0x6c2b5000] [id=16139]
  0x6c1a4400 WatcherThread [stack: 0x6ba8a000,0x6bb0b000] [id=16166]

VM state:not at safepoint (normal execution)

VM Mutex/Monitor currently owned by a thread: None

Heap
 PSYoungGen      total 33280K, used 24895K [0x9e040000, 0xa0340000, 0xb35c0000)
  eden space 30720K, 72% used [0x9e040000,0x9f60fcf8,0x9fe40000)
  from space 2560K, 100% used [0xa00c0000,0xa0340000,0xa0340000)
  to   space 2560K, 0% used [0x9fe40000,0x9fe40000,0xa00c0000)
 ParOldGen       total 40704K, used 8403K [0x735c0000, 0x75d80000, 0x9e040000)
  object space 40704K, 20% used [0x735c0000,0x73df4ed8,0x75d80000)
 PSPermGen       total 16384K, used 3767K [0x6f5c0000, 0x705c0000, 0x735c0000)
  object space 16384K, 22% used [0x6f5c0000,0x6f96dfb0,0x705c0000)

Card table byte_map: [0x6f39f000,0x6f5c0000] byte_map_base: 0x6f024200

Polling page: 0xb7791000

Code Cache  [0xb3688000, 0xb38c8000, 0xb6688000)
 total_blobs=579 nmethods=460 adapters=73 free_code_cache=47577Kb largest_free_block=48689344

Compilation events (10 events):
Event: 16.778 Thread 0x6c1a0c00 nmethod 465 0xb37f5588 code [0xb37f5680, 0xb37f5730]
Event: 16.778 Thread 0x6c1a0c00  466             com.android.dx.cf.code.ExecutionStack::peek (42 bytes)
Event: 16.779 Thread 0x6c1a0c00 nmethod 466 0xb3805248 code [0xb3805340, 0xb38053fc]
Event: 16.779 Thread 0x6c1a0c00  467             com.android.dx.rop.type.Type::getFrameType (5 bytes)
Event: 16.780 Thread 0x6c1a0c00 nmethod 467 0xb3805088 code [0xb3805180, 0xb38051f0]
Event: 16.780 Thread 0x6c1a0c00  468             com.android.dx.rop.type.Type::getFrameType (58 bytes)
Event: 16.780 Thread 0x6c1a0c00 nmethod 468 0xb3804ec8 code [0xb3804fc0, 0xb3805030]
Event: 16.780 Thread 0x6c1a0c00  469             com.android.dx.cf.code.BasicBlocker::visitCommon (34 bytes)
Event: 16.783 Thread 0x6c1a0c00 nmethod 469 0xb380cc08 code [0xb380cd00, 0xb380ce70]
Event: 16.783 Thread 0x6c1a0c00  470   !         com.android.dx.cf.code.Ropper::processBlock (1101 bytes)

GC Heap History (8 events):
Event: 4.458 GC heap before
{Heap before GC invocations=1 (full 0):
 PSYoungGen      total 17920K, used 15360K [0x9e040000, 0x9f440000, 0xb35c0000)
  eden space 15360K, 100% used [0x9e040000,0x9ef40000,0x9ef40000)
  from space 2560K, 0% used [0x9f1c0000,0x9f1c0000,0x9f440000)
  to   space 2560K, 0% used [0x9ef40000,0x9ef40000,0x9f1c0000)
 ParOldGen       total 40704K, used 0K [0x735c0000, 0x75d80000, 0x9e040000)
  object space 40704K, 0% used [0x735c0000,0x735c0000,0x75d80000)
 PSPermGen       total 16384K, used 3576K [0x6f5c0000, 0x705c0000, 0x735c0000)
  object space 16384K, 21% used [0x6f5c0000,0x6f93e340,0x705c0000)
Event: 4.484 GC heap after
Heap after GC invocations=1 (full 0):
 PSYoungGen      total 17920K, used 2545K [0x9e040000, 0x9f440000, 0xb35c0000)
  eden space 15360K, 0% used [0x9e040000,0x9e040000,0x9ef40000)
  from space 2560K, 99% used [0x9ef40000,0x9f1bc658,0x9f1c0000)
  to   space 2560K, 0% used [0x9f1c0000,0x9f1c0000,0x9f440000)
 ParOldGen       total 40704K, used 1256K [0x735c0000, 0x75d80000, 0x9e040000)
  object space 40704K, 3% used [0x735c0000,0x736fa070,0x75d80000)
 PSPermGen       total 16384K, used 3576K [0x6f5c0000, 0x705c0000, 0x735c0000)
  object space 16384K, 21% used [0x6f5c0000,0x6f93e340,0x705c0000)
}
Event: 7.000 GC heap before
{Heap before GC invocations=2 (full 0):
 PSYoungGen      total 17920K, used 17905K [0x9e040000, 0x9f440000, 0xb35c0000)
  eden space 15360K, 100% used [0x9e040000,0x9ef40000,0x9ef40000)
  from space 2560K, 99% used [0x9ef40000,0x9f1bc658,0x9f1c0000)
  to   space 2560K, 0% used [0x9f1c0000,0x9f1c0000,0x9f440000)
 ParOldGen       total 40704K, used 1256K [0x735c0000, 0x75d80000, 0x9e040000)
  object space 40704K, 3% used [0x735c0000,0x736fa070,0x75d80000)
 PSPermGen       total 16384K, used 3659K [0x6f5c0000, 0x705c0000, 0x735c0000)
  object space 16384K, 22% used [0x6f5c0000,0x6f952cf0,0x705c0000)
Event: 7.037 GC heap after
Heap after GC invocations=2 (full 0):
 PSYoungGen      total 17920K, used 2546K [0x9e040000, 0xa0340000, 0xb35c0000)
  eden space 15360K, 0% used [0x9e040000,0x9e040000,0x9ef40000)
  from space 2560K, 99% used [0x9f1c0000,0x9f43caf0,0x9f440000)
  to   space 2560K, 0% used [0x9ef40000,0x9ef40000,0x9f1c0000)
 ParOldGen       total 40704K, used 3346K [0x735c0000, 0x75d80000, 0x9e040000)
  object space 40704K, 8% used [0x735c0000,0x73904a90,0x75d80000)
 PSPermGen       total 16384K, used 3659K [0x6f5c0000, 0x705c0000, 0x735c0000)
  object space 16384K, 22% used [0x6f5c0000,0x6f952cf0,0x705c0000)
}
Event: 9.152 GC heap before
{Heap before GC invocations=3 (full 0):
 PSYoungGen      total 17920K, used 17906K [0x9e040000, 0xa0340000, 0xb35c0000)
  eden space 15360K, 100% used [0x9e040000,0x9ef40000,0x9ef40000)
  from space 2560K, 99% used [0x9f1c0000,0x9f43caf0,0x9f440000)
  to   space 2560K, 0% used [0x9ef40000,0x9ef40000,0x9f1c0000)
 ParOldGen       total 40704K, used 3346K [0x735c0000, 0x75d80000, 0x9e040000)
  object space 40704K, 8% used [0x735c0000,0x73904a90,0x75d80000)
 PSPermGen       total 16384K, used 3686K [0x6f5c0000, 0x705c0000, 0x735c0000)
  object space 16384K, 22% used [0x6f5c0000,0x6f959878,0x705c0000)
Event: 9.191 GC heap after
Heap after GC invocations=3 (full 0):
 PSYoungGen      total 17920K, used 2560K [0x9e040000, 0xa0340000, 0xb35c0000)
  eden space 15360K, 0% used [0x9e040000,0x9e040000,0x9ef40000)
  from space 2560K, 100% used [0x9ef40000,0x9f1c0000,0x9f1c0000)
  to   space 2560K, 0% used [0xa00c0000,0xa00c0000,0xa0340000)
 ParOldGen       total 40704K, used 5818K [0x735c0000, 0x75d80000, 0x9e040000)
  object space 40704K, 14% used [0x735c0000,0x73b6e830,0x75d80000)
 PSPermGen       total 16384K, used 3686K [0x6f5c0000, 0x705c0000, 0x735c0000)
  object space 16384K, 22% used [0x6f5c0000,0x6f959878,0x705c0000)
}
Event: 11.395 GC heap before
{Heap before GC invocations=4 (full 0):
 PSYoungGen      total 17920K, used 17920K [0x9e040000, 0xa0340000, 0xb35c0000)
  eden space 15360K, 100% used [0x9e040000,0x9ef40000,0x9ef40000)
  from space 2560K, 100% used [0x9ef40000,0x9f1c0000,0x9f1c0000)
  to   space 2560K, 0% used [0xa00c0000,0xa00c0000,0xa0340000)
 ParOldGen       total 40704K, used 5818K [0x735c0000, 0x75d80000, 0x9e040000)
  object space 40704K, 14% used [0x735c0000,0x73b6e830,0x75d80000)
 PSPermGen       total 16384K, used 3705K [0x6f5c0000, 0x705c0000, 0x735c0000)
  object space 16384K, 22% used [0x6f5c0000,0x6f95e480,0x705c0000)
Event: 11.449 GC heap after
Heap after GC invocations=4 (full 0):
 PSYoungGen      total 33280K, used 2560K [0x9e040000, 0xa0340000, 0xb35c0000)
  eden space 30720K, 0% used [0x9e040000,0x9e040000,0x9fe40000)
  from space 2560K, 100% used [0xa00c0000,0xa0340000,0xa0340000)
  to   space 2560K, 0% used [0x9fe40000,0x9fe40000,0xa00c0000)
 ParOldGen       total 40704K, used 8403K [0x735c0000, 0x75d80000, 0x9e040000)
  object space 40704K, 20% used [0x735c0000,0x73df4ed8,0x75d80000)
 PSPermGen       total 16384K, used 3705K [0x6f5c0000, 0x705c0000, 0x735c0000)
  object space 16384K, 22% used [0x6f5c0000,0x6f95e480,0x705c0000)
}

Deoptimization events (10 events):
Event: 8.668 Thread 0xb6707800 Uncommon trap: reason=null_check action=make_not_entrant pc=0xb37199fc method=com.android.dx.ssa.SsaRenamer.getLocalForNewReg(I)Lcom/android/dx/rop/code/LocalItem; @ 19
Event: 8.672 Thread 0xb6707800 Uncommon trap: reason=unreached action=reinterpret pc=0xb36e7094 method=com.android.dx.rop.cst.Constant.compareTo(Lcom/android/dx/rop/cst/Constant;)I @ 12
Event: 9.517 Thread 0xb6707800 Uncommon trap: reason=bimorphic action=maybe_recompile pc=0xb37517cc method=java.util.HashMap.put(Ljava/lang/Object;Ljava/lang/Object;)Ljava/lang/Object; @ 83
Event: 9.877 Thread 0xb6707800 Uncommon trap: reason=unreached action=reinterpret pc=0xb3778298 method=com.android.dx.cf.code.Ropper.processBlock(Lcom/android/dx/cf/code/ByteBlock;Lcom/android/dx/cf/code/Frame;[I)V @ 513
Event: 10.557 Thread 0xb6707800 Uncommon trap: reason=unreached action=reinterpret pc=0xb3734960 method=com.android.dx.ssa.SCCP.simulateBranch(Lcom/android/dx/ssa/SsaInsn;)V @ 132
Event: 10.568 Thread 0xb6707800 Uncommon trap: reason=unloaded action=reinterpret pc=0xb3781e28 method=com.android.dx.ssa.LiteralOpUpgrader$1.visitNonMoveInsn(Lcom/android/dx/ssa/NormalSsaInsn;)V @ 72
Event: 13.437 Thread 0xb6707800 Uncommon trap: reason=null_check action=make_not_entrant pc=0xb37c33e0 method=com.android.dx.dex.file.MethodIdsSection.intern(Lcom/android/dx/rop/cst/CstBaseMethodRef;)Lcom/android/dx/dex/file/MethodIdItem; @ 26
Event: 13.804 Thread 0xb6707800 Uncommon trap: reason=bimorphic action=maybe_recompile pc=0xb37517cc method=java.util.HashMap.put(Ljava/lang/Object;Ljava/lang/Object;)Ljava/lang/Object; @ 83
Event: 13.832 Thread 0xb6707800 Uncommon trap: reason=bimorphic action=maybe_recompile pc=0xb37517cc method=java.util.HashMap.put(Ljava/lang/Object;Ljava/lang/Object;)Ljava/lang/Object; @ 83
Event: 13.832 Thread 0xb6707800 Uncommon trap: reason=bimorphic action=maybe_recompile pc=0xb37517cc method=java.util.HashMap.put(Ljava/lang/Object;Ljava/lang/Object;)Ljava/lang/Object; @ 83

Internal exceptions (10 events):
Event: 4.518 Thread 0xb6707800 Threw 0x9e06d9b8 at /HUDSON/workspace/7u-2-build-linux-i586/jdk7u72/1606/hotspot/src/share/vm/prims/jvm.cpp:1281
Event: 4.897 Thread 0xb6707800 Threw 0x9e34f7e0 at /HUDSON/workspace/7u-2-build-linux-i586/jdk7u72/1606/hotspot/src/share/vm/prims/jvm.cpp:1281
Event: 6.539 Thread 0xb6707800 Implicit null exception at 0xb371e20a to 0xb371e81d
Event: 6.963 Thread 0xb6707800 Threw 0x9ef26900 at /HUDSON/workspace/7u-2-build-linux-i586/jdk7u72/1606/hotspot/src/share/vm/prims/jvm.cpp:1281
Event: 8.668 Thread 0xb6707800 Implicit null exception at 0xb3718a35 to 0xb37199ed
Event: 10.568 Thread 0xb6707800 Threw 0x9e8e58f8 at /HUDSON/workspace/7u-2-build-linux-i586/jdk7u72/1606/hotspot/src/share/vm/prims/jvm.cpp:1281
Event: 11.844 Thread 0xb6707800 Threw 0x9e4a5e08 at /HUDSON/workspace/7u-2-build-linux-i586/jdk7u72/1606/hotspot/src/share/vm/prims/jvm.cpp:1281
Event: 13.917 Thread 0xb6707800 Threw 0x9f47ff28 at /HUDSON/workspace/7u-2-build-linux-i586/jdk7u72/1606/hotspot/src/share/vm/prims/jvm.cpp:1281
Event: 16.621 Thread 0xb6707800 Threw 0x9f566f28 at /HUDSON/workspace/7u-2-build-linux-i586/jdk7u72/1606/hotspot/src/share/vm/prims/jvm.cpp:1281
Event: 16.823 Thread 0xb6707800 Threw 0x9f5f30d0 at /HUDSON/workspace/7u-2-build-linux-i586/jdk7u72/1606/hotspot/src/share/vm/prims/jvm.cpp:1281

Events (10 events):
Event: 13.913 loading class 0x6ef52620 done
Event: 13.917 loading class 0x6b9812c0
Event: 13.917 loading class 0x6b9812c0 done
Event: 15.071 Thread 0x6c19ec00 flushing nmethod 0xb37335c8
Event: 15.112 Thread 0x6c19ec00 flushing nmethod 0xb3775b88
Event: 15.112 Thread 0x6c19ec00 flushing nmethod 0xb37812c8
Event: 16.620 loading class 0x6c1e1238
Event: 16.620 loading class 0x6c1e1238 done
Event: 16.823 loading class 0x6b929070
Event: 16.823 loading class 0x6b929070 done


Dynamic libraries:
08048000-08049000 r-xp 00000000 08:04 1968239    /usr/lib/jvm/java-7-oracle/bin/java
08049000-0804a000 rw-p 00000000 08:04 1968239    /usr/lib/jvm/java-7-oracle/bin/java
08a9c000-08b67000 rw-p 00000000 00:00 0          [heap]
6a700000-6a7ff000 rw-p 00000000 00:00 0 
6a7ff000-6a800000 ---p 00000000 00:00 0 
6a900000-6a9f9000 rw-p 00000000 00:00 0 
6a9f9000-6aa00000 ---p 00000000 00:00 0 
6ab00000-6abb2000 rw-p 00000000 00:00 0 
6abb2000-6ac00000 ---p 00000000 00:00 0 
6ac00000-6acef000 rw-p 00000000 00:00 0 
6acef000-6ad00000 ---p 00000000 00:00 0 
6ad00000-6adfe000 rw-p 00000000 00:00 0 
6adfe000-6ae00000 ---p 00000000 00:00 0 
6af00000-6affe000 rw-p 00000000 00:00 0 
6affe000-6b000000 ---p 00000000 00:00 0 
6b100000-6b1fe000 rw-p 00000000 00:00 0 
6b1fe000-6b200000 ---p 00000000 00:00 0 
6b300000-6b400000 rw-p 00000000 00:00 0 
6b500000-6b5ff000 rw-p 00000000 00:00 0 
6b5ff000-6b600000 ---p 00000000 00:00 0 
6b600000-6b6f1000 rw-p 00000000 00:00 0 
6b6f1000-6b700000 ---p 00000000 00:00 0 
6b700000-6b7fb000 rw-p 00000000 00:00 0 
6b7fb000-6b800000 ---p 00000000 00:00 0 
6b800000-6b900000 rw-p 00000000 00:00 0 
6b900000-6b993000 rw-p 00000000 00:00 0 
6b993000-6ba00000 ---p 00000000 00:00 0 
6ba8a000-6ba8b000 ---p 00000000 00:00 0 
6ba8b000-6bb0b000 rw-p 00000000 00:00 0 
6bb0b000-6bb0e000 ---p 00000000 00:00 0 
6bb0e000-6bb5c000 rw-p 00000000 00:00 0 
6bb5c000-6bb5f000 ---p 00000000 00:00 0 
6bb5f000-6bbdd000 rw-p 00000000 00:00 0 
6bbdd000-6bbe0000 ---p 00000000 00:00 0 
6bbe0000-6bc5e000 rw-p 00000000 00:00 0 
6bc5e000-6bc61000 ---p 00000000 00:00 0 
6bc61000-6bcaf000 rw-p 00000000 00:00 0 
6bcaf000-6beaf000 r--p 00000000 08:04 10230872   /usr/lib/locale/locale-archive
6beaf000-6beb2000 ---p 00000000 00:00 0 
6beb2000-6bf00000 rw-p 00000000 00:00 0 
6bf00000-6bff8000 rw-p 00000000 00:00 0 
6bff8000-6c000000 ---p 00000000 00:00 0 
6c000000-6c021000 rw-p 00000000 00:00 0 
6c021000-6c100000 ---p 00000000 00:00 0 
6c100000-6c1fd000 rw-p 00000000 00:00 0 
6c1fd000-6c200000 ---p 00000000 00:00 0 
6c234000-6c235000 ---p 00000000 00:00 0 
6c235000-6c300000 rw-p 00000000 00:00 0 
6c300000-6c4c0000 r--s 039ea000 08:04 1969059    /usr/lib/jvm/java-7-oracle/jre/lib/rt.jar
6c4c0000-6eb00000 rw-p 00000000 00:00 0 
6eb00000-6ebff000 rw-p 00000000 00:00 0 
6ebff000-6ec00000 ---p 00000000 00:00 0 
6ec18000-6ec2d000 r-xp 00000000 08:04 1968306    /usr/lib/jvm/java-7-oracle/jre/lib/i386/libnet.so
6ec2d000-6ec2e000 rw-p 00014000 08:04 1968306    /usr/lib/jvm/java-7-oracle/jre/lib/i386/libnet.so
6ec2e000-6ec31000 ---p 00000000 00:00 0 
6ec31000-6ec7f000 rw-p 00000000 00:00 0 
6ec7f000-6ec80000 ---p 00000000 00:00 0 
6ec80000-6ed00000 rw-p 00000000 00:00 0 
6ed00000-6ed21000 rw-p 00000000 00:00 0 
6ed21000-6ee00000 ---p 00000000 00:00 0 
6ee00000-6ee21000 rw-p 00000000 00:00 0 
6ee21000-6ef00000 ---p 00000000 00:00 0 
6ef15000-6ef23000 r-xp 00000000 08:04 1968294    /usr/lib/jvm/java-7-oracle/jre/lib/i386/libnio.so
6ef23000-6ef24000 rw-p 0000e000 08:04 1968294    /usr/lib/jvm/java-7-oracle/jre/lib/i386/libnio.so
6ef24000-6ef7f000 rw-p 00000000 00:00 0 
6ef7f000-6ef80000 ---p 00000000 00:00 0 
6ef80000-6f000000 rw-p 00000000 00:00 0 
6f000000-6f021000 rw-p 00000000 00:00 0 
6f021000-6f100000 ---p 00000000 00:00 0 
6f10d000-6f127000 rw-p 00000000 00:00 0 
6f127000-6f128000 ---p 00000000 00:00 0 
6f128000-6f1a8000 rw-p 00000000 00:00 0 
6f1a8000-6f1a9000 ---p 00000000 00:00 0 
6f1a9000-6f231000 rw-p 00000000 00:00 0 
6f231000-6f249000 rw-p 00000000 00:00 0 
6f249000-6f25d000 rw-p 00000000 00:00 0 
6f25d000-6f39f000 rw-p 00000000 00:00 0 
6f39f000-6f3a7000 rw-p 00000000 00:00 0 
6f3a7000-6f3bf000 rw-p 00000000 00:00 0 
6f3bf000-6f3d3000 rw-p 00000000 00:00 0 
6f3d3000-6f514000 rw-p 00000000 00:00 0 
6f514000-6f526000 rw-p 00000000 00:00 0 
6f526000-6f5bf000 rw-p 00000000 00:00 0 
6f5bf000-705c0000 rw-p 00000000 00:00 0 
705c0000-735c0000 rw-p 00000000 00:00 0 
735c0000-75d80000 rw-p 00000000 00:00 0 
75d80000-9e040000 rw-p 00000000 00:00 0 
9e040000-a0340000 rw-p 00000000 00:00 0 
a0340000-b35c0000 rw-p 00000000 00:00 0 
b35c8000-b35d1000 rw-p 00000000 00:00 0 
b35d1000-b3688000 rw-p 00000000 00:00 0 
b3688000-b38c8000 rwxp 00000000 00:00 0 
b38c8000-b6688000 rw-p 00000000 00:00 0 
b6688000-b669f000 r-xp 00000000 08:04 1968349    /usr/lib/jvm/java-7-oracle/jre/lib/i386/libzip.so
b669f000-b66a0000 rw-p 00017000 08:04 1968349    /usr/lib/jvm/java-7-oracle/jre/lib/i386/libzip.so
b66a0000-b66ab000 r-xp 00000000 08:04 2101123    /lib/i386-linux-gnu/libnss_files-2.15.so
b66ab000-b66ac000 r--p 0000a000 08:04 2101123    /lib/i386-linux-gnu/libnss_files-2.15.so
b66ac000-b66ad000 rw-p 0000b000 08:04 2101123    /lib/i386-linux-gnu/libnss_files-2.15.so
b66ad000-b66b7000 r-xp 00000000 08:04 2101140    /lib/i386-linux-gnu/libnss_nis-2.15.so
b66b7000-b66b8000 r--p 00009000 08:04 2101140    /lib/i386-linux-gnu/libnss_nis-2.15.so
b66b8000-b66b9000 rw-p 0000a000 08:04 2101140    /lib/i386-linux-gnu/libnss_nis-2.15.so
b66b9000-b66cf000 r-xp 00000000 08:04 2101130    /lib/i386-linux-gnu/libnsl-2.15.so
b66cf000-b66d0000 r--p 00015000 08:04 2101130    /lib/i386-linux-gnu/libnsl-2.15.so
b66d0000-b66d1000 rw-p 00016000 08:04 2101130    /lib/i386-linux-gnu/libnsl-2.15.so
b66d1000-b66d3000 rw-p 00000000 00:00 0 
b66d3000-b66da000 r-xp 00000000 08:04 2101126    /lib/i386-linux-gnu/libnss_compat-2.15.so
b66da000-b66db000 r--p 00006000 08:04 2101126    /lib/i386-linux-gnu/libnss_compat-2.15.so
b66db000-b66dc000 rw-p 00007000 08:04 2101126    /lib/i386-linux-gnu/libnss_compat-2.15.so
b66dc000-b66ff000 r-xp 00000000 08:04 1968353    /usr/lib/jvm/java-7-oracle/jre/lib/i386/libjava.so
b66ff000-b6700000 rw-p 00023000 08:04 1968353    /usr/lib/jvm/java-7-oracle/jre/lib/i386/libjava.so
b6700000-b67f6000 rw-p 00000000 00:00 0 
b67f6000-b6800000 ---p 00000000 00:00 0 
b6800000-b680f000 r--s 000dd000 08:04 5898350    /home/haider/Downloads/android-sdk-linux/build-tools/22.0.1/lib/dx.jar
b680f000-b6817000 rw-s 00000000 08:04 3940815    /tmp/hsperfdata_haider/16107
b6817000-b681e000 r-xp 00000000 08:04 2101134    /lib/i386-linux-gnu/librt-2.15.so
b681e000-b681f000 r--p 00006000 08:04 2101134    /lib/i386-linux-gnu/librt-2.15.so
b681f000-b6820000 rw-p 00007000 08:04 2101134    /lib/i386-linux-gnu/librt-2.15.so
b6820000-b6823000 ---p 00000000 00:00 0 
b6823000-b6871000 rw-p 00000000 00:00 0 
b6871000-b689b000 r-xp 00000000 08:04 2101128    /lib/i386-linux-gnu/libm-2.15.so
b689b000-b689c000 r--p 00029000 08:04 2101128    /lib/i386-linux-gnu/libm-2.15.so
b689c000-b689d000 rw-p 0002a000 08:04 2101128    /lib/i386-linux-gnu/libm-2.15.so
b689d000-b7122000 r-xp 00000000 08:04 1968321    /usr/lib/jvm/java-7-oracle/jre/lib/i386/server/libjvm.so
b7122000-b7186000 rw-p 00884000 08:04 1968321    /usr/lib/jvm/java-7-oracle/jre/lib/i386/server/libjvm.so
b7186000-b75aa000 rw-p 00000000 00:00 0 
b75aa000-b774e000 r-xp 00000000 08:04 2101138    /lib/i386-linux-gnu/libc-2.15.so
b774e000-b7750000 r--p 001a4000 08:04 2101138    /lib/i386-linux-gnu/libc-2.15.so
b7750000-b7751000 rw-p 001a6000 08:04 2101138    /lib/i386-linux-gnu/libc-2.15.so
b7751000-b7754000 rw-p 00000000 00:00 0 
b7754000-b7757000 r-xp 00000000 08:04 2101125    /lib/i386-linux-gnu/libdl-2.15.so
b7757000-b7758000 r--p 00002000 08:04 2101125    /lib/i386-linux-gnu/libdl-2.15.so
b7758000-b7759000 rw-p 00003000 08:04 2101125    /lib/i386-linux-gnu/libdl-2.15.so
b7759000-b775a000 rw-p 00000000 00:00 0 
b775a000-b776d000 r-xp 00000000 08:04 1840170    /usr/lib/jvm/java-7-oracle/lib/i386/jli/libjli.so
b776d000-b776e000 rw-p 00012000 08:04 1840170    /usr/lib/jvm/java-7-oracle/lib/i386/jli/libjli.so
b776e000-b7785000 r-xp 00000000 08:04 2101132    /lib/i386-linux-gnu/libpthread-2.15.so
b7785000-b7786000 r--p 00016000 08:04 2101132    /lib/i386-linux-gnu/libpthread-2.15.so
b7786000-b7787000 rw-p 00017000 08:04 2101132    /lib/i386-linux-gnu/libpthread-2.15.so
b7787000-b7789000 rw-p 00000000 00:00 0 
b778f000-b7790000 r--p 005e0000 08:04 10230872   /usr/lib/locale/locale-archive
b7790000-b7791000 rw-p 00000000 00:00 0 
b7791000-b7792000 r--p 00000000 00:00 0 
b7792000-b779d000 r-xp 00000000 08:04 1968315    /usr/lib/jvm/java-7-oracle/jre/lib/i386/libverify.so
b779d000-b779e000 rw-p 0000b000 08:04 1968315    /usr/lib/jvm/java-7-oracle/jre/lib/i386/libverify.so
b779e000-b77a0000 rw-p 00000000 00:00 0 
b77a0000-b77a1000 r-xp 00000000 00:00 0          [vdso]
b77a1000-b77c1000 r-xp 00000000 08:04 2101122    /lib/i386-linux-gnu/ld-2.15.so
b77c1000-b77c2000 r--p 0001f000 08:04 2101122    /lib/i386-linux-gnu/ld-2.15.so
b77c2000-b77c3000 rw-p 00020000 08:04 2101122    /lib/i386-linux-gnu/ld-2.15.so
bfdd0000-bfdd1000 rwxp 00000000 00:00 0 
bfe03000-bfe24000 rw-p 00000000 00:00 0          [stack]

VM Arguments:
jvm_args: -Xmx1024M -Dfile.encoding=UTF-8 -Duser.country=US -Duser.language=en -Duser.variant 
java_command: com.android.dx.command.Main --dex --output /home/haider/AndroidStudioProjects/XMPP/app/build/intermediates/pre-dexed/debug/internal_impl-22.2.0-090462bf1f35278f29492ca1e50781efa9a12ca6.jar /home/haider/AndroidStudioProjects/XMPP/app/build/intermediates/exploded-aar/com.android.support/support-v4/22.2.0/jars/libs/internal_impl-22.2.0.jar
Launcher Type: SUN_STANDARD

Environment Variables:
JAVA_HOME=/usr/lib/jvm/java-7-oracle
CLASSPATH=./../lib/bootstrap.jar:./../lib/extensions.jar:./../lib/util.jar:./../lib/jdom.jar:./../lib/log4j.jar:./../lib/trove4j.jar:./../lib/jna.jar:/usr/lib/jvm/java-7-oracle/lib/tools.jar
PATH=/usr/local/heroku/bin:/home/haider/.rbenv/plugins/ruby-build/bin:/home/haider/.rbenv/shims:/home/haider/.rbenv/bin:/usr/lib/lightdm/lightdm:/usr/local/sbin:/usr/local/bin:/usr/sbin:/usr/bin:/sbin:/bin:/usr/games:/usr/lib/jvm/java-7-oracle/bin:/usr/lib/jvm/java-7-oracle/db/bin:/usr/lib/jvm/java-7-oracle/jre/bin
LD_LIBRARY_PATH=.:
SHELL=/bin/bash
DISPLAY=:0

Signal Handlers:
SIGSEGV: [libjvm.so+0x7e9580], sa_mask[0]=0x7ffbfeff, sa_flags=0x10000004
SIGBUS: [libjvm.so+0x7e9580], sa_mask[0]=0x7ffbfeff, sa_flags=0x10000004
SIGFPE: [libjvm.so+0x682680], sa_mask[0]=0x7ffbfeff, sa_flags=0x10000004
SIGPIPE: [libjvm.so+0x682680], sa_mask[0]=0x7ffbfeff, sa_flags=0x10000004
SIGXFSZ: [libjvm.so+0x682680], sa_mask[0]=0x7ffbfeff, sa_flags=0x10000004
SIGILL: [libjvm.so+0x682680], sa_mask[0]=0x7ffbfeff, sa_flags=0x10000004
SIGUSR1: SIG_DFL, sa_mask[0]=0x00000000, sa_flags=0x00000000
SIGUSR2: [libjvm.so+0x683e80], sa_mask[0]=0x00000004, sa_flags=0x10000004
SIGHUP: [libjvm.so+0x6851b0], sa_mask[0]=0x7ffbfeff, sa_flags=0x10000004
SIGINT: [libjvm.so+0x6851b0], sa_mask[0]=0x7ffbfeff, sa_flags=0x10000004
SIGTERM: [libjvm.so+0x6851b0], sa_mask[0]=0x7ffbfeff, sa_flags=0x10000004
SIGQUIT: [libjvm.so+0x6851b0], sa_mask[0]=0x7ffbfeff, sa_flags=0x10000004


---------------  S Y S T E M  ---------------

OS:wheezy/sid

uname:Linux 3.2.0-74-generic-pae #109-Ubuntu SMP Tue Dec 9 17:00:00 UTC 2014 i686
libc:glibc 2.15 NPTL 2.15 
rlimit: STACK 8192k, CORE 0k, NPROC 30447, NOFILE 4096, AS infinity
load average:7.15 3.93 2.39

/proc/meminfo:
MemTotal:        3917408 kB
MemFree:          158892 kB
Buffers:            4608 kB
Cached:           312508 kB
SwapCached:            0 kB
Active:          3452744 kB
Inactive:         207960 kB
Active(anon):    3423480 kB
Inactive(anon):   178700 kB
Active(file):      29264 kB
Inactive(file):    29260 kB
Unevictable:         416 kB
Mlocked:             416 kB
HighTotal:       3075156 kB
HighFree:           3692 kB
LowTotal:         842252 kB
LowFree:          155200 kB
SwapTotal:             0 kB
SwapFree:              0 kB
Dirty:              4580 kB
Writeback:          1256 kB
AnonPages:       3344072 kB
Mapped:            67844 kB
Shmem:            258696 kB
Slab:              44884 kB
SReclaimable:      20776 kB
SUnreclaim:        24108 kB
KernelStack:        7392 kB
PageTables:        23636 kB
NFS_Unstable:          0 kB
Bounce:                0 kB
WritebackTmp:          0 kB
CommitLimit:     1958704 kB
Committed_AS:    8550600 kB
VmallocTotal:     122880 kB
VmallocUsed:       18708 kB
VmallocChunk:     100148 kB
HardwareCorrupted:     0 kB
AnonHugePages:         0 kB
HugePages_Total:       0
HugePages_Free:        0
HugePages_Rsvd:        0
HugePages_Surp:        0
Hugepagesize:       2048 kB
DirectMap4k:       10232 kB
DirectMap2M:      903168 kB


CPU:total 4 (2 cores per cpu, 2 threads per core) family 6 model 37 stepping 5, cmov, cx8, fxsr, mmx, sse, sse2, sse3, ssse3, sse4.1, sse4.2, popcnt, ht, tsc, tscinvbit

/proc/cpuinfo:
processor	: 0
vendor_id	: GenuineIntel
cpu family	: 6
model		: 37
model name	: Intel(R) Core(TM) i3 CPU       M 380  @ 2.53GHz
stepping	: 5
microcode	: 0x2
cpu MHz		: 2527.000
cache size	: 3072 KB
physical id	: 0
siblings	: 4
core id		: 0
cpu cores	: 2
apicid		: 0
initial apicid	: 0
fdiv_bug	: no
hlt_bug		: no
f00f_bug	: no
coma_bug	: no
fpu		: yes
fpu_exception	: yes
cpuid level	: 11
wp		: yes
flags		: fpu vme de pse tsc msr pae mce cx8 apic sep mtrr pge mca cmov pat pse36 clflush dts acpi mmx fxsr sse sse2 ss ht tm pbe nx rdtscp lm constant_tsc arch_perfmon pebs bts xtopology nonstop_tsc aperfmperf pni dtes64 monitor ds_cpl vmx est tm2 ssse3 cx16 xtpr pdcm pcid sse4_1 sse4_2 popcnt lahf_lm arat dtherm tpr_shadow vnmi flexpriority ept vpid
bogomips	: 5053.98
clflush size	: 64
cache_alignment	: 64
address sizes	: 36 bits physical, 48 bits virtual
power management:

processor	: 1
vendor_id	: GenuineIntel
cpu family	: 6
model		: 37
model name	: Intel(R) Core(TM) i3 CPU       M 380  @ 2.53GHz
stepping	: 5
microcode	: 0x2
cpu MHz		: 2527.000
cache size	: 3072 KB
physical id	: 0
siblings	: 4
core id		: 2
cpu cores	: 2
apicid		: 4
initial apicid	: 4
fdiv_bug	: no
hlt_bug		: no
f00f_bug	: no
coma_bug	: no
fpu		: yes
fpu_exception	: yes
cpuid level	: 11
wp		: yes
flags		: fpu vme de pse tsc msr pae mce cx8 apic sep mtrr pge mca cmov pat pse36 clflush dts acpi mmx fxsr sse sse2 ss ht tm pbe nx rdtscp lm constant_tsc arch_perfmon pebs bts xtopology nonstop_tsc aperfmperf pni dtes64 monitor ds_cpl vmx est tm2 ssse3 cx16 xtpr pdcm pcid sse4_1 sse4_2 popcnt lahf_lm arat dtherm tpr_shadow vnmi flexpriority ept vpid
bogomips	: 5053.89
clflush size	: 64
cache_alignment	: 64
address sizes	: 36 bits physical, 48 bits virtual
power management:

processor	: 2
vendor_id	: GenuineIntel
cpu family	: 6
model		: 37
model name	: Intel(R) Core(TM) i3 CPU       M 380  @ 2.53GHz
stepping	: 5
microcode	: 0x2
cpu MHz		: 2527.000
cache size	: 3072 KB
physical id	: 0
siblings	: 4
core id		: 0
cpu cores	: 2
apicid		: 1
initial apicid	: 1
fdiv_bug	: no
hlt_bug		: no
f00f_bug	: no
coma_bug	: no
fpu		: yes
fpu_exception	: yes
cpuid level	: 11
wp		: yes
flags		: fpu vme de pse tsc msr pae mce cx8 apic sep mtrr pge mca cmov pat pse36 clflush dts acpi mmx fxsr sse sse2 ss ht tm pbe nx rdtscp lm constant_tsc arch_perfmon pebs bts xtopology nonstop_tsc aperfmperf pni dtes64 monitor ds_cpl vmx est tm2 ssse3 cx16 xtpr pdcm pcid sse4_1 sse4_2 popcnt lahf_lm arat dtherm tpr_shadow vnmi flexpriority ept vpid
bogomips	: 5053.89
clflush size	: 64
cache_alignment	: 64
address sizes	: 36 bits physical, 48 bits virtual
power management:

processor	: 3
vendor_id	: GenuineIntel
cpu family	: 6
model		: 37
model name	: Intel(R) Core(TM) i3 CPU       M 380  @ 2.53GHz
stepping	: 5
microcode	: 0x2
cpu MHz		: 2527.000
cache size	: 3072 KB
physical id	: 0
siblings	: 4
core id		: 2
cpu cores	: 2
apicid		: 5
initial apicid	: 5
fdiv_bug	: no
hlt_bug		: no
f00f_bug	: no
coma_bug	: no
fpu		: yes
fpu_exception	: yes
cpuid level	: 11
wp		: yes
flags		: fpu vme de pse tsc msr pae mce cx8 apic sep mtrr pge mca cmov pat pse36 clflush dts acpi mmx fxsr sse sse2 ss ht tm pbe nx rdtscp lm constant_tsc arch_perfmon pebs bts xtopology nonstop_tsc aperfmperf pni dtes64 monitor ds_cpl vmx est tm2 ssse3 cx16 xtpr pdcm pcid sse4_1 sse4_2 popcnt lahf_lm arat dtherm tpr_shadow vnmi flexpriority ept vpid
bogomips	: 5053.88
clflush size	: 64
cache_alignment	: 64
address sizes	: 36 bits physical, 48 bits virtual
power management:



Memory: 4k page, physical 3917408k(158892k free), swap 0k(0k free)

vm_info: Java HotSpot(TM) Server VM (24.72-b04) for linux-x86 JRE (1.7.0_72-b14), built on Sep 26 2014 19:38:09 by "java_re" with gcc 4.3.0 20080428 (Red Hat 4.3.0-8)

time: Sat Jul 11 14:40:00 2015
elapsed time: 16 seconds

