#
# There is insufficient memory for the Java Runtime Environment to continue.
# Native memory allocation (malloc) failed to allocate 256488 bytes for Chunk::new
# Possible reasons:
#   The system is out of physical RAM or swap space
#   In 32 bit mode, the process size limit was hit
# Possible solutions:
#   Reduce memory load on the system
#   Increase physical memory or swap space
#   Check if swap backing store is full
#   Use 64 bit Java on a 64 bit OS
#   Decrease Java heap size (-Xmx/-Xms)
#   Decrease number of Java threads
#   Decrease Java thread stack sizes (-Xss)
#   Set larger code cache with -XX:ReservedCodeCacheSize=
# This output file may be truncated or incomplete.
#
#  Out of Memory Error (allocation.cpp:323), pid=15643, tid=1807412032
#
# JRE version: Java(TM) SE Runtime Environment (7.0_72-b14) (build 1.7.0_72-b14)
# Java VM: Java HotSpot(TM) Server VM (24.72-b04 mixed mode linux-x86 )
# Failed to write core dump. Core dumps have been disabled. To enable core dumping, try "ulimit -c unlimited" before starting Java again
#

---------------  T H R E A D  ---------------

Current thread (0x6c096c00):  JavaThread "C2 CompilerThread0" daemon [_thread_in_native, id=15656, stack(0x6bb2e000,0x6bbaf000)]

Stack: [0x6bb2e000,0x6bbaf000],  sp=0x6bbac470,  free space=505k
Native frames: (J=compiled Java code, j=interpreted, Vv=VM code, C=native code)
V  [libjvm.so+0x7e8a76]  VMError::report_and_die()+0x1a6
V  [libjvm.so+0x33d9e2]  report_vm_out_of_memory(char const*, int, unsigned int, char const*)+0x72
V  [libjvm.so+0x18c8a5]  Chunk::operator new(unsigned int, AllocFailStrategy::AllocFailEnum, unsigned int)+0x105
V  [libjvm.so+0x18d3dc]  Arena::grow(unsigned int, AllocFailStrategy::AllocFailEnum)+0x2c
V  [libjvm.so+0x700054]  resource_allocate_bytes(unsigned int, AllocFailStrategy::AllocFailEnum)+0x64
V  [libjvm.so+0x3a64ce]  PhaseIdealLoop::Dominators()+0x6e
V  [libjvm.so+0x5dfcd3]  PhaseIdealLoop::build_and_optimize(bool, bool)+0x463
V  [libjvm.so+0x2f912d]  PhaseIdealLoop::PhaseIdealLoop(PhaseIterGVN&, bool, bool)+0x15d
V  [libjvm.so+0x2f5b28]  Compile::Optimize()+0x688
V  [libjvm.so+0x2f6e80]  Compile::Compile(ciEnv*, C2Compiler*, ciMethod*, int, bool, bool)+0x1140
V  [libjvm.so+0x26b71f]  C2Compiler::compile_method(ciEnv*, ciMethod*, int)+0x19f
V  [libjvm.so+0x2fe815]  CompileBroker::invoke_compiler_on_method(CompileTask*)+0x345
V  [libjvm.so+0x2ff68f]  CompileBroker::compiler_thread_loop()+0x42f
V  [libjvm.so+0x79c6c8]  compiler_thread_entry(JavaThread*, Thread*)+0x18
V  [libjvm.so+0x7a41f9]  JavaThread::thread_main_inner()+0x109
V  [libjvm.so+0x7a4353]  JavaThread::run()+0x123
V  [libjvm.so+0x687dd9]  java_start(Thread*)+0x119
C  [libpthread.so.0+0x6d4c]  start_thread+0xcc


Current CompileTask:
C2:   3427  150             com.android.dx.ssa.SsaConverter::placePhiFunctions (394 bytes)


---------------  P R O C E S S  ---------------

Java Threads: ( => current thread )
  0x6c09a800 JavaThread "Service Thread" daemon [_thread_blocked, id=15658, stack(0x6ba5c000,0x6baad000)]
  0x6c098c00 JavaThread "C2 CompilerThread1" daemon [_thread_blocked, id=15657, stack(0x6baad000,0x6bb2e000)]
=>0x6c096c00 JavaThread "C2 CompilerThread0" daemon [_thread_in_native, id=15656, stack(0x6bb2e000,0x6bbaf000)]
  0x6c095000 JavaThread "Signal Dispatcher" daemon [_thread_blocked, id=15655, stack(0x6bbaf000,0x6bc00000)]
  0x6c084800 JavaThread "Finalizer" daemon [_thread_blocked, id=15654, stack(0x6eb2e000,0x6eb7f000)]
  0x6c083000 JavaThread "Reference Handler" daemon [_thread_blocked, id=15653, stack(0x6ed2e000,0x6ed7f000)]
  0xb6607800 JavaThread "main" [_thread_in_Java, id=15647, stack(0xb6785000,0xb67d6000)]

Other Threads:
  0x6c080400 VMThread [stack: 0x6c134000,0x6c1b5000] [id=15652]
  0x6c09c400 WatcherThread [stack: 0x6b9db000,0x6ba5c000] [id=15659]

VM state:synchronizing (normal execution)

VM Mutex/Monitor currently owned by a thread:  ([mutex/lock_event])
[0xb6604f48] Safepoint_lock - owner thread: 0x6c080400
[0xb6604fb0] Threads_lock - owner thread: 0x6c080400

Heap
 PSYoungGen      total 17920K, used 8080K [0x9df80000, 0x9f380000, 0xb3500000)
  eden space 15360K, 36% used [0x9df80000,0x9e4e7f90,0x9ee80000)
  from space 2560K, 99% used [0x9ee80000,0x9f0fc220,0x9f100000)
  to   space 2560K, 0% used [0x9f100000,0x9f100000,0x9f380000)
 ParOldGen       total 40704K, used 1348K [0x73500000, 0x75cc0000, 0x9df80000)
  object space 40704K, 3% used [0x73500000,0x73651298,0x75cc0000)
 PSPermGen       total 16384K, used 3596K [0x6f500000, 0x70500000, 0x73500000)
  object space 16384K, 21% used [0x6f500000,0x6f883198,0x70500000)

Card table byte_map: [0x6f2df000,0x6f500000] byte_map_base: 0x6ef64800

Polling page: 0xb76f6000

Code Cache  [0xb35e8000, 0xb3828000, 0xb65e8000)
 total_blobs=303 nmethods=184 adapters=73 free_code_cache=48554Kb largest_free_block=49698432

Compilation events (10 events):
Event: 2.180 Thread 0x6c098c00  146             com.android.dx.util.ByteArray::getUnsignedShort (25 bytes)
Event: 2.182 Thread 0x6c098c00 nmethod 146 0xb36588c8 code [0xb36589c0, 0xb3658ab0]
Event: 2.197 Thread 0x6c096c00 nmethod 144 0xb365f048 code [0xb365f240, 0xb365fe44]
Event: 2.197 Thread 0x6c098c00  147             com.android.dx.util.Bits::set (19 bytes)
Event: 2.198 Thread 0x6c098c00 nmethod 147 0xb365d6c8 code [0xb365d7c0, 0xb365d850]
Event: 2.202 Thread 0x6c096c00  148             com.android.dx.ssa.SsaInsn::getBlock (5 bytes)
Event: 2.203 Thread 0x6c096c00 nmethod 148 0xb3658748 code [0xb3658820, 0xb3658870]
Event: 2.243 Thread 0x6c098c00  149             com.android.dx.rop.code.Insn::<init> (69 bytes)
Event: 2.244 Thread 0x6c098c00 nmethod 149 0xb365edc8 code [0xb365eec0, 0xb365ef90]
Event: 2.246 Thread 0x6c096c00  150             com.android.dx.ssa.SsaConverter::placePhiFunctions (394 bytes)

GC Heap History (2 events):
Event: 2.112 GC heap before
{Heap before GC invocations=1 (full 0):
 PSYoungGen      total 17920K, used 15360K [0x9df80000, 0x9f380000, 0xb3500000)
  eden space 15360K, 100% used [0x9df80000,0x9ee80000,0x9ee80000)
  from space 2560K, 0% used [0x9f100000,0x9f100000,0x9f380000)
  to   space 2560K, 0% used [0x9ee80000,0x9ee80000,0x9f100000)
 ParOldGen       total 40704K, used 0K [0x73500000, 0x75cc0000, 0x9df80000)
  object space 40704K, 0% used [0x73500000,0x73500000,0x75cc0000)
 PSPermGen       total 16384K, used 3572K [0x6f500000, 0x70500000, 0x73500000)
  object space 16384K, 21% used [0x6f500000,0x6f87d0e0,0x70500000)
Event: 2.130 GC heap after
Heap after GC invocations=1 (full 0):
 PSYoungGen      total 17920K, used 2544K [0x9df80000, 0x9f380000, 0xb3500000)
  eden space 15360K, 0% used [0x9df80000,0x9df80000,0x9ee80000)
  from space 2560K, 99% used [0x9ee80000,0x9f0fc220,0x9f100000)
  to   space 2560K, 0% used [0x9f100000,0x9f100000,0x9f380000)
 ParOldGen       total 40704K, used 1348K [0x73500000, 0x75cc0000, 0x9df80000)
  object space 40704K, 3% used [0x73500000,0x73651298,0x75cc0000)
 PSPermGen       total 16384K, used 3572K [0x6f500000, 0x70500000, 0x73500000)
  object space 16384K, 21% used [0x6f500000,0x6f87d0e0,0x70500000)
}

Deoptimization events (9 events):
Event: 0.861 Thread 0xb6607800 Uncommon trap: reason=class_check action=maybe_recompile pc=0xb3636ce0 method=com.android.dx.ssa.NormalSsaInsn.accept(Lcom/android/dx/ssa/SsaInsn$Visitor;)V @ 9
Event: 0.861 Thread 0xb6607800 Uncommon trap: reason=class_check action=maybe_recompile pc=0xb3636ce0 method=com.android.dx.ssa.NormalSsaInsn.accept(Lcom/android/dx/ssa/SsaInsn$Visitor;)V @ 9
Event: 0.861 Thread 0xb6607800 Uncommon trap: reason=class_check action=maybe_recompile pc=0xb3636ce0 method=com.android.dx.ssa.NormalSsaInsn.accept(Lcom/android/dx/ssa/SsaInsn$Visitor;)V @ 9
Event: 0.892 Thread 0xb6607800 Uncommon trap: reason=bimorphic action=maybe_recompile pc=0xb3632284 method=java.util.HashMap.getEntry(Ljava/lang/Object;)Ljava/util/HashMap$Entry; @ 68
Event: 0.919 Thread 0xb6607800 Uncommon trap: reason=bimorphic action=maybe_recompile pc=0xb3632284 method=java.util.HashMap.getEntry(Ljava/lang/Object;)Ljava/util/HashMap$Entry; @ 68
Event: 0.941 Thread 0xb6607800 Uncommon trap: reason=bimorphic action=maybe_recompile pc=0xb3632284 method=java.util.HashMap.getEntry(Ljava/lang/Object;)Ljava/util/HashMap$Entry; @ 68
Event: 0.947 Thread 0xb6607800 Uncommon trap: reason=bimorphic action=maybe_recompile pc=0xb3632284 method=java.util.HashMap.getEntry(Ljava/lang/Object;)Ljava/util/HashMap$Entry; @ 68
Event: 1.093 Thread 0xb6607800 Uncommon trap: reason=class_check action=maybe_recompile pc=0xb3636ce0 method=com.android.dx.ssa.NormalSsaInsn.accept(Lcom/android/dx/ssa/SsaInsn$Visitor;)V @ 9
Event: 1.141 Thread 0xb6607800 Uncommon trap: reason=null_check action=make_not_entrant pc=0xb3649074 method=com.android.dx.rop.code.LocalItem.equals(Ljava/lang/Object;)Z @ 1

Internal exceptions (10 events):
Event: 0.941 Thread 0xb6607800 Threw 0x9e8462e8 at /HUDSON/workspace/7u-2-build-linux-i586/jdk7u72/1606/hotspot/src/share/vm/prims/jvm.cpp:1281
Event: 0.946 Thread 0xb6607800 Threw 0x9e849a78 at /HUDSON/workspace/7u-2-build-linux-i586/jdk7u72/1606/hotspot/src/share/vm/prims/jvm.cpp:1281
Event: 0.948 Thread 0xb6607800 Threw 0x9e84f580 at /HUDSON/workspace/7u-2-build-linux-i586/jdk7u72/1606/hotspot/src/share/vm/prims/jvm.cpp:1281
Event: 1.048 Thread 0xb6607800 Threw 0x9e8a7d80 at /HUDSON/workspace/7u-2-build-linux-i586/jdk7u72/1606/hotspot/src/share/vm/prims/jvm.cpp:1281
Event: 1.141 Thread 0xb6607800 Implicit null exception at 0xb3648e7c to 0xb3649055
Event: 1.235 Thread 0xb6607800 Threw 0x9ea00c88 at /HUDSON/workspace/7u-2-build-linux-i586/jdk7u72/1606/hotspot/src/share/vm/prims/jvm.cpp:1281
Event: 2.088 Thread 0xb6607800 Threw 0x9ee5a4d0 at /HUDSON/workspace/7u-2-build-linux-i586/jdk7u72/1606/hotspot/src/share/vm/prims/jvm.cpp:1281
Event: 2.089 Thread 0xb6607800 Threw 0x9ee640c8 at /HUDSON/workspace/7u-2-build-linux-i586/jdk7u72/1606/hotspot/src/share/vm/prims/jvm.cpp:1281
Event: 2.090 Thread 0xb6607800 Threw 0x9ee662d0 at /HUDSON/workspace/7u-2-build-linux-i586/jdk7u72/1606/hotspot/src/share/vm/prims/jvm.cpp:1281
Event: 2.175 Thread 0xb6607800 Threw 0x9e069f18 at /HUDSON/workspace/7u-2-build-linux-i586/jdk7u72/1606/hotspot/src/share/vm/prims/jvm.cpp:1281

Events (10 events):
Event: 2.087 loading class 0x6c0c1b78
Event: 2.087 loading class 0x6c0c1b78 done
Event: 2.089 loading class 0x6c0c2360
Event: 2.089 loading class 0x6c0c2360 done
Event: 2.090 loading class 0x6b892dc8
Event: 2.090 loading class 0x6b892dc8 done
Event: 2.111 Executing VM operation: ParallelGCFailedAllocation
Event: 2.130 Executing VM operation: ParallelGCFailedAllocation done
Event: 2.175 loading class 0x6c0c23b0
Event: 2.175 loading class 0x6c0c23b0 done


Dynamic libraries:
08048000-08049000 r-xp 00000000 08:04 1968239    /usr/lib/jvm/java-7-oracle/bin/java
08049000-0804a000 rw-p 00000000 08:04 1968239    /usr/lib/jvm/java-7-oracle/bin/java
09fb4000-0a03b000 rw-p 00000000 00:00 0          [heap]
6ae00000-6aeea000 rw-p 00000000 00:00 0 
6aeea000-6af00000 ---p 00000000 00:00 0 
6b200000-6b2f4000 rw-p 00000000 00:00 0 
6b2f4000-6b300000 ---p 00000000 00:00 0 
6b400000-6b4fc000 rw-p 00000000 00:00 0 
6b4fc000-6b500000 ---p 00000000 00:00 0 
6b600000-6b6f9000 rw-p 00000000 00:00 0 
6b6f9000-6b700000 ---p 00000000 00:00 0 
6b800000-6b8a0000 rw-p 00000000 00:00 0 
6b8a0000-6b900000 ---p 00000000 00:00 0 
6b9db000-6b9dc000 ---p 00000000 00:00 0 
6b9dc000-6ba5c000 rw-p 00000000 00:00 0 
6ba5c000-6ba5f000 ---p 00000000 00:00 0 
6ba5f000-6baad000 rw-p 00000000 00:00 0 
6baad000-6bab0000 ---p 00000000 00:00 0 
6bab0000-6bb2e000 rw-p 00000000 00:00 0 
6bb2e000-6bb31000 ---p 00000000 00:00 0 
6bb31000-6bbaf000 rw-p 00000000 00:00 0 
6bbaf000-6bbb2000 ---p 00000000 00:00 0 
6bbb2000-6bc00000 rw-p 00000000 00:00 0 
6bc00000-6be00000 r--p 00000000 08:04 10230872   /usr/lib/locale/locale-archive
6be00000-6bf00000 rw-p 00000000 00:00 0 
6bf00000-6bf21000 rw-p 00000000 00:00 0 
6bf21000-6c000000 ---p 00000000 00:00 0 
6c000000-6c0fd000 rw-p 00000000 00:00 0 
6c0fd000-6c100000 ---p 00000000 00:00 0 
6c134000-6c135000 ---p 00000000 00:00 0 
6c135000-6c200000 rw-p 00000000 00:00 0 
6c200000-6c3c0000 r--s 039ea000 08:04 1969059    /usr/lib/jvm/java-7-oracle/jre/lib/rt.jar
6c3c0000-6ea00000 rw-p 00000000 00:00 0 
6ea00000-6eafa000 rw-p 00000000 00:00 0 
6eafa000-6eb00000 ---p 00000000 00:00 0 
6eb18000-6eb2d000 r-xp 00000000 08:04 1968306    /usr/lib/jvm/java-7-oracle/jre/lib/i386/libnet.so
6eb2d000-6eb2e000 rw-p 00014000 08:04 1968306    /usr/lib/jvm/java-7-oracle/jre/lib/i386/libnet.so
6eb2e000-6eb31000 ---p 00000000 00:00 0 
6eb31000-6eb7f000 rw-p 00000000 00:00 0 
6eb7f000-6eb80000 ---p 00000000 00:00 0 
6eb80000-6ec00000 rw-p 00000000 00:00 0 
6ec00000-6ec21000 rw-p 00000000 00:00 0 
6ec21000-6ed00000 ---p 00000000 00:00 0 
6ed10000-6ed1e000 r-xp 00000000 08:04 1968294    /usr/lib/jvm/java-7-oracle/jre/lib/i386/libnio.so
6ed1e000-6ed1f000 rw-p 0000e000 08:04 1968294    /usr/lib/jvm/java-7-oracle/jre/lib/i386/libnio.so
6ed1f000-6ed2e000 r--s 000dd000 08:04 5898350    /home/haider/Downloads/android-sdk-linux/build-tools/22.0.1/lib/dx.jar
6ed2e000-6ed31000 ---p 00000000 00:00 0 
6ed31000-6ed7f000 rw-p 00000000 00:00 0 
6ed7f000-6ed80000 ---p 00000000 00:00 0 
6ed80000-6ee00000 rw-p 00000000 00:00 0 
6ee00000-6ee21000 rw-p 00000000 00:00 0 
6ee21000-6ef00000 ---p 00000000 00:00 0 
6ef0a000-6ef7f000 rw-p 00000000 00:00 0 
6ef7f000-6ef80000 ---p 00000000 00:00 0 
6ef80000-6f000000 rw-p 00000000 00:00 0 
6f000000-6f021000 rw-p 00000000 00:00 0 
6f021000-6f100000 ---p 00000000 00:00 0 
6f108000-6f109000 ---p 00000000 00:00 0 
6f109000-6f19d000 rw-p 00000000 00:00 0 
6f19d000-6f2df000 rw-p 00000000 00:00 0 
6f2df000-6f2e7000 rw-p 00000000 00:00 0 
6f2e7000-6f2ff000 rw-p 00000000 00:00 0 
6f2ff000-6f313000 rw-p 00000000 00:00 0 
6f313000-6f454000 rw-p 00000000 00:00 0 
6f454000-6f45f000 rw-p 00000000 00:00 0 
6f45f000-6f4ff000 rw-p 00000000 00:00 0 
6f4ff000-70500000 rw-p 00000000 00:00 0 
70500000-73500000 rw-p 00000000 00:00 0 
73500000-75cc0000 rw-p 00000000 00:00 0 
75cc0000-9df80000 rw-p 00000000 00:00 0 
9df80000-9f380000 rw-p 00000000 00:00 0 
9f380000-b3500000 rw-p 00000000 00:00 0 
b3508000-b3510000 rw-p 00000000 00:00 0 
b3510000-b3528000 rw-p 00000000 00:00 0 
b3528000-b3531000 rw-p 00000000 00:00 0 
b3531000-b35e8000 rw-p 00000000 00:00 0 
b35e8000-b3828000 rwxp 00000000 00:00 0 
b3828000-b65e8000 rw-p 00000000 00:00 0 
b65e8000-b65ff000 r-xp 00000000 08:04 1968349    /usr/lib/jvm/java-7-oracle/jre/lib/i386/libzip.so
b65ff000-b6600000 rw-p 00017000 08:04 1968349    /usr/lib/jvm/java-7-oracle/jre/lib/i386/libzip.so
b6600000-b66f6000 rw-p 00000000 00:00 0 
b66f6000-b6700000 ---p 00000000 00:00 0 
b6707000-b6712000 r-xp 00000000 08:04 2101123    /lib/i386-linux-gnu/libnss_files-2.15.so
b6712000-b6713000 r--p 0000a000 08:04 2101123    /lib/i386-linux-gnu/libnss_files-2.15.so
b6713000-b6714000 rw-p 0000b000 08:04 2101123    /lib/i386-linux-gnu/libnss_files-2.15.so
b6714000-b671e000 r-xp 00000000 08:04 2101140    /lib/i386-linux-gnu/libnss_nis-2.15.so
b671e000-b671f000 r--p 00009000 08:04 2101140    /lib/i386-linux-gnu/libnss_nis-2.15.so
b671f000-b6720000 rw-p 0000a000 08:04 2101140    /lib/i386-linux-gnu/libnss_nis-2.15.so
b6720000-b6736000 r-xp 00000000 08:04 2101130    /lib/i386-linux-gnu/libnsl-2.15.so
b6736000-b6737000 r--p 00015000 08:04 2101130    /lib/i386-linux-gnu/libnsl-2.15.so
b6737000-b6738000 rw-p 00016000 08:04 2101130    /lib/i386-linux-gnu/libnsl-2.15.so
b6738000-b673a000 rw-p 00000000 00:00 0 
b673a000-b6741000 r-xp 00000000 08:04 2101126    /lib/i386-linux-gnu/libnss_compat-2.15.so
b6741000-b6742000 r--p 00006000 08:04 2101126    /lib/i386-linux-gnu/libnss_compat-2.15.so
b6742000-b6743000 rw-p 00007000 08:04 2101126    /lib/i386-linux-gnu/libnss_compat-2.15.so
b6746000-b6750000 r--s 00085000 08:04 9704929    /home/haider/AndroidStudioProjects/XMPP/app/build/intermediates/exploded-aar/com.android.support/appcompat-v7/22.2.0/jars/classes.jar
b6750000-b6758000 rw-s 00000000 08:04 3940483    /tmp/hsperfdata_haider/15643
b6758000-b677b000 r-xp 00000000 08:04 1968353    /usr/lib/jvm/java-7-oracle/jre/lib/i386/libjava.so
b677b000-b677c000 rw-p 00023000 08:04 1968353    /usr/lib/jvm/java-7-oracle/jre/lib/i386/libjava.so
b677c000-b6783000 r-xp 00000000 08:04 2101134    /lib/i386-linux-gnu/librt-2.15.so
b6783000-b6784000 r--p 00006000 08:04 2101134    /lib/i386-linux-gnu/librt-2.15.so
b6784000-b6785000 rw-p 00007000 08:04 2101134    /lib/i386-linux-gnu/librt-2.15.so
b6785000-b6788000 ---p 00000000 00:00 0 
b6788000-b67d6000 rw-p 00000000 00:00 0 
b67d6000-b6800000 r-xp 00000000 08:04 2101128    /lib/i386-linux-gnu/libm-2.15.so
b6800000-b6801000 r--p 00029000 08:04 2101128    /lib/i386-linux-gnu/libm-2.15.so
b6801000-b6802000 rw-p 0002a000 08:04 2101128    /lib/i386-linux-gnu/libm-2.15.so
b6802000-b7087000 r-xp 00000000 08:04 1968321    /usr/lib/jvm/java-7-oracle/jre/lib/i386/server/libjvm.so
b7087000-b70eb000 rw-p 00884000 08:04 1968321    /usr/lib/jvm/java-7-oracle/jre/lib/i386/server/libjvm.so
b70eb000-b750f000 rw-p 00000000 00:00 0 
b750f000-b76b3000 r-xp 00000000 08:04 2101138    /lib/i386-linux-gnu/libc-2.15.so
b76b3000-b76b5000 r--p 001a4000 08:04 2101138    /lib/i386-linux-gnu/libc-2.15.so
b76b5000-b76b6000 rw-p 001a6000 08:04 2101138    /lib/i386-linux-gnu/libc-2.15.so
b76b6000-b76b9000 rw-p 00000000 00:00 0 
b76b9000-b76bc000 r-xp 00000000 08:04 2101125    /lib/i386-linux-gnu/libdl-2.15.so
b76bc000-b76bd000 r--p 00002000 08:04 2101125    /lib/i386-linux-gnu/libdl-2.15.so
b76bd000-b76be000 rw-p 00003000 08:04 2101125    /lib/i386-linux-gnu/libdl-2.15.so
b76be000-b76bf000 rw-p 00000000 00:00 0 
b76bf000-b76d2000 r-xp 00000000 08:04 1840170    /usr/lib/jvm/java-7-oracle/lib/i386/jli/libjli.so
b76d2000-b76d3000 rw-p 00012000 08:04 1840170    /usr/lib/jvm/java-7-oracle/lib/i386/jli/libjli.so
b76d3000-b76ea000 r-xp 00000000 08:04 2101132    /lib/i386-linux-gnu/libpthread-2.15.so
b76ea000-b76eb000 r--p 00016000 08:04 2101132    /lib/i386-linux-gnu/libpthread-2.15.so
b76eb000-b76ec000 rw-p 00017000 08:04 2101132    /lib/i386-linux-gnu/libpthread-2.15.so
b76ec000-b76ee000 rw-p 00000000 00:00 0 
b76f3000-b76f4000 rw-p 00000000 00:00 0 
b76f4000-b76f5000 r--p 005e0000 08:04 10230872   /usr/lib/locale/locale-archive
b76f5000-b76f6000 rw-p 00000000 00:00 0 
b76f6000-b76f7000 ---p 00000000 00:00 0 
b76f7000-b7702000 r-xp 00000000 08:04 1968315    /usr/lib/jvm/java-7-oracle/jre/lib/i386/libverify.so
b7702000-b7703000 rw-p 0000b000 08:04 1968315    /usr/lib/jvm/java-7-oracle/jre/lib/i386/libverify.so
b7703000-b7705000 rw-p 00000000 00:00 0 
b7705000-b7706000 r-xp 00000000 00:00 0          [vdso]
b7706000-b7726000 r-xp 00000000 08:04 2101122    /lib/i386-linux-gnu/ld-2.15.so
b7726000-b7727000 r--p 0001f000 08:04 2101122    /lib/i386-linux-gnu/ld-2.15.so
b7727000-b7728000 rw-p 00020000 08:04 2101122    /lib/i386-linux-gnu/ld-2.15.so
bfb73000-bfb74000 rwxp 00000000 00:00 0 
bfba6000-bfbc7000 rw-p 00000000 00:00 0          [stack]

VM Arguments:
jvm_args: -Xmx1024M -Dfile.encoding=UTF-8 -Duser.country=US -Duser.language=en -Duser.variant 
java_command: com.android.dx.command.Main --dex --output /home/haider/AndroidStudioProjects/XMPP/app/build/intermediates/pre-dexed/debug/classes-300bec10ac0afc048460f82c982ae837ff634b8d.jar /home/haider/AndroidStudioProjects/XMPP/app/build/intermediates/exploded-aar/com.android.support/appcompat-v7/22.2.0/jars/classes.jar
Launcher Type: SUN_STANDARD

Environment Variables:
JAVA_HOME=/usr/lib/jvm/java-7-oracle
CLASSPATH=./../lib/bootstrap.jar:./../lib/extensions.jar:./../lib/util.jar:./../lib/jdom.jar:./../lib/log4j.jar:./../lib/trove4j.jar:./../lib/jna.jar:/usr/lib/jvm/java-7-oracle/lib/tools.jar
PATH=/usr/local/heroku/bin:/home/haider/.rbenv/plugins/ruby-build/bin:/home/haider/.rbenv/shims:/home/haider/.rbenv/bin:/usr/lib/lightdm/lightdm:/usr/local/sbin:/usr/local/bin:/usr/sbin:/usr/bin:/sbin:/bin:/usr/games:/usr/lib/jvm/java-7-oracle/bin:/usr/lib/jvm/java-7-oracle/db/bin:/usr/lib/jvm/java-7-oracle/jre/bin
LD_LIBRARY_PATH=.:
SHELL=/bin/bash
DISPLAY=:0

Signal Handlers:
SIGSEGV: [libjvm.so+0x7e9580], sa_mask[0]=0x7ffbfeff, sa_flags=0x10000004
SIGBUS: [libjvm.so+0x7e9580], sa_mask[0]=0x7ffbfeff, sa_flags=0x10000004
SIGFPE: [libjvm.so+0x682680], sa_mask[0]=0x7ffbfeff, sa_flags=0x10000004
SIGPIPE: [libjvm.so+0x682680], sa_mask[0]=0x7ffbfeff, sa_flags=0x10000004
SIGXFSZ: [libjvm.so+0x682680], sa_mask[0]=0x7ffbfeff, sa_flags=0x10000004
SIGILL: [libjvm.so+0x682680], sa_mask[0]=0x7ffbfeff, sa_flags=0x10000004
SIGUSR1: SIG_DFL, sa_mask[0]=0x00000000, sa_flags=0x00000000
SIGUSR2: [libjvm.so+0x683e80], sa_mask[0]=0x00000004, sa_flags=0x10000004
SIGHUP: [libjvm.so+0x6851b0], sa_mask[0]=0x7ffbfeff, sa_flags=0x10000004
SIGINT: [libjvm.so+0x6851b0], sa_mask[0]=0x7ffbfeff, sa_flags=0x10000004
SIGTERM: [libjvm.so+0x6851b0], sa_mask[0]=0x7ffbfeff, sa_flags=0x10000004
SIGQUIT: [libjvm.so+0x6851b0], sa_mask[0]=0x7ffbfeff, sa_flags=0x10000004


---------------  S Y S T E M  ---------------

OS:wheezy/sid

uname:Linux 3.2.0-74-generic-pae #109-Ubuntu SMP Tue Dec 9 17:00:00 UTC 2014 i686
libc:glibc 2.15 NPTL 2.15 
rlimit: STACK 8192k, CORE 0k, NPROC 30447, NOFILE 4096, AS infinity
load average:3.48 2.24 1.61

/proc/meminfo:
MemTotal:        3917408 kB
MemFree:          271240 kB
Buffers:            3304 kB
Cached:           304956 kB
SwapCached:            0 kB
Active:          3349628 kB
Inactive:         198716 kB
Active(anon):    3324460 kB
Inactive(anon):   173608 kB
Active(file):      25168 kB
Inactive(file):    25108 kB
Unevictable:         416 kB
Mlocked:             416 kB
HighTotal:       3075156 kB
HighFree:          90576 kB
LowTotal:         842252 kB
LowFree:          180664 kB
SwapTotal:             0 kB
SwapFree:              0 kB
Dirty:              2116 kB
Writeback:          3328 kB
AnonPages:       3240804 kB
Mapped:            54424 kB
Shmem:            257704 kB
Slab:              45600 kB
SReclaimable:      20460 kB
SUnreclaim:        25140 kB
KernelStack:        6960 kB
PageTables:        22636 kB
NFS_Unstable:          0 kB
Bounce:                0 kB
WritebackTmp:          0 kB
CommitLimit:     1958704 kB
Committed_AS:    8090224 kB
VmallocTotal:     122880 kB
VmallocUsed:       18696 kB
VmallocChunk:     100348 kB
HardwareCorrupted:     0 kB
AnonHugePages:         0 kB
HugePages_Total:       0
HugePages_Free:        0
HugePages_Rsvd:        0
HugePages_Surp:        0
Hugepagesize:       2048 kB
DirectMap4k:       10232 kB
DirectMap2M:      903168 kB


CPU:total 4 (2 cores per cpu, 2 threads per core) family 6 model 37 stepping 5, cmov, cx8, fxsr, mmx, sse, sse2, sse3, ssse3, sse4.1, sse4.2, popcnt, ht, tsc, tscinvbit

/proc/cpuinfo:
processor	: 0
vendor_id	: GenuineIntel
cpu family	: 6
model		: 37
model name	: Intel(R) Core(TM) i3 CPU       M 380  @ 2.53GHz
stepping	: 5
microcode	: 0x2
cpu MHz		: 2527.000
cache size	: 3072 KB
physical id	: 0
siblings	: 4
core id		: 0
cpu cores	: 2
apicid		: 0
initial apicid	: 0
fdiv_bug	: no
hlt_bug		: no
f00f_bug	: no
coma_bug	: no
fpu		: yes
fpu_exception	: yes
cpuid level	: 11
wp		: yes
flags		: fpu vme de pse tsc msr pae mce cx8 apic sep mtrr pge mca cmov pat pse36 clflush dts acpi mmx fxsr sse sse2 ss ht tm pbe nx rdtscp lm constant_tsc arch_perfmon pebs bts xtopology nonstop_tsc aperfmperf pni dtes64 monitor ds_cpl vmx est tm2 ssse3 cx16 xtpr pdcm pcid sse4_1 sse4_2 popcnt lahf_lm arat dtherm tpr_shadow vnmi flexpriority ept vpid
bogomips	: 5053.98
clflush size	: 64
cache_alignment	: 64
address sizes	: 36 bits physical, 48 bits virtual
power management:

processor	: 1
vendor_id	: GenuineIntel
cpu family	: 6
model		: 37
model name	: Intel(R) Core(TM) i3 CPU       M 380  @ 2.53GHz
stepping	: 5
microcode	: 0x2
cpu MHz		: 2527.000
cache size	: 3072 KB
physical id	: 0
siblings	: 4
core id		: 2
cpu cores	: 2
apicid		: 4
initial apicid	: 4
fdiv_bug	: no
hlt_bug		: no
f00f_bug	: no
coma_bug	: no
fpu		: yes
fpu_exception	: yes
cpuid level	: 11
wp		: yes
flags		: fpu vme de pse tsc msr pae mce cx8 apic sep mtrr pge mca cmov pat pse36 clflush dts acpi mmx fxsr sse sse2 ss ht tm pbe nx rdtscp lm constant_tsc arch_perfmon pebs bts xtopology nonstop_tsc aperfmperf pni dtes64 monitor ds_cpl vmx est tm2 ssse3 cx16 xtpr pdcm pcid sse4_1 sse4_2 popcnt lahf_lm arat dtherm tpr_shadow vnmi flexpriority ept vpid
bogomips	: 5053.89
clflush size	: 64
cache_alignment	: 64
address sizes	: 36 bits physical, 48 bits virtual
power management:

processor	: 2
vendor_id	: GenuineIntel
cpu family	: 6
model		: 37
model name	: Intel(R) Core(TM) i3 CPU       M 380  @ 2.53GHz
stepping	: 5
microcode	: 0x2
cpu MHz		: 2527.000
cache size	: 3072 KB
physical id	: 0
siblings	: 4
core id		: 0
cpu cores	: 2
apicid		: 1
initial apicid	: 1
fdiv_bug	: no
hlt_bug		: no
f00f_bug	: no
coma_bug	: no
fpu		: yes
fpu_exception	: yes
cpuid level	: 11
wp		: yes
flags		: fpu vme de pse tsc msr pae mce cx8 apic sep mtrr pge mca cmov pat pse36 clflush dts acpi mmx fxsr sse sse2 ss ht tm pbe nx rdtscp lm constant_tsc arch_perfmon pebs bts xtopology nonstop_tsc aperfmperf pni dtes64 monitor ds_cpl vmx est tm2 ssse3 cx16 xtpr pdcm pcid sse4_1 sse4_2 popcnt lahf_lm arat dtherm tpr_shadow vnmi flexpriority ept vpid
bogomips	: 5053.89
clflush size	: 64
cache_alignment	: 64
address sizes	: 36 bits physical, 48 bits virtual
power management:

processor	: 3
vendor_id	: GenuineIntel
cpu family	: 6
model		: 37
model name	: Intel(R) Core(TM) i3 CPU       M 380  @ 2.53GHz
stepping	: 5
microcode	: 0x2
cpu MHz		: 2527.000
cache size	: 3072 KB
physical id	: 0
siblings	: 4
core id		: 2
cpu cores	: 2
apicid		: 5
initial apicid	: 5
fdiv_bug	: no
hlt_bug		: no
f00f_bug	: no
coma_bug	: no
fpu		: yes
fpu_exception	: yes
cpuid level	: 11
wp		: yes
flags		: fpu vme de pse tsc msr pae mce cx8 apic sep mtrr pge mca cmov pat pse36 clflush dts acpi mmx fxsr sse sse2 ss ht tm pbe nx rdtscp lm constant_tsc arch_perfmon pebs bts xtopology nonstop_tsc aperfmperf pni dtes64 monitor ds_cpl vmx est tm2 ssse3 cx16 xtpr pdcm pcid sse4_1 sse4_2 popcnt lahf_lm arat dtherm tpr_shadow vnmi flexpriority ept vpid
bogomips	: 5053.88
clflush size	: 64
cache_alignment	: 64
address sizes	: 36 bits physical, 48 bits virtual
power management:



Memory: 4k page, physical 3917408k(271240k free), swap 0k(0k free)

vm_info: Java HotSpot(TM) Server VM (24.72-b04) for linux-x86 JRE (1.7.0_72-b14), built on Sep 26 2014 19:38:09 by "java_re" with gcc 4.3.0 20080428 (Red Hat 4.3.0-8)

time: Sat Jul 11 14:35:20 2015
elapsed time: 3 seconds

