#
# There is insufficient memory for the Java Runtime Environment to continue.
# Native memory allocation (malloc) failed to allocate 31457280 bytes for committing reserved memory.
# Possible reasons:
#   The system is out of physical RAM or swap space
#   In 32 bit mode, the process size limit was hit
# Possible solutions:
#   Reduce memory load on the system
#   Increase physical memory or swap space
#   Check if swap backing store is full
#   Use 64 bit Java on a 64 bit OS
#   Decrease Java heap size (-Xmx/-Xms)
#   Decrease number of Java threads
#   Decrease Java thread stack sizes (-Xss)
#   Set larger code cache with -XX:ReservedCodeCacheSize=
# This output file may be truncated or incomplete.
#
#  Out of Memory Error (os_linux.cpp:2756), pid=6665, tid=1814776640
#
# JRE version: Java(TM) SE Runtime Environment (7.0_72-b14) (build 1.7.0_72-b14)
# Java VM: Java HotSpot(TM) Server VM (24.72-b04 mixed mode linux-x86 )
# Failed to write core dump. Core dumps have been disabled. To enable core dumping, try "ulimit -c unlimited" before starting Java again
#

---------------  T H R E A D  ---------------

Current thread (0x6c180400):  VMThread [stack: 0x6c234000,0x6c2b5000] [id=6695]

Stack: [0x6c234000,0x6c2b5000],  sp=0x6c2b3830,  free space=510k
Native frames: (J=compiled Java code, j=interpreted, Vv=VM code, C=native code)
V  [libjvm.so+0x7e8a76]  VMError::report_and_die()+0x1a6
V  [libjvm.so+0x33d9e2]  report_vm_out_of_memory(char const*, int, unsigned int, char const*)+0x72
V  [libjvm.so+0x685b01]  os::Linux::commit_memory_impl(char*, unsigned int, bool)+0xe1
V  [libjvm.so+0x685fc8]  os::pd_commit_memory(char*, unsigned int, unsigned int, bool)+0x28
V  [libjvm.so+0x67f70c]  os::commit_memory(char*, unsigned int, unsigned int, bool)+0x2c
V  [libjvm.so+0x6e9368]  PSVirtualSpace::expand_by(unsigned int)+0x48
V  [libjvm.so+0x6ea46a]  PSYoungGen::resize_generation(unsigned int, unsigned int)+0xda
V  [libjvm.so+0x6e97a9]  PSYoungGen::resize(unsigned int, unsigned int)+0x19
V  [libjvm.so+0x6e715e]  PSScavenge::invoke_no_policy()+0xd5e
V  [libjvm.so+0x6e7938]  PSScavenge::invoke()+0x28
V  [libjvm.so+0x6a573a]  ParallelScavengeHeap::failed_mem_allocate(unsigned int)+0x5a
V  [libjvm.so+0x7ea30a]  VM_ParallelGCFailedAllocation::doit()+0x7a
V  [libjvm.so+0x7f3127]  VM_Operation::evaluate()+0x47
V  [libjvm.so+0x7f11c3]  VMThread::evaluate_operation(VM_Operation*)+0xb3
V  [libjvm.so+0x7f1560]  VMThread::loop()+0x1b0
V  [libjvm.so+0x7f19c5]  VMThread::run()+0x85
V  [libjvm.so+0x687dd9]  java_start(Thread*)+0x119
C  [libpthread.so.0+0x6d4c]  start_thread+0xcc

VM_Operation (0xb68a48f4): ParallelGCFailedAllocation, mode: safepoint, requested by thread 0xb6707800


---------------  P R O C E S S  ---------------

Java Threads: ( => current thread )
  0x6c19a800 JavaThread "Service Thread" daemon [_thread_blocked, id=6719, stack(0x6bb0b000,0x6bb5c000)]
  0x6c198c00 JavaThread "C2 CompilerThread1" daemon [_thread_blocked, id=6716, stack(0x6bb5c000,0x6bbdd000)]
  0x6c196c00 JavaThread "C2 CompilerThread0" daemon [_thread_blocked, id=6714, stack(0x6bbdd000,0x6bc5e000)]
  0x6c195000 JavaThread "Signal Dispatcher" daemon [_thread_blocked, id=6706, stack(0x6bc5e000,0x6bcaf000)]
  0x6c184800 JavaThread "Finalizer" daemon [_thread_blocked, id=6703, stack(0x6beaf000,0x6bf00000)]
  0x6c183000 JavaThread "Reference Handler" daemon [_thread_blocked, id=6702, stack(0x6ec2e000,0x6ec7f000)]
  0xb6707800 JavaThread "main" [_thread_blocked, id=6673, stack(0xb6855000,0xb68a6000)]

Other Threads:
=>0x6c180400 VMThread [stack: 0x6c234000,0x6c2b5000] [id=6695]
  0x6c19c800 WatcherThread [stack: 0x6ba8a000,0x6bb0b000] [id=6723]

VM state:at safepoint (normal execution)

VM Mutex/Monitor currently owned by a thread:  ([mutex/lock_event])
[0xb6704fe0] Threads_lock - owner thread: 0x6c180400
[0xb67053f0] Heap_lock - owner thread: 0xb6707800

Heap
 PSYoungGen      total 33280K, used 2558K [0x9e040000, 0xa0340000, 0xb35c0000)
  eden space 30720K, 0% used [0x9e040000,0x9e040000,0x9fe40000)
  from space 2560K, 99% used [0x9fe40000,0xa00bf9b0,0xa00c0000)
  to   space 2560K, 0% used [0xa00c0000,0xa00c0000,0xa0340000)
 ParOldGen       total 40704K, used 8205K [0x735c0000, 0x75d80000, 0x9e040000)
  object space 40704K, 20% used [0x735c0000,0x73dc3748,0x75d80000)
 PSPermGen       total 16384K, used 3706K [0x6f5c0000, 0x705c0000, 0x735c0000)
  object space 16384K, 22% used [0x6f5c0000,0x6f95eb00,0x705c0000)

Card table byte_map: [0x6f39f000,0x6f5c0000] byte_map_base: 0x6f024200

Polling page: 0xb77c6000

Code Cache  [0xb36b5000, 0xb38f5000, 0xb66b5000)
 total_blobs=403 nmethods=284 adapters=73 free_code_cache=48188Kb largest_free_block=49325312

Compilation events (10 events):
Event: 8.714 Thread 0x6c196c00 nmethod 281 0xb377b648 code [0xb377b740, 0xb377b7d0]
Event: 8.714 Thread 0x6c196c00  282             java.lang.Enum::ordinal (5 bytes)
Event: 8.714 Thread 0x6c196c00 nmethod 282 0xb378f408 code [0xb378f4e0, 0xb378f530]
Event: 8.714 Thread 0x6c196c00  283             com.android.dx.rop.code.BasicBlockList::set (12 bytes)
Event: 8.717 Thread 0x6c196c00 nmethod 283 0xb37961c8 code [0xb37962e0, 0xb37964a4]
Event: 8.717 Thread 0x6c196c00  284             com.android.dx.rop.code.InsnList::<init> (6 bytes)
Event: 8.735 Thread 0x6c196c00 nmethod 284 0xb3795f08 code [0xb3796000, 0xb3796110]
Event: 8.735 Thread 0x6c196c00  285             com.android.dx.ssa.SsaBasicBlock::getDomChildren (5 bytes)
Event: 8.736 Thread 0x6c196c00 nmethod 285 0xb3795d88 code [0xb3795e60, 0xb3795eb0]
Event: 8.736 Thread 0x6c196c00  286             com.android.dx.ssa.SsaMethod::indexListFromLabelList (47 bytes)

GC Heap History (5 events):
Event: 3.390 GC heap before
{Heap before GC invocations=1 (full 0):
 PSYoungGen      total 17920K, used 15360K [0x9e040000, 0x9f440000, 0xb35c0000)
  eden space 15360K, 100% used [0x9e040000,0x9ef40000,0x9ef40000)
  from space 2560K, 0% used [0x9f1c0000,0x9f1c0000,0x9f440000)
  to   space 2560K, 0% used [0x9ef40000,0x9ef40000,0x9f1c0000)
 ParOldGen       total 40704K, used 0K [0x735c0000, 0x75d80000, 0x9e040000)
  object space 40704K, 0% used [0x735c0000,0x735c0000,0x75d80000)
 PSPermGen       total 16384K, used 3577K [0x6f5c0000, 0x705c0000, 0x735c0000)
  object space 16384K, 21% used [0x6f5c0000,0x6f93e4b0,0x705c0000)
Event: 3.423 GC heap after
Heap after GC invocations=1 (full 0):
 PSYoungGen      total 17920K, used 2545K [0x9e040000, 0xa0340000, 0xb35c0000)
  eden space 15360K, 0% used [0x9e040000,0x9e040000,0x9ef40000)
  from space 2560K, 99% used [0x9ef40000,0x9f1bc658,0x9f1c0000)
  to   space 2560K, 0% used [0xa00c0000,0xa00c0000,0xa0340000)
 ParOldGen       total 40704K, used 1256K [0x735c0000, 0x75d80000, 0x9e040000)
  object space 40704K, 3% used [0x735c0000,0x736fa070,0x75d80000)
 PSPermGen       total 16384K, used 3577K [0x6f5c0000, 0x705c0000, 0x735c0000)
  object space 16384K, 21% used [0x6f5c0000,0x6f93e4b0,0x705c0000)
}
Event: 5.404 GC heap before
{Heap before GC invocations=2 (full 0):
 PSYoungGen      total 17920K, used 17905K [0x9e040000, 0xa0340000, 0xb35c0000)
  eden space 15360K, 100% used [0x9e040000,0x9ef40000,0x9ef40000)
  from space 2560K, 99% used [0x9ef40000,0x9f1bc658,0x9f1c0000)
  to   space 2560K, 0% used [0xa00c0000,0xa00c0000,0xa0340000)
 ParOldGen       total 40704K, used 1256K [0x735c0000, 0x75d80000, 0x9e040000)
  object space 40704K, 3% used [0x735c0000,0x736fa070,0x75d80000)
 PSPermGen       total 16384K, used 3665K [0x6f5c0000, 0x705c0000, 0x735c0000)
  object space 16384K, 22% used [0x6f5c0000,0x6f954400,0x705c0000)
Event: 5.455 GC heap after
Heap after GC invocations=2 (full 0):
 PSYoungGen      total 33280K, used 2554K [0x9e040000, 0xa0340000, 0xb35c0000)
  eden space 30720K, 0% used [0x9e040000,0x9e040000,0x9fe40000)
  from space 2560K, 99% used [0xa00c0000,0xa033eae0,0xa0340000)
  to   space 2560K, 0% used [0x9fe40000,0x9fe40000,0xa00c0000)
 ParOldGen       total 40704K, used 3309K [0x735c0000, 0x75d80000, 0x9e040000)
  object space 40704K, 8% used [0x735c0000,0x738fb4f8,0x75d80000)
 PSPermGen       total 16384K, used 3665K [0x6f5c0000, 0x705c0000, 0x735c0000)
  object space 16384K, 22% used [0x6f5c0000,0x6f954400,0x705c0000)
}
Event: 8.751 GC heap before
{Heap before GC invocations=3 (full 0):
 PSYoungGen      total 33280K, used 33274K [0x9e040000, 0xa0340000, 0xb35c0000)
  eden space 30720K, 100% used [0x9e040000,0x9fe40000,0x9fe40000)
  from space 2560K, 99% used [0xa00c0000,0xa033eae0,0xa0340000)
  to   space 2560K, 0% used [0x9fe40000,0x9fe40000,0xa00c0000)
 ParOldGen       total 40704K, used 3309K [0x735c0000, 0x75d80000, 0x9e040000)
  object space 40704K, 8% used [0x735c0000,0x738fb4f8,0x75d80000)
 PSPermGen       total 16384K, used 3706K [0x6f5c0000, 0x705c0000, 0x735c0000)
  object space 16384K, 22% used [0x6f5c0000,0x6f95eb00,0x705c0000)

Deoptimization events (10 events):
Event: 2.964 Thread 0xb6707800 Uncommon trap: reason=null_check action=make_not_entrant pc=0xb3715248 method=com.android.dx.rop.code.LocalItem.equals(Ljava/lang/Object;)Z @ 1
Event: 3.278 Thread 0xb6707800 Uncommon trap: reason=class_check action=maybe_recompile pc=0xb371ee3c method=com.android.dx.rop.type.Type.equals(Ljava/lang/Object;)Z @ 8
Event: 3.279 Thread 0xb6707800 Uncommon trap: reason=class_check action=maybe_recompile pc=0xb371ee3c method=com.android.dx.rop.type.Type.equals(Ljava/lang/Object;)Z @ 8
Event: 3.279 Thread 0xb6707800 Uncommon trap: reason=class_check action=maybe_recompile pc=0xb371ee3c method=com.android.dx.rop.type.Type.equals(Ljava/lang/Object;)Z @ 8
Event: 3.279 Thread 0xb6707800 Uncommon trap: reason=class_check action=maybe_recompile pc=0xb371ee3c method=com.android.dx.rop.type.Type.equals(Ljava/lang/Object;)Z @ 8
Event: 5.376 Thread 0xb6707800 Uncommon trap: reason=null_check action=make_not_entrant pc=0xb37329ec method=com.android.dx.rop.type.Type.putIntern(Lcom/android/dx/rop/type/Type;)Lcom/android/dx/rop/type/Type; @ 18
Event: 6.737 Thread 0xb6707800 Uncommon trap: reason=null_check action=make_not_entrant pc=0xb3746940 method=com.android.dx.ssa.SsaRenamer.getLocalForNewReg(I)Lcom/android/dx/rop/code/LocalItem; @ 19
Event: 6.757 Thread 0xb6707800 Uncommon trap: reason=unreached action=reinterpret pc=0xb3714494 method=com.android.dx.rop.cst.Constant.compareTo(Lcom/android/dx/rop/cst/Constant;)I @ 12
Event: 7.534 Thread 0xb6707800 Uncommon trap: reason=bimorphic action=maybe_recompile pc=0xb377d4cc method=java.util.HashMap.put(Ljava/lang/Object;Ljava/lang/Object;)Ljava/lang/Object; @ 83
Event: 8.127 Thread 0xb6707800 Uncommon trap: reason=unreached action=reinterpret pc=0xb376426c method=com.android.dx.ssa.SCCP.simulateBranch(Lcom/android/dx/ssa/SsaInsn;)V @ 132

Internal exceptions (10 events):
Event: 2.525 Thread 0xb6707800 Threw 0x9e97c3c8 at /HUDSON/workspace/7u-2-build-linux-i586/jdk7u72/1606/hotspot/src/share/vm/prims/jvm.cpp:1281
Event: 2.562 Thread 0xb6707800 Threw 0x9e9c4f48 at /HUDSON/workspace/7u-2-build-linux-i586/jdk7u72/1606/hotspot/src/share/vm/prims/jvm.cpp:1281
Event: 2.571 Thread 0xb6707800 Threw 0x9e9cfc68 at /HUDSON/workspace/7u-2-build-linux-i586/jdk7u72/1606/hotspot/src/share/vm/prims/jvm.cpp:1281
Event: 2.964 Thread 0xb6707800 Implicit null exception at 0xb371507d to 0xb3715229
Event: 3.437 Thread 0xb6707800 Threw 0x9e06d758 at /HUDSON/workspace/7u-2-build-linux-i586/jdk7u72/1606/hotspot/src/share/vm/prims/jvm.cpp:1281
Event: 3.741 Thread 0xb6707800 Threw 0x9e34f868 at /HUDSON/workspace/7u-2-build-linux-i586/jdk7u72/1606/hotspot/src/share/vm/prims/jvm.cpp:1281
Event: 5.376 Thread 0xb6707800 Implicit null exception at 0xb37323ca to 0xb37329dd
Event: 5.401 Thread 0xb6707800 Threw 0x9ef2f6d0 at /HUDSON/workspace/7u-2-build-linux-i586/jdk7u72/1606/hotspot/src/share/vm/prims/jvm.cpp:1281
Event: 6.737 Thread 0xb6707800 Implicit null exception at 0xb3745975 to 0xb3746931
Event: 8.128 Thread 0xb6707800 Threw 0x9f89f578 at /HUDSON/workspace/7u-2-build-linux-i586/jdk7u72/1606/hotspot/src/share/vm/prims/jvm.cpp:1281

Events (10 events):
Event: 7.534 Thread 0xb6707800 DEOPT PACKING pc=0xb377d4cc sp=0xb68a49f0
Event: 7.534 Thread 0xb6707800 DEOPT UNPACKING pc=0xb36e1bc8 sp=0xb68a49cc mode 2
Event: 7.878 Thread 0x6c198c00 flushing nmethod 0xb3714cc8
Event: 7.896 Thread 0x6c198c00 flushing nmethod 0xb371e9c8
Event: 8.127 Thread 0xb6707800 Uncommon trap: trap_request=0xffffffad fr.pc=0xb376426c
Event: 8.127 Thread 0xb6707800 DEOPT PACKING pc=0xb376426c sp=0xb68a49a0
Event: 8.127 Thread 0xb6707800 DEOPT UNPACKING pc=0xb36e1bc8 sp=0xb68a49c4 mode 2
Event: 8.128 loading class 0x6b956bc8
Event: 8.128 loading class 0x6b956bc8 done
Event: 8.751 Executing VM operation: ParallelGCFailedAllocation


Dynamic libraries:
08048000-08049000 r-xp 00000000 08:04 1968239    /usr/lib/jvm/java-7-oracle/bin/java
08049000-0804a000 rw-p 00000000 08:04 1968239    /usr/lib/jvm/java-7-oracle/bin/java
09a12000-09ac2000 rw-p 00000000 00:00 0          [heap]
6ac00000-6acfa000 rw-p 00000000 00:00 0 
6acfa000-6ad00000 ---p 00000000 00:00 0 
6ae00000-6aef9000 rw-p 00000000 00:00 0 
6aef9000-6af00000 ---p 00000000 00:00 0 
6af00000-6af3f000 rw-p 00000000 00:00 0 
6af3f000-6b000000 ---p 00000000 00:00 0 
6b000000-6b0fc000 rw-p 00000000 00:00 0 
6b0fc000-6b100000 ---p 00000000 00:00 0 
6b100000-6b1f9000 rw-p 00000000 00:00 0 
6b1f9000-6b200000 ---p 00000000 00:00 0 
6b200000-6b2ff000 rw-p 00000000 00:00 0 
6b2ff000-6b300000 ---p 00000000 00:00 0 
6b300000-6b3fc000 rw-p 00000000 00:00 0 
6b3fc000-6b400000 ---p 00000000 00:00 0 
6b400000-6b4ff000 rw-p 00000000 00:00 0 
6b4ff000-6b500000 ---p 00000000 00:00 0 
6b500000-6b5fe000 rw-p 00000000 00:00 0 
6b5fe000-6b600000 ---p 00000000 00:00 0 
6b600000-6b6fe000 rw-p 00000000 00:00 0 
6b6fe000-6b700000 ---p 00000000 00:00 0 
6b700000-6b7ea000 rw-p 00000000 00:00 0 
6b7ea000-6b800000 ---p 00000000 00:00 0 
6b800000-6b8c9000 rw-p 00000000 00:00 0 
6b8c9000-6b900000 ---p 00000000 00:00 0 
6b900000-6b985000 rw-p 00000000 00:00 0 
6b985000-6ba00000 ---p 00000000 00:00 0 
6ba8a000-6ba8b000 ---p 00000000 00:00 0 
6ba8b000-6bb0b000 rw-p 00000000 00:00 0 
6bb0b000-6bb0e000 ---p 00000000 00:00 0 
6bb0e000-6bb5c000 rw-p 00000000 00:00 0 
6bb5c000-6bb5f000 ---p 00000000 00:00 0 
6bb5f000-6bbdd000 rw-p 00000000 00:00 0 
6bbdd000-6bbe0000 ---p 00000000 00:00 0 
6bbe0000-6bc5e000 rw-p 00000000 00:00 0 
6bc5e000-6bc61000 ---p 00000000 00:00 0 
6bc61000-6bcaf000 rw-p 00000000 00:00 0 
6bcaf000-6beaf000 r--p 00000000 08:04 10230872   /usr/lib/locale/locale-archive
6beaf000-6beb2000 ---p 00000000 00:00 0 
6beb2000-6bf00000 rw-p 00000000 00:00 0 
6bf00000-6bffe000 rw-p 00000000 00:00 0 
6bffe000-6c000000 ---p 00000000 00:00 0 
6c000000-6c021000 rw-p 00000000 00:00 0 
6c021000-6c100000 ---p 00000000 00:00 0 
6c100000-6c1f5000 rw-p 00000000 00:00 0 
6c1f5000-6c200000 ---p 00000000 00:00 0 
6c234000-6c235000 ---p 00000000 00:00 0 
6c235000-6c300000 rw-p 00000000 00:00 0 
6c300000-6c4c0000 r--s 039ea000 08:04 1969059    /usr/lib/jvm/java-7-oracle/jre/lib/rt.jar
6c4c0000-6eb00000 rw-p 00000000 00:00 0 
6eb00000-6ebee000 rw-p 00000000 00:00 0 
6ebee000-6ec00000 ---p 00000000 00:00 0 
6ec2e000-6ec31000 ---p 00000000 00:00 0 
6ec31000-6ec7f000 rw-p 00000000 00:00 0 
6ec7f000-6ec80000 ---p 00000000 00:00 0 
6ec80000-6ed00000 rw-p 00000000 00:00 0 
6ed00000-6ed21000 rw-p 00000000 00:00 0 
6ed21000-6ee00000 ---p 00000000 00:00 0 
6ee00000-6ee21000 rw-p 00000000 00:00 0 
6ee21000-6ef00000 ---p 00000000 00:00 0 
6ef24000-6ef7f000 rw-p 00000000 00:00 0 
6ef7f000-6ef80000 ---p 00000000 00:00 0 
6ef80000-6f000000 rw-p 00000000 00:00 0 
6f000000-6f021000 rw-p 00000000 00:00 0 
6f021000-6f100000 ---p 00000000 00:00 0 
6f108000-6f11d000 r-xp 00000000 08:04 1968306    /usr/lib/jvm/java-7-oracle/jre/lib/i386/libnet.so
6f11d000-6f11e000 rw-p 00014000 08:04 1968306    /usr/lib/jvm/java-7-oracle/jre/lib/i386/libnet.so
6f11e000-6f12c000 r-xp 00000000 08:04 1968294    /usr/lib/jvm/java-7-oracle/jre/lib/i386/libnio.so
6f12c000-6f12d000 rw-p 0000e000 08:04 1968294    /usr/lib/jvm/java-7-oracle/jre/lib/i386/libnio.so
6f12d000-6f147000 rw-p 00000000 00:00 0 
6f147000-6f148000 ---p 00000000 00:00 0 
6f148000-6f1c8000 rw-p 00000000 00:00 0 
6f1c8000-6f1c9000 ---p 00000000 00:00 0 
6f1c9000-6f25d000 rw-p 00000000 00:00 0 
6f25d000-6f39f000 rw-p 00000000 00:00 0 
6f39f000-6f3a7000 rw-p 00000000 00:00 0 
6f3a7000-6f3bf000 rw-p 00000000 00:00 0 
6f3bf000-6f3d3000 rw-p 00000000 00:00 0 
6f3d3000-6f514000 rw-p 00000000 00:00 0 
6f514000-6f526000 rw-p 00000000 00:00 0 
6f526000-6f5bf000 rw-p 00000000 00:00 0 
6f5bf000-705c0000 rw-p 00000000 00:00 0 
705c0000-735c0000 rw-p 00000000 00:00 0 
735c0000-75d80000 rw-p 00000000 00:00 0 
75d80000-9e040000 rw-p 00000000 00:00 0 
9e040000-a0340000 rw-p 00000000 00:00 0 
a1fcc000-a2140000 rw-p 00000000 00:00 0 
a2140000-b35c0000 rw-p 00000000 00:00 0 
b35c6000-b35d5000 r--s 000dd000 08:04 5898350    /home/haider/Downloads/android-sdk-linux/build-tools/22.0.1/lib/dx.jar
b35d5000-b35dd000 rw-p 00000000 00:00 0 
b35dd000-b35f5000 rw-p 00000000 00:00 0 
b35f5000-b35fe000 rw-p 00000000 00:00 0 
b35fe000-b36b5000 rw-p 00000000 00:00 0 
b36b5000-b38f5000 rwxp 00000000 00:00 0 
b38f5000-b66b5000 rw-p 00000000 00:00 0 
b66b5000-b66cc000 r-xp 00000000 08:04 1968349    /usr/lib/jvm/java-7-oracle/jre/lib/i386/libzip.so
b66cc000-b66cd000 rw-p 00017000 08:04 1968349    /usr/lib/jvm/java-7-oracle/jre/lib/i386/libzip.so
b66cd000-b66d8000 r-xp 00000000 08:04 2101123    /lib/i386-linux-gnu/libnss_files-2.15.so
b66d8000-b66d9000 r--p 0000a000 08:04 2101123    /lib/i386-linux-gnu/libnss_files-2.15.so
b66d9000-b66da000 rw-p 0000b000 08:04 2101123    /lib/i386-linux-gnu/libnss_files-2.15.so
b66da000-b66e4000 r-xp 00000000 08:04 2101140    /lib/i386-linux-gnu/libnss_nis-2.15.so
b66e4000-b66e5000 r--p 00009000 08:04 2101140    /lib/i386-linux-gnu/libnss_nis-2.15.so
b66e5000-b66e6000 rw-p 0000a000 08:04 2101140    /lib/i386-linux-gnu/libnss_nis-2.15.so
b66e6000-b66fc000 r-xp 00000000 08:04 2101130    /lib/i386-linux-gnu/libnsl-2.15.so
b66fc000-b66fd000 r--p 00015000 08:04 2101130    /lib/i386-linux-gnu/libnsl-2.15.so
b66fd000-b66fe000 rw-p 00016000 08:04 2101130    /lib/i386-linux-gnu/libnsl-2.15.so
b66fe000-b6700000 rw-p 00000000 00:00 0 
b6700000-b67f6000 rw-p 00000000 00:00 0 
b67f6000-b6800000 ---p 00000000 00:00 0 
b680a000-b6811000 r-xp 00000000 08:04 2101126    /lib/i386-linux-gnu/libnss_compat-2.15.so
b6811000-b6812000 r--p 00006000 08:04 2101126    /lib/i386-linux-gnu/libnss_compat-2.15.so
b6812000-b6813000 rw-p 00007000 08:04 2101126    /lib/i386-linux-gnu/libnss_compat-2.15.so
b6817000-b6820000 r--s 00039000 08:04 9843518    /home/haider/AndroidStudioProjects/XMPP/app/build/intermediates/exploded-aar/com.android.support/support-v4/22.2.0/jars/libs/internal_impl-22.2.0.jar
b6820000-b6828000 rw-s 00000000 08:04 3940576    /tmp/hsperfdata_haider/6665
b6828000-b684b000 r-xp 00000000 08:04 1968353    /usr/lib/jvm/java-7-oracle/jre/lib/i386/libjava.so
b684b000-b684c000 rw-p 00023000 08:04 1968353    /usr/lib/jvm/java-7-oracle/jre/lib/i386/libjava.so
b684c000-b6853000 r-xp 00000000 08:04 2101134    /lib/i386-linux-gnu/librt-2.15.so
b6853000-b6854000 r--p 00006000 08:04 2101134    /lib/i386-linux-gnu/librt-2.15.so
b6854000-b6855000 rw-p 00007000 08:04 2101134    /lib/i386-linux-gnu/librt-2.15.so
b6855000-b6858000 ---p 00000000 00:00 0 
b6858000-b68a6000 rw-p 00000000 00:00 0 
b68a6000-b68d0000 r-xp 00000000 08:04 2101128    /lib/i386-linux-gnu/libm-2.15.so
b68d0000-b68d1000 r--p 00029000 08:04 2101128    /lib/i386-linux-gnu/libm-2.15.so
b68d1000-b68d2000 rw-p 0002a000 08:04 2101128    /lib/i386-linux-gnu/libm-2.15.so
b68d2000-b7157000 r-xp 00000000 08:04 1968321    /usr/lib/jvm/java-7-oracle/jre/lib/i386/server/libjvm.so
b7157000-b71bb000 rw-p 00884000 08:04 1968321    /usr/lib/jvm/java-7-oracle/jre/lib/i386/server/libjvm.so
b71bb000-b75df000 rw-p 00000000 00:00 0 
b75df000-b7783000 r-xp 00000000 08:04 2101138    /lib/i386-linux-gnu/libc-2.15.so
b7783000-b7785000 r--p 001a4000 08:04 2101138    /lib/i386-linux-gnu/libc-2.15.so
b7785000-b7786000 rw-p 001a6000 08:04 2101138    /lib/i386-linux-gnu/libc-2.15.so
b7786000-b7789000 rw-p 00000000 00:00 0 
b7789000-b778c000 r-xp 00000000 08:04 2101125    /lib/i386-linux-gnu/libdl-2.15.so
b778c000-b778d000 r--p 00002000 08:04 2101125    /lib/i386-linux-gnu/libdl-2.15.so
b778d000-b778e000 rw-p 00003000 08:04 2101125    /lib/i386-linux-gnu/libdl-2.15.so
b778e000-b778f000 rw-p 00000000 00:00 0 
b778f000-b77a2000 r-xp 00000000 08:04 1840170    /usr/lib/jvm/java-7-oracle/lib/i386/jli/libjli.so
b77a2000-b77a3000 rw-p 00012000 08:04 1840170    /usr/lib/jvm/java-7-oracle/lib/i386/jli/libjli.so
b77a3000-b77ba000 r-xp 00000000 08:04 2101132    /lib/i386-linux-gnu/libpthread-2.15.so
b77ba000-b77bb000 r--p 00016000 08:04 2101132    /lib/i386-linux-gnu/libpthread-2.15.so
b77bb000-b77bc000 rw-p 00017000 08:04 2101132    /lib/i386-linux-gnu/libpthread-2.15.so
b77bc000-b77be000 rw-p 00000000 00:00 0 
b77c3000-b77c4000 rw-p 00000000 00:00 0 
b77c4000-b77c5000 r--p 005e0000 08:04 10230872   /usr/lib/locale/locale-archive
b77c5000-b77c6000 rw-p 00000000 00:00 0 
b77c6000-b77c7000 ---p 00000000 00:00 0 
b77c7000-b77d2000 r-xp 00000000 08:04 1968315    /usr/lib/jvm/java-7-oracle/jre/lib/i386/libverify.so
b77d2000-b77d3000 rw-p 0000b000 08:04 1968315    /usr/lib/jvm/java-7-oracle/jre/lib/i386/libverify.so
b77d3000-b77d5000 rw-p 00000000 00:00 0 
b77d5000-b77d6000 r-xp 00000000 00:00 0          [vdso]
b77d6000-b77f6000 r-xp 00000000 08:04 2101122    /lib/i386-linux-gnu/ld-2.15.so
b77f6000-b77f7000 r--p 0001f000 08:04 2101122    /lib/i386-linux-gnu/ld-2.15.so
b77f7000-b77f8000 rw-p 00020000 08:04 2101122    /lib/i386-linux-gnu/ld-2.15.so
bfad7000-bfad8000 rwxp 00000000 00:00 0 
bfb0a000-bfb2b000 rw-p 00000000 00:00 0          [stack]

VM Arguments:
jvm_args: -Xmx1024M -Dfile.encoding=UTF-8 -Duser.country=US -Duser.language=en -Duser.variant 
java_command: com.android.dx.command.Main --dex --output /home/haider/AndroidStudioProjects/XMPP/app/build/intermediates/pre-dexed/debug/internal_impl-22.2.0-090462bf1f35278f29492ca1e50781efa9a12ca6.jar /home/haider/AndroidStudioProjects/XMPP/app/build/intermediates/exploded-aar/com.android.support/support-v4/22.2.0/jars/libs/internal_impl-22.2.0.jar
Launcher Type: SUN_STANDARD

Environment Variables:
JAVA_HOME=/usr/lib/jvm/java-7-oracle
CLASSPATH=./../lib/bootstrap.jar:./../lib/extensions.jar:./../lib/util.jar:./../lib/jdom.jar:./../lib/log4j.jar:./../lib/trove4j.jar:./../lib/jna.jar:/usr/lib/jvm/java-7-oracle/lib/tools.jar
PATH=/usr/local/heroku/bin:/home/haider/.rbenv/plugins/ruby-build/bin:/home/haider/.rbenv/shims:/home/haider/.rbenv/bin:/usr/lib/lightdm/lightdm:/usr/local/sbin:/usr/local/bin:/usr/sbin:/usr/bin:/sbin:/bin:/usr/games:/usr/lib/jvm/java-7-oracle/bin:/usr/lib/jvm/java-7-oracle/db/bin:/usr/lib/jvm/java-7-oracle/jre/bin
LD_LIBRARY_PATH=.:
SHELL=/bin/bash
DISPLAY=:0

Signal Handlers:
SIGSEGV: [libjvm.so+0x7e9580], sa_mask[0]=0x7ffbfeff, sa_flags=0x10000004
SIGBUS: [libjvm.so+0x7e9580], sa_mask[0]=0x7ffbfeff, sa_flags=0x10000004
SIGFPE: [libjvm.so+0x682680], sa_mask[0]=0x7ffbfeff, sa_flags=0x10000004
SIGPIPE: [libjvm.so+0x682680], sa_mask[0]=0x7ffbfeff, sa_flags=0x10000004
SIGXFSZ: [libjvm.so+0x682680], sa_mask[0]=0x7ffbfeff, sa_flags=0x10000004
SIGILL: [libjvm.so+0x682680], sa_mask[0]=0x7ffbfeff, sa_flags=0x10000004
SIGUSR1: SIG_DFL, sa_mask[0]=0x00000000, sa_flags=0x00000000
SIGUSR2: [libjvm.so+0x683e80], sa_mask[0]=0x00000004, sa_flags=0x10000004
SIGHUP: [libjvm.so+0x6851b0], sa_mask[0]=0x7ffbfeff, sa_flags=0x10000004
SIGINT: [libjvm.so+0x6851b0], sa_mask[0]=0x7ffbfeff, sa_flags=0x10000004
SIGTERM: [libjvm.so+0x6851b0], sa_mask[0]=0x7ffbfeff, sa_flags=0x10000004
SIGQUIT: [libjvm.so+0x6851b0], sa_mask[0]=0x7ffbfeff, sa_flags=0x10000004


---------------  S Y S T E M  ---------------

OS:wheezy/sid

uname:Linux 3.2.0-74-generic-pae #109-Ubuntu SMP Tue Dec 9 17:00:00 UTC 2014 i686
libc:glibc 2.15 NPTL 2.15 
rlimit: STACK 8192k, CORE 0k, NPROC 30447, NOFILE 4096, AS infinity
load average:8.93 2.80 1.70

/proc/meminfo:
MemTotal:        3917408 kB
MemFree:          239572 kB
Buffers:            7932 kB
Cached:           366868 kB
SwapCached:            0 kB
Active:          3264728 kB
Inactive:         321628 kB
Active(anon):    3231892 kB
Inactive(anon):   250336 kB
Active(file):      32836 kB
Inactive(file):    71292 kB
Unevictable:         320 kB
Mlocked:             320 kB
HighTotal:       3075156 kB
HighFree:          84296 kB
LowTotal:         842252 kB
LowFree:          155276 kB
SwapTotal:             0 kB
SwapFree:              0 kB
Dirty:                76 kB
Writeback:            92 kB
AnonPages:       3211972 kB
Mapped:            90228 kB
Shmem:            270632 kB
Slab:              42272 kB
SReclaimable:      20492 kB
SUnreclaim:        21780 kB
KernelStack:        6008 kB
PageTables:        20436 kB
NFS_Unstable:          0 kB
Bounce:                0 kB
WritebackTmp:          0 kB
CommitLimit:     1958704 kB
Committed_AS:    7759152 kB
VmallocTotal:     122880 kB
VmallocUsed:       18468 kB
VmallocChunk:     101536 kB
HardwareCorrupted:     0 kB
AnonHugePages:         0 kB
HugePages_Total:       0
HugePages_Free:        0
HugePages_Rsvd:        0
HugePages_Surp:        0
Hugepagesize:       2048 kB
DirectMap4k:       10232 kB
DirectMap2M:      903168 kB


CPU:total 4 (2 cores per cpu, 2 threads per core) family 6 model 37 stepping 5, cmov, cx8, fxsr, mmx, sse, sse2, sse3, ssse3, sse4.1, sse4.2, popcnt, ht, tsc, tscinvbit

/proc/cpuinfo:
processor	: 0
vendor_id	: GenuineIntel
cpu family	: 6
model		: 37
model name	: Intel(R) Core(TM) i3 CPU       M 380  @ 2.53GHz
stepping	: 5
microcode	: 0x2
cpu MHz		: 2527.000
cache size	: 3072 KB
physical id	: 0
siblings	: 4
core id		: 0
cpu cores	: 2
apicid		: 0
initial apicid	: 0
fdiv_bug	: no
hlt_bug		: no
f00f_bug	: no
coma_bug	: no
fpu		: yes
fpu_exception	: yes
cpuid level	: 11
wp		: yes
flags		: fpu vme de pse tsc msr pae mce cx8 apic sep mtrr pge mca cmov pat pse36 clflush dts acpi mmx fxsr sse sse2 ss ht tm pbe nx rdtscp lm constant_tsc arch_perfmon pebs bts xtopology nonstop_tsc aperfmperf pni dtes64 monitor ds_cpl vmx est tm2 ssse3 cx16 xtpr pdcm pcid sse4_1 sse4_2 popcnt lahf_lm arat dtherm tpr_shadow vnmi flexpriority ept vpid
bogomips	: 5053.85
clflush size	: 64
cache_alignment	: 64
address sizes	: 36 bits physical, 48 bits virtual
power management:

processor	: 1
vendor_id	: GenuineIntel
cpu family	: 6
model		: 37
model name	: Intel(R) Core(TM) i3 CPU       M 380  @ 2.53GHz
stepping	: 5
microcode	: 0x2
cpu MHz		: 2527.000
cache size	: 3072 KB
physical id	: 0
siblings	: 4
core id		: 2
cpu cores	: 2
apicid		: 4
initial apicid	: 4
fdiv_bug	: no
hlt_bug		: no
f00f_bug	: no
coma_bug	: no
fpu		: yes
fpu_exception	: yes
cpuid level	: 11
wp		: yes
flags		: fpu vme de pse tsc msr pae mce cx8 apic sep mtrr pge mca cmov pat pse36 clflush dts acpi mmx fxsr sse sse2 ss ht tm pbe nx rdtscp lm constant_tsc arch_perfmon pebs bts xtopology nonstop_tsc aperfmperf pni dtes64 monitor ds_cpl vmx est tm2 ssse3 cx16 xtpr pdcm pcid sse4_1 sse4_2 popcnt lahf_lm arat dtherm tpr_shadow vnmi flexpriority ept vpid
bogomips	: 5053.89
clflush size	: 64
cache_alignment	: 64
address sizes	: 36 bits physical, 48 bits virtual
power management:

processor	: 2
vendor_id	: GenuineIntel
cpu family	: 6
model		: 37
model name	: Intel(R) Core(TM) i3 CPU       M 380  @ 2.53GHz
stepping	: 5
microcode	: 0x2
cpu MHz		: 2527.000
cache size	: 3072 KB
physical id	: 0
siblings	: 4
core id		: 0
cpu cores	: 2
apicid		: 1
initial apicid	: 1
fdiv_bug	: no
hlt_bug		: no
f00f_bug	: no
coma_bug	: no
fpu		: yes
fpu_exception	: yes
cpuid level	: 11
wp		: yes
flags		: fpu vme de pse tsc msr pae mce cx8 apic sep mtrr pge mca cmov pat pse36 clflush dts acpi mmx fxsr sse sse2 ss ht tm pbe nx rdtscp lm constant_tsc arch_perfmon pebs bts xtopology nonstop_tsc aperfmperf pni dtes64 monitor ds_cpl vmx est tm2 ssse3 cx16 xtpr pdcm pcid sse4_1 sse4_2 popcnt lahf_lm arat dtherm tpr_shadow vnmi flexpriority ept vpid
bogomips	: 5053.88
clflush size	: 64
cache_alignment	: 64
address sizes	: 36 bits physical, 48 bits virtual
power management:

processor	: 3
vendor_id	: GenuineIntel
cpu family	: 6
model		: 37
model name	: Intel(R) Core(TM) i3 CPU       M 380  @ 2.53GHz
stepping	: 5
microcode	: 0x2
cpu MHz		: 2527.000
cache size	: 3072 KB
physical id	: 0
siblings	: 4
core id		: 2
cpu cores	: 2
apicid		: 5
initial apicid	: 5
fdiv_bug	: no
hlt_bug		: no
f00f_bug	: no
coma_bug	: no
fpu		: yes
fpu_exception	: yes
cpuid level	: 11
wp		: yes
flags		: fpu vme de pse tsc msr pae mce cx8 apic sep mtrr pge mca cmov pat pse36 clflush dts acpi mmx fxsr sse sse2 ss ht tm pbe nx rdtscp lm constant_tsc arch_perfmon pebs bts xtopology nonstop_tsc aperfmperf pni dtes64 monitor ds_cpl vmx est tm2 ssse3 cx16 xtpr pdcm pcid sse4_1 sse4_2 popcnt lahf_lm arat dtherm tpr_shadow vnmi flexpriority ept vpid
bogomips	: 5053.88
clflush size	: 64
cache_alignment	: 64
address sizes	: 36 bits physical, 48 bits virtual
power management:



Memory: 4k page, physical 3917408k(240068k free), swap 0k(0k free)

vm_info: Java HotSpot(TM) Server VM (24.72-b04) for linux-x86 JRE (1.7.0_72-b14), built on Sep 26 2014 19:38:09 by "java_re" with gcc 4.3.0 20080428 (Red Hat 4.3.0-8)

time: Sat Jun 27 11:49:13 2015
elapsed time: 21 seconds

