#
# There is insufficient memory for the Java Runtime Environment to continue.
# Native memory allocation (malloc) failed to allocate 41418752 bytes for committing reserved memory.
# Possible reasons:
#   The system is out of physical RAM or swap space
#   In 32 bit mode, the process size limit was hit
# Possible solutions:
#   Reduce memory load on the system
#   Increase physical memory or swap space
#   Check if swap backing store is full
#   Use 64 bit Java on a 64 bit OS
#   Decrease Java heap size (-Xmx/-Xms)
#   Decrease number of Java threads
#   Decrease Java thread stack sizes (-Xss)
#   Set larger code cache with -XX:ReservedCodeCacheSize=
# This output file may be truncated or incomplete.
#
#  Out of Memory Error (os_linux.cpp:2756), pid=16173, tid=1813728064
#
# JRE version: Java(TM) SE Runtime Environment (7.0_72-b14) (build 1.7.0_72-b14)
# Java VM: Java HotSpot(TM) Server VM (24.72-b04 mixed mode linux-x86 )
# Failed to write core dump. Core dumps have been disabled. To enable core dumping, try "ulimit -c unlimited" before starting Java again
#

---------------  T H R E A D  ---------------

Current thread (0x6c080400):  VMThread [stack: 0x6c134000,0x6c1b5000] [id=16182]

Stack: [0x6c134000,0x6c1b5000],  sp=0x6c1b3a30,  free space=510k
Native frames: (J=compiled Java code, j=interpreted, Vv=VM code, C=native code)
V  [libjvm.so+0x7e8a76]  VMError::report_and_die()+0x1a6
V  [libjvm.so+0x33d9e2]  report_vm_out_of_memory(char const*, int, unsigned int, char const*)+0x72
V  [libjvm.so+0x685b01]  os::Linux::commit_memory_impl(char*, unsigned int, bool)+0xe1
V  [libjvm.so+0x685fc8]  os::pd_commit_memory(char*, unsigned int, unsigned int, bool)+0x28
V  [libjvm.so+0x67f70c]  os::commit_memory(char*, unsigned int, unsigned int, bool)+0x2c
V  [libjvm.so+0x6e9368]  PSVirtualSpace::expand_by(unsigned int)+0x48
V  [libjvm.so+0x6ea46a]  PSYoungGen::resize_generation(unsigned int, unsigned int)+0xda
V  [libjvm.so+0x6e97a9]  PSYoungGen::resize(unsigned int, unsigned int)+0x19
V  [libjvm.so+0x6e715e]  PSScavenge::invoke_no_policy()+0xd5e
V  [libjvm.so+0x6e7938]  PSScavenge::invoke()+0x28
V  [libjvm.so+0x6a573a]  ParallelScavengeHeap::failed_mem_allocate(unsigned int)+0x5a
V  [libjvm.so+0x7ea30a]  VM_ParallelGCFailedAllocation::doit()+0x7a
V  [libjvm.so+0x7f3127]  VM_Operation::evaluate()+0x47
V  [libjvm.so+0x7f11c3]  VMThread::evaluate_operation(VM_Operation*)+0xb3
V  [libjvm.so+0x7f1560]  VMThread::loop()+0x1b0
V  [libjvm.so+0x7f19c5]  VMThread::run()+0x85
V  [libjvm.so+0x687dd9]  java_start(Thread*)+0x119
C  [libpthread.so.0+0x6d4c]  start_thread+0xcc

VM_Operation (0xb67af914): ParallelGCFailedAllocation, mode: safepoint, requested by thread 0xb6607800


---------------  P R O C E S S  ---------------

Java Threads: ( => current thread )
  0x6c09a800 JavaThread "Service Thread" daemon [_thread_blocked, id=16188, stack(0x6ba0b000,0x6ba5c000)]
  0x6c098c00 JavaThread "C2 CompilerThread1" daemon [_thread_blocked, id=16187, stack(0x6ba5c000,0x6badd000)]
  0x6c096c00 JavaThread "C2 CompilerThread0" daemon [_thread_blocked, id=16186, stack(0x6badd000,0x6bb5e000)]
  0x6c095000 JavaThread "Signal Dispatcher" daemon [_thread_blocked, id=16185, stack(0x6bb5e000,0x6bbaf000)]
  0x6c084800 JavaThread "Finalizer" daemon [_thread_blocked, id=16184, stack(0x6bdaf000,0x6be00000)]
  0x6c083000 JavaThread "Reference Handler" daemon [_thread_blocked, id=16183, stack(0x6eb2e000,0x6eb7f000)]
  0xb6607800 JavaThread "main" [_thread_blocked, id=16176, stack(0xb6760000,0xb67b1000)]

Other Threads:
=>0x6c080400 VMThread [stack: 0x6c134000,0x6c1b5000] [id=16182]
  0x6c09c400 WatcherThread [stack: 0x6b98a000,0x6ba0b000] [id=16189]

VM state:at safepoint (normal execution)

VM Mutex/Monitor currently owned by a thread:  ([mutex/lock_event])
[0xb6604fb0] Threads_lock - owner thread: 0x6c080400
[0xb66053c0] Heap_lock - owner thread: 0xb6607800

Heap
 PSYoungGen      total 33280K, used 2544K [0x9df80000, 0xa0280000, 0xb3500000)
  eden space 30720K, 0% used [0x9df80000,0x9df80000,0x9fd80000)
  from space 2560K, 99% used [0x9fd80000,0x9fffc280,0xa0000000)
  to   space 2560K, 0% used [0xa0000000,0xa0000000,0xa0280000)
 ParOldGen       total 40704K, used 13294K [0x73500000, 0x75cc0000, 0x9df80000)
  object space 40704K, 32% used [0x73500000,0x741fb8e8,0x75cc0000)
 PSPermGen       total 16384K, used 3726K [0x6f500000, 0x70500000, 0x73500000)
  object space 16384K, 22% used [0x6f500000,0x6f8a3960,0x70500000)

Card table byte_map: [0x6f2df000,0x6f500000] byte_map_base: 0x6ef64800

Polling page: 0xb76d1000

Code Cache  [0xb35c1000, 0xb3801000, 0xb65c1000)
 total_blobs=481 nmethods=362 adapters=73 free_code_cache=47871Kb largest_free_block=48935680

Compilation events (10 events):
Event: 12.546 Thread 0x6c096c00 nmethod 370 0xb36ed188 code [0xb36ed2e0, 0xb36ed7bc]
Event: 12.568 Thread 0x6c096c00  371   !         com.android.dx.cf.cst.ConstantPoolParser::parse0 (731 bytes)
Event: 12.768 Thread 0x6c098c00 nmethod 361 0xb3709d08 code [0xb370a140, 0xb370c754]
Event: 12.769 Thread 0x6c098c00  372             com.android.dx.ssa.PhiTypeResolver::run (179 bytes)
Event: 13.138 Thread 0x6c096c00 nmethod 371 0xb3710ec8 code [0xb37113e0, 0xb3713218]
Event: 13.138 Thread 0x6c096c00  373             com.android.dx.ssa.ConstCollector::getConstsSortedByCountUse (386 bytes)
Event: 13.224 Thread 0x6c098c00 nmethod 372 0xb36c7988 code [0xb36c7c60, 0xb36c9280]
Event: 13.238 Thread 0x6c098c00  374             com.android.dx.cf.code.ExecutionStack::size (5 bytes)
Event: 13.238 Thread 0x6c098c00 nmethod 374 0xb365a008 code [0xb365a0e0, 0xb365a130]
Event: 13.238 Thread 0x6c098c00  375             com.android.dx.ssa.ConstCollector::updateConstUses (248 bytes)

GC Heap History (9 events):
Event: 4.439 GC heap before
{Heap before GC invocations=1 (full 0):
 PSYoungGen      total 17920K, used 15360K [0x9df80000, 0x9f380000, 0xb3500000)
  eden space 15360K, 100% used [0x9df80000,0x9ee80000,0x9ee80000)
  from space 2560K, 0% used [0x9f100000,0x9f100000,0x9f380000)
  to   space 2560K, 0% used [0x9ee80000,0x9ee80000,0x9f100000)
 ParOldGen       total 40704K, used 0K [0x73500000, 0x75cc0000, 0x9df80000)
  object space 40704K, 0% used [0x73500000,0x73500000,0x75cc0000)
 PSPermGen       total 16384K, used 3572K [0x6f500000, 0x70500000, 0x73500000)
  object space 16384K, 21% used [0x6f500000,0x6f87d0d0,0x70500000)
Event: 4.461 GC heap after
Heap after GC invocations=1 (full 0):
 PSYoungGen      total 17920K, used 2558K [0x9df80000, 0x9f380000, 0xb3500000)
  eden space 15360K, 0% used [0x9df80000,0x9df80000,0x9ee80000)
  from space 2560K, 99% used [0x9ee80000,0x9f0ffaf8,0x9f100000)
  to   space 2560K, 0% used [0x9f100000,0x9f100000,0x9f380000)
 ParOldGen       total 40704K, used 1348K [0x73500000, 0x75cc0000, 0x9df80000)
  object space 40704K, 3% used [0x73500000,0x73651370,0x75cc0000)
 PSPermGen       total 16384K, used 3572K [0x6f500000, 0x70500000, 0x73500000)
  object space 16384K, 21% used [0x6f500000,0x6f87d0d0,0x70500000)
}
Event: 7.038 GC heap before
{Heap before GC invocations=2 (full 0):
 PSYoungGen      total 17920K, used 17918K [0x9df80000, 0x9f380000, 0xb3500000)
  eden space 15360K, 100% used [0x9df80000,0x9ee80000,0x9ee80000)
  from space 2560K, 99% used [0x9ee80000,0x9f0ffaf8,0x9f100000)
  to   space 2560K, 0% used [0x9f100000,0x9f100000,0x9f380000)
 ParOldGen       total 40704K, used 1348K [0x73500000, 0x75cc0000, 0x9df80000)
  object space 40704K, 3% used [0x73500000,0x73651370,0x75cc0000)
 PSPermGen       total 16384K, used 3653K [0x6f500000, 0x70500000, 0x73500000)
  object space 16384K, 22% used [0x6f500000,0x6f8914f0,0x70500000)
Event: 7.065 GC heap after
Heap after GC invocations=2 (full 0):
 PSYoungGen      total 17920K, used 2551K [0x9df80000, 0x9f380000, 0xb3500000)
  eden space 15360K, 0% used [0x9df80000,0x9df80000,0x9ee80000)
  from space 2560K, 99% used [0x9f100000,0x9f37dd98,0x9f380000)
  to   space 2560K, 0% used [0x9ee80000,0x9ee80000,0x9f100000)
 ParOldGen       total 40704K, used 3359K [0x73500000, 0x75cc0000, 0x9df80000)
  object space 40704K, 8% used [0x73500000,0x73847c40,0x75cc0000)
 PSPermGen       total 16384K, used 3653K [0x6f500000, 0x70500000, 0x73500000)
  object space 16384K, 22% used [0x6f500000,0x6f8914f0,0x70500000)
}
Event: 7.831 GC heap before
{Heap before GC invocations=3 (full 0):
 PSYoungGen      total 17920K, used 17911K [0x9df80000, 0x9f380000, 0xb3500000)
  eden space 15360K, 100% used [0x9df80000,0x9ee80000,0x9ee80000)
  from space 2560K, 99% used [0x9f100000,0x9f37dd98,0x9f380000)
  to   space 2560K, 0% used [0x9ee80000,0x9ee80000,0x9f100000)
 ParOldGen       total 40704K, used 3359K [0x73500000, 0x75cc0000, 0x9df80000)
  object space 40704K, 8% used [0x73500000,0x73847c40,0x75cc0000)
 PSPermGen       total 16384K, used 3678K [0x6f500000, 0x70500000, 0x73500000)
  object space 16384K, 22% used [0x6f500000,0x6f897bb0,0x70500000)
Event: 7.865 GC heap after
Heap after GC invocations=3 (full 0):
 PSYoungGen      total 17920K, used 2547K [0x9df80000, 0xa0280000, 0xb3500000)
  eden space 15360K, 0% used [0x9df80000,0x9df80000,0x9ee80000)
  from space 2560K, 99% used [0x9ee80000,0x9f0fcfb8,0x9f100000)
  to   space 2560K, 0% used [0xa0000000,0xa0000000,0xa0280000)
 ParOldGen       total 40704K, used 5866K [0x73500000, 0x75cc0000, 0x9df80000)
  object space 40704K, 14% used [0x73500000,0x73aba9f0,0x75cc0000)
 PSPermGen       total 16384K, used 3678K [0x6f500000, 0x70500000, 0x73500000)
  object space 16384K, 22% used [0x6f500000,0x6f897bb0,0x70500000)
}
Event: 9.710 GC heap before
{Heap before GC invocations=4 (full 0):
 PSYoungGen      total 17920K, used 17907K [0x9df80000, 0xa0280000, 0xb3500000)
  eden space 15360K, 100% used [0x9df80000,0x9ee80000,0x9ee80000)
  from space 2560K, 99% used [0x9ee80000,0x9f0fcfb8,0x9f100000)
  to   space 2560K, 0% used [0xa0000000,0xa0000000,0xa0280000)
 ParOldGen       total 40704K, used 5866K [0x73500000, 0x75cc0000, 0x9df80000)
  object space 40704K, 14% used [0x73500000,0x73aba9f0,0x75cc0000)
 PSPermGen       total 16384K, used 3707K [0x6f500000, 0x70500000, 0x73500000)
  object space 16384K, 22% used [0x6f500000,0x6f89ed98,0x70500000)
Event: 9.765 GC heap after
Heap after GC invocations=4 (full 0):
 PSYoungGen      total 33280K, used 2547K [0x9df80000, 0xa0280000, 0xb3500000)
  eden space 30720K, 0% used [0x9df80000,0x9df80000,0x9fd80000)
  from space 2560K, 99% used [0xa0000000,0xa027ce40,0xa0280000)
  to   space 2560K, 0% used [0x9fd80000,0x9fd80000,0xa0000000)
 ParOldGen       total 40704K, used 8456K [0x73500000, 0x75cc0000, 0x9df80000)
  object space 40704K, 20% used [0x73500000,0x73d42198,0x75cc0000)
 PSPermGen       total 16384K, used 3707K [0x6f500000, 0x70500000, 0x73500000)
  object space 16384K, 22% used [0x6f500000,0x6f89ed98,0x70500000)
}
Event: 13.266 GC heap before
{Heap before GC invocations=5 (full 0):
 PSYoungGen      total 33280K, used 33267K [0x9df80000, 0xa0280000, 0xb3500000)
  eden space 30720K, 100% used [0x9df80000,0x9fd80000,0x9fd80000)
  from space 2560K, 99% used [0xa0000000,0xa027ce40,0xa0280000)
  to   space 2560K, 0% used [0x9fd80000,0x9fd80000,0xa0000000)
 ParOldGen       total 40704K, used 8456K [0x73500000, 0x75cc0000, 0x9df80000)
  object space 40704K, 20% used [0x73500000,0x73d42198,0x75cc0000)
 PSPermGen       total 16384K, used 3726K [0x6f500000, 0x70500000, 0x73500000)
  object space 16384K, 22% used [0x6f500000,0x6f8a3960,0x70500000)

Deoptimization events (10 events):
Event: 6.317 Thread 0xb6607800 Uncommon trap: reason=unreached action=reinterpret pc=0xb36285d4 method=com.android.dx.rop.cst.Constant.compareTo(Lcom/android/dx/rop/cst/Constant;)I @ 12
Event: 7.549 Thread 0xb6607800 Uncommon trap: reason=unreached action=reinterpret pc=0xb365ae14 method=com.android.dx.ssa.SCCP.simulateBranch(Lcom/android/dx/ssa/SsaInsn;)V @ 132
Event: 7.898 Thread 0xb6607800 Uncommon trap: reason=null_check action=make_not_entrant pc=0xb36ac28c method=com.android.dx.rop.type.Type.putIntern(Lcom/android/dx/rop/type/Type;)Lcom/android/dx/rop/type/Type; @ 18
Event: 8.124 Thread 0xb6607800 Uncommon trap: reason=class_check action=maybe_recompile pc=0xb36603f8 method=java.util.HashMap.put(Ljava/lang/Object;Ljava/lang/Object;)Ljava/lang/Object; @ 83
Event: 8.830 Thread 0xb6607800 Uncommon trap: reason=null_check action=make_not_entrant pc=0xb36c0480 method=com.android.dx.ssa.SsaRenamer.getLocalForNewReg(I)Lcom/android/dx/rop/code/LocalItem; @ 19
Event: 9.542 Thread 0xb6607800 Uncommon trap: reason=class_check action=maybe_recompile pc=0xb36603f8 method=java.util.HashMap.put(Ljava/lang/Object;Ljava/lang/Object;)Ljava/lang/Object; @ 83
Event: 9.542 Thread 0xb6607800 Uncommon trap: reason=class_check action=maybe_recompile pc=0xb36603f8 method=java.util.HashMap.put(Ljava/lang/Object;Ljava/lang/Object;)Ljava/lang/Object; @ 83
Event: 9.542 Thread 0xb6607800 Uncommon trap: reason=class_check action=maybe_recompile pc=0xb36603f8 method=java.util.HashMap.put(Ljava/lang/Object;Ljava/lang/Object;)Ljava/lang/Object; @ 83
Event: 11.446 Thread 0xb6607800 Uncommon trap: reason=bimorphic action=maybe_recompile pc=0xb36db2d0 method=com.android.dx.ssa.LiteralOpUpgrader.tryReplacingWithConstant(Lcom/android/dx/ssa/NormalSsaInsn;)Z @ 62
Event: 12.302 Thread 0xb6607800 Uncommon trap: reason=unreached action=reinterpret pc=0xb3668478 method=com.android.dx.ssa.LocalVariableExtractor.processBlock(I)V @ 251

Internal exceptions (10 events):
Event: 6.666 Thread 0xb6607800 Threw 0x9ebf88d0 at /HUDSON/workspace/7u-2-build-linux-i586/jdk7u72/1606/hotspot/src/share/vm/prims/jvm.cpp:1281
Event: 7.549 Thread 0xb6607800 Threw 0x9e9875b0 at /HUDSON/workspace/7u-2-build-linux-i586/jdk7u72/1606/hotspot/src/share/vm/prims/jvm.cpp:1281
Event: 7.898 Thread 0xb6607800 Implicit null exception at 0xb36abcae to 0xb36ac27d
Event: 8.206 Thread 0xb6607800 Threw 0x9e2260d0 at /HUDSON/workspace/7u-2-build-linux-i586/jdk7u72/1606/hotspot/src/share/vm/prims/jvm.cpp:1281
Event: 8.206 Thread 0xb6607800 Threw 0x9e2284d0 at /HUDSON/workspace/7u-2-build-linux-i586/jdk7u72/1606/hotspot/src/share/vm/prims/jvm.cpp:1281
Event: 8.420 Thread 0xb6607800 Threw 0x9e3af720 at /HUDSON/workspace/7u-2-build-linux-i586/jdk7u72/1606/hotspot/src/share/vm/prims/jvm.cpp:1281
Event: 8.421 Thread 0xb6607800 Threw 0x9e3b4f00 at /HUDSON/workspace/7u-2-build-linux-i586/jdk7u72/1606/hotspot/src/share/vm/prims/jvm.cpp:1281
Event: 8.422 Thread 0xb6607800 Threw 0x9e3ba368 at /HUDSON/workspace/7u-2-build-linux-i586/jdk7u72/1606/hotspot/src/share/vm/prims/jvm.cpp:1281
Event: 8.830 Thread 0xb6607800 Implicit null exception at 0xb36be96d to 0xb36c0451
Event: 12.131 Thread 0xb6607800 Threw 0x9f395068 at /HUDSON/workspace/7u-2-build-linux-i586/jdk7u72/1606/hotspot/src/share/vm/prims/jvm.cpp:1281

Events (10 events):
Event: 11.446 Thread 0xb6607800 DEOPT PACKING pc=0xb36db2d0 sp=0xb67afa20
Event: 11.446 Thread 0xb6607800 DEOPT UNPACKING pc=0xb35edbc8 sp=0xb67af9a4 mode 2
Event: 12.130 loading class 0x6b83cd90
Event: 12.130 loading class 0x6b83cd90 done
Event: 12.302 Thread 0xb6607800 Uncommon trap: trap_request=0xffffffad fr.pc=0xb3668478
Event: 12.302 Thread 0xb6607800 DEOPT PACKING pc=0xb3668478 sp=0xb67afa40
Event: 12.302 Thread 0xb6607800 DEOPT UNPACKING pc=0xb35edbc8 sp=0xb67afa30 mode 2
Event: 12.768 Thread 0x6c098c00 flushing nmethod 0xb36ab648
Event: 13.138 Thread 0x6c096c00 flushing nmethod 0xb36bd208
Event: 13.266 Executing VM operation: ParallelGCFailedAllocation


Dynamic libraries:
08048000-08049000 r-xp 00000000 08:04 1968239    /usr/lib/jvm/java-7-oracle/bin/java
08049000-0804a000 rw-p 00000000 08:04 1968239    /usr/lib/jvm/java-7-oracle/bin/java
095ff000-09697000 rw-p 00000000 00:00 0          [heap]
6a800000-6a8c3000 rw-p 00000000 00:00 0 
6a8c3000-6a900000 ---p 00000000 00:00 0 
6a900000-6a9ac000 rw-p 00000000 00:00 0 
6a9ac000-6aa00000 ---p 00000000 00:00 0 
6aa00000-6aafd000 rw-p 00000000 00:00 0 
6aafd000-6ab00000 ---p 00000000 00:00 0 
6ab00000-6abfc000 rw-p 00000000 00:00 0 
6abfc000-6ac00000 ---p 00000000 00:00 0 
6ac00000-6acfb000 rw-p 00000000 00:00 0 
6acfb000-6ad00000 ---p 00000000 00:00 0 
6ae00000-6aefe000 rw-p 00000000 00:00 0 
6aefe000-6af00000 ---p 00000000 00:00 0 
6af00000-6aff7000 rw-p 00000000 00:00 0 
6aff7000-6b000000 ---p 00000000 00:00 0 
6b000000-6b0f0000 rw-p 00000000 00:00 0 
6b0f0000-6b100000 ---p 00000000 00:00 0 
6b100000-6b1fc000 rw-p 00000000 00:00 0 
6b1fc000-6b200000 ---p 00000000 00:00 0 
6b200000-6b2fe000 rw-p 00000000 00:00 0 
6b2fe000-6b300000 ---p 00000000 00:00 0 
6b400000-6b5f6000 rw-p 00000000 00:00 0 
6b5f6000-6b600000 ---p 00000000 00:00 0 
6b600000-6b6f9000 rw-p 00000000 00:00 0 
6b6f9000-6b700000 ---p 00000000 00:00 0 
6b700000-6b7f1000 rw-p 00000000 00:00 0 
6b7f1000-6b800000 ---p 00000000 00:00 0 
6b800000-6b872000 rw-p 00000000 00:00 0 
6b872000-6b900000 ---p 00000000 00:00 0 
6b98a000-6b98b000 ---p 00000000 00:00 0 
6b98b000-6ba0b000 rw-p 00000000 00:00 0 
6ba0b000-6ba0e000 ---p 00000000 00:00 0 
6ba0e000-6ba5c000 rw-p 00000000 00:00 0 
6ba5c000-6ba5f000 ---p 00000000 00:00 0 
6ba5f000-6badd000 rw-p 00000000 00:00 0 
6badd000-6bae0000 ---p 00000000 00:00 0 
6bae0000-6bb5e000 rw-p 00000000 00:00 0 
6bb5e000-6bb61000 ---p 00000000 00:00 0 
6bb61000-6bbaf000 rw-p 00000000 00:00 0 
6bbaf000-6bdaf000 r--p 00000000 08:04 10230872   /usr/lib/locale/locale-archive
6bdaf000-6bdb2000 ---p 00000000 00:00 0 
6bdb2000-6be00000 rw-p 00000000 00:00 0 
6be00000-6bf00000 rw-p 00000000 00:00 0 
6bf00000-6bf21000 rw-p 00000000 00:00 0 
6bf21000-6c000000 ---p 00000000 00:00 0 
6c000000-6c0ed000 rw-p 00000000 00:00 0 
6c0ed000-6c100000 ---p 00000000 00:00 0 
6c134000-6c135000 ---p 00000000 00:00 0 
6c135000-6c200000 rw-p 00000000 00:00 0 
6c200000-6c3c0000 r--s 039ea000 08:04 1969059    /usr/lib/jvm/java-7-oracle/jre/lib/rt.jar
6c3c0000-6ea00000 rw-p 00000000 00:00 0 
6ea00000-6eafa000 rw-p 00000000 00:00 0 
6eafa000-6eb00000 ---p 00000000 00:00 0 
6eb2e000-6eb31000 ---p 00000000 00:00 0 
6eb31000-6eb7f000 rw-p 00000000 00:00 0 
6eb7f000-6eb80000 ---p 00000000 00:00 0 
6eb80000-6ec00000 rw-p 00000000 00:00 0 
6ec00000-6ec21000 rw-p 00000000 00:00 0 
6ec21000-6ed00000 ---p 00000000 00:00 0 
6ed00000-6ed21000 rw-p 00000000 00:00 0 
6ed21000-6ee00000 ---p 00000000 00:00 0 
6ee24000-6ee7f000 rw-p 00000000 00:00 0 
6ee7f000-6ee80000 ---p 00000000 00:00 0 
6ee80000-6ef00000 rw-p 00000000 00:00 0 
6ef00000-6ef21000 rw-p 00000000 00:00 0 
6ef21000-6f000000 ---p 00000000 00:00 0 
6f00f000-6f024000 r-xp 00000000 08:04 1968306    /usr/lib/jvm/java-7-oracle/jre/lib/i386/libnet.so
6f024000-6f025000 rw-p 00014000 08:04 1968306    /usr/lib/jvm/java-7-oracle/jre/lib/i386/libnet.so
6f025000-6f033000 r-xp 00000000 08:04 1968294    /usr/lib/jvm/java-7-oracle/jre/lib/i386/libnio.so
6f033000-6f034000 rw-p 0000e000 08:04 1968294    /usr/lib/jvm/java-7-oracle/jre/lib/i386/libnio.so
6f034000-6f03e000 r--s 00085000 08:04 9705869    /home/haider/AndroidStudioProjects/XMPP/app/build/intermediates/exploded-aar/com.android.support/appcompat-v7/22.2.0/jars/classes.jar
6f03e000-6f04d000 r--s 000dd000 08:04 5898350    /home/haider/Downloads/android-sdk-linux/build-tools/22.0.1/lib/dx.jar
6f04d000-6f067000 rw-p 00000000 00:00 0 
6f067000-6f068000 ---p 00000000 00:00 0 
6f068000-6f0e8000 rw-p 00000000 00:00 0 
6f0e8000-6f0e9000 ---p 00000000 00:00 0 
6f0e9000-6f171000 rw-p 00000000 00:00 0 
6f171000-6f189000 rw-p 00000000 00:00 0 
6f189000-6f19d000 rw-p 00000000 00:00 0 
6f19d000-6f2df000 rw-p 00000000 00:00 0 
6f2df000-6f2e7000 rw-p 00000000 00:00 0 
6f2e7000-6f2ff000 rw-p 00000000 00:00 0 
6f2ff000-6f313000 rw-p 00000000 00:00 0 
6f313000-6f454000 rw-p 00000000 00:00 0 
6f454000-6f466000 rw-p 00000000 00:00 0 
6f466000-6f4ff000 rw-p 00000000 00:00 0 
6f4ff000-70500000 rw-p 00000000 00:00 0 
70500000-73500000 rw-p 00000000 00:00 0 
73500000-75cc0000 rw-p 00000000 00:00 0 
75cc0000-9df80000 rw-p 00000000 00:00 0 
9df80000-a0280000 rw-p 00000000 00:00 0 
a27e3000-a2a00000 rw-p 00000000 00:00 0 
a2a00000-b3500000 rw-p 00000000 00:00 0 
b3501000-b350a000 rw-p 00000000 00:00 0 
b350a000-b35c1000 rw-p 00000000 00:00 0 
b35c1000-b3801000 rwxp 00000000 00:00 0 
b3801000-b65c1000 rw-p 00000000 00:00 0 
b65c1000-b65d8000 r-xp 00000000 08:04 1968349    /usr/lib/jvm/java-7-oracle/jre/lib/i386/libzip.so
b65d8000-b65d9000 rw-p 00017000 08:04 1968349    /usr/lib/jvm/java-7-oracle/jre/lib/i386/libzip.so
b65d9000-b65e4000 r-xp 00000000 08:04 2101123    /lib/i386-linux-gnu/libnss_files-2.15.so
b65e4000-b65e5000 r--p 0000a000 08:04 2101123    /lib/i386-linux-gnu/libnss_files-2.15.so
b65e5000-b65e6000 rw-p 0000b000 08:04 2101123    /lib/i386-linux-gnu/libnss_files-2.15.so
b65e6000-b65fc000 r-xp 00000000 08:04 2101130    /lib/i386-linux-gnu/libnsl-2.15.so
b65fc000-b65fd000 r--p 00015000 08:04 2101130    /lib/i386-linux-gnu/libnsl-2.15.so
b65fd000-b65fe000 rw-p 00016000 08:04 2101130    /lib/i386-linux-gnu/libnsl-2.15.so
b65fe000-b6600000 rw-p 00000000 00:00 0 
b6600000-b66f6000 rw-p 00000000 00:00 0 
b66f6000-b6700000 ---p 00000000 00:00 0 
b6709000-b6713000 r-xp 00000000 08:04 2101140    /lib/i386-linux-gnu/libnss_nis-2.15.so
b6713000-b6714000 r--p 00009000 08:04 2101140    /lib/i386-linux-gnu/libnss_nis-2.15.so
b6714000-b6715000 rw-p 0000a000 08:04 2101140    /lib/i386-linux-gnu/libnss_nis-2.15.so
b6715000-b671c000 r-xp 00000000 08:04 2101126    /lib/i386-linux-gnu/libnss_compat-2.15.so
b671c000-b671d000 r--p 00006000 08:04 2101126    /lib/i386-linux-gnu/libnss_compat-2.15.so
b671d000-b671e000 rw-p 00007000 08:04 2101126    /lib/i386-linux-gnu/libnss_compat-2.15.so
b672b000-b6733000 rw-s 00000000 08:04 3940814    /tmp/hsperfdata_haider/16173
b6733000-b6756000 r-xp 00000000 08:04 1968353    /usr/lib/jvm/java-7-oracle/jre/lib/i386/libjava.so
b6756000-b6757000 rw-p 00023000 08:04 1968353    /usr/lib/jvm/java-7-oracle/jre/lib/i386/libjava.so
b6757000-b675e000 r-xp 00000000 08:04 2101134    /lib/i386-linux-gnu/librt-2.15.so
b675e000-b675f000 r--p 00006000 08:04 2101134    /lib/i386-linux-gnu/librt-2.15.so
b675f000-b6760000 rw-p 00007000 08:04 2101134    /lib/i386-linux-gnu/librt-2.15.so
b6760000-b6763000 ---p 00000000 00:00 0 
b6763000-b67b1000 rw-p 00000000 00:00 0 
b67b1000-b67db000 r-xp 00000000 08:04 2101128    /lib/i386-linux-gnu/libm-2.15.so
b67db000-b67dc000 r--p 00029000 08:04 2101128    /lib/i386-linux-gnu/libm-2.15.so
b67dc000-b67dd000 rw-p 0002a000 08:04 2101128    /lib/i386-linux-gnu/libm-2.15.so
b67dd000-b7062000 r-xp 00000000 08:04 1968321    /usr/lib/jvm/java-7-oracle/jre/lib/i386/server/libjvm.so
b7062000-b70c6000 rw-p 00884000 08:04 1968321    /usr/lib/jvm/java-7-oracle/jre/lib/i386/server/libjvm.so
b70c6000-b74ea000 rw-p 00000000 00:00 0 
b74ea000-b768e000 r-xp 00000000 08:04 2101138    /lib/i386-linux-gnu/libc-2.15.so
b768e000-b7690000 r--p 001a4000 08:04 2101138    /lib/i386-linux-gnu/libc-2.15.so
b7690000-b7691000 rw-p 001a6000 08:04 2101138    /lib/i386-linux-gnu/libc-2.15.so
b7691000-b7694000 rw-p 00000000 00:00 0 
b7694000-b7697000 r-xp 00000000 08:04 2101125    /lib/i386-linux-gnu/libdl-2.15.so
b7697000-b7698000 r--p 00002000 08:04 2101125    /lib/i386-linux-gnu/libdl-2.15.so
b7698000-b7699000 rw-p 00003000 08:04 2101125    /lib/i386-linux-gnu/libdl-2.15.so
b7699000-b769a000 rw-p 00000000 00:00 0 
b769a000-b76ad000 r-xp 00000000 08:04 1840170    /usr/lib/jvm/java-7-oracle/lib/i386/jli/libjli.so
b76ad000-b76ae000 rw-p 00012000 08:04 1840170    /usr/lib/jvm/java-7-oracle/lib/i386/jli/libjli.so
b76ae000-b76c5000 r-xp 00000000 08:04 2101132    /lib/i386-linux-gnu/libpthread-2.15.so
b76c5000-b76c6000 r--p 00016000 08:04 2101132    /lib/i386-linux-gnu/libpthread-2.15.so
b76c6000-b76c7000 rw-p 00017000 08:04 2101132    /lib/i386-linux-gnu/libpthread-2.15.so
b76c7000-b76c9000 rw-p 00000000 00:00 0 
b76ce000-b76cf000 rw-p 00000000 00:00 0 
b76cf000-b76d0000 r--p 005e0000 08:04 10230872   /usr/lib/locale/locale-archive
b76d0000-b76d1000 rw-p 00000000 00:00 0 
b76d1000-b76d2000 ---p 00000000 00:00 0 
b76d2000-b76dd000 r-xp 00000000 08:04 1968315    /usr/lib/jvm/java-7-oracle/jre/lib/i386/libverify.so
b76dd000-b76de000 rw-p 0000b000 08:04 1968315    /usr/lib/jvm/java-7-oracle/jre/lib/i386/libverify.so
b76de000-b76e0000 rw-p 00000000 00:00 0 
b76e0000-b76e1000 r-xp 00000000 00:00 0          [vdso]
b76e1000-b7701000 r-xp 00000000 08:04 2101122    /lib/i386-linux-gnu/ld-2.15.so
b7701000-b7702000 r--p 0001f000 08:04 2101122    /lib/i386-linux-gnu/ld-2.15.so
b7702000-b7703000 rw-p 00020000 08:04 2101122    /lib/i386-linux-gnu/ld-2.15.so
bff88000-bff89000 rwxp 00000000 00:00 0 
bffbb000-bffdc000 rw-p 00000000 00:00 0          [stack]

VM Arguments:
jvm_args: -Xmx1024M -Dfile.encoding=UTF-8 -Duser.country=US -Duser.language=en -Duser.variant 
java_command: com.android.dx.command.Main --dex --output /home/haider/AndroidStudioProjects/XMPP/app/build/intermediates/pre-dexed/debug/classes-300bec10ac0afc048460f82c982ae837ff634b8d.jar /home/haider/AndroidStudioProjects/XMPP/app/build/intermediates/exploded-aar/com.android.support/appcompat-v7/22.2.0/jars/classes.jar
Launcher Type: SUN_STANDARD

Environment Variables:
JAVA_HOME=/usr/lib/jvm/java-7-oracle
CLASSPATH=./../lib/bootstrap.jar:./../lib/extensions.jar:./../lib/util.jar:./../lib/jdom.jar:./../lib/log4j.jar:./../lib/trove4j.jar:./../lib/jna.jar:/usr/lib/jvm/java-7-oracle/lib/tools.jar
PATH=/usr/local/heroku/bin:/home/haider/.rbenv/plugins/ruby-build/bin:/home/haider/.rbenv/shims:/home/haider/.rbenv/bin:/usr/lib/lightdm/lightdm:/usr/local/sbin:/usr/local/bin:/usr/sbin:/usr/bin:/sbin:/bin:/usr/games:/usr/lib/jvm/java-7-oracle/bin:/usr/lib/jvm/java-7-oracle/db/bin:/usr/lib/jvm/java-7-oracle/jre/bin
LD_LIBRARY_PATH=.:
SHELL=/bin/bash
DISPLAY=:0

Signal Handlers:
SIGSEGV: [libjvm.so+0x7e9580], sa_mask[0]=0x7ffbfeff, sa_flags=0x10000004
SIGBUS: [libjvm.so+0x7e9580], sa_mask[0]=0x7ffbfeff, sa_flags=0x10000004
SIGFPE: [libjvm.so+0x682680], sa_mask[0]=0x7ffbfeff, sa_flags=0x10000004
SIGPIPE: [libjvm.so+0x682680], sa_mask[0]=0x7ffbfeff, sa_flags=0x10000004
SIGXFSZ: [libjvm.so+0x682680], sa_mask[0]=0x7ffbfeff, sa_flags=0x10000004
SIGILL: [libjvm.so+0x682680], sa_mask[0]=0x7ffbfeff, sa_flags=0x10000004
SIGUSR1: SIG_DFL, sa_mask[0]=0x00000000, sa_flags=0x00000000
SIGUSR2: [libjvm.so+0x683e80], sa_mask[0]=0x00000004, sa_flags=0x10000004
SIGHUP: [libjvm.so+0x6851b0], sa_mask[0]=0x7ffbfeff, sa_flags=0x10000004
SIGINT: [libjvm.so+0x6851b0], sa_mask[0]=0x7ffbfeff, sa_flags=0x10000004
SIGTERM: [libjvm.so+0x6851b0], sa_mask[0]=0x7ffbfeff, sa_flags=0x10000004
SIGQUIT: [libjvm.so+0x6851b0], sa_mask[0]=0x7ffbfeff, sa_flags=0x10000004


---------------  S Y S T E M  ---------------

OS:wheezy/sid

uname:Linux 3.2.0-74-generic-pae #109-Ubuntu SMP Tue Dec 9 17:00:00 UTC 2014 i686
libc:glibc 2.15 NPTL 2.15 
rlimit: STACK 8192k, CORE 0k, NPROC 30447, NOFILE 4096, AS infinity
load average:7.15 3.93 2.39

/proc/meminfo:
MemTotal:        3917408 kB
MemFree:          156188 kB
Buffers:            6436 kB
Cached:           324780 kB
SwapCached:            0 kB
Active:          3450484 kB
Inactive:         214096 kB
Active(anon):    3413740 kB
Inactive(anon):   178700 kB
Active(file):      36744 kB
Inactive(file):    35396 kB
Unevictable:         416 kB
Mlocked:             416 kB
HighTotal:       3075156 kB
HighFree:            568 kB
LowTotal:         842252 kB
LowFree:          155620 kB
SwapTotal:             0 kB
SwapFree:              0 kB
Dirty:              4580 kB
Writeback:          3016 kB
AnonPages:       3334304 kB
Mapped:            74004 kB
Shmem:            258696 kB
Slab:              44884 kB
SReclaimable:      20776 kB
SUnreclaim:        24108 kB
KernelStack:        7392 kB
PageTables:        23636 kB
NFS_Unstable:          0 kB
Bounce:                0 kB
WritebackTmp:          0 kB
CommitLimit:     1958704 kB
Committed_AS:    8550600 kB
VmallocTotal:     122880 kB
VmallocUsed:       18708 kB
VmallocChunk:     100148 kB
HardwareCorrupted:     0 kB
AnonHugePages:         0 kB
HugePages_Total:       0
HugePages_Free:        0
HugePages_Rsvd:        0
HugePages_Surp:        0
Hugepagesize:       2048 kB
DirectMap4k:       10232 kB
DirectMap2M:      903168 kB


CPU:total 4 (2 cores per cpu, 2 threads per core) family 6 model 37 stepping 5, cmov, cx8, fxsr, mmx, sse, sse2, sse3, ssse3, sse4.1, sse4.2, popcnt, ht, tsc, tscinvbit

/proc/cpuinfo:
processor	: 0
vendor_id	: GenuineIntel
cpu family	: 6
model		: 37
model name	: Intel(R) Core(TM) i3 CPU       M 380  @ 2.53GHz
stepping	: 5
microcode	: 0x2
cpu MHz		: 2527.000
cache size	: 3072 KB
physical id	: 0
siblings	: 4
core id		: 0
cpu cores	: 2
apicid		: 0
initial apicid	: 0
fdiv_bug	: no
hlt_bug		: no
f00f_bug	: no
coma_bug	: no
fpu		: yes
fpu_exception	: yes
cpuid level	: 11
wp		: yes
flags		: fpu vme de pse tsc msr pae mce cx8 apic sep mtrr pge mca cmov pat pse36 clflush dts acpi mmx fxsr sse sse2 ss ht tm pbe nx rdtscp lm constant_tsc arch_perfmon pebs bts xtopology nonstop_tsc aperfmperf pni dtes64 monitor ds_cpl vmx est tm2 ssse3 cx16 xtpr pdcm pcid sse4_1 sse4_2 popcnt lahf_lm arat dtherm tpr_shadow vnmi flexpriority ept vpid
bogomips	: 5053.98
clflush size	: 64
cache_alignment	: 64
address sizes	: 36 bits physical, 48 bits virtual
power management:

processor	: 1
vendor_id	: GenuineIntel
cpu family	: 6
model		: 37
model name	: Intel(R) Core(TM) i3 CPU       M 380  @ 2.53GHz
stepping	: 5
microcode	: 0x2
cpu MHz		: 2527.000
cache size	: 3072 KB
physical id	: 0
siblings	: 4
core id		: 2
cpu cores	: 2
apicid		: 4
initial apicid	: 4
fdiv_bug	: no
hlt_bug		: no
f00f_bug	: no
coma_bug	: no
fpu		: yes
fpu_exception	: yes
cpuid level	: 11
wp		: yes
flags		: fpu vme de pse tsc msr pae mce cx8 apic sep mtrr pge mca cmov pat pse36 clflush dts acpi mmx fxsr sse sse2 ss ht tm pbe nx rdtscp lm constant_tsc arch_perfmon pebs bts xtopology nonstop_tsc aperfmperf pni dtes64 monitor ds_cpl vmx est tm2 ssse3 cx16 xtpr pdcm pcid sse4_1 sse4_2 popcnt lahf_lm arat dtherm tpr_shadow vnmi flexpriority ept vpid
bogomips	: 5053.89
clflush size	: 64
cache_alignment	: 64
address sizes	: 36 bits physical, 48 bits virtual
power management:

processor	: 2
vendor_id	: GenuineIntel
cpu family	: 6
model		: 37
model name	: Intel(R) Core(TM) i3 CPU       M 380  @ 2.53GHz
stepping	: 5
microcode	: 0x2
cpu MHz		: 2527.000
cache size	: 3072 KB
physical id	: 0
siblings	: 4
core id		: 0
cpu cores	: 2
apicid		: 1
initial apicid	: 1
fdiv_bug	: no
hlt_bug		: no
f00f_bug	: no
coma_bug	: no
fpu		: yes
fpu_exception	: yes
cpuid level	: 11
wp		: yes
flags		: fpu vme de pse tsc msr pae mce cx8 apic sep mtrr pge mca cmov pat pse36 clflush dts acpi mmx fxsr sse sse2 ss ht tm pbe nx rdtscp lm constant_tsc arch_perfmon pebs bts xtopology nonstop_tsc aperfmperf pni dtes64 monitor ds_cpl vmx est tm2 ssse3 cx16 xtpr pdcm pcid sse4_1 sse4_2 popcnt lahf_lm arat dtherm tpr_shadow vnmi flexpriority ept vpid
bogomips	: 5053.89
clflush size	: 64
cache_alignment	: 64
address sizes	: 36 bits physical, 48 bits virtual
power management:

processor	: 3
vendor_id	: GenuineIntel
cpu family	: 6
model		: 37
model name	: Intel(R) Core(TM) i3 CPU       M 380  @ 2.53GHz
stepping	: 5
microcode	: 0x2
cpu MHz		: 2527.000
cache size	: 3072 KB
physical id	: 0
siblings	: 4
core id		: 2
cpu cores	: 2
apicid		: 5
initial apicid	: 5
fdiv_bug	: no
hlt_bug		: no
f00f_bug	: no
coma_bug	: no
fpu		: yes
fpu_exception	: yes
cpuid level	: 11
wp		: yes
flags		: fpu vme de pse tsc msr pae mce cx8 apic sep mtrr pge mca cmov pat pse36 clflush dts acpi mmx fxsr sse sse2 ss ht tm pbe nx rdtscp lm constant_tsc arch_perfmon pebs bts xtopology nonstop_tsc aperfmperf pni dtes64 monitor ds_cpl vmx est tm2 ssse3 cx16 xtpr pdcm pcid sse4_1 sse4_2 popcnt lahf_lm arat dtherm tpr_shadow vnmi flexpriority ept vpid
bogomips	: 5053.88
clflush size	: 64
cache_alignment	: 64
address sizes	: 36 bits physical, 48 bits virtual
power management:



Memory: 4k page, physical 3917408k(155616k free), swap 0k(0k free)

vm_info: Java HotSpot(TM) Server VM (24.72-b04) for linux-x86 JRE (1.7.0_72-b14), built on Sep 26 2014 19:38:09 by "java_re" with gcc 4.3.0 20080428 (Red Hat 4.3.0-8)

time: Sat Jul 11 14:40:00 2015
elapsed time: 13 seconds

