#
# There is insufficient memory for the Java Runtime Environment to continue.
# Native memory allocation (malloc) failed to allocate 23068672 bytes for committing reserved memory.
# Possible reasons:
#   The system is out of physical RAM or swap space
#   In 32 bit mode, the process size limit was hit
# Possible solutions:
#   Reduce memory load on the system
#   Increase physical memory or swap space
#   Check if swap backing store is full
#   Use 64 bit Java on a 64 bit OS
#   Decrease Java heap size (-Xmx/-Xms)
#   Decrease number of Java threads
#   Decrease Java thread stack sizes (-Xss)
#   Set larger code cache with -XX:ReservedCodeCacheSize=
# This output file may be truncated or incomplete.
#
#  Out of Memory Error (os_linux.cpp:2798), pid=12289, tid=1741183808
#
# JRE version: OpenJDK Runtime Environment (7.0_75-b13) (build 1.7.0_75-b13)
# Java VM: OpenJDK Server VM (24.75-b04 mixed mode linux-x86 )
# Derivative: IcedTea 2.5.4
# Distribution: Ubuntu 12.04 LTS, package 7u75-2.5.4-1~precise1
# Failed to write core dump. Core dumps have been disabled. To enable core dumping, try "ulimit -c unlimited" before starting Java again
#

---------------  T H R E A D  ---------------

Current thread (0x67b80800):  VMThread [stack: 0x67c05000,0x67c86000] [id=12298]

Stack: [0x67c05000,0x67c86000]
[error occurred during error reporting (printing stack bounds), id 0xb]

VM_Operation (0xb656ed38): ParallelGCFailedAllocation, mode: safepoint, requested by thread 0xb6408000


---------------  P R O C E S S  ---------------

Java Threads: ( => current thread )
  0x67b9bc00 JavaThread "Service Thread" daemon [_thread_blocked, id=12304, stack(0x675ad000,0x675fe000)]
  0x67b9a000 JavaThread "C2 CompilerThread1" daemon [_thread_blocked, id=12303, stack(0x675fe000,0x6767f000)]
  0x67b98000 JavaThread "C2 CompilerThread0" daemon [_thread_blocked, id=12302, stack(0x6767f000,0x67700000)]
  0x67b96400 JavaThread "Signal Dispatcher" daemon [_thread_blocked, id=12301, stack(0x6a82e000,0x6a87f000)]
  0x67b84c00 JavaThread "Finalizer" daemon [_thread_blocked, id=12300, stack(0x6aa2e000,0x6aa7f000)]
  0x67b83000 JavaThread "Reference Handler" daemon [_thread_blocked, id=12299, stack(0x6ac2e000,0x6ac7f000)]
  0xb6408000 JavaThread "main" [_thread_blocked, id=12293, stack(0xb651f000,0xb6570000)]

Other Threads:
=>0x67b80800 VMThread [stack: 0x67c05000,0x67c86000] [id=12298]
  0x67b9dc00 WatcherThread [stack: 0x6752c000,0x675ad000] [id=12305]

VM state:at safepoint (normal execution)

VM Mutex/Monitor currently owned by a thread:  ([mutex/lock_event])
[0xb6405728] Threads_lock - owner thread: 0x67b80800
[0xb6405b38] Heap_lock - owner thread: 0xb6408000

Heap
 PSYoungGen      total 17920K, used 2553K [0x9dd40000, 0xa0040000, 0xb32c0000)
  eden space 15360K, 0% used [0x9dd40000,0x9dd40000,0x9ec40000)
  from space 2560K, 99% used [0x9ec40000,0x9eebe4e8,0x9eec0000)
  to   space 2560K, 0% used [0x9eec0000,0x9eec0000,0x9f140000)
 ParOldGen       total 45568K, used 41207K [0x732c0000, 0x75f40000, 0x9dd40000)
  object space 45568K, 90% used [0x732c0000,0x75afdfe0,0x75f40000)
 PSPermGen       total 16384K, used 4723K [0x6b2c0000, 0x6c2c0000, 0x732c0000)
  object space 16384K, 28% used [0x6b2c0000,0x6b75cdf0,0x6c2c0000)

Card table byte_map: [0x6b07f000,0x6b2c0000] byte_map_base: 0x6ad25a00

Polling page: 0xb76ce000

Code Cache  [0xb339b000, 0xb35db000, 0xb639b000)
 total_blobs=529 nmethods=397 adapters=86 free_code_cache=48324Kb largest_free_block=49443456

Compilation events (10 events):
Event: 4.153 Thread 0x67b9a000 nmethod 394 0xb3455248 code [0xb3455320, 0xb3455370]
Event: 4.153 Thread 0x67b9a000  395             com.android.dex.ClassData$Method::getAccessFlags (5 bytes)
Event: 4.153 Thread 0x67b9a000 nmethod 395 0xb34550c8 code [0xb34551a0, 0xb34551f0]
Event: 4.157 Thread 0x67b9a000  396             com.android.dx.io.instructions.DecodedInstruction::getTarget (7 bytes)
Event: 4.157 Thread 0x67b9a000 nmethod 396 0xb345b708 code [0xb345b7e0, 0xb345b830]
Event: 4.165 Thread 0x67b9a000  397             com.android.dex.Dex::readCode (28 bytes)
Event: 4.223 Thread 0x67b9a000 nmethod 397 0xb346b508 code [0xb346b840, 0xb346ce48]
Event: 4.223 Thread 0x67b9a000  398             com.android.dex.Dex$Section::access$900 (5 bytes)
Event: 4.261 Thread 0x67b9a000 nmethod 398 0xb346fd48 code [0xb3470040, 0xb34714e8]
Event: 4.261 Thread 0x67b9a000  399             com.android.dex.Dex$Section::readCode (136 bytes)

GC Heap History (9 events):
Event: 2.225 GC heap before
{Heap before GC invocations=1 (full 0):
 PSYoungGen      total 17920K, used 15360K [0x9dd40000, 0x9f140000, 0xb32c0000)
  eden space 15360K, 100% used [0x9dd40000,0x9ec40000,0x9ec40000)
  from space 2560K, 0% used [0x9eec0000,0x9eec0000,0x9f140000)
  to   space 2560K, 0% used [0x9ec40000,0x9ec40000,0x9eec0000)
 ParOldGen       total 40704K, used 0K [0x732c0000, 0x75a80000, 0x9dd40000)
  object space 40704K, 0% used [0x732c0000,0x732c0000,0x75a80000)
 PSPermGen       total 16384K, used 3480K [0x6b2c0000, 0x6c2c0000, 0x732c0000)
  object space 16384K, 21% used [0x6b2c0000,0x6b626090,0x6c2c0000)
Event: 2.232 GC heap after
Heap after GC invocations=1 (full 0):
 PSYoungGen      total 17920K, used 2550K [0x9dd40000, 0x9f140000, 0xb32c0000)
  eden space 15360K, 0% used [0x9dd40000,0x9dd40000,0x9ec40000)
  from space 2560K, 99% used [0x9ec40000,0x9eebd9e8,0x9eec0000)
  to   space 2560K, 0% used [0x9eec0000,0x9eec0000,0x9f140000)
 ParOldGen       total 40704K, used 1500K [0x732c0000, 0x75a80000, 0x9dd40000)
  object space 40704K, 3% used [0x732c0000,0x734372f0,0x75a80000)
 PSPermGen       total 16384K, used 3480K [0x6b2c0000, 0x6c2c0000, 0x732c0000)
  object space 16384K, 21% used [0x6b2c0000,0x6b626090,0x6c2c0000)
}
Event: 3.621 GC heap before
{Heap before GC invocations=2 (full 0):
 PSYoungGen      total 17920K, used 17877K [0x9dd40000, 0x9f140000, 0xb32c0000)
  eden space 15360K, 99% used [0x9dd40000,0x9ec37b68,0x9ec40000)
  from space 2560K, 99% used [0x9ec40000,0x9eebd9e8,0x9eec0000)
  to   space 2560K, 0% used [0x9eec0000,0x9eec0000,0x9f140000)
 ParOldGen       total 40704K, used 1500K [0x732c0000, 0x75a80000, 0x9dd40000)
  object space 40704K, 3% used [0x732c0000,0x734372f0,0x75a80000)
 PSPermGen       total 16384K, used 4668K [0x6b2c0000, 0x6c2c0000, 0x732c0000)
  object space 16384K, 28% used [0x6b2c0000,0x6b74f110,0x6c2c0000)
Event: 3.627 GC heap after
Heap after GC invocations=2 (full 0):
 PSYoungGen      total 17920K, used 2557K [0x9dd40000, 0x9f140000, 0xb32c0000)
  eden space 15360K, 0% used [0x9dd40000,0x9dd40000,0x9ec40000)
  from space 2560K, 99% used [0x9eec0000,0x9f13f410,0x9f140000)
  to   space 2560K, 0% used [0x9ec40000,0x9ec40000,0x9eec0000)
 ParOldGen       total 40704K, used 5068K [0x732c0000, 0x75a80000, 0x9dd40000)
  object space 40704K, 12% used [0x732c0000,0x737b30e0,0x75a80000)
 PSPermGen       total 16384K, used 4668K [0x6b2c0000, 0x6c2c0000, 0x732c0000)
  object space 16384K, 28% used [0x6b2c0000,0x6b74f110,0x6c2c0000)
}
Event: 4.025 GC heap before
{Heap before GC invocations=3 (full 0):
 PSYoungGen      total 17920K, used 17917K [0x9dd40000, 0x9f140000, 0xb32c0000)
  eden space 15360K, 100% used [0x9dd40000,0x9ec40000,0x9ec40000)
  from space 2560K, 99% used [0x9eec0000,0x9f13f410,0x9f140000)
  to   space 2560K, 0% used [0x9ec40000,0x9ec40000,0x9eec0000)
 ParOldGen       total 40704K, used 5068K [0x732c0000, 0x75a80000, 0x9dd40000)
  object space 40704K, 12% used [0x732c0000,0x737b30e0,0x75a80000)
 PSPermGen       total 16384K, used 4709K [0x6b2c0000, 0x6c2c0000, 0x732c0000)
  object space 16384K, 28% used [0x6b2c0000,0x6b759540,0x6c2c0000)
Event: 4.029 GC heap after
Heap after GC invocations=3 (full 0):
 PSYoungGen      total 17920K, used 2558K [0x9dd40000, 0x9f140000, 0xb32c0000)
  eden space 15360K, 0% used [0x9dd40000,0x9dd40000,0x9ec40000)
  from space 2560K, 99% used [0x9ec40000,0x9eebfa60,0x9eec0000)
  to   space 2560K, 0% used [0x9eec0000,0x9eec0000,0x9f140000)
 ParOldGen       total 40704K, used 8399K [0x732c0000, 0x75a80000, 0x9dd40000)
  object space 40704K, 20% used [0x732c0000,0x73af3e60,0x75a80000)
 PSPermGen       total 16384K, used 4709K [0x6b2c0000, 0x6c2c0000, 0x732c0000)
  object space 16384K, 28% used [0x6b2c0000,0x6b759540,0x6c2c0000)
}
Event: 4.173 GC heap before
{Heap before GC invocations=4 (full 0):
 PSYoungGen      total 17920K, used 17918K [0x9dd40000, 0x9f140000, 0xb32c0000)
  eden space 15360K, 100% used [0x9dd40000,0x9ec40000,0x9ec40000)
  from space 2560K, 99% used [0x9ec40000,0x9eebfa60,0x9eec0000)
  to   space 2560K, 0% used [0x9eec0000,0x9eec0000,0x9f140000)
 ParOldGen       total 40704K, used 8399K [0x732c0000, 0x75a80000, 0x9dd40000)
  object space 40704K, 20% used [0x732c0000,0x73af3e60,0x75a80000)
 PSPermGen       total 16384K, used 4721K [0x6b2c0000, 0x6c2c0000, 0x732c0000)
  object space 16384K, 28% used [0x6b2c0000,0x6b75c720,0x6c2c0000)
Event: 4.189 GC heap after
Heap after GC invocations=4 (full 0):
 PSYoungGen      total 17920K, used 2552K [0x9dd40000, 0xa0040000, 0xb32c0000)
  eden space 15360K, 0% used [0x9dd40000,0x9dd40000,0x9ec40000)
  from space 2560K, 99% used [0x9eec0000,0x9f13e3d0,0x9f140000)
  to   space 2560K, 0% used [0x9ec40000,0x9ec40000,0x9eec0000)
 ParOldGen       total 40704K, used 19766K [0x732c0000, 0x75a80000, 0x9dd40000)
  object space 40704K, 48% used [0x732c0000,0x7460d9d0,0x75a80000)
 PSPermGen       total 16384K, used 4721K [0x6b2c0000, 0x6c2c0000, 0x732c0000)
  object space 16384K, 28% used [0x6b2c0000,0x6b75c720,0x6c2c0000)
}
Event: 4.305 GC heap before
{Heap before GC invocations=5 (full 0):
 PSYoungGen      total 17920K, used 17912K [0x9dd40000, 0xa0040000, 0xb32c0000)
  eden space 15360K, 100% used [0x9dd40000,0x9ec40000,0x9ec40000)
  from space 2560K, 99% used [0x9eec0000,0x9f13e3d0,0x9f140000)
  to   space 2560K, 0% used [0x9ec40000,0x9ec40000,0x9eec0000)
 ParOldGen       total 40704K, used 19766K [0x732c0000, 0x75a80000, 0x9dd40000)
  object space 40704K, 48% used [0x732c0000,0x7460d9d0,0x75a80000)
 PSPermGen       total 16384K, used 4723K [0x6b2c0000, 0x6c2c0000, 0x732c0000)
  object space 16384K, 28% used [0x6b2c0000,0x6b75cdf0,0x6c2c0000)

Deoptimization events (9 events):
Event: 2.047 Thread 0xb6408000 Uncommon trap: reason=unreached action=reinterpret pc=0xb33f7e50 method=com.android.dx.rop.code.RopMethod.calcPredecessors()V @ 115
Event: 2.183 Thread 0xb6408000 Uncommon trap: reason=unreached action=reinterpret pc=0xb3402ce0 method=com.android.dx.rop.cst.CstLiteral32.equals(Ljava/lang/Object;)Z @ 12
Event: 2.194 Thread 0xb6408000 Uncommon trap: reason=null_check action=make_not_entrant pc=0xb3406b50 method=com.android.dx.rop.code.LocalItem.equals(Ljava/lang/Object;)Z @ 1
Event: 3.689 Thread 0xb6408000 Uncommon trap: reason=class_check action=maybe_recompile pc=0xb34191dc method=com.android.dex.Leb128.readUnsignedLeb128(Lcom/android/dex/util/ByteInput;)I @ 5
Event: 3.689 Thread 0xb6408000 Uncommon trap: reason=class_check action=maybe_recompile pc=0xb34191dc method=com.android.dex.Leb128.readUnsignedLeb128(Lcom/android/dex/util/ByteInput;)I @ 5
Event: 3.689 Thread 0xb6408000 Uncommon trap: reason=class_check action=maybe_recompile pc=0xb34191dc method=com.android.dex.Leb128.readUnsignedLeb128(Lcom/android/dex/util/ByteInput;)I @ 5
Event: 3.689 Thread 0xb6408000 Uncommon trap: reason=class_check action=maybe_recompile pc=0xb34191dc method=com.android.dex.Leb128.readUnsignedLeb128(Lcom/android/dex/util/ByteInput;)I @ 5
Event: 3.852 Thread 0xb6408000 Uncommon trap: reason=predicate action=maybe_recompile pc=0xb341c6ac method=com.android.dex.Leb128.readUnsignedLeb128(Lcom/android/dex/util/ByteInput;)I @ 41
Event: 4.303 Thread 0xb6408000 Uncommon trap: reason=predicate action=maybe_recompile pc=0xb3460854 method=java.util.ComparableTimSort.binarySort([Ljava/lang/Object;III)V @ 37

Internal exceptions (10 events):
Event: 3.563 Thread 0xb6408000 Threw 0x9eb608b8 at /build/buildd/openjdk-7-7u75-2.5.4/build/openjdk/hotspot/src/share/vm/prims/jvm.cpp:1284
Event: 3.564 Thread 0xb6408000 Threw 0x9eb64578 at /build/buildd/openjdk-7-7u75-2.5.4/build/openjdk/hotspot/src/share/vm/prims/jvm.cpp:1284
Event: 3.564 Thread 0xb6408000 Threw 0x9eb68388 at /build/buildd/openjdk-7-7u75-2.5.4/build/openjdk/hotspot/src/share/vm/prims/jvm.cpp:1284
Event: 3.565 Thread 0xb6408000 Threw 0x9eb6e180 at /build/buildd/openjdk-7-7u75-2.5.4/build/openjdk/hotspot/src/share/vm/prims/jvm.cpp:1284
Event: 3.566 Thread 0xb6408000 Threw 0x9eb71c28 at /build/buildd/openjdk-7-7u75-2.5.4/build/openjdk/hotspot/src/share/vm/prims/jvm.cpp:1284
Event: 3.566 Thread 0xb6408000 Threw 0x9eb758a0 at /build/buildd/openjdk-7-7u75-2.5.4/build/openjdk/hotspot/src/share/vm/prims/jvm.cpp:1284
Event: 3.567 Thread 0xb6408000 Threw 0x9eb79250 at /build/buildd/openjdk-7-7u75-2.5.4/build/openjdk/hotspot/src/share/vm/prims/jvm.cpp:1284
Event: 3.569 Thread 0xb6408000 Threw 0x9eb80290 at /build/buildd/openjdk-7-7u75-2.5.4/build/openjdk/hotspot/src/share/vm/prims/jvm.cpp:1284
Event: 3.569 Thread 0xb6408000 Threw 0x9eb82e18 at /build/buildd/openjdk-7-7u75-2.5.4/build/openjdk/hotspot/src/share/vm/prims/jvm.cpp:1284
Event: 3.967 Thread 0xb6408000 Threw 0x9e92e7d8 at /build/buildd/openjdk-7-7u75-2.5.4/build/openjdk/hotspot/src/share/vm/prims/jvm.cpp:1284

Events (10 events):
Event: 3.967 loading class 0x674be6c0
Event: 3.967 loading class 0x674be6c0 done
Event: 4.025 Executing VM operation: ParallelGCFailedAllocation
Event: 4.029 Executing VM operation: ParallelGCFailedAllocation done
Event: 4.173 Executing VM operation: ParallelGCFailedAllocation
Event: 4.189 Executing VM operation: ParallelGCFailedAllocation done
Event: 4.303 Thread 0xb6408000 Uncommon trap: trap_request=0xffffff86 fr.pc=0xb3460854
Event: 4.303 Thread 0xb6408000 DEOPT PACKING pc=0xb3460854 sp=0xb656ed80
Event: 4.303 Thread 0xb6408000 DEOPT UNPACKING pc=0xb33c7bc8 sp=0xb656ed88 mode 2
Event: 4.305 Executing VM operation: ParallelGCFailedAllocation


Dynamic libraries:
08048000-08049000 r-xp 00000000 08:04 923906     /usr/lib/jvm/java-7-openjdk-i386/jre/bin/java
08049000-0804a000 r--p 00000000 08:04 923906     /usr/lib/jvm/java-7-openjdk-i386/jre/bin/java
0804a000-0804b000 rw-p 00001000 08:04 923906     /usr/lib/jvm/java-7-openjdk-i386/jre/bin/java
08ed9000-08efa000 rw-p 00000000 00:00 0          [heap]
66800000-668c9000 rw-p 00000000 00:00 0 
668c9000-66900000 ---p 00000000 00:00 0 
66a00000-66aff000 rw-p 00000000 00:00 0 
66aff000-66b00000 ---p 00000000 00:00 0 
66b00000-66b6d000 rw-p 00000000 00:00 0 
66b6d000-66c00000 ---p 00000000 00:00 0 
66c00000-66cf9000 rw-p 00000000 00:00 0 
66cf9000-66d00000 ---p 00000000 00:00 0 
66d00000-66df6000 rw-p 00000000 00:00 0 
66df6000-66e00000 ---p 00000000 00:00 0 
66e00000-66ee4000 rw-p 00000000 00:00 0 
66ee4000-66f00000 ---p 00000000 00:00 0 
66fb0000-670a7000 r-xp 00000000 08:04 2111773    /lib/i386-linux-gnu/libglib-2.0.so.0.3200.4
670a7000-670a8000 r--p 000f6000 08:04 2111773    /lib/i386-linux-gnu/libglib-2.0.so.0.3200.4
670a8000-670a9000 rw-p 000f7000 08:04 2111773    /lib/i386-linux-gnu/libglib-2.0.so.0.3200.4
670a9000-671fc000 r-xp 00000000 08:04 10223982   /usr/lib/i386-linux-gnu/libgio-2.0.so.0.3200.4
671fc000-671fe000 r--p 00153000 08:04 10223982   /usr/lib/i386-linux-gnu/libgio-2.0.so.0.3200.4
671fe000-671ff000 rw-p 00155000 08:04 10223982   /usr/lib/i386-linux-gnu/libgio-2.0.so.0.3200.4
671ff000-67200000 rw-p 00000000 00:00 0 
67200000-672fd000 rw-p 00000000 00:00 0 
672fd000-67300000 ---p 00000000 00:00 0 
67375000-673af000 r-xp 00000000 08:04 2098152    /lib/i386-linux-gnu/libpcre.so.3.12.1
673af000-673b0000 r--p 00039000 08:04 2098152    /lib/i386-linux-gnu/libpcre.so.3.12.1
673b0000-673b1000 rw-p 0003a000 08:04 2098152    /lib/i386-linux-gnu/libpcre.so.3.12.1
673b1000-673fe000 r-xp 00000000 08:04 10223963   /usr/lib/i386-linux-gnu/libgobject-2.0.so.0.3200.4
673fe000-673ff000 r--p 0004c000 08:04 10223963   /usr/lib/i386-linux-gnu/libgobject-2.0.so.0.3200.4
673ff000-67400000 rw-p 0004d000 08:04 10223963   /usr/lib/i386-linux-gnu/libgobject-2.0.so.0.3200.4
67400000-674e3000 rw-p 00000000 00:00 0 
674e3000-67500000 ---p 00000000 00:00 0 
67514000-67527000 r-xp 00000000 08:04 2101129    /lib/i386-linux-gnu/libresolv-2.15.so
67527000-67528000 ---p 00013000 08:04 2101129    /lib/i386-linux-gnu/libresolv-2.15.so
67528000-67529000 r--p 00013000 08:04 2101129    /lib/i386-linux-gnu/libresolv-2.15.so
67529000-6752a000 rw-p 00014000 08:04 2101129    /lib/i386-linux-gnu/libresolv-2.15.so
6752a000-6752c000 rw-p 00000000 00:00 0 
6752c000-6752d000 ---p 00000000 00:00 0 
6752d000-675ad000 rw-p 00000000 00:00 0 
675ad000-675b0000 ---p 00000000 00:00 0 
675b0000-675fe000 rw-p 00000000 00:00 0 
675fe000-67601000 ---p 00000000 00:00 0 
67601000-6767f000 rw-p 00000000 00:00 0 
6767f000-67682000 ---p 00000000 00:00 0 
67682000-67700000 rw-p 00000000 00:00 0 
67700000-67900000 r--p 00000000 08:04 10230872   /usr/lib/locale/locale-archive
67900000-67a00000 rw-p 00000000 00:00 0 
67a00000-67a21000 rw-p 00000000 00:00 0 
67a21000-67b00000 ---p 00000000 00:00 0 
67b00000-67bff000 rw-p 00000000 00:00 0 
67bff000-67c00000 ---p 00000000 00:00 0 
67c05000-67c06000 ---p 00000000 00:00 0 
67c06000-67ccf000 rw-p 00000000 00:00 0 
67ccf000-67e80000 r--s 01d23000 08:04 923952     /usr/lib/jvm/java-7-openjdk-i386/jre/lib/rt.jar
67e80000-6a700000 rw-p 00000000 00:00 0 
6a700000-6a7fa000 rw-p 00000000 00:00 0 
6a7fa000-6a800000 ---p 00000000 00:00 0 
6a80f000-6a82c000 r-xp 00000000 08:04 2098167    /lib/i386-linux-gnu/libselinux.so.1
6a82c000-6a82d000 r--p 0001c000 08:04 2098167    /lib/i386-linux-gnu/libselinux.so.1
6a82d000-6a82e000 rw-p 0001d000 08:04 2098167    /lib/i386-linux-gnu/libselinux.so.1
6a82e000-6a831000 ---p 00000000 00:00 0 
6a831000-6a87f000 rw-p 00000000 00:00 0 
6a87f000-6a880000 ---p 00000000 00:00 0 
6a880000-6a900000 rw-p 00000000 00:00 0 
6a900000-6a921000 rw-p 00000000 00:00 0 
6a921000-6aa00000 ---p 00000000 00:00 0 
6aa11000-6aa15000 r--s 0004d000 08:04 923968     /usr/lib/jvm/java-7-openjdk-i386/jre/lib/jsse.jar
6aa15000-6aa2c000 r-xp 00000000 08:04 924092     /usr/lib/jvm/java-7-openjdk-i386/jre/lib/i386/libnet.so
6aa2c000-6aa2d000 r--p 00016000 08:04 924092     /usr/lib/jvm/java-7-openjdk-i386/jre/lib/i386/libnet.so
6aa2d000-6aa2e000 rw-p 00017000 08:04 924092     /usr/lib/jvm/java-7-openjdk-i386/jre/lib/i386/libnet.so
6aa2e000-6aa31000 ---p 00000000 00:00 0 
6aa31000-6aa7f000 rw-p 00000000 00:00 0 
6aa7f000-6aa80000 ---p 00000000 00:00 0 
6aa80000-6ab00000 rw-p 00000000 00:00 0 
6ab00000-6ab21000 rw-p 00000000 00:00 0 
6ab21000-6ac00000 ---p 00000000 00:00 0 
6ac00000-6ac05000 r-xp 00000000 08:04 10228343   /usr/lib/i386-linux-gnu/libffi.so.6.0.0
6ac05000-6ac06000 r--p 00004000 08:04 10228343   /usr/lib/i386-linux-gnu/libffi.so.6.0.0
6ac06000-6ac07000 rw-p 00005000 08:04 10228343   /usr/lib/i386-linux-gnu/libffi.so.6.0.0
6ac07000-6ac0a000 r-xp 00000000 08:04 10248019   /usr/lib/i386-linux-gnu/libgmodule-2.0.so.0.3200.4
6ac0a000-6ac0b000 r--p 00002000 08:04 10248019   /usr/lib/i386-linux-gnu/libgmodule-2.0.so.0.3200.4
6ac0b000-6ac0c000 rw-p 00003000 08:04 10248019   /usr/lib/i386-linux-gnu/libgmodule-2.0.so.0.3200.4
6ac0c000-6ac1d000 r-xp 00000000 08:04 923992     /usr/lib/jvm/java-7-openjdk-i386/jre/lib/i386/libnio.so
6ac1d000-6ac1e000 r--p 00010000 08:04 923992     /usr/lib/jvm/java-7-openjdk-i386/jre/lib/i386/libnio.so
6ac1e000-6ac1f000 rw-p 00011000 08:04 923992     /usr/lib/jvm/java-7-openjdk-i386/jre/lib/i386/libnio.so
6ac1f000-6ac2e000 r--s 000dd000 08:04 5898350    /home/haider/Downloads/android-sdk-linux/build-tools/22.0.1/lib/dx.jar
6ac2e000-6ac31000 ---p 00000000 00:00 0 
6ac31000-6ac7f000 rw-p 00000000 00:00 0 
6ac7f000-6ac80000 ---p 00000000 00:00 0 
6ac80000-6ad00000 rw-p 00000000 00:00 0 
6ad00000-6ad21000 rw-p 00000000 00:00 0 
6ad21000-6ae00000 ---p 00000000 00:00 0 
6ae03000-6ae07000 r--s 0003c000 08:04 923957     /usr/lib/jvm/java-7-openjdk-i386/jre/lib/ext/sunpkcs11.jar
6ae07000-6ae0a000 r--s 00086000 08:04 923958     /usr/lib/jvm/java-7-openjdk-i386/jre/lib/ext/localedata.jar
6ae0a000-6ae0b000 r--s 00007000 08:04 10492658   /usr/share/java/java-atk-wrapper.jar
6ae0b000-6ae0d000 r--s 00012000 08:04 923960     /usr/lib/jvm/java-7-openjdk-i386/jre/lib/ext/zipfs.jar
6ae0d000-6ae68000 rw-p 00000000 00:00 0 
6ae68000-6ae69000 ---p 00000000 00:00 0 
6ae69000-6aef1000 rw-p 00000000 00:00 0 
6aef1000-6af29000 rw-p 00000000 00:00 0 
6af29000-6af40000 rw-p 00000000 00:00 0 
6af40000-6b07f000 rw-p 00000000 00:00 0 
6b07f000-6b087000 rw-p 00000000 00:00 0 
6b087000-6b0bf000 rw-p 00000000 00:00 0 
6b0bf000-6b0d6000 rw-p 00000000 00:00 0 
6b0d6000-6b214000 rw-p 00000000 00:00 0 
6b214000-6b226000 rw-p 00000000 00:00 0 
6b226000-6b2bf000 rw-p 00000000 00:00 0 
6b2bf000-6c2c0000 rw-p 00000000 00:00 0 
6c2c0000-732c0000 rw-p 00000000 00:00 0 
732c0000-75f40000 rw-p 00000000 00:00 0 
75f40000-9dd40000 rw-p 00000000 00:00 0 
9dd40000-a0040000 rw-p 00000000 00:00 0 
a1640000-b32c0000 rw-p 00000000 00:00 0 
b32c0000-b32e4000 rw-p 00000000 00:00 0 
b32e4000-b339b000 rw-p 00000000 00:00 0 
b339b000-b35db000 rwxp 00000000 00:00 0 
b35db000-b639b000 rw-p 00000000 00:00 0 
b639b000-b63a6000 r-xp 00000000 08:04 2101123    /lib/i386-linux-gnu/libnss_files-2.15.so
b63a6000-b63a7000 r--p 0000a000 08:04 2101123    /lib/i386-linux-gnu/libnss_files-2.15.so
b63a7000-b63a8000 rw-p 0000b000 08:04 2101123    /lib/i386-linux-gnu/libnss_files-2.15.so
b63a8000-b63b2000 r-xp 00000000 08:04 2101140    /lib/i386-linux-gnu/libnss_nis-2.15.so
b63b2000-b63b3000 r--p 00009000 08:04 2101140    /lib/i386-linux-gnu/libnss_nis-2.15.so
b63b3000-b63b4000 rw-p 0000a000 08:04 2101140    /lib/i386-linux-gnu/libnss_nis-2.15.so
b63b4000-b63ca000 r-xp 00000000 08:04 2101130    /lib/i386-linux-gnu/libnsl-2.15.so
b63ca000-b63cb000 r--p 00015000 08:04 2101130    /lib/i386-linux-gnu/libnsl-2.15.so
b63cb000-b63cc000 rw-p 00016000 08:04 2101130    /lib/i386-linux-gnu/libnsl-2.15.so
b63cc000-b63ce000 rw-p 00000000 00:00 0 
b63ce000-b63d5000 r-xp 00000000 08:04 2101126    /lib/i386-linux-gnu/libnss_compat-2.15.so
b63d5000-b63d6000 r--p 00006000 08:04 2101126    /lib/i386-linux-gnu/libnss_compat-2.15.so
b63d6000-b63d7000 rw-p 00007000 08:04 2101126    /lib/i386-linux-gnu/libnss_compat-2.15.so
b63d7000-b63fe000 r-xp 00000000 08:04 924091     /usr/lib/jvm/java-7-openjdk-i386/jre/lib/i386/libjava.so
b63fe000-b63ff000 r--p 00026000 08:04 924091     /usr/lib/jvm/java-7-openjdk-i386/jre/lib/i386/libjava.so
b63ff000-b6400000 rw-p 00027000 08:04 924091     /usr/lib/jvm/java-7-openjdk-i386/jre/lib/i386/libjava.so
b6400000-b6500000 rw-p 00000000 00:00 0 
b6500000-b6501000 r--s 00002000 08:04 923956     /usr/lib/jvm/java-7-openjdk-i386/jre/lib/ext/dnsns.jar
b6501000-b6504000 r--s 0000f000 08:04 923955     /usr/lib/jvm/java-7-openjdk-i386/jre/lib/ext/icedtea-sound.jar
b6504000-b650c000 r-xp 00000000 08:04 923986     /usr/lib/jvm/java-7-openjdk-i386/jre/lib/i386/libzip.so
b650c000-b650d000 r--p 00007000 08:04 923986     /usr/lib/jvm/java-7-openjdk-i386/jre/lib/i386/libzip.so
b650d000-b650e000 rw-p 00008000 08:04 923986     /usr/lib/jvm/java-7-openjdk-i386/jre/lib/i386/libzip.so
b650e000-b6516000 rw-s 00000000 08:04 3934642    /tmp/hsperfdata_haider/12289
b6516000-b651d000 r-xp 00000000 08:04 2101134    /lib/i386-linux-gnu/librt-2.15.so
b651d000-b651e000 r--p 00006000 08:04 2101134    /lib/i386-linux-gnu/librt-2.15.so
b651e000-b651f000 rw-p 00007000 08:04 2101134    /lib/i386-linux-gnu/librt-2.15.so
b651f000-b6522000 ---p 00000000 00:00 0 
b6522000-b6570000 rw-p 00000000 00:00 0 
b6570000-b658c000 r-xp 00000000 08:04 2098100    /lib/i386-linux-gnu/libgcc_s.so.1
b658c000-b658d000 r--p 0001b000 08:04 2098100    /lib/i386-linux-gnu/libgcc_s.so.1
b658d000-b658e000 rw-p 0001c000 08:04 2098100    /lib/i386-linux-gnu/libgcc_s.so.1
b658e000-b65b8000 r-xp 00000000 08:04 2101128    /lib/i386-linux-gnu/libm-2.15.so
b65b8000-b65b9000 r--p 00029000 08:04 2101128    /lib/i386-linux-gnu/libm-2.15.so
b65b9000-b65ba000 rw-p 0002a000 08:04 2101128    /lib/i386-linux-gnu/libm-2.15.so
b65ba000-b6692000 r-xp 00000000 08:04 10228685   /usr/lib/i386-linux-gnu/libstdc++.so.6.0.16
b6692000-b6693000 ---p 000d8000 08:04 10228685   /usr/lib/i386-linux-gnu/libstdc++.so.6.0.16
b6693000-b6697000 r--p 000d8000 08:04 10228685   /usr/lib/i386-linux-gnu/libstdc++.so.6.0.16
b6697000-b6698000 rw-p 000dc000 08:04 10228685   /usr/lib/i386-linux-gnu/libstdc++.so.6.0.16
b6698000-b669f000 rw-p 00000000 00:00 0 
b669f000-b7061000 r-xp 00000000 08:04 924096     /usr/lib/jvm/java-7-openjdk-i386/jre/lib/i386/server/libjvm.so
b7061000-b70b6000 r--p 009c2000 08:04 924096     /usr/lib/jvm/java-7-openjdk-i386/jre/lib/i386/server/libjvm.so
b70b6000-b70ca000 rw-p 00a17000 08:04 924096     /usr/lib/jvm/java-7-openjdk-i386/jre/lib/i386/server/libjvm.so
b70ca000-b74e8000 rw-p 00000000 00:00 0 
b74e8000-b74fc000 r-xp 00000000 08:04 2098190    /lib/i386-linux-gnu/libz.so.1.2.3.4
b74fc000-b74fd000 r--p 00013000 08:04 2098190    /lib/i386-linux-gnu/libz.so.1.2.3.4
b74fd000-b74fe000 rw-p 00014000 08:04 2098190    /lib/i386-linux-gnu/libz.so.1.2.3.4
b74fe000-b7515000 r-xp 00000000 08:04 2101132    /lib/i386-linux-gnu/libpthread-2.15.so
b7515000-b7516000 r--p 00016000 08:04 2101132    /lib/i386-linux-gnu/libpthread-2.15.so
b7516000-b7517000 rw-p 00017000 08:04 2101132    /lib/i386-linux-gnu/libpthread-2.15.so
b7517000-b7519000 rw-p 00000000 00:00 0 
b7519000-b751c000 r-xp 00000000 08:04 2101125    /lib/i386-linux-gnu/libdl-2.15.so
b751c000-b751d000 r--p 00002000 08:04 2101125    /lib/i386-linux-gnu/libdl-2.15.so
b751d000-b751e000 rw-p 00003000 08:04 2101125    /lib/i386-linux-gnu/libdl-2.15.so
b751e000-b76c2000 r-xp 00000000 08:04 2101138    /lib/i386-linux-gnu/libc-2.15.so
b76c2000-b76c4000 r--p 001a4000 08:04 2101138    /lib/i386-linux-gnu/libc-2.15.so
b76c4000-b76c5000 rw-p 001a6000 08:04 2101138    /lib/i386-linux-gnu/libc-2.15.so
b76c5000-b76c8000 rw-p 00000000 00:00 0 
b76c8000-b76cc000 r--s 00034000 08:04 923959     /usr/lib/jvm/java-7-openjdk-i386/jre/lib/ext/sunjce_provider.jar
b76cc000-b76cd000 r--p 005e0000 08:04 10230872   /usr/lib/locale/locale-archive
b76cd000-b76ce000 rw-p 00000000 00:00 0 
b76ce000-b76cf000 ---p 00000000 00:00 0 
b76cf000-b76db000 r-xp 00000000 08:04 924088     /usr/lib/jvm/java-7-openjdk-i386/jre/lib/i386/libverify.so
b76db000-b76dc000 r--p 0000b000 08:04 924088     /usr/lib/jvm/java-7-openjdk-i386/jre/lib/i386/libverify.so
b76dc000-b76dd000 rw-p 0000c000 08:04 924088     /usr/lib/jvm/java-7-openjdk-i386/jre/lib/i386/libverify.so
b76dd000-b76ea000 r-xp 00000000 08:04 923978     /usr/lib/jvm/java-7-openjdk-i386/jre/lib/i386/jli/libjli.so
b76ea000-b76eb000 r--p 0000c000 08:04 923978     /usr/lib/jvm/java-7-openjdk-i386/jre/lib/i386/jli/libjli.so
b76eb000-b76ec000 rw-p 0000d000 08:04 923978     /usr/lib/jvm/java-7-openjdk-i386/jre/lib/i386/jli/libjli.so
b76ec000-b76ef000 rw-p 00000000 00:00 0 
b76ef000-b76f0000 r-xp 00000000 00:00 0          [vdso]
b76f0000-b7710000 r-xp 00000000 08:04 2101122    /lib/i386-linux-gnu/ld-2.15.so
b7710000-b7711000 r--p 0001f000 08:04 2101122    /lib/i386-linux-gnu/ld-2.15.so
b7711000-b7712000 rw-p 00020000 08:04 2101122    /lib/i386-linux-gnu/ld-2.15.so
bff18000-bff19000 rwxp 00000000 00:00 0 
bff4b000-bff6c000 rw-p 00000000 00:00 0          [stack]

VM Arguments:
jvm_args: -Xmx1024M -Dfile.encoding=UTF-8 -Duser.country=US -Duser.language=en -Duser.variant 
java_command: com.android.dx.command.Main --dex --output /home/haider/AndroidStudioProjects/XMPP/app/build/intermediates/dex/debug /home/haider/AndroidStudioProjects/XMPP/app/build/intermediates/classes/debug /home/haider/AndroidStudioProjects/XMPP/app/build/intermediates/pre-dexed/debug/support-annotations-22.2.0-4c437a4b09f106db02b06a5ff77e127acbd6160c.jar /home/haider/AndroidStudioProjects/XMPP/app/build/intermediates/pre-dexed/debug/internal_impl-22.2.0-090462bf1f35278f29492ca1e50781efa9a12ca6.jar /home/haider/AndroidStudioProjects/XMPP/app/build/intermediates/pre-dexed/debug/classes-300bec10ac0afc048460f82c982ae837ff634b8d.jar /home/haider/AndroidStudioProjects/XMPP/app/build/intermediates/pre-dexed/debug/classes-ebef299a5269ae7c4be300509c42d5d1671e25b6.jar /home/haider/AndroidStudioProjects/XMPP/app/build/intermediates/pre-dexed/debug/asmack-2010.05.07-682f86b7fa3f1c17850bf69b714668048cd73568.jar
Launcher Type: SUN_STANDARD

Environment Variables:
JAVA_HOME=/usr/lib/jvm/java-7-oracle
CLASSPATH=./../lib/bootstrap.jar:./../lib/extensions.jar:./../lib/util.jar:./../lib/jdom.jar:./../lib/log4j.jar:./../lib/trove4j.jar:./../lib/jna.jar:/usr/lib/jvm/java-7-oracle/lib/tools.jar
PATH=/usr/lib/lightdm/lightdm:/usr/local/sbin:/usr/local/bin:/usr/sbin:/usr/bin:/sbin:/bin:/usr/games:/usr/lib/jvm/java-7-oracle/bin:/usr/lib/jvm/java-7-oracle/db/bin:/usr/lib/jvm/java-7-oracle/jre/bin
LD_LIBRARY_PATH=.:
SHELL=/bin/bash
DISPLAY=:0

Signal Handlers:
SIGSEGV: [libjvm.so+0x80b550], sa_mask[0]=0x7ffbfeff, sa_flags=0x10000004
SIGBUS: [libjvm.so+0x80b550], sa_mask[0]=0x7ffbfeff, sa_flags=0x10000004
SIGFPE: [libjvm.so+0x6753e0], sa_mask[0]=0x7ffbfeff, sa_flags=0x10000004
SIGPIPE: [libjvm.so+0x6753e0], sa_mask[0]=0x7ffbfeff, sa_flags=0x10000004
SIGXFSZ: [libjvm.so+0x6753e0], sa_mask[0]=0x7ffbfeff, sa_flags=0x10000004
SIGILL: [libjvm.so+0x6753e0], sa_mask[0]=0x7ffbfeff, sa_flags=0x10000004
SIGUSR1: SIG_DFL, sa_mask[0]=0x00000000, sa_flags=0x00000000
SIGUSR2: [libjvm.so+0x675690], sa_mask[0]=0x00000004, sa_flags=0x10000004
SIGHUP: [libjvm.so+0x675850], sa_mask[0]=0x7ffbfeff, sa_flags=0x10000004
SIGINT: [libjvm.so+0x675850], sa_mask[0]=0x7ffbfeff, sa_flags=0x10000004
SIGTERM: [libjvm.so+0x675850], sa_mask[0]=0x7ffbfeff, sa_flags=0x10000004
SIGQUIT: [libjvm.so+0x675850], sa_mask[0]=0x7ffbfeff, sa_flags=0x10000004
SIGTRAP: SIG_DFL, sa_mask[0]=0x00000000, sa_flags=0x00000000


---------------  S Y S T E M  ---------------

OS:Ubuntu 12.04 (precise)
uname:Linux 3.2.0-74-generic-pae #109-Ubuntu SMP Tue Dec 9 17:00:00 UTC 2014 i686
libc:glibc 2.15 NPTL 2.15 
rlimit: STACK 8192k, CORE 0k, NPROC 30447, NOFILE 4096, AS infinity
load average:4.69 2.89 1.82

/proc/meminfo:
MemTotal:        3917408 kB
MemFree:          157776 kB
Buffers:            7464 kB
Cached:           322108 kB
SwapCached:            0 kB
Active:          3385732 kB
Inactive:         277644 kB
Active(anon):    3340796 kB
Inactive(anon):   241464 kB
Active(file):      44936 kB
Inactive(file):    36180 kB
Unevictable:         332 kB
Mlocked:             332 kB
HighTotal:       3075156 kB
HighFree:           2140 kB
LowTotal:         842252 kB
LowFree:          155636 kB
SwapTotal:             0 kB
SwapFree:              0 kB
Dirty:                44 kB
Writeback:             0 kB
AnonPages:       3334264 kB
Mapped:           102092 kB
Shmem:            248364 kB
Slab:              42572 kB
SReclaimable:      19656 kB
SUnreclaim:        22916 kB
KernelStack:        6888 kB
PageTables:        24088 kB
NFS_Unstable:          0 kB
Bounce:                0 kB
WritebackTmp:          0 kB
CommitLimit:     1958704 kB
Committed_AS:    8414560 kB
VmallocTotal:     122880 kB
VmallocUsed:       18592 kB
VmallocChunk:     101252 kB
HardwareCorrupted:     0 kB
AnonHugePages:         0 kB
HugePages_Total:       0
HugePages_Free:        0
HugePages_Rsvd:        0
HugePages_Surp:        0
Hugepagesize:       2048 kB
DirectMap4k:       10232 kB
DirectMap2M:      903168 kB


CPU:total 4 (2 cores per cpu, 2 threads per core) family 6 model 37 stepping 5, cmov, cx8, fxsr, mmx, sse, sse2, sse3, ssse3, sse4.1, sse4.2, popcnt, ht, tsc, tscinvbit

/proc/cpuinfo:
processor	: 0
vendor_id	: GenuineIntel
cpu family	: 6
model		: 37
model name	: Intel(R) Core(TM) i3 CPU       M 380  @ 2.53GHz
stepping	: 5
microcode	: 0x2
cpu MHz		: 1729.000
cache size	: 3072 KB
physical id	: 0
siblings	: 4
core id		: 0
cpu cores	: 2
apicid		: 0
initial apicid	: 0
fdiv_bug	: no
hlt_bug		: no
f00f_bug	: no
coma_bug	: no
fpu		: yes
fpu_exception	: yes
cpuid level	: 11
wp		: yes
flags		: fpu vme de pse tsc msr pae mce cx8 apic sep mtrr pge mca cmov pat pse36 clflush dts acpi mmx fxsr sse sse2 ss ht tm pbe nx rdtscp lm constant_tsc arch_perfmon pebs bts xtopology nonstop_tsc aperfmperf pni dtes64 monitor ds_cpl vmx est tm2 ssse3 cx16 xtpr pdcm pcid sse4_1 sse4_2 popcnt lahf_lm arat dtherm tpr_shadow vnmi flexpriority ept vpid
bogomips	: 5053.84
clflush size	: 64
cache_alignment	: 64
address sizes	: 36 bits physical, 48 bits virtual
power management:

processor	: 1
vendor_id	: GenuineIntel
cpu family	: 6
model		: 37
model name	: Intel(R) Core(TM) i3 CPU       M 380  @ 2.53GHz
stepping	: 5
microcode	: 0x2
cpu MHz		: 931.000
cache size	: 3072 KB
physical id	: 0
siblings	: 4
core id		: 2
cpu cores	: 2
apicid		: 4
initial apicid	: 4
fdiv_bug	: no
hlt_bug		: no
f00f_bug	: no
coma_bug	: no
fpu		: yes
fpu_exception	: yes
cpuid level	: 11
wp		: yes
flags		: fpu vme de pse tsc msr pae mce cx8 apic sep mtrr pge mca cmov pat pse36 clflush dts acpi mmx fxsr sse sse2 ss ht tm pbe nx rdtscp lm constant_tsc arch_perfmon pebs bts xtopology nonstop_tsc aperfmperf pni dtes64 monitor ds_cpl vmx est tm2 ssse3 cx16 xtpr pdcm pcid sse4_1 sse4_2 popcnt lahf_lm arat dtherm tpr_shadow vnmi flexpriority ept vpid
bogomips	: 5053.85
clflush size	: 64
cache_alignment	: 64
address sizes	: 36 bits physical, 48 bits virtual
power management:

processor	: 2
vendor_id	: GenuineIntel
cpu family	: 6
model		: 37
model name	: Intel(R) Core(TM) i3 CPU       M 380  @ 2.53GHz
stepping	: 5
microcode	: 0x2
cpu MHz		: 931.000
cache size	: 3072 KB
physical id	: 0
siblings	: 4
core id		: 0
cpu cores	: 2
apicid		: 1
initial apicid	: 1
fdiv_bug	: no
hlt_bug		: no
f00f_bug	: no
coma_bug	: no
fpu		: yes
fpu_exception	: yes
cpuid level	: 11
wp		: yes
flags		: fpu vme de pse tsc msr pae mce cx8 apic sep mtrr pge mca cmov pat pse36 clflush dts acpi mmx fxsr sse sse2 ss ht tm pbe nx rdtscp lm constant_tsc arch_perfmon pebs bts xtopology nonstop_tsc aperfmperf pni dtes64 monitor ds_cpl vmx est tm2 ssse3 cx16 xtpr pdcm pcid sse4_1 sse4_2 popcnt lahf_lm arat dtherm tpr_shadow vnmi flexpriority ept vpid
bogomips	: 5053.89
clflush size	: 64
cache_alignment	: 64
address sizes	: 36 bits physical, 48 bits virtual
power management:

processor	: 3
vendor_id	: GenuineIntel
cpu family	: 6
model		: 37
model name	: Intel(R) Core(TM) i3 CPU       M 380  @ 2.53GHz
stepping	: 5
microcode	: 0x2
cpu MHz		: 931.000
cache size	: 3072 KB
physical id	: 0
siblings	: 4
core id		: 2
cpu cores	: 2
apicid		: 5
initial apicid	: 5
fdiv_bug	: no
hlt_bug		: no
f00f_bug	: no
coma_bug	: no
fpu		: yes
fpu_exception	: yes
cpuid level	: 11
wp		: yes
flags		: fpu vme de pse tsc msr pae mce cx8 apic sep mtrr pge mca cmov pat pse36 clflush dts acpi mmx fxsr sse sse2 ss ht tm pbe nx rdtscp lm constant_tsc arch_perfmon pebs bts xtopology nonstop_tsc aperfmperf pni dtes64 monitor ds_cpl vmx est tm2 ssse3 cx16 xtpr pdcm pcid sse4_1 sse4_2 popcnt lahf_lm arat dtherm tpr_shadow vnmi flexpriority ept vpid
bogomips	: 5053.89
clflush size	: 64
cache_alignment	: 64
address sizes	: 36 bits physical, 48 bits virtual
power management:



Memory: 4k page, physical 3917408k(157776k free), swap 0k(0k free)

vm_info: OpenJDK Server VM (24.75-b04) for linux-x86 JRE (1.7.0_75-b13), built on Jan 27 2015 16:24:35 by "buildd" with gcc 4.6.3

time: Thu Jul 30 20:04:32 2015
elapsed time: 4 seconds

